Reading OpenROAD database at '/home/hp/openlane2/project1/runs/RUN_2025-09-14_22-17-56/20-openroad-generatepdn/Systolic4x4_serial_io.odb'…
Reading library file at '/home/hp/.volare/volare/sky130/versions/0fe599b2afb6708d281543108caf8310912f54af/sky130A/libs.ref/sky130_fd_sc_hd/lib/sky130_fd_sc_hd__tt_025C_1v80.lib'…
Reading design constraints file at 'constraints.sdc'…
[INFO] No information on clock propagation in input SDC file-- propagating all clocks.
+ global_placement -density 0.618872 -skip_io -pad_right 0 -pad_left 0 -init_wirelength_coef 0.25
[INFO GPL-0002] DBU: 1000
[INFO GPL-0003] SiteSize: (  0.460  2.720 ) um
[INFO GPL-0004] CoreBBox: (  5.520 10.880 ) ( 185.380 190.400 ) um
[INFO GPL-0006] NumInstances:              1964
[INFO GPL-0007] NumPlaceInstances:         1390
[INFO GPL-0008] NumFixedInstances:          574
[INFO GPL-0009] NumDummyInstances:            0
[INFO GPL-0010] NumNets:                   1399
[INFO GPL-0011] NumPins:                   3948
[INFO GPL-0012] DieBBox:  (  0.000  0.000 ) ( 191.040 201.760 ) um
[INFO GPL-0013] CoreBBox: (  5.520 10.880 ) ( 185.380 190.400 ) um
[INFO GPL-0016] CoreArea:             32288.467 um^2
[INFO GPL-0017] NonPlaceInstsArea:     1048.506 um^2
[INFO GPL-0018] PlaceInstsArea:       16200.538 um^2
[INFO GPL-0019] Util:                    51.858 %
[INFO GPL-0020] StdInstsArea:         16200.538 um^2
[INFO GPL-0021] MacroInstsArea:           0.000 um^2
[INFO GPL-0031] FillerInit:NumGCells:      1667
[INFO GPL-0032] FillerInit:NumGNets:       1399
[INFO GPL-0033] FillerInit:NumGPins:       3948
[INFO GPL-0023] TargetDensity:            0.619
[INFO GPL-0024] AvrgPlaceInstArea:       11.655 um^2
[INFO GPL-0025] IdealBinArea:            18.833 um^2
[INFO GPL-0026] IdealBinCnt:               1714
[INFO GPL-0027] TotalBinArea:         32288.467 um^2
[INFO GPL-0028] BinCnt:        32     32
[INFO GPL-0029] BinSize: (  5.621  5.610 )
[INFO GPL-0030] NumBins: 1024
[NesterovSolve] Iter:    1 overflow: 0.994 HPWL: 3004602
[NesterovSolve] Iter:   10 overflow: 0.991 HPWL: 2557020
[NesterovSolve] Iter:   20 overflow: 0.991 HPWL: 2553964
[NesterovSolve] Iter:   30 overflow: 0.991 HPWL: 2553739
[NesterovSolve] Iter:   40 overflow: 0.990 HPWL: 2553591
[NesterovSolve] Iter:   50 overflow: 0.990 HPWL: 2553568
[NesterovSolve] Iter:   60 overflow: 0.990 HPWL: 2553666
[NesterovSolve] Iter:   70 overflow: 0.990 HPWL: 2553893
[NesterovSolve] Iter:   80 overflow: 0.990 HPWL: 2554526
[NesterovSolve] Iter:   90 overflow: 0.989 HPWL: 2556663
[NesterovSolve] Iter:  100 overflow: 0.985 HPWL: 2562962
[NesterovSolve] Iter:  110 overflow: 0.981 HPWL: 2585257
[NesterovSolve] Iter:  120 overflow: 0.960 HPWL: 2639653
[NesterovSolve] Iter:  130 overflow: 0.917 HPWL: 2726436
[NesterovSolve] Iter:  140 overflow: 0.880 HPWL: 2847285
[NesterovSolve] Iter:  150 overflow: 0.847 HPWL: 2971565
[NesterovSolve] Iter:  160 overflow: 0.827 HPWL: 3058485
[NesterovSolve] Iter:  170 overflow: 0.818 HPWL: 3119057
[NesterovSolve] Iter:  180 overflow: 0.804 HPWL: 3165506
[NesterovSolve] Iter:  190 overflow: 0.778 HPWL: 3286640
[NesterovSolve] Iter:  200 overflow: 0.732 HPWL: 3457373
[NesterovSolve] Iter:  210 overflow: 0.698 HPWL: 3594925
[NesterovSolve] Iter:  220 overflow: 0.674 HPWL: 3713663
[NesterovSolve] Iter:  230 overflow: 0.643 HPWL: 3907643
[NesterovSolve] Iter:  240 overflow: 0.597 HPWL: 4161844
[NesterovSolve] Iter:  250 overflow: 0.567 HPWL: 4345560
[NesterovSolve] Iter:  260 overflow: 0.538 HPWL: 4539827
[NesterovSolve] Iter:  270 overflow: 0.488 HPWL: 4780945
[NesterovSolve] Iter:  280 overflow: 0.458 HPWL: 4996889
[NesterovSolve] Iter:  290 overflow: 0.422 HPWL: 5280620
[NesterovSolve] Iter:  300 overflow: 0.386 HPWL: 5535000
[NesterovSolve] Iter:  310 overflow: 0.351 HPWL: 5787498
[NesterovSolve] Iter:  320 overflow: 0.322 HPWL: 5947907
[NesterovSolve] Iter:  330 overflow: 0.299 HPWL: 6107578
[NesterovSolve] Iter:  340 overflow: 0.275 HPWL: 6304718
[NesterovSolve] Iter:  350 overflow: 0.250 HPWL: 6472208
[NesterovSolve] Iter:  360 overflow: 0.223 HPWL: 6631390
[NesterovSolve] Iter:  370 overflow: 0.192 HPWL: 6775866
[NesterovSolve] Iter:  380 overflow: 0.166 HPWL: 6893501
[NesterovSolve] Iter:  390 overflow: 0.140 HPWL: 6997221
[NesterovSolve] Iter:  400 overflow: 0.113 HPWL: 7093573
[NesterovSolve] Finished with Overflow: 0.099555
[INFO] Setting RC values…
Setting global connections for newly added cells…
[INFO] Setting global connections...
Updating metrics…
Cell type report:                       Count       Area
  Fill cell                               132     495.48
  Tap cell                                442     553.03
  Buffer                                    1       5.00
  Inverter                                 18      67.56
  Sequential cell                         347    9117.49
  Multi-Input combinational cell         1024    7010.47
  Total                                  1964   17249.04
Writing OpenROAD database to '/home/hp/openlane2/project1/runs/RUN_2025-09-14_22-17-56/23-openroad-globalplacementskipio/Systolic4x4_serial_io.odb'…
Writing netlist to '/home/hp/openlane2/project1/runs/RUN_2025-09-14_22-17-56/23-openroad-globalplacementskipio/Systolic4x4_serial_io.nl.v'…
Writing powered netlist to '/home/hp/openlane2/project1/runs/RUN_2025-09-14_22-17-56/23-openroad-globalplacementskipio/Systolic4x4_serial_io.pnl.v'…
Writing layout to '/home/hp/openlane2/project1/runs/RUN_2025-09-14_22-17-56/23-openroad-globalplacementskipio/Systolic4x4_serial_io.def'…
Writing timing constraints to '/home/hp/openlane2/project1/runs/RUN_2025-09-14_22-17-56/23-openroad-globalplacementskipio/Systolic4x4_serial_io.sdc'…
