
20. Executing PROC_DLATCH pass (convert process syncs to latches).
No latch inferred for signal `$paramod$d3d5788cdda5471de1680ab667385b769574627d\Systolic4x4.\A_wires[0]' from process `$paramod$d3d5788cdda5471de1680ab667385b769574627d\Systolic4x4.$proc$rtl/systolic4x4.v:0$154'.
No latch inferred for signal `$paramod$d3d5788cdda5471de1680ab667385b769574627d\Systolic4x4.\A_wires[1]' from process `$paramod$d3d5788cdda5471de1680ab667385b769574627d\Systolic4x4.$proc$rtl/systolic4x4.v:0$154'.
No latch inferred for signal `$paramod$d3d5788cdda5471de1680ab667385b769574627d\Systolic4x4.\A_wires[2]' from process `$paramod$d3d5788cdda5471de1680ab667385b769574627d\Systolic4x4.$proc$rtl/systolic4x4.v:0$154'.
No latch inferred for signal `$paramod$d3d5788cdda5471de1680ab667385b769574627d\Systolic4x4.\A_wires[3]' from process `$paramod$d3d5788cdda5471de1680ab667385b769574627d\Systolic4x4.$proc$rtl/systolic4x4.v:0$154'.
No latch inferred for signal `$paramod$d3d5788cdda5471de1680ab667385b769574627d\Systolic4x4.\A_wires[4]' from process `$paramod$d3d5788cdda5471de1680ab667385b769574627d\Systolic4x4.$proc$rtl/systolic4x4.v:0$154'.
No latch inferred for signal `$paramod$d3d5788cdda5471de1680ab667385b769574627d\Systolic4x4.\A_wires[5]' from process `$paramod$d3d5788cdda5471de1680ab667385b769574627d\Systolic4x4.$proc$rtl/systolic4x4.v:0$154'.
No latch inferred for signal `$paramod$d3d5788cdda5471de1680ab667385b769574627d\Systolic4x4.\A_wires[6]' from process `$paramod$d3d5788cdda5471de1680ab667385b769574627d\Systolic4x4.$proc$rtl/systolic4x4.v:0$154'.
No latch inferred for signal `$paramod$d3d5788cdda5471de1680ab667385b769574627d\Systolic4x4.\A_wires[7]' from process `$paramod$d3d5788cdda5471de1680ab667385b769574627d\Systolic4x4.$proc$rtl/systolic4x4.v:0$154'.
No latch inferred for signal `$paramod$d3d5788cdda5471de1680ab667385b769574627d\Systolic4x4.\A_wires[8]' from process `$paramod$d3d5788cdda5471de1680ab667385b769574627d\Systolic4x4.$proc$rtl/systolic4x4.v:0$154'.
No latch inferred for signal `$paramod$d3d5788cdda5471de1680ab667385b769574627d\Systolic4x4.\A_wires[9]' from process `$paramod$d3d5788cdda5471de1680ab667385b769574627d\Systolic4x4.$proc$rtl/systolic4x4.v:0$154'.
No latch inferred for signal `$paramod$d3d5788cdda5471de1680ab667385b769574627d\Systolic4x4.\A_wires[10]' from process `$paramod$d3d5788cdda5471de1680ab667385b769574627d\Systolic4x4.$proc$rtl/systolic4x4.v:0$154'.
No latch inferred for signal `$paramod$d3d5788cdda5471de1680ab667385b769574627d\Systolic4x4.\A_wires[11]' from process `$paramod$d3d5788cdda5471de1680ab667385b769574627d\Systolic4x4.$proc$rtl/systolic4x4.v:0$154'.
No latch inferred for signal `$paramod$d3d5788cdda5471de1680ab667385b769574627d\Systolic4x4.\A_wires[12]' from process `$paramod$d3d5788cdda5471de1680ab667385b769574627d\Systolic4x4.$proc$rtl/systolic4x4.v:0$154'.
No latch inferred for signal `$paramod$d3d5788cdda5471de1680ab667385b769574627d\Systolic4x4.\A_wires[13]' from process `$paramod$d3d5788cdda5471de1680ab667385b769574627d\Systolic4x4.$proc$rtl/systolic4x4.v:0$154'.
No latch inferred for signal `$paramod$d3d5788cdda5471de1680ab667385b769574627d\Systolic4x4.\A_wires[14]' from process `$paramod$d3d5788cdda5471de1680ab667385b769574627d\Systolic4x4.$proc$rtl/systolic4x4.v:0$154'.
No latch inferred for signal `$paramod$d3d5788cdda5471de1680ab667385b769574627d\Systolic4x4.\A_wires[15]' from process `$paramod$d3d5788cdda5471de1680ab667385b769574627d\Systolic4x4.$proc$rtl/systolic4x4.v:0$154'.
No latch inferred for signal `$paramod$d3d5788cdda5471de1680ab667385b769574627d\Systolic4x4.\B_wires[0]' from process `$paramod$d3d5788cdda5471de1680ab667385b769574627d\Systolic4x4.$proc$rtl/systolic4x4.v:0$154'.
No latch inferred for signal `$paramod$d3d5788cdda5471de1680ab667385b769574627d\Systolic4x4.\B_wires[1]' from process `$paramod$d3d5788cdda5471de1680ab667385b769574627d\Systolic4x4.$proc$rtl/systolic4x4.v:0$154'.
No latch inferred for signal `$paramod$d3d5788cdda5471de1680ab667385b769574627d\Systolic4x4.\B_wires[2]' from process `$paramod$d3d5788cdda5471de1680ab667385b769574627d\Systolic4x4.$proc$rtl/systolic4x4.v:0$154'.
No latch inferred for signal `$paramod$d3d5788cdda5471de1680ab667385b769574627d\Systolic4x4.\B_wires[3]' from process `$paramod$d3d5788cdda5471de1680ab667385b769574627d\Systolic4x4.$proc$rtl/systolic4x4.v:0$154'.
No latch inferred for signal `$paramod$d3d5788cdda5471de1680ab667385b769574627d\Systolic4x4.\B_wires[4]' from process `$paramod$d3d5788cdda5471de1680ab667385b769574627d\Systolic4x4.$proc$rtl/systolic4x4.v:0$154'.
No latch inferred for signal `$paramod$d3d5788cdda5471de1680ab667385b769574627d\Systolic4x4.\B_wires[5]' from process `$paramod$d3d5788cdda5471de1680ab667385b769574627d\Systolic4x4.$proc$rtl/systolic4x4.v:0$154'.
No latch inferred for signal `$paramod$d3d5788cdda5471de1680ab667385b769574627d\Systolic4x4.\B_wires[6]' from process `$paramod$d3d5788cdda5471de1680ab667385b769574627d\Systolic4x4.$proc$rtl/systolic4x4.v:0$154'.
No latch inferred for signal `$paramod$d3d5788cdda5471de1680ab667385b769574627d\Systolic4x4.\B_wires[7]' from process `$paramod$d3d5788cdda5471de1680ab667385b769574627d\Systolic4x4.$proc$rtl/systolic4x4.v:0$154'.
No latch inferred for signal `$paramod$d3d5788cdda5471de1680ab667385b769574627d\Systolic4x4.\B_wires[8]' from process `$paramod$d3d5788cdda5471de1680ab667385b769574627d\Systolic4x4.$proc$rtl/systolic4x4.v:0$154'.
No latch inferred for signal `$paramod$d3d5788cdda5471de1680ab667385b769574627d\Systolic4x4.\B_wires[9]' from process `$paramod$d3d5788cdda5471de1680ab667385b769574627d\Systolic4x4.$proc$rtl/systolic4x4.v:0$154'.
No latch inferred for signal `$paramod$d3d5788cdda5471de1680ab667385b769574627d\Systolic4x4.\B_wires[10]' from process `$paramod$d3d5788cdda5471de1680ab667385b769574627d\Systolic4x4.$proc$rtl/systolic4x4.v:0$154'.
No latch inferred for signal `$paramod$d3d5788cdda5471de1680ab667385b769574627d\Systolic4x4.\B_wires[11]' from process `$paramod$d3d5788cdda5471de1680ab667385b769574627d\Systolic4x4.$proc$rtl/systolic4x4.v:0$154'.
No latch inferred for signal `$paramod$d3d5788cdda5471de1680ab667385b769574627d\Systolic4x4.\B_wires[12]' from process `$paramod$d3d5788cdda5471de1680ab667385b769574627d\Systolic4x4.$proc$rtl/systolic4x4.v:0$154'.
No latch inferred for signal `$paramod$d3d5788cdda5471de1680ab667385b769574627d\Systolic4x4.\B_wires[13]' from process `$paramod$d3d5788cdda5471de1680ab667385b769574627d\Systolic4x4.$proc$rtl/systolic4x4.v:0$154'.
No latch inferred for signal `$paramod$d3d5788cdda5471de1680ab667385b769574627d\Systolic4x4.\B_wires[14]' from process `$paramod$d3d5788cdda5471de1680ab667385b769574627d\Systolic4x4.$proc$rtl/systolic4x4.v:0$154'.
No latch inferred for signal `$paramod$d3d5788cdda5471de1680ab667385b769574627d\Systolic4x4.\B_wires[15]' from process `$paramod$d3d5788cdda5471de1680ab667385b769574627d\Systolic4x4.$proc$rtl/systolic4x4.v:0$154'.
No latch inferred for signal `$paramod$d3d5788cdda5471de1680ab667385b769574627d\Systolic4x4.\A_outs[0]' from process `$paramod$d3d5788cdda5471de1680ab667385b769574627d\Systolic4x4.$proc$rtl/systolic4x4.v:0$154'.
No latch inferred for signal `$paramod$d3d5788cdda5471de1680ab667385b769574627d\Systolic4x4.\A_outs[1]' from process `$paramod$d3d5788cdda5471de1680ab667385b769574627d\Systolic4x4.$proc$rtl/systolic4x4.v:0$154'.
No latch inferred for signal `$paramod$d3d5788cdda5471de1680ab667385b769574627d\Systolic4x4.\A_outs[2]' from process `$paramod$d3d5788cdda5471de1680ab667385b769574627d\Systolic4x4.$proc$rtl/systolic4x4.v:0$154'.
No latch inferred for signal `$paramod$d3d5788cdda5471de1680ab667385b769574627d\Systolic4x4.\A_outs[3]' from process `$paramod$d3d5788cdda5471de1680ab667385b769574627d\Systolic4x4.$proc$rtl/systolic4x4.v:0$154'.
No latch inferred for signal `$paramod$d3d5788cdda5471de1680ab667385b769574627d\Systolic4x4.\A_outs[4]' from process `$paramod$d3d5788cdda5471de1680ab667385b769574627d\Systolic4x4.$proc$rtl/systolic4x4.v:0$154'.
No latch inferred for signal `$paramod$d3d5788cdda5471de1680ab667385b769574627d\Systolic4x4.\A_outs[5]' from process `$paramod$d3d5788cdda5471de1680ab667385b769574627d\Systolic4x4.$proc$rtl/systolic4x4.v:0$154'.
No latch inferred for signal `$paramod$d3d5788cdda5471de1680ab667385b769574627d\Systolic4x4.\A_outs[6]' from process `$paramod$d3d5788cdda5471de1680ab667385b769574627d\Systolic4x4.$proc$rtl/systolic4x4.v:0$154'.
No latch inferred for signal `$paramod$d3d5788cdda5471de1680ab667385b769574627d\Systolic4x4.\A_outs[7]' from process `$paramod$d3d5788cdda5471de1680ab667385b769574627d\Systolic4x4.$proc$rtl/systolic4x4.v:0$154'.
No latch inferred for signal `$paramod$d3d5788cdda5471de1680ab667385b769574627d\Systolic4x4.\A_outs[8]' from process `$paramod$d3d5788cdda5471de1680ab667385b769574627d\Systolic4x4.$proc$rtl/systolic4x4.v:0$154'.
No latch inferred for signal `$paramod$d3d5788cdda5471de1680ab667385b769574627d\Systolic4x4.\A_outs[9]' from process `$paramod$d3d5788cdda5471de1680ab667385b769574627d\Systolic4x4.$proc$rtl/systolic4x4.v:0$154'.
No latch inferred for signal `$paramod$d3d5788cdda5471de1680ab667385b769574627d\Systolic4x4.\A_outs[10]' from process `$paramod$d3d5788cdda5471de1680ab667385b769574627d\Systolic4x4.$proc$rtl/systolic4x4.v:0$154'.
No latch inferred for signal `$paramod$d3d5788cdda5471de1680ab667385b769574627d\Systolic4x4.\A_outs[11]' from process `$paramod$d3d5788cdda5471de1680ab667385b769574627d\Systolic4x4.$proc$rtl/systolic4x4.v:0$154'.
No latch inferred for signal `$paramod$d3d5788cdda5471de1680ab667385b769574627d\Systolic4x4.\A_outs[12]' from process `$paramod$d3d5788cdda5471de1680ab667385b769574627d\Systolic4x4.$proc$rtl/systolic4x4.v:0$154'.
No latch inferred for signal `$paramod$d3d5788cdda5471de1680ab667385b769574627d\Systolic4x4.\A_outs[13]' from process `$paramod$d3d5788cdda5471de1680ab667385b769574627d\Systolic4x4.$proc$rtl/systolic4x4.v:0$154'.
No latch inferred for signal `$paramod$d3d5788cdda5471de1680ab667385b769574627d\Systolic4x4.\A_outs[14]' from process `$paramod$d3d5788cdda5471de1680ab667385b769574627d\Systolic4x4.$proc$rtl/systolic4x4.v:0$154'.
No latch inferred for signal `$paramod$d3d5788cdda5471de1680ab667385b769574627d\Systolic4x4.\A_outs[15]' from process `$paramod$d3d5788cdda5471de1680ab667385b769574627d\Systolic4x4.$proc$rtl/systolic4x4.v:0$154'.
No latch inferred for signal `$paramod$d3d5788cdda5471de1680ab667385b769574627d\Systolic4x4.\B_outs[0]' from process `$paramod$d3d5788cdda5471de1680ab667385b769574627d\Systolic4x4.$proc$rtl/systolic4x4.v:0$154'.
No latch inferred for signal `$paramod$d3d5788cdda5471de1680ab667385b769574627d\Systolic4x4.\B_outs[1]' from process `$paramod$d3d5788cdda5471de1680ab667385b769574627d\Systolic4x4.$proc$rtl/systolic4x4.v:0$154'.
No latch inferred for signal `$paramod$d3d5788cdda5471de1680ab667385b769574627d\Systolic4x4.\B_outs[2]' from process `$paramod$d3d5788cdda5471de1680ab667385b769574627d\Systolic4x4.$proc$rtl/systolic4x4.v:0$154'.
No latch inferred for signal `$paramod$d3d5788cdda5471de1680ab667385b769574627d\Systolic4x4.\B_outs[3]' from process `$paramod$d3d5788cdda5471de1680ab667385b769574627d\Systolic4x4.$proc$rtl/systolic4x4.v:0$154'.
No latch inferred for signal `$paramod$d3d5788cdda5471de1680ab667385b769574627d\Systolic4x4.\B_outs[4]' from process `$paramod$d3d5788cdda5471de1680ab667385b769574627d\Systolic4x4.$proc$rtl/systolic4x4.v:0$154'.
No latch inferred for signal `$paramod$d3d5788cdda5471de1680ab667385b769574627d\Systolic4x4.\B_outs[5]' from process `$paramod$d3d5788cdda5471de1680ab667385b769574627d\Systolic4x4.$proc$rtl/systolic4x4.v:0$154'.
No latch inferred for signal `$paramod$d3d5788cdda5471de1680ab667385b769574627d\Systolic4x4.\B_outs[6]' from process `$paramod$d3d5788cdda5471de1680ab667385b769574627d\Systolic4x4.$proc$rtl/systolic4x4.v:0$154'.
No latch inferred for signal `$paramod$d3d5788cdda5471de1680ab667385b769574627d\Systolic4x4.\B_outs[7]' from process `$paramod$d3d5788cdda5471de1680ab667385b769574627d\Systolic4x4.$proc$rtl/systolic4x4.v:0$154'.
No latch inferred for signal `$paramod$d3d5788cdda5471de1680ab667385b769574627d\Systolic4x4.\B_outs[8]' from process `$paramod$d3d5788cdda5471de1680ab667385b769574627d\Systolic4x4.$proc$rtl/systolic4x4.v:0$154'.
No latch inferred for signal `$paramod$d3d5788cdda5471de1680ab667385b769574627d\Systolic4x4.\B_outs[9]' from process `$paramod$d3d5788cdda5471de1680ab667385b769574627d\Systolic4x4.$proc$rtl/systolic4x4.v:0$154'.
No latch inferred for signal `$paramod$d3d5788cdda5471de1680ab667385b769574627d\Systolic4x4.\B_outs[10]' from process `$paramod$d3d5788cdda5471de1680ab667385b769574627d\Systolic4x4.$proc$rtl/systolic4x4.v:0$154'.
No latch inferred for signal `$paramod$d3d5788cdda5471de1680ab667385b769574627d\Systolic4x4.\B_outs[11]' from process `$paramod$d3d5788cdda5471de1680ab667385b769574627d\Systolic4x4.$proc$rtl/systolic4x4.v:0$154'.
No latch inferred for signal `$paramod$d3d5788cdda5471de1680ab667385b769574627d\Systolic4x4.\B_outs[12]' from process `$paramod$d3d5788cdda5471de1680ab667385b769574627d\Systolic4x4.$proc$rtl/systolic4x4.v:0$154'.
No latch inferred for signal `$paramod$d3d5788cdda5471de1680ab667385b769574627d\Systolic4x4.\B_outs[13]' from process `$paramod$d3d5788cdda5471de1680ab667385b769574627d\Systolic4x4.$proc$rtl/systolic4x4.v:0$154'.
No latch inferred for signal `$paramod$d3d5788cdda5471de1680ab667385b769574627d\Systolic4x4.\B_outs[14]' from process `$paramod$d3d5788cdda5471de1680ab667385b769574627d\Systolic4x4.$proc$rtl/systolic4x4.v:0$154'.
No latch inferred for signal `$paramod$d3d5788cdda5471de1680ab667385b769574627d\Systolic4x4.\B_outs[15]' from process `$paramod$d3d5788cdda5471de1680ab667385b769574627d\Systolic4x4.$proc$rtl/systolic4x4.v:0$154'.
No latch inferred for signal `$paramod$d3d5788cdda5471de1680ab667385b769574627d\Systolic4x4.\acc_wires[0]' from process `$paramod$d3d5788cdda5471de1680ab667385b769574627d\Systolic4x4.$proc$rtl/systolic4x4.v:0$154'.
No latch inferred for signal `$paramod$d3d5788cdda5471de1680ab667385b769574627d\Systolic4x4.\acc_wires[1]' from process `$paramod$d3d5788cdda5471de1680ab667385b769574627d\Systolic4x4.$proc$rtl/systolic4x4.v:0$154'.
No latch inferred for signal `$paramod$d3d5788cdda5471de1680ab667385b769574627d\Systolic4x4.\acc_wires[2]' from process `$paramod$d3d5788cdda5471de1680ab667385b769574627d\Systolic4x4.$proc$rtl/systolic4x4.v:0$154'.
No latch inferred for signal `$paramod$d3d5788cdda5471de1680ab667385b769574627d\Systolic4x4.\acc_wires[3]' from process `$paramod$d3d5788cdda5471de1680ab667385b769574627d\Systolic4x4.$proc$rtl/systolic4x4.v:0$154'.
No latch inferred for signal `$paramod$d3d5788cdda5471de1680ab667385b769574627d\Systolic4x4.\acc_wires[4]' from process `$paramod$d3d5788cdda5471de1680ab667385b769574627d\Systolic4x4.$proc$rtl/systolic4x4.v:0$154'.
No latch inferred for signal `$paramod$d3d5788cdda5471de1680ab667385b769574627d\Systolic4x4.\acc_wires[5]' from process `$paramod$d3d5788cdda5471de1680ab667385b769574627d\Systolic4x4.$proc$rtl/systolic4x4.v:0$154'.
No latch inferred for signal `$paramod$d3d5788cdda5471de1680ab667385b769574627d\Systolic4x4.\acc_wires[6]' from process `$paramod$d3d5788cdda5471de1680ab667385b769574627d\Systolic4x4.$proc$rtl/systolic4x4.v:0$154'.
No latch inferred for signal `$paramod$d3d5788cdda5471de1680ab667385b769574627d\Systolic4x4.\acc_wires[7]' from process `$paramod$d3d5788cdda5471de1680ab667385b769574627d\Systolic4x4.$proc$rtl/systolic4x4.v:0$154'.
No latch inferred for signal `$paramod$d3d5788cdda5471de1680ab667385b769574627d\Systolic4x4.\acc_wires[8]' from process `$paramod$d3d5788cdda5471de1680ab667385b769574627d\Systolic4x4.$proc$rtl/systolic4x4.v:0$154'.
No latch inferred for signal `$paramod$d3d5788cdda5471de1680ab667385b769574627d\Systolic4x4.\acc_wires[9]' from process `$paramod$d3d5788cdda5471de1680ab667385b769574627d\Systolic4x4.$proc$rtl/systolic4x4.v:0$154'.
No latch inferred for signal `$paramod$d3d5788cdda5471de1680ab667385b769574627d\Systolic4x4.\acc_wires[10]' from process `$paramod$d3d5788cdda5471de1680ab667385b769574627d\Systolic4x4.$proc$rtl/systolic4x4.v:0$154'.
No latch inferred for signal `$paramod$d3d5788cdda5471de1680ab667385b769574627d\Systolic4x4.\acc_wires[11]' from process `$paramod$d3d5788cdda5471de1680ab667385b769574627d\Systolic4x4.$proc$rtl/systolic4x4.v:0$154'.
No latch inferred for signal `$paramod$d3d5788cdda5471de1680ab667385b769574627d\Systolic4x4.\acc_wires[12]' from process `$paramod$d3d5788cdda5471de1680ab667385b769574627d\Systolic4x4.$proc$rtl/systolic4x4.v:0$154'.
No latch inferred for signal `$paramod$d3d5788cdda5471de1680ab667385b769574627d\Systolic4x4.\acc_wires[13]' from process `$paramod$d3d5788cdda5471de1680ab667385b769574627d\Systolic4x4.$proc$rtl/systolic4x4.v:0$154'.
No latch inferred for signal `$paramod$d3d5788cdda5471de1680ab667385b769574627d\Systolic4x4.\acc_wires[14]' from process `$paramod$d3d5788cdda5471de1680ab667385b769574627d\Systolic4x4.$proc$rtl/systolic4x4.v:0$154'.
No latch inferred for signal `$paramod$d3d5788cdda5471de1680ab667385b769574627d\Systolic4x4.\acc_wires[15]' from process `$paramod$d3d5788cdda5471de1680ab667385b769574627d\Systolic4x4.$proc$rtl/systolic4x4.v:0$154'.
