133. Printing statistics.

=== Systolic4x4_serial_io ===

   Number of wires:              12618
   Number of wire bits:          17824
   Number of public wires:         150
   Number of public wire bits:    3946
   Number of ports:                 13
   Number of port bits:             13
   Number of memories:               0
   Number of memory bits:            0
   Number of processes:              0
   Number of cells:              16126
     $_ANDNOT_                    3513
     $_AND_                        675
     $_DFFE_PN0N_                   32
     $_DFFE_PN0P_                 3098
     $_DFFE_PP_                    192
     $_DFF_PN0_                     14
     $_MUX_                        724
     $_NAND_                       945
     $_NOR_                        712
     $_NOT_                        427
     $_ORNOT_                      473
     $_OR_                        1605
     $_SDFFCE_PN0P_                 64
     $_SDFFCE_PP0P_                 96
     $_XNOR_                       920
     $_XOR_                       2636

   Area for cell type $_NOT_ is unknown!
   Area for cell type $_AND_ is unknown!
   Area for cell type $_NAND_ is unknown!
   Area for cell type $_OR_ is unknown!
   Area for cell type $_NOR_ is unknown!
   Area for cell type $_XOR_ is unknown!
   Area for cell type $_XNOR_ is unknown!
   Area for cell type $_ANDNOT_ is unknown!
   Area for cell type $_ORNOT_ is unknown!
   Area for cell type $_MUX_ is unknown!
   Area for cell type $_DFFE_PP_ is unknown!
   Area for cell type $_DFF_PN0_ is unknown!
   Area for cell type $_DFFE_PN0N_ is unknown!
   Area for cell type $_DFFE_PN0P_ is unknown!
   Area for cell type $_SDFFCE_PN0P_ is unknown!
   Area for cell type $_SDFFCE_PP0P_ is unknown!

