Clock: clk
Sources: clk 
Generated: no
Virtual: yes
Propagated: no
Period: 100.000000

===========================================================================
report_clock_properties
============================================================================
Clock                   Period          Waveform
----------------------------------------------------
clk                 100.000000    0.000000  5.000000

===========================================================================
report_clock_latency
============================================================================
Clock clk
rise -> rise
    min     max
0.000000 0.000000 source latency
1.396952         network latency _28007_/CLK
        1.801287 network latency _29195_/CLK
---------------
1.396952 1.801287 latency
        0.404334 skew

fall -> fall
    min     max
0.000000 0.000000 source latency
1.275046         network latency _28007_/CLK
        1.643519 network latency _29195_/CLK
---------------
1.275046 1.643519 latency
        0.368473 skew



===========================================================================
report_clock_min_period
============================================================================
clk period_min = 10.95 fmax = 91.36
Clock: A_in_serial_clk
Sources: A_in_serial_clk 
Generated: no
Virtual: yes
Propagated: no
Period: 20.000000

===========================================================================
report_clock_properties
============================================================================
Clock                   Period          Waveform
----------------------------------------------------
A_in_serial_clk      20.000000    0.000000  1.000000

===========================================================================
report_clock_latency
============================================================================
Clock A_in_serial_clk
rise -> rise
    min     max
0.000000 0.000000 source latency
0.843864         network latency _26299_/CLK
        0.901972 network latency _26226_/CLK
---------------
0.843864 0.901972 latency
        0.058109 skew

fall -> fall
    min     max
0.000000 0.000000 source latency
0.869313         network latency _26299_/CLK
        0.912319 network latency _26226_/CLK
---------------
0.869313 0.912319 latency
        0.043007 skew



===========================================================================
report_clock_min_period
============================================================================
A_in_serial_clk period_min = 5.99 fmax = 166.92
Clock: B_in_serial_clk
Sources: B_in_serial_clk 
Generated: no
Virtual: yes
Propagated: no
Period: 20.000000

===========================================================================
report_clock_properties
============================================================================
Clock                   Period          Waveform
----------------------------------------------------
B_in_serial_clk      20.000000    0.000000  1.000000

===========================================================================
report_clock_latency
============================================================================
Clock B_in_serial_clk
rise -> rise
    min     max
0.000000 0.000000 source latency
0.869982         network latency _26617_/CLK
        0.907550 network latency _26600_/CLK
---------------
0.869982 0.907550 latency
        0.037568 skew

fall -> fall
    min     max
0.000000 0.000000 source latency
0.887884         network latency _26617_/CLK
        0.915332 network latency _26600_/CLK
---------------
0.887884 0.915332 latency
        0.027447 skew



===========================================================================
report_clock_min_period
============================================================================
B_in_serial_clk period_min = 6.08 fmax = 164.36
