
===========================================================================
Clock Skew (Hold)
============================================================================
======================= nom_ss_100C_1v60 Corner ===================================

Clock A_in_serial_clk
0.855497 source latency _26533_/CLK ^
-0.896643 target latency _26532_/CLK ^
-0.100000 clock uncertainty
0.000000 CRPR
--------------
-0.141146 hold skew

Clock B_in_serial_clk
0.871206 source latency _27043_/CLK ^
-0.907238 target latency _29601_/CLK ^
-0.100000 clock uncertainty
0.000000 CRPR
--------------
-0.136031 hold skew

Clock clk
1.396952 source latency _28007_/CLK ^
-1.729275 target latency _28035_/CLK ^
-0.100000 clock uncertainty
0.000000 CRPR
--------------
-0.432323 hold skew

