Clock: clk
Sources: clk 
Generated: no
Virtual: no
Propagated: no
Period: 100.000000

===========================================================================
report_clock_properties
============================================================================
Clock                   Period          Waveform
----------------------------------------------------
clk                 100.000000    0.000000  5.000000

===========================================================================
report_clock_latency
============================================================================
Clock clk
rise -> rise
    min     max
0.000000 0.000000 source latency
0.000000         network latency _26332_/CLK
        0.000000 network latency _26332_/CLK
---------------
0.000000 0.000000 latency
        0.000000 skew

fall -> fall
    min     max
0.000000 0.000000 source latency
0.000000         network latency _26332_/CLK
        0.000000 network latency _26332_/CLK
---------------
0.000000 0.000000 latency
        0.000000 skew



===========================================================================
report_clock_min_period
============================================================================
clk period_min = 24.30 fmax = 41.15
Clock: A_in_serial_clk
Sources: A_in_serial_clk 
Generated: no
Virtual: no
Propagated: no
Period: 20.000000

===========================================================================
report_clock_properties
============================================================================
Clock                   Period          Waveform
----------------------------------------------------
A_in_serial_clk      20.000000    0.000000  1.000000

===========================================================================
report_clock_latency
============================================================================
Clock A_in_serial_clk
rise -> rise
    min     max
0.000000 0.000000 source latency
0.000000         network latency _26202_/CLK
        0.000000 network latency _26202_/CLK
---------------
0.000000 0.000000 latency
        0.000000 skew

fall -> fall
    min     max
0.000000 0.000000 source latency
0.000000         network latency _26202_/CLK
        0.000000 network latency _26202_/CLK
---------------
0.000000 0.000000 latency
        0.000000 skew



===========================================================================
report_clock_min_period
============================================================================
A_in_serial_clk period_min = 3.23 fmax = 309.78
Clock: B_in_serial_clk
Sources: B_in_serial_clk 
Generated: no
Virtual: no
Propagated: no
Period: 20.000000

===========================================================================
report_clock_properties
============================================================================
Clock                   Period          Waveform
----------------------------------------------------
B_in_serial_clk      20.000000    0.000000  1.000000

===========================================================================
report_clock_latency
============================================================================
Clock B_in_serial_clk
rise -> rise
    min     max
0.000000 0.000000 source latency
0.000000         network latency _26598_/CLK
        0.000000 network latency _26598_/CLK
---------------
0.000000 0.000000 latency
        0.000000 skew

fall -> fall
    min     max
0.000000 0.000000 source latency
0.000000         network latency _26598_/CLK
        0.000000 network latency _26598_/CLK
---------------
0.000000 0.000000 latency
        0.000000 skew



===========================================================================
report_clock_min_period
============================================================================
B_in_serial_clk period_min = 3.23 fmax = 309.78
