Reading library file at '/home/hp/.volare/volare/sky130/versions/0fe599b2afb6708d281543108caf8310912f54af/sky130A/libs.ref/sky130_fd_sc_hd/lib/sky130_fd_sc_hd__tt_025C_1v80.lib'…
Reading technology LEF file at '/home/hp/.volare/volare/sky130/versions/0fe599b2afb6708d281543108caf8310912f54af/sky130A/libs.ref/sky130_fd_sc_hd/techlef/sky130_fd_sc_hd__nom.tlef'…
[INFO ODB-0227] LEF file: /home/hp/.volare/volare/sky130/versions/0fe599b2afb6708d281543108caf8310912f54af/sky130A/libs.ref/sky130_fd_sc_hd/techlef/sky130_fd_sc_hd__nom.tlef, created 14 layers, 25 vias
Reading cell LEF file at '/home/hp/.volare/volare/sky130/versions/0fe599b2afb6708d281543108caf8310912f54af/sky130A/libs.ref/sky130_fd_sc_hd/lef/sky130_ef_sc_hd.lef'…
[WARNING ODB-0220] WARNING (LEFPARS-2008): NOWIREEXTENSIONATPIN statement is obsolete in version 5.6 or later.
The NOWIREEXTENSIONATPIN statement will be ignored. See file /home/hp/.volare/volare/sky130/versions/0fe599b2afb6708d281543108caf8310912f54af/sky130A/libs.ref/sky130_fd_sc_hd/lef/sky130_ef_sc_hd.lef at line 2.

[INFO ODB-0227] LEF file: /home/hp/.volare/volare/sky130/versions/0fe599b2afb6708d281543108caf8310912f54af/sky130A/libs.ref/sky130_fd_sc_hd/lef/sky130_ef_sc_hd.lef, created 4 library cells
Reading cell LEF file at '/home/hp/.volare/volare/sky130/versions/0fe599b2afb6708d281543108caf8310912f54af/sky130A/libs.ref/sky130_fd_sc_hd/lef/sky130_fd_sc_hd.lef'…
[WARNING ODB-0220] WARNING (LEFPARS-2008): NOWIREEXTENSIONATPIN statement is obsolete in version 5.6 or later.
The NOWIREEXTENSIONATPIN statement will be ignored. See file /home/hp/.volare/volare/sky130/versions/0fe599b2afb6708d281543108caf8310912f54af/sky130A/libs.ref/sky130_fd_sc_hd/lef/sky130_fd_sc_hd.lef at line 2.

[INFO ODB-0227] LEF file: /home/hp/.volare/volare/sky130/versions/0fe599b2afb6708d281543108caf8310912f54af/sky130A/libs.ref/sky130_fd_sc_hd/lef/sky130_fd_sc_hd.lef, created 437 library cells
Reading top-level netlist at '/home/hp/openlane2/project1/runs/RUN_2025-09-14_22-17-56/06-yosys-synthesis/Systolic4x4_serial_io.nl.v'…
Linking design 'Systolic4x4_serial_io' from netlist…
Reading design constraints file at 'constraints.sdc'…
[INFO] No information on clock propagation in input SDC file-- propagating all clocks.
Using site height: 2.72 and site width: 0.46…
[INFO] Using relative sizing for the floorplan.
[INFO IFP-0001] Added 66 rows of 391 site unithd.
[INFO IFP-0030] Inserted 0 tiecells using sky130_fd_sc_hd__conb_1/LO.
[INFO IFP-0030] Inserted 0 tiecells using sky130_fd_sc_hd__conb_1/HI.
[INFO] Extracting DIE_AREA and CORE_AREA from the floorplan
[INFO] Floorplanned on a die area of 0.0 0.0 191.04 201.76 (µm).
[INFO] Floorplanned on a core area of 5.52 10.88 185.38 190.4 (µm).
Writing metric design__die__bbox: 0.0 0.0 191.04 201.76
Writing metric design__core__bbox: 5.52 10.88 185.38 190.4
Setting global connections for newly added cells…
[INFO] Setting global connections...
Updating metrics…
Cell type report:                       Count       Area
  Buffer                                    1       5.00
  Inverter                                 18      67.56
  Sequential cell                         347    9117.49
  Multi-Input combinational cell         1024    7010.47
  Total                                  1390   16200.54
Writing OpenROAD database to '/home/hp/openlane2/project1/runs/RUN_2025-09-14_22-17-56/13-openroad-floorplan/Systolic4x4_serial_io.odb'…
Writing netlist to '/home/hp/openlane2/project1/runs/RUN_2025-09-14_22-17-56/13-openroad-floorplan/Systolic4x4_serial_io.nl.v'…
Writing powered netlist to '/home/hp/openlane2/project1/runs/RUN_2025-09-14_22-17-56/13-openroad-floorplan/Systolic4x4_serial_io.pnl.v'…
Writing layout to '/home/hp/openlane2/project1/runs/RUN_2025-09-14_22-17-56/13-openroad-floorplan/Systolic4x4_serial_io.def'…
Writing timing constraints to '/home/hp/openlane2/project1/runs/RUN_2025-09-14_22-17-56/13-openroad-floorplan/Systolic4x4_serial_io.sdc'…
