
===========================================================================
report_checks -unconstrained
===========================================================================
======================= min_ff_n40C_1v95 Corner ===================================

Startpoint: _1104_ (rising edge-triggered flip-flop clocked by A_in_serial_clk)
Endpoint: _1103_ (rising edge-triggered flip-flop clocked by A_in_serial_clk)
Path Group: A_in_serial_clk
Path Type: max

Fanout         Cap        Slew       Delay        Time   Description
---------------------------------------------------------------------------------------------
                                  0.000000    0.000000   clock A_in_serial_clk (rise edge)
                                  0.000000    0.000000   clock source latency
     1    0.021582    0.000000    0.000000    0.000000 ^ A_in_serial_clk (in)
                                                         A_in_serial_clk (net)
                      0.002212    0.001106    0.001106 ^ clkbuf_0_A_in_serial_clk/A (sky130_fd_sc_hd__clkbuf_16)
    16    0.102904    0.090832    0.123186    0.124292 ^ clkbuf_0_A_in_serial_clk/X (sky130_fd_sc_hd__clkbuf_16)
                                                         clknet_0_A_in_serial_clk (net)
                      0.090857    0.001240    0.125532 ^ clkbuf_4_10_0_A_in_serial_clk/A (sky130_fd_sc_hd__clkbuf_8)
    10    0.033729    0.054039    0.117408    0.242939 ^ clkbuf_4_10_0_A_in_serial_clk/X (sky130_fd_sc_hd__clkbuf_8)
                                                         clknet_4_10_0_A_in_serial_clk (net)
                      0.054039    0.000274    0.243214 ^ _1104_/CLK (sky130_fd_sc_hd__dfrtp_4)
     6    0.027048    0.064003    0.327413    0.570627 v _1104_/Q (sky130_fd_sc_hd__dfrtp_4)
                                                         deser_A.receiving (net)
                      0.064003    0.000351    0.570978 v max_cap13/A (sky130_fd_sc_hd__buf_12)
     2    0.005118    0.016183    0.088567    0.659545 v max_cap13/X (sky130_fd_sc_hd__buf_12)
                                                         net13 (net)
                      0.016183    0.000042    0.659587 v _0692_/A (sky130_fd_sc_hd__and4_1)
     2    0.009622    0.048142    0.106919    0.766506 v _0692_/X (sky130_fd_sc_hd__and4_1)
                                                         _0516_ (net)
                      0.048142    0.000181    0.766687 v _0700_/C (sky130_fd_sc_hd__and4_1)
     3    0.010841    0.050612    0.150030    0.916717 v _0700_/X (sky130_fd_sc_hd__and4_1)
                                                         _0521_ (net)
                      0.050612    0.000091    0.916807 v _0704_/B (sky130_fd_sc_hd__nand2_2)
     2    0.010098    0.053058    0.066812    0.983619 ^ _0704_/Y (sky130_fd_sc_hd__nand2_2)
                                                         _0524_ (net)
                      0.053058    0.000151    0.983770 ^ _0708_/S (sky130_fd_sc_hd__mux2_4)
     1    0.005181    0.038898    0.185948    1.169718 v _0708_/X (sky130_fd_sc_hd__mux2_4)
                                                         _0527_ (net)
                      0.038898    0.000039    1.169757 v _0709_/A (sky130_fd_sc_hd__inv_2)
     1    0.003439    0.020139    0.031878    1.201636 ^ _0709_/Y (sky130_fd_sc_hd__inv_2)
                                                         _0052_ (net)
                      0.020139    0.000041    1.201677 ^ _1103_/D (sky130_fd_sc_hd__dfrtp_1)
                                              1.201677   data arrival time

                                  2.000000    2.000000   clock A_in_serial_clk (rise edge)
                                  0.000000    2.000000   clock source latency
     1    0.021582    0.000000    0.000000    2.000000 ^ A_in_serial_clk (in)
                                                         A_in_serial_clk (net)
                      0.002212    0.001106    2.001106 ^ clkbuf_0_A_in_serial_clk/A (sky130_fd_sc_hd__clkbuf_16)
    16    0.102904    0.090832    0.123185    2.124292 ^ clkbuf_0_A_in_serial_clk/X (sky130_fd_sc_hd__clkbuf_16)
                                                         clknet_0_A_in_serial_clk (net)
                      0.090858    0.001270    2.125562 ^ clkbuf_4_11_0_A_in_serial_clk/A (sky130_fd_sc_hd__clkbuf_8)
    10    0.029999    0.049654    0.114226    2.239787 ^ clkbuf_4_11_0_A_in_serial_clk/X (sky130_fd_sc_hd__clkbuf_8)
                                                         clknet_4_11_0_A_in_serial_clk (net)
                      0.049654    0.000212    2.240000 ^ _1103_/CLK (sky130_fd_sc_hd__dfrtp_1)
                                  0.000000    2.240000   clock reconvergence pessimism
                                 -0.032139    2.207861   library setup time
                                              2.207861   data required time
---------------------------------------------------------------------------------------------
                                              2.207861   data required time
                                             -1.201677   data arrival time
---------------------------------------------------------------------------------------------
                                              1.006184   slack (MET)


Startpoint: _1248_ (rising edge-triggered flip-flop clocked by B_in_serial_clk)
Endpoint: _1338_ (rising edge-triggered flip-flop clocked by B_in_serial_clk)
Path Group: B_in_serial_clk
Path Type: max

Fanout         Cap        Slew       Delay        Time   Description
---------------------------------------------------------------------------------------------
                                  0.000000    0.000000   clock B_in_serial_clk (rise edge)
                                  0.000000    0.000000   clock source latency
     1    0.016703    0.000000    0.000000    0.000000 ^ B_in_serial_clk (in)
                                                         B_in_serial_clk (net)
                      0.001099    0.000549    0.000549 ^ clkbuf_0_B_in_serial_clk/A (sky130_fd_sc_hd__clkbuf_16)
    16    0.101636    0.089895    0.122166    0.122715 ^ clkbuf_0_B_in_serial_clk/X (sky130_fd_sc_hd__clkbuf_16)
                                                         clknet_0_B_in_serial_clk (net)
                      0.089941    0.001653    0.124368 ^ clkbuf_4_14_0_B_in_serial_clk/A (sky130_fd_sc_hd__clkbuf_8)
     8    0.035215    0.055830    0.118595    0.242963 ^ clkbuf_4_14_0_B_in_serial_clk/X (sky130_fd_sc_hd__clkbuf_8)
                                                         clknet_4_14_0_B_in_serial_clk (net)
                      0.055832    0.000386    0.243349 ^ _1248_/CLK (sky130_fd_sc_hd__dfrtp_4)
     8    0.039041    0.097955    0.310073    0.553422 ^ _1248_/Q (sky130_fd_sc_hd__dfrtp_4)
                                                         deser_B.receiving (net)
                      0.097955    0.000138    0.553561 ^ rebuffer629/A (sky130_fd_sc_hd__buf_2)
     1    0.010324    0.044709    0.095260    0.648820 ^ rebuffer629/X (sky130_fd_sc_hd__buf_2)
                                                         net645 (net)
                      0.044709    0.000110    0.648931 ^ max_cap11/A (sky130_fd_sc_hd__buf_12)
    24    0.127056    0.114364    0.129240    0.778171 ^ max_cap11/X (sky130_fd_sc_hd__buf_12)
                                                         net11 (net)
                      0.114976    0.006736    0.784907 ^ clone31/A (sky130_fd_sc_hd__clkbuf_16)
    26    0.129737    0.110343    0.167793    0.952700 ^ clone31/X (sky130_fd_sc_hd__clkbuf_16)
                                                         net47 (net)
                      0.110591    0.004184    0.956883 ^ _0970_/S (sky130_fd_sc_hd__mux2_1)
     1    0.002759    0.037804    0.190096    1.146980 v _0970_/X (sky130_fd_sc_hd__mux2_1)
                                                         _0285_ (net)
                      0.037804    0.000027    1.147007 v _1338_/D (sky130_fd_sc_hd__dfrtp_1)
                                              1.147007   data arrival time

                                  2.000000    2.000000   clock B_in_serial_clk (rise edge)
                                  0.000000    2.000000   clock source latency
     1    0.016703    0.000000    0.000000    2.000000 ^ B_in_serial_clk (in)
                                                         B_in_serial_clk (net)
                      0.001099    0.000549    2.000549 ^ clkbuf_0_B_in_serial_clk/A (sky130_fd_sc_hd__clkbuf_16)
    16    0.101636    0.089895    0.122166    2.122715 ^ clkbuf_0_B_in_serial_clk/X (sky130_fd_sc_hd__clkbuf_16)
                                                         clknet_0_B_in_serial_clk (net)
                      0.089932    0.001482    2.124197 ^ clkbuf_4_6_0_B_in_serial_clk/A (sky130_fd_sc_hd__clkbuf_8)
     8    0.034734    0.055241    0.118088    2.242286 ^ clkbuf_4_6_0_B_in_serial_clk/X (sky130_fd_sc_hd__clkbuf_8)
                                                         clknet_4_6_0_B_in_serial_clk (net)
                      0.055245    0.000500    2.242786 ^ _1338_/CLK (sky130_fd_sc_hd__dfrtp_1)
                                  0.000000    2.242786   clock reconvergence pessimism
                                 -0.072279    2.170507   library setup time
                                              2.170507   data required time
---------------------------------------------------------------------------------------------
                                              2.170507   data required time
                                             -1.147007   data arrival time
---------------------------------------------------------------------------------------------
                                              1.023500   slack (MET)


Startpoint: clk (clock source 'clk')
Endpoint: C_out_serial_clk (output port clocked by clk)
Path Group: clk
Path Type: max

Fanout         Cap        Slew       Delay        Time   Description
---------------------------------------------------------------------------------------------
                                  5.000000    5.000000   clock clk (fall edge)
                                  0.000000    5.000000   clock source latency
     1    0.014427    0.000000    0.000000    5.000000 v clk (in)
                                                         clk (net)
                      0.000769    0.000385    5.000385 v clkbuf_0_clk/A (sky130_fd_sc_hd__clkbuf_16)
     4    0.034695    0.033092    0.094527    5.094912 v clkbuf_0_clk/X (sky130_fd_sc_hd__clkbuf_16)
                                                         clknet_0_clk (net)
                      0.033094    0.000464    5.095376 v clkbuf_2_0__f_clk/A (sky130_fd_sc_hd__clkbuf_16)
    14    0.043807    0.036574    0.111154    5.206530 v clkbuf_2_0__f_clk/X (sky130_fd_sc_hd__clkbuf_16)
                                                         clknet_2_0__leaf_clk (net)
                      0.036599    0.000761    5.207291 v _1917_/A (sky130_fd_sc_hd__buf_2)
     1    0.002586    0.016580    0.072834    5.280125 v _1917_/X (sky130_fd_sc_hd__buf_2)
                                                         net8 (net)
                      0.016580    0.000024    5.280149 v output8/A (sky130_fd_sc_hd__buf_1)
     1    0.000576    0.010658    0.041937    5.322086 v output8/X (sky130_fd_sc_hd__buf_1)
                                                         C_out_serial_clk (net)
                      0.010658    0.000002    5.322089 v C_out_serial_clk (out)
                                              5.322089   data arrival time

                                 10.000000   10.000000   clock clk (rise edge)
                                  0.000000   10.000000   clock network delay (propagated)
                                 -0.100000    9.900001   clock uncertainty
                                  0.000000    9.900001   clock reconvergence pessimism
                                 -1.500000    8.400000   output external delay
                                              8.400000   data required time
---------------------------------------------------------------------------------------------
                                              8.400000   data required time
                                             -5.322089   data arrival time
---------------------------------------------------------------------------------------------
                                              3.077911   slack (MET)




===========================================================================
report_checks --slack_max -0.01
============================================================================
======================= min_ff_n40C_1v95 Corner ===================================

No paths found.


===========================================================================
 report_check_types -max_slew -max_cap -max_fanout -violators
============================================================================
======================= min_ff_n40C_1v95 Corner ===================================

max slew

Pin                                        Limit        Slew       Slack
------------------------------------------------------------------------
_0549_/Y                                0.100000    0.168266   -0.068266 (VIOLATED)
_0551_/B                                0.100000    0.168266   -0.068266 (VIOLATED)
_0666_/A1                               0.100000    0.168266   -0.068266 (VIOLATED)
_0687_/A1                               0.100000    0.168266   -0.068266 (VIOLATED)
_1012_/A2                               0.100000    0.168266   -0.068266 (VIOLATED)
_0664_/B                                0.100000    0.165034   -0.065034 (VIOLATED)
_0661_/B                                0.100000    0.165034   -0.065034 (VIOLATED)
_0628_/A                                0.100000    0.165033   -0.065033 (VIOLATED)
_0582_/A                                0.100000    0.165033   -0.065033 (VIOLATED)
_0615_/A                                0.100000    0.165033   -0.065033 (VIOLATED)
_0620_/B1                               0.100000    0.165032   -0.065032 (VIOLATED)
_0638_/B                                0.100000    0.165032   -0.065032 (VIOLATED)
_0570_/X                                0.100000    0.165032   -0.065032 (VIOLATED)
_0572_/B                                0.100000    0.165032   -0.065032 (VIOLATED)
_0577_/A                                0.100000    0.165032   -0.065032 (VIOLATED)
_0595_/A                                0.100000    0.165032   -0.065032 (VIOLATED)
_0695_/A1                               0.100000    0.145338   -0.045338 (VIOLATED)
_0696_/A1                               0.100000    0.145338   -0.045338 (VIOLATED)
_0697_/B2                               0.100000    0.145338   -0.045338 (VIOLATED)
_0698_/A1                               0.100000    0.145338   -0.045338 (VIOLATED)
_0700_/A                                0.100000    0.145338   -0.045338 (VIOLATED)
_0702_/A1                               0.100000    0.145338   -0.045338 (VIOLATED)
_1099_/Q                                0.100000    0.145338   -0.045338 (VIOLATED)
_0866_/A1                               0.100000    0.144307   -0.044307 (VIOLATED)
_0867_/A1                               0.100000    0.144307   -0.044307 (VIOLATED)
_0868_/B2                               0.100000    0.144307   -0.044307 (VIOLATED)
_0869_/A1                               0.100000    0.144307   -0.044307 (VIOLATED)
_0871_/A                                0.100000    0.144307   -0.044307 (VIOLATED)
_0873_/A1                               0.100000    0.144307   -0.044307 (VIOLATED)
_1243_/Q                                0.100000    0.144307   -0.044307 (VIOLATED)
_0688_/Y                                0.100000    0.140231   -0.040231 (VIOLATED)
_0690_/B                                0.100000    0.140231   -0.040231 (VIOLATED)
_0541_/A                                0.100000    0.138725   -0.038725 (VIOLATED)
_0618_/S                                0.100000    0.138725   -0.038725 (VIOLATED)
_0619_/A                                0.100000    0.138725   -0.038725 (VIOLATED)
_0620_/A1                               0.100000    0.138725   -0.038725 (VIOLATED)
_0622_/A1                               0.100000    0.138725   -0.038725 (VIOLATED)
_0625_/A1                               0.100000    0.138725   -0.038725 (VIOLATED)
_0626_/A                                0.100000    0.138725   -0.038725 (VIOLATED)
_1072_/Q                                0.100000    0.138725   -0.038725 (VIOLATED)
_0622_/A2                               0.100000    0.137217   -0.037217 (VIOLATED)
_0625_/A4                               0.100000    0.137217   -0.037217 (VIOLATED)
_0621_/X                                0.100000    0.137217   -0.037217 (VIOLATED)
_0631_/A2                               0.100000    0.137217   -0.037217 (VIOLATED)
_0644_/A2                               0.100000    0.137217   -0.037217 (VIOLATED)
_0547_/B                                0.100000    0.133385   -0.033385 (VIOLATED)
_0680_/A                                0.100000    0.133385   -0.033385 (VIOLATED)
_0681_/B1                               0.100000    0.133385   -0.033385 (VIOLATED)
_0683_/A3                               0.100000    0.133385   -0.033385 (VIOLATED)
_1093_/Q                                0.100000    0.133385   -0.033385 (VIOLATED)
_0858_/S                                0.100000    0.133099   -0.033099 (VIOLATED)
_0859_/A2                               0.100000    0.133099   -0.033099 (VIOLATED)
_0860_/B                                0.100000    0.133099   -0.033099 (VIOLATED)
_0862_/A                                0.100000    0.133099   -0.033099 (VIOLATED)
_0863_/B                                0.100000    0.133099   -0.033099 (VIOLATED)
_1240_/Q                                0.100000    0.133099   -0.033099 (VIOLATED)
_0601_/X                                0.100000    0.133081   -0.033081 (VIOLATED)
_0602_/A                                0.100000    0.133081   -0.033081 (VIOLATED)
_0605_/S                                0.100000    0.133081   -0.033081 (VIOLATED)
_0607_/B1                               0.100000    0.133081   -0.033081 (VIOLATED)
_0616_/C                                0.100000    0.133081   -0.033081 (VIOLATED)
_0554_/B                                0.100000    0.132756   -0.032756 (VIOLATED)
_0851_/B1                               0.100000    0.132756   -0.032756 (VIOLATED)
_0852_/A1                               0.100000    0.132756   -0.032756 (VIOLATED)
_0854_/A3                               0.100000    0.132756   -0.032756 (VIOLATED)
_1237_/Q                                0.100000    0.132756   -0.032756 (VIOLATED)
clone829/A                              0.100000    0.126759   -0.026759 (VIOLATED)
rebuffer830/X                           0.100000    0.126759   -0.026759 (VIOLATED)
clone831/A                              0.100000    0.124829   -0.024829 (VIOLATED)
rebuffer832/X                           0.100000    0.124829   -0.024829 (VIOLATED)
_0658_/B                                0.100000    0.120985   -0.020985 (VIOLATED)
_0655_/B                                0.100000    0.120985   -0.020985 (VIOLATED)
_0651_/B                                0.100000    0.120984   -0.020984 (VIOLATED)
_0648_/B                                0.100000    0.120982   -0.020982 (VIOLATED)
_0642_/B1                               0.100000    0.120980   -0.020980 (VIOLATED)
_0591_/A                                0.100000    0.120974   -0.020974 (VIOLATED)
_0634_/B                                0.100000    0.120973   -0.020973 (VIOLATED)
_0647_/A                                0.100000    0.120973   -0.020973 (VIOLATED)
_0633_/A                                0.100000    0.120972   -0.020972 (VIOLATED)
_0592_/A2                               0.100000    0.120970   -0.020970 (VIOLATED)
_0603_/A                                0.100000    0.120966   -0.020966 (VIOLATED)
_0610_/A2                               0.100000    0.120964   -0.020964 (VIOLATED)
_0607_/A2                               0.100000    0.120964   -0.020964 (VIOLATED)
_0604_/B                                0.100000    0.120963   -0.020963 (VIOLATED)
_0571_/Y                                0.100000    0.120961   -0.020961 (VIOLATED)
_0627_/A                                0.100000    0.120498   -0.020498 (VIOLATED)
_0608_/C                                0.100000    0.120498   -0.020498 (VIOLATED)
_0614_/A                                0.100000    0.120498   -0.020498 (VIOLATED)
_0589_/X                                0.100000    0.120498   -0.020498 (VIOLATED)
_0590_/A                                0.100000    0.120498   -0.020498 (VIOLATED)
_0592_/B1                               0.100000    0.120498   -0.020498 (VIOLATED)
_0593_/A2                               0.100000    0.120498   -0.020498 (VIOLATED)
_0594_/C                                0.100000    0.120498   -0.020498 (VIOLATED)
_0601_/A                                0.100000    0.120498   -0.020498 (VIOLATED)
_0653_/A                                0.100000    0.120498   -0.020498 (VIOLATED)
_0620_/Y                                0.100000    0.119925   -0.019925 (VIOLATED)
_0623_/A                                0.100000    0.119925   -0.019925 (VIOLATED)
_0624_/A1                               0.100000    0.119925   -0.019925 (VIOLATED)
_1025_/X                                0.100000    0.119891   -0.019891 (VIOLATED)
_1027_/A                                0.100000    0.119891   -0.019891 (VIOLATED)
_1028_/B                                0.100000    0.119891   -0.019891 (VIOLATED)
_1029_/C                                0.100000    0.119891   -0.019891 (VIOLATED)
_1030_/A2                               0.100000    0.119891   -0.019891 (VIOLATED)
_0538_/A                                0.100000    0.118968   -0.018968 (VIOLATED)
_0592_/A1                               0.100000    0.118968   -0.018968 (VIOLATED)
_0593_/A1                               0.100000    0.118968   -0.018968 (VIOLATED)
_0594_/A                                0.100000    0.118968   -0.018968 (VIOLATED)
_0596_/A                                0.100000    0.118968   -0.018968 (VIOLATED)
_0600_/A                                0.100000    0.118968   -0.018968 (VIOLATED)
_1064_/Q                                0.100000    0.118968   -0.018968 (VIOLATED)
_0953_/S                                0.100000    0.117683   -0.017683 (VIOLATED)
_0952_/S                                0.100000    0.117680   -0.017680 (VIOLATED)
_0945_/S                                0.100000    0.117666   -0.017666 (VIOLATED)
_0950_/S                                0.100000    0.117665   -0.017665 (VIOLATED)
_0947_/S                                0.100000    0.117660   -0.017660 (VIOLATED)
_0948_/S                                0.100000    0.117652   -0.017652 (VIOLATED)
_0951_/S                                0.100000    0.117647   -0.017647 (VIOLATED)
_0949_/S                                0.100000    0.117629   -0.017629 (VIOLATED)
_0937_/S                                0.100000    0.117546   -0.017546 (VIOLATED)
_0958_/S                                0.100000    0.117507   -0.017507 (VIOLATED)
_0956_/S                                0.100000    0.117464   -0.017464 (VIOLATED)
_0983_/S                                0.100000    0.117427   -0.017427 (VIOLATED)
_0982_/S                                0.100000    0.117420   -0.017420 (VIOLATED)
_0954_/S                                0.100000    0.117397   -0.017397 (VIOLATED)
_0979_/S                                0.100000    0.117255   -0.017255 (VIOLATED)
_0978_/S                                0.100000    0.117247   -0.017247 (VIOLATED)
_0976_/S                                0.100000    0.117013   -0.017013 (VIOLATED)
_0960_/S                                0.100000    0.117011   -0.017011 (VIOLATED)
_0962_/S                                0.100000    0.117008   -0.017008 (VIOLATED)
_0974_/S                                0.100000    0.116859   -0.016859 (VIOLATED)
_0968_/S                                0.100000    0.116616   -0.016616 (VIOLATED)
_0967_/S                                0.100000    0.116586   -0.016586 (VIOLATED)
_0965_/S                                0.100000    0.116514   -0.016514 (VIOLATED)
_0541_/B                                0.100000    0.116474   -0.016474 (VIOLATED)
_0619_/B                                0.100000    0.116474   -0.016474 (VIOLATED)
_0620_/A2                               0.100000    0.116474   -0.016474 (VIOLATED)
_0622_/B1                               0.100000    0.116474   -0.016474 (VIOLATED)
_0625_/A2                               0.100000    0.116474   -0.016474 (VIOLATED)
_0626_/B                                0.100000    0.116474   -0.016474 (VIOLATED)
_1073_/Q                                0.100000    0.116474   -0.016474 (VIOLATED)
_0621_/C                                0.100000    0.116445   -0.016445 (VIOLATED)
_0641_/C                                0.100000    0.116445   -0.016445 (VIOLATED)
_0613_/X                                0.100000    0.116445   -0.016445 (VIOLATED)
_0614_/B                                0.100000    0.116445   -0.016445 (VIOLATED)
_0627_/B                                0.100000    0.116445   -0.016445 (VIOLATED)
_0653_/B                                0.100000    0.116445   -0.016445 (VIOLATED)
_0889_/S                                0.100000    0.116440   -0.016440 (VIOLATED)
_0887_/S                                0.100000    0.116396   -0.016396 (VIOLATED)
_0890_/S                                0.100000    0.116385   -0.016385 (VIOLATED)
max_cap10/X                             0.100000    0.116380   -0.016380 (VIOLATED)
_0925_/S                                0.100000    0.114985   -0.014985 (VIOLATED)
_0927_/S                                0.100000    0.114978   -0.014978 (VIOLATED)
clone31/A                               0.100000    0.114976   -0.014976 (VIOLATED)
_0906_/S                                0.100000    0.114976   -0.014976 (VIOLATED)
_0928_/S                                0.100000    0.114971   -0.014971 (VIOLATED)
_0915_/S                                0.100000    0.114966   -0.014966 (VIOLATED)
_0907_/S                                0.100000    0.114966   -0.014966 (VIOLATED)
_0912_/S                                0.100000    0.114963   -0.014963 (VIOLATED)
_0913_/S                                0.100000    0.114942   -0.014942 (VIOLATED)
_0908_/S                                0.100000    0.114935   -0.014935 (VIOLATED)
_0914_/S                                0.100000    0.114927   -0.014927 (VIOLATED)
_0917_/S                                0.100000    0.114895   -0.014895 (VIOLATED)
_0916_/S                                0.100000    0.114839   -0.014839 (VIOLATED)
_0918_/S                                0.100000    0.114727   -0.014727 (VIOLATED)
_0919_/S                                0.100000    0.114680   -0.014680 (VIOLATED)
_0920_/S                                0.100000    0.114577   -0.014577 (VIOLATED)
_0903_/S                                0.100000    0.114492   -0.014492 (VIOLATED)
_0899_/S                                0.100000    0.114490   -0.014490 (VIOLATED)
_0902_/S                                0.100000    0.114489   -0.014489 (VIOLATED)
_0897_/S                                0.100000    0.114468   -0.014468 (VIOLATED)
_0896_/S                                0.100000    0.114461   -0.014461 (VIOLATED)
max_cap10/A                             0.100000    0.114455   -0.014455 (VIOLATED)
_0894_/S                                0.100000    0.114436   -0.014436 (VIOLATED)
_0892_/S                                0.100000    0.114396   -0.014396 (VIOLATED)
max_cap11/X                             0.100000    0.114364   -0.014364 (VIOLATED)
_0540_/A                                0.100000    0.113481   -0.013481 (VIOLATED)
_0604_/A                                0.100000    0.113481   -0.013481 (VIOLATED)
_0605_/A1                               0.100000    0.113481   -0.013481 (VIOLATED)
_0607_/B2                               0.100000    0.113481   -0.013481 (VIOLATED)
_0608_/A                                0.100000    0.113481   -0.013481 (VIOLATED)
_0611_/A                                0.100000    0.113481   -0.013481 (VIOLATED)
_1068_/Q                                0.100000    0.113481   -0.013481 (VIOLATED)
_0687_/S                                0.100000    0.113333   -0.013333 (VIOLATED)
_0688_/A1                               0.100000    0.113333   -0.013333 (VIOLATED)
_0689_/B                                0.100000    0.113333   -0.013333 (VIOLATED)
_0691_/A                                0.100000    0.113333   -0.013333 (VIOLATED)
_0692_/B                                0.100000    0.113333   -0.013333 (VIOLATED)
_1096_/Q                                0.100000    0.113333   -0.013333 (VIOLATED)
_0653_/X                                0.100000    0.113222   -0.013222 (VIOLATED)
_0654_/B1_N                             0.100000    0.113222   -0.013222 (VIOLATED)
_0656_/B                                0.100000    0.113222   -0.013222 (VIOLATED)
_0657_/A1                               0.100000    0.113222   -0.013222 (VIOLATED)
_0659_/C                                0.100000    0.113222   -0.013222 (VIOLATED)
_0662_/D                                0.100000    0.113222   -0.013222 (VIOLATED)
_1017_/X                                0.100000    0.112648   -0.012648 (VIOLATED)
_1019_/A                                0.100000    0.112648   -0.012648 (VIOLATED)
_1020_/B                                0.100000    0.112648   -0.012648 (VIOLATED)
_1021_/C                                0.100000    0.112648   -0.012648 (VIOLATED)
_1022_/A2                               0.100000    0.112648   -0.012648 (VIOLATED)
_1021_/X                                0.100000    0.112565   -0.012565 (VIOLATED)
_1023_/A                                0.100000    0.112565   -0.012565 (VIOLATED)
_1024_/B                                0.100000    0.112565   -0.012565 (VIOLATED)
_1025_/C                                0.100000    0.112565   -0.012565 (VIOLATED)
_1026_/A2                               0.100000    0.112565   -0.012565 (VIOLATED)
_0563_/A                                0.100000    0.112467   -0.012467 (VIOLATED)
_1013_/A                                0.100000    0.112467   -0.012467 (VIOLATED)
_1014_/A                                0.100000    0.112467   -0.012467 (VIOLATED)
_1015_/A1                               0.100000    0.112467   -0.012467 (VIOLATED)
_1017_/A                                0.100000    0.112467   -0.012467 (VIOLATED)
_1381_/Q                                0.100000    0.112467   -0.012467 (VIOLATED)
_0535_/A                                0.100000    0.112093   -0.012093 (VIOLATED)
_0630_/S                                0.100000    0.112093   -0.012093 (VIOLATED)
_0631_/A1                               0.100000    0.112093   -0.012093 (VIOLATED)
_0632_/A                                0.100000    0.112093   -0.012093 (VIOLATED)
_0635_/A                                0.100000    0.112093   -0.012093 (VIOLATED)
_1076_/Q                                0.100000    0.112093   -0.012093 (VIOLATED)
_0697_/A1                               0.100000    0.111179   -0.011179 (VIOLATED)
_0698_/A2                               0.100000    0.111179   -0.011179 (VIOLATED)
_0700_/B                                0.100000    0.111179   -0.011179 (VIOLATED)
_0702_/A2                               0.100000    0.111179   -0.011179 (VIOLATED)
_1100_/Q                                0.100000    0.111179   -0.011179 (VIOLATED)
_0551_/A                                0.100000    0.110954   -0.010954 (VIOLATED)
_0686_/A                                0.100000    0.110954   -0.010954 (VIOLATED)
_0548_/Y                                0.100000    0.110953   -0.010953 (VIOLATED)
_0881_/A2                               0.100000    0.110953   -0.010953 (VIOLATED)
_0885_/S                                0.100000    0.110615   -0.010615 (VIOLATED)
_0886_/S                                0.100000    0.110613   -0.010613 (VIOLATED)
_0888_/S                                0.100000    0.110610   -0.010610 (VIOLATED)
_0970_/S                                0.100000    0.110591   -0.010591 (VIOLATED)
_0969_/S                                0.100000    0.110589   -0.010589 (VIOLATED)
_0966_/S                                0.100000    0.110580   -0.010580 (VIOLATED)
_0964_/S                                0.100000    0.110528   -0.010528 (VIOLATED)
_0963_/S                                0.100000    0.110524   -0.010524 (VIOLATED)
_0975_/S                                0.100000    0.110512   -0.010512 (VIOLATED)
_0984_/S                                0.100000    0.110480   -0.010480 (VIOLATED)
_0980_/S                                0.100000    0.110475   -0.010475 (VIOLATED)
_0981_/S                                0.100000    0.110471   -0.010471 (VIOLATED)
_0977_/S                                0.100000    0.110463   -0.010463 (VIOLATED)
_0955_/S                                0.100000    0.110455   -0.010455 (VIOLATED)
_0943_/S                                0.100000    0.110451   -0.010451 (VIOLATED)
_0944_/S                                0.100000    0.110450   -0.010450 (VIOLATED)
_0946_/S                                0.100000    0.110445   -0.010445 (VIOLATED)
_0942_/S                                0.100000    0.110444   -0.010444 (VIOLATED)
_0941_/S                                0.100000    0.110441   -0.010441 (VIOLATED)
_0940_/S                                0.100000    0.110440   -0.010440 (VIOLATED)
_0957_/S                                0.100000    0.110432   -0.010432 (VIOLATED)
_0939_/S                                0.100000    0.110423   -0.010423 (VIOLATED)
_0938_/S                                0.100000    0.110402   -0.010402 (VIOLATED)
_0959_/S                                0.100000    0.110381   -0.010381 (VIOLATED)
_0936_/S                                0.100000    0.110376   -0.010376 (VIOLATED)
_0961_/S                                0.100000    0.110349   -0.010349 (VIOLATED)
clone31/X                               0.100000    0.110343   -0.010343 (VIOLATED)
_0838_/X                                0.100000    0.110035   -0.010035 (VIOLATED)
_0841_/B                                0.100000    0.110035   -0.010035 (VIOLATED)
rebuffer483/A                           0.100000    0.110035   -0.010035 (VIOLATED)
rebuffer484/A                           0.100000    0.110035   -0.010035 (VIOLATED)
_0693_/A2                               0.100000    0.108543   -0.008543 (VIOLATED)
_0697_/A2                               0.100000    0.108542   -0.008542 (VIOLATED)
_0695_/A2                               0.100000    0.108542   -0.008542 (VIOLATED)
_0676_/B                                0.100000    0.108541   -0.008541 (VIOLATED)
_0705_/A2                               0.100000    0.108541   -0.008541 (VIOLATED)
_0677_/B                                0.100000    0.108541   -0.008541 (VIOLATED)
_0684_/B                                0.100000    0.108540   -0.008540 (VIOLATED)
_0682_/A                                0.100000    0.108539   -0.008539 (VIOLATED)
_0707_/B                                0.100000    0.108539   -0.008539 (VIOLATED)
_0703_/A                                0.100000    0.108539   -0.008539 (VIOLATED)
_0685_/C                                0.100000    0.108538   -0.008538 (VIOLATED)
_0881_/B1                               0.100000    0.108538   -0.008538 (VIOLATED)
_0668_/Y                                0.100000    0.108537   -0.008537 (VIOLATED)
_0537_/A2                               0.100000    0.107558   -0.007558 (VIOLATED)
_0574_/S                                0.100000    0.107558   -0.007558 (VIOLATED)
_0575_/A1                               0.100000    0.107558   -0.007558 (VIOLATED)
_0576_/A                                0.100000    0.107558   -0.007558 (VIOLATED)
_0580_/A                                0.100000    0.107558   -0.007558 (VIOLATED)
_1058_/Q                                0.100000    0.107558   -0.007558 (VIOLATED)
_0552_/A                                0.100000    0.105796   -0.005796 (VIOLATED)
_0837_/S                                0.100000    0.105796   -0.005796 (VIOLATED)
_0845_/A2                               0.100000    0.105796   -0.005796 (VIOLATED)
_1232_/Q                                0.100000    0.105796   -0.005796 (VIOLATED)
rebuffer485/A                           0.100000    0.105796   -0.005796 (VIOLATED)
_0614_/X                                0.100000    0.105362   -0.005362 (VIOLATED)
_0615_/B                                0.100000    0.105362   -0.005362 (VIOLATED)
_0616_/A_N                              0.100000    0.105362   -0.005362 (VIOLATED)
_0618_/A0                               0.100000    0.105362   -0.005362 (VIOLATED)
_0619_/C                                0.100000    0.105362   -0.005362 (VIOLATED)
_0620_/A3                               0.100000    0.105362   -0.005362 (VIOLATED)
_1038_/X                                0.100000    0.104973   -0.004973 (VIOLATED)
_1040_/A_N                              0.100000    0.104973   -0.004973 (VIOLATED)
_1041_/B                                0.100000    0.104973   -0.004973 (VIOLATED)
_1042_/B                                0.100000    0.104973   -0.004973 (VIOLATED)
_1045_/D                                0.100000    0.104973   -0.004973 (VIOLATED)
_1046_/A3                               0.100000    0.104973   -0.004973 (VIOLATED)
_0868_/A2                               0.100000    0.104507   -0.004507 (VIOLATED)
_0869_/A2                               0.100000    0.104507   -0.004507 (VIOLATED)
_0871_/B                                0.100000    0.104507   -0.004507 (VIOLATED)
_0873_/A2                               0.100000    0.104507   -0.004507 (VIOLATED)
_1244_/Q                                0.100000    0.104507   -0.004507 (VIOLATED)
_0547_/C                                0.100000    0.100470   -0.000470 (VIOLATED)
_0683_/B1                               0.100000    0.100470   -0.000470 (VIOLATED)
_1094_/Q                                0.100000    0.100470   -0.000470 (VIOLATED)
_0866_/Y                                0.100000    0.100151   -0.000151 (VIOLATED)
_0867_/B1                               0.100000    0.100151   -0.000151 (VIOLATED)



===========================================================================
report_parasitic_annotation -report_unannotated
============================================================================
Found 31 unannotated drivers.
 Systolic4x4_serial_io_16/HI
 clkload0/Y
 clkload1/Y
 clkload10/X
 clkload11/Y
 clkload12/X
 clkload13/Y
 clkload14/X
 clkload15/Y
 clkload16/Y
 clkload17/Y
 clkload18/Y
 clkload19/Y
 clkload2/Y
 clkload20/Y
 clkload21/Y
 clkload22/Y
 clkload23/Y
 clkload24/Y
 clkload25/Y
 clkload26/Y
 clkload27/Y
 clkload28/Y
 clkload29/Y
 clkload3/X
 clkload4/Y
 clkload5/X
 clkload6/Y
 clkload7/Y
 clkload8/Y
 clkload9/X
Found 0 partially unannotated drivers.

===========================================================================
max slew violation count 302
max fanout violation count 0
max cap violation count 0
============================================================================

===========================================================================
check_setup -verbose -unconstrained_endpoints -multiple_clock -no_clock -no_input_delay -loops -generated_clocks
===========================================================================
Warning: There are 6 input ports missing set_input_delay.
  A_in_frame_sync
  A_in_serial_data
  B_in_frame_sync
  B_in_serial_data
  rst_n
  start
Warning: There is 1 unconstrained endpoint.
  C_out_serial_data
