
===========================================================================
Clock Skew (Hold)
============================================================================
======================= min_ff_n40C_1v95 Corner ===================================

Clock A_in_serial_clk
0.243413 source latency _1097_/CLK ^
-0.234947 target latency _1098_/CLK ^
0.000000 CRPR
--------------
0.008466 hold skew

Clock B_in_serial_clk
0.241626 source latency _1236_/CLK ^
-0.246155 target latency _1238_/CLK ^
0.000000 CRPR
--------------
-0.004528 hold skew

Clock clk
0.193515 source latency _1392_/CLK ^
-0.197827 target latency _1396_/CLK ^
-0.100000 clock uncertainty
0.000000 CRPR
--------------
-0.104311 hold skew

