Reading OpenROAD database at '/home/hp/openlane2/project1/runs/RUN_2025-09-14_22-17-56/38-openroad-globalrouting/Systolic4x4_serial_io.odb'…
Reading library file at '/home/hp/.volare/volare/sky130/versions/0fe599b2afb6708d281543108caf8310912f54af/sky130A/libs.ref/sky130_fd_sc_hd/lib/sky130_fd_sc_hd__tt_025C_1v80.lib'…
Reading design constraints file at 'constraints.sdc'…
[INFO] No information on clock propagation in input SDC file-- propagating all clocks.
[INFO] Setting signal min routing layer to: met1 and clock min routing layer to met1. 
[INFO] Setting signal max routing layer to: met5 and clock max routing layer to met5. 
-congestion_iterations 50 -verbose
[INFO GRT-0020] Min routing layer: met1
[INFO GRT-0021] Max routing layer: met5
[INFO GRT-0022] Global adjustment: 30%
[INFO GRT-0023] Grid origin: (0, 0)
[INFO GRT-0043] No OR_DEFAULT vias defined.
[INFO GRT-0088] Layer li1     Track-Pitch = 0.4600  line-2-Via Pitch: 0.3400
[INFO GRT-0088] Layer met1    Track-Pitch = 0.3400  line-2-Via Pitch: 0.3400
[INFO GRT-0088] Layer met2    Track-Pitch = 0.4600  line-2-Via Pitch: 0.3500
[INFO GRT-0088] Layer met3    Track-Pitch = 0.6800  line-2-Via Pitch: 0.6150
[INFO GRT-0088] Layer met4    Track-Pitch = 0.9200  line-2-Via Pitch: 1.0400
[INFO GRT-0088] Layer met5    Track-Pitch = 3.4000  line-2-Via Pitch: 3.1100
[INFO GRT-0019] Found 44 clock nets.
[INFO GRT-0001] Minimum degree: 2
[INFO GRT-0002] Maximum degree: 170
[INFO GRT-0003] Macros: 0
[INFO GRT-0043] No OR_DEFAULT vias defined.
[INFO GRT-0004] Blockages: 4858

[INFO GRT-0053] Routing resources analysis:
          Routing      Original      Derated      Resource
Layer     Direction    Resources     Resources    Reduction (%)
---------------------------------------------------------------
li1        Vertical            0             0          0.00%
met1       Horizontal      15755          7322          53.53%
met2       Vertical        12065          7736          35.88%
met3       Horizontal       7864          5268          33.01%
met4       Vertical         4884          2954          39.52%
met5       Horizontal       1562           702          55.06%
---------------------------------------------------------------

[INFO GRT-0197] Via related to pin nodes: 5737
[INFO GRT-0198] Via related Steiner nodes: 94
[INFO GRT-0199] Via filling finished.
[INFO GRT-0111] Final number of vias: 7048
[INFO GRT-0112] Final usage 3D: 24065

[INFO GRT-0096] Final congestion report:
Layer         Resource        Demand        Usage (%)    Max H / Max V / Total Overflow
---------------------------------------------------------------------------------------
li1                  0             0            0.00%             0 /  0 /  0
met1              7322          1526           20.84%             0 /  0 /  0
met2              7736          1370           17.71%             0 /  0 /  0
met3              5268            25            0.47%             0 /  0 /  0
met4              2954             0            0.00%             0 /  0 /  0
met5               702             0            0.00%             0 /  0 /  0
---------------------------------------------------------------------------------------
Total            23982          2921           12.18%             0 /  0 /  0

[INFO GRT-0018] Total wirelength: 36852 um
[INFO GRT-0014] Routed nets: 1022
[INFO GRT-0006] Repairing antennas, iteration 1.
[INFO GRT-0043] No OR_DEFAULT vias defined.
[INFO GRT-0012] Found 1 antenna violations.
[INFO GRT-0015] Inserted 5 diodes.
[INFO GRT-0009] rerouting 368 nets.
[INFO GRT-0001] Minimum degree: 2
[INFO GRT-0002] Maximum degree: 170
[INFO GRT-0006] Repairing antennas, iteration 2.
[INFO GRT-0043] No OR_DEFAULT vias defined.
[INFO GRT-0012] Found 1 antenna violations.
[INFO GRT-0015] Inserted 4 diodes.
[INFO GRT-0009] rerouting 1 nets.
[INFO GRT-0001] Minimum degree: 150
[INFO GRT-0002] Maximum degree: 150
[INFO GRT-0006] Repairing antennas, iteration 3.
[INFO GRT-0043] No OR_DEFAULT vias defined.
[INFO GRT-0012] Found 0 antenna violations.
Placement Analysis
---------------------------------
total displacement          0.0 u
average displacement        0.0 u
max displacement            0.0 u
original HPWL           17193.3 u
legalized HPWL          17196.0 u
delta HPWL                    0 %

[INFO DPL-0020] Mirrored 393 instances
[INFO DPL-0021] HPWL before           17196.0 u
[INFO DPL-0022] HPWL after            16150.0 u
[INFO DPL-0023] HPWL delta               -6.1 %
-congestion_iterations 50 -verbose
[INFO GRT-0020] Min routing layer: met1
[INFO GRT-0021] Max routing layer: met5
[INFO GRT-0022] Global adjustment: 30%
[INFO GRT-0023] Grid origin: (0, 0)
[INFO GRT-0043] No OR_DEFAULT vias defined.
[INFO GRT-0088] Layer li1     Track-Pitch = 0.4600  line-2-Via Pitch: 0.3400
[INFO GRT-0088] Layer met1    Track-Pitch = 0.3400  line-2-Via Pitch: 0.3400
[INFO GRT-0088] Layer met2    Track-Pitch = 0.4600  line-2-Via Pitch: 0.3500
[INFO GRT-0088] Layer met3    Track-Pitch = 0.6800  line-2-Via Pitch: 0.6150
[INFO GRT-0088] Layer met4    Track-Pitch = 0.9200  line-2-Via Pitch: 1.0400
[INFO GRT-0088] Layer met5    Track-Pitch = 3.4000  line-2-Via Pitch: 3.1100
[INFO GRT-0019] Found 44 clock nets.
[INFO GRT-0001] Minimum degree: 2
[INFO GRT-0002] Maximum degree: 170
[INFO GRT-0003] Macros: 0
[INFO GRT-0043] No OR_DEFAULT vias defined.
[INFO GRT-0004] Blockages: 4858

[INFO GRT-0053] Routing resources analysis:
          Routing      Original      Derated      Resource
Layer     Direction    Resources     Resources    Reduction (%)
---------------------------------------------------------------
li1        Vertical            0             0          0.00%
met1       Horizontal      15755          7323          53.52%
met2       Vertical        12065          7736          35.88%
met3       Horizontal       7864          5268          33.01%
met4       Vertical         4884          2954          39.52%
met5       Horizontal       1562           702          55.06%
---------------------------------------------------------------

[INFO GRT-0197] Via related to pin nodes: 5759
[INFO GRT-0198] Via related Steiner nodes: 91
[INFO GRT-0199] Via filling finished.
[INFO GRT-0111] Final number of vias: 7073
[INFO GRT-0112] Final usage 3D: 24138

[INFO GRT-0096] Final congestion report:
Layer         Resource        Demand        Usage (%)    Max H / Max V / Total Overflow
---------------------------------------------------------------------------------------
li1                  0             0            0.00%             0 /  0 /  0
met1              7323          1522           20.78%             0 /  0 /  0
met2              7736          1372           17.74%             0 /  0 /  0
met3              5268            25            0.47%             0 /  0 /  0
met4              2954             0            0.00%             0 /  0 /  0
met5               702             0            0.00%             0 /  0 /  0
---------------------------------------------------------------------------------------
Total            23983          2919           12.17%             0 /  0 /  0

[INFO GRT-0018] Total wirelength: 36866 um
[INFO GRT-0014] Routed nets: 1022
[INFO] Setting RC values…
Setting global connections for newly added cells…
[INFO] Setting global connections...
Updating metrics…
Cell type report:                       Count       Area
  Fill cell                               132     495.48
  Tap cell                                442     553.03
  Antenna cell                              9      22.52
  Buffer                                    1       5.00
  Clock buffer                             46     689.41
  Timing Repair Buffer                     95    1217.42
  Inverter                                 18      67.56
  Clock inverter                           24     332.82
  Sequential cell                         347    8698.34
  Multi-Input combinational cell          512    5108.65
  Total                                  1626   17190.24
Writing OpenROAD database to '/home/hp/openlane2/project1/runs/RUN_2025-09-14_22-17-56/41-openroad-repairantennas/1-diodeinsertion/Systolic4x4_serial_io.odb'…
Writing layout to '/home/hp/openlane2/project1/runs/RUN_2025-09-14_22-17-56/41-openroad-repairantennas/1-diodeinsertion/Systolic4x4_serial_io.def'…
