Reading OpenROAD database at '/home/hp/openlane2/project2/runs/RUN_2025-09-26_17-01-24/23-openroad-globalplacementskipio/Systolic4x4_serial_io.odb'…
Reading library file at '/home/hp/.volare/volare/sky130/versions/0fe599b2afb6708d281543108caf8310912f54af/sky130A/libs.ref/sky130_fd_sc_hd/lib/sky130_fd_sc_hd__tt_025C_1v80.lib'…
Reading design constraints file at 'constraints.sdc'…
[INFO] No information on clock propagation in input SDC file-- propagating all clocks.
[INFO] place_pins args: -min_distance 3
Found 0 macro blocks.
[INFO PPL-0010] Tentative 0 to set up sections.
[INFO PPL-0001] Number of slots           820
[INFO PPL-0002] Number of I/O             13
[INFO PPL-0003] Number of I/O w/sink      13
[INFO PPL-0004] Number of I/O w/o sink    0
[INFO PPL-0005] Slots per section         200
[INFO PPL-0006] Slots increase factor     0.01
[INFO PPL-0008] Successfully assigned pins to sections.
[INFO PPL-0012] I/O nets HPWL: 5163.84 um.
Setting global connections for newly added cells…
[INFO] Setting global connections...
Updating metrics…
Cell type report:                       Count       Area
  Fill cell                               486    1824.25
  Tap cell                               6247    7816.25
  Buffer                                    1       5.00
  Inverter                                287    1077.28
  Sequential cell                        3496   90096.41
  Multi-Input combinational cell        12814  127689.96
  Total                                 23331  228509.16
Writing OpenROAD database to '/home/hp/openlane2/project2/runs/RUN_2025-09-26_17-01-24/24-openroad-ioplacement/Systolic4x4_serial_io.odb'…
Writing netlist to '/home/hp/openlane2/project2/runs/RUN_2025-09-26_17-01-24/24-openroad-ioplacement/Systolic4x4_serial_io.nl.v'…
Writing powered netlist to '/home/hp/openlane2/project2/runs/RUN_2025-09-26_17-01-24/24-openroad-ioplacement/Systolic4x4_serial_io.pnl.v'…
Writing layout to '/home/hp/openlane2/project2/runs/RUN_2025-09-26_17-01-24/24-openroad-ioplacement/Systolic4x4_serial_io.def'…
Writing timing constraints to '/home/hp/openlane2/project2/runs/RUN_2025-09-26_17-01-24/24-openroad-ioplacement/Systolic4x4_serial_io.sdc'…
