
===========================================================================
Clock Skew (Hold)
============================================================================
======================= min_ss_100C_1v60 Corner ===================================

Clock A_in_serial_clk
0.604071 source latency _1097_/CLK ^
-0.584395 target latency _1098_/CLK ^
0.000000 CRPR
--------------
0.019676 hold skew

Clock B_in_serial_clk
0.601573 source latency _1236_/CLK ^
-0.609908 target latency _1238_/CLK ^
0.000000 CRPR
--------------
-0.008335 hold skew

Clock clk
0.483494 source latency _1392_/CLK ^
-0.490593 target latency _1396_/CLK ^
-0.100000 clock uncertainty
0.000000 CRPR
--------------
-0.107099 hold skew

