
===========================================================================
report_checks -unconstrained
===========================================================================
======================= nom_tt_025C_1v80 Corner ===================================

Startpoint: _1104_ (rising edge-triggered flip-flop clocked by A_in_serial_clk)
Endpoint: _1103_ (rising edge-triggered flip-flop clocked by A_in_serial_clk)
Path Group: A_in_serial_clk
Path Type: max

Fanout         Cap        Slew       Delay        Time   Description
---------------------------------------------------------------------------------------------
                                  0.000000    0.000000   clock A_in_serial_clk (rise edge)
                                  0.000000    0.000000   clock source latency
   146    0.361636    0.000000    0.000000    0.000000 ^ A_in_serial_clk (in)
                                                         A_in_serial_clk (net)
                      0.014874    0.007437    0.007437 ^ _1104_/CLK (sky130_fd_sc_hd__dfrtp_2)
   139    0.548912    2.537938    2.078040    2.085477 ^ _1104_/Q (sky130_fd_sc_hd__dfrtp_2)
                                                         deser_A.receiving (net)
                      2.537947    0.004276    2.089753 ^ _0692_/A (sky130_fd_sc_hd__and4_2)
     6    0.024899    0.185454    0.690226    2.779979 ^ _0692_/X (sky130_fd_sc_hd__and4_2)
                                                         _0516_ (net)
                      0.185454    0.000026    2.780006 ^ _0700_/D (sky130_fd_sc_hd__and4_2)
     3    0.012586    0.095940    0.291732    3.071737 ^ _0700_/X (sky130_fd_sc_hd__and4_2)
                                                         _0521_ (net)
                      0.095940    0.000025    3.071763 ^ _0704_/B (sky130_fd_sc_hd__nand2_2)
     2    0.005082    0.037094    0.062193    3.133955 v _0704_/Y (sky130_fd_sc_hd__nand2_2)
                                                         _0524_ (net)
                      0.037094    0.000008    3.133964 v _0708_/S (sky130_fd_sc_hd__mux2_1)
     1    0.004608    0.066395    0.314948    3.448912 v _0708_/X (sky130_fd_sc_hd__mux2_1)
                                                         _0527_ (net)
                      0.066395    0.000008    3.448920 v _0709_/A (sky130_fd_sc_hd__inv_2)
     1    0.002664    0.026402    0.047303    3.496222 ^ _0709_/Y (sky130_fd_sc_hd__inv_2)
                                                         _0052_ (net)
                      0.026402    0.000008    3.496231 ^ _1103_/D (sky130_fd_sc_hd__dfrtp_2)
                                              3.496231   data arrival time

                                  2.000000    2.000000   clock A_in_serial_clk (rise edge)
                                  0.000000    2.000000   clock source latency
   146    0.361636    0.000000    0.000000    2.000000 ^ A_in_serial_clk (in)
                                                         A_in_serial_clk (net)
                      0.015210    0.007605    2.007605 ^ _1103_/CLK (sky130_fd_sc_hd__dfrtp_2)
                                  0.000000    2.007605   clock reconvergence pessimism
                                 -0.063665    1.943940   library setup time
                                              1.943940   data required time
---------------------------------------------------------------------------------------------
                                              1.943940   data required time
                                             -3.496231   data arrival time
---------------------------------------------------------------------------------------------
                                             -1.552291   slack (VIOLATED)


Startpoint: _1248_ (rising edge-triggered flip-flop clocked by B_in_serial_clk)
Endpoint: _1247_ (rising edge-triggered flip-flop clocked by B_in_serial_clk)
Path Group: B_in_serial_clk
Path Type: max

Fanout         Cap        Slew       Delay        Time   Description
---------------------------------------------------------------------------------------------
                                  0.000000    0.000000   clock B_in_serial_clk (rise edge)
                                  0.000000    0.000000   clock source latency
   146    0.358158    0.000000    0.000000    0.000000 ^ B_in_serial_clk (in)
                                                         B_in_serial_clk (net)
                      0.007947    0.003974    0.003974 ^ _1248_/CLK (sky130_fd_sc_hd__dfrtp_2)
   139    0.549700    2.542650    2.079878    2.083852 ^ _1248_/Q (sky130_fd_sc_hd__dfrtp_2)
                                                         deser_B.receiving (net)
                      2.542650    0.000789    2.084641 ^ _0863_/A (sky130_fd_sc_hd__and4_2)
     6    0.024215    0.182904    0.687791    2.772432 ^ _0863_/X (sky130_fd_sc_hd__and4_2)
                                                         _0363_ (net)
                      0.182904    0.000094    2.772527 ^ _0871_/D (sky130_fd_sc_hd__and4_2)
     3    0.012813    0.096933    0.292160    3.064686 ^ _0871_/X (sky130_fd_sc_hd__and4_2)
                                                         _0368_ (net)
                      0.096933    0.000038    3.064724 ^ _0875_/B (sky130_fd_sc_hd__nand2_2)
     2    0.005170    0.036331    0.062702    3.127425 v _0875_/Y (sky130_fd_sc_hd__nand2_2)
                                                         _0371_ (net)
                      0.036331    0.000010    3.127435 v _0879_/S (sky130_fd_sc_hd__mux2_1)
     1    0.004577    0.066241    0.314481    3.441916 v _0879_/X (sky130_fd_sc_hd__mux2_1)
                                                         _0374_ (net)
                      0.066241    0.000008    3.441924 v _0880_/A (sky130_fd_sc_hd__inv_2)
     1    0.002635    0.026288    0.047136    3.489061 ^ _0880_/Y (sky130_fd_sc_hd__inv_2)
                                                         _0195_ (net)
                      0.026288    0.000008    3.489069 ^ _1247_/D (sky130_fd_sc_hd__dfrtp_2)
                                              3.489069   data arrival time

                                  2.000000    2.000000   clock B_in_serial_clk (rise edge)
                                  0.000000    2.000000   clock source latency
   146    0.358158    0.000000    0.000000    2.000000 ^ B_in_serial_clk (in)
                                                         B_in_serial_clk (net)
                      0.007449    0.003724    2.003724 ^ _1247_/CLK (sky130_fd_sc_hd__dfrtp_2)
                                  0.000000    2.003724   clock reconvergence pessimism
                                 -0.064814    1.938910   library setup time
                                              1.938910   data required time
---------------------------------------------------------------------------------------------
                                              1.938910   data required time
                                             -3.489069   data arrival time
---------------------------------------------------------------------------------------------
                                             -1.550159   slack (VIOLATED)


Startpoint: clk (clock source 'clk')
Endpoint: C_out_serial_clk (output port clocked by clk)
Path Group: clk
Path Type: max

Fanout         Cap        Slew       Delay        Time   Description
---------------------------------------------------------------------------------------------
                                  5.000000    5.000000   clock clk (fall edge)
                                  0.000000    5.000000   clock source latency
    56    0.135801    0.000000    0.000000    5.000000 v clk (in)
                                                         clk (net)
                      0.002758    0.001379    5.001379 v _1917_/A (sky130_fd_sc_hd__buf_2)
     1    0.000685    0.018492    0.087322    5.088701 v _1917_/X (sky130_fd_sc_hd__buf_2)
                                                         C_out_serial_clk (net)
                      0.018492    0.000000    5.088702 v C_out_serial_clk (out)
                                              5.088702   data arrival time

                                 10.000000   10.000000   clock clk (rise edge)
                                  0.000000   10.000000   clock network delay (propagated)
                                 -0.100000    9.900001   clock uncertainty
                                  0.000000    9.900001   clock reconvergence pessimism
                                 -1.500000    8.400000   output external delay
                                              8.400000   data required time
---------------------------------------------------------------------------------------------
                                              8.400000   data required time
                                             -5.088702   data arrival time
---------------------------------------------------------------------------------------------
                                              3.311298   slack (MET)




===========================================================================
report_checks --slack_max -0.01
============================================================================
======================= nom_tt_025C_1v80 Corner ===================================

Startpoint: _1104_ (rising edge-triggered flip-flop clocked by A_in_serial_clk)
Endpoint: _1103_ (rising edge-triggered flip-flop clocked by A_in_serial_clk)
Path Group: A_in_serial_clk
Path Type: max

Fanout         Cap        Slew       Delay        Time   Description
---------------------------------------------------------------------------------------------
                                  0.000000    0.000000   clock A_in_serial_clk (rise edge)
                                  0.000000    0.000000   clock source latency
   146    0.361636    0.000000    0.000000    0.000000 ^ A_in_serial_clk (in)
                                                         A_in_serial_clk (net)
                      0.014874    0.007437    0.007437 ^ _1104_/CLK (sky130_fd_sc_hd__dfrtp_2)
   139    0.548912    2.537938    2.078040    2.085477 ^ _1104_/Q (sky130_fd_sc_hd__dfrtp_2)
                                                         deser_A.receiving (net)
                      2.537947    0.004276    2.089753 ^ _0692_/A (sky130_fd_sc_hd__and4_2)
     6    0.024899    0.185454    0.690226    2.779979 ^ _0692_/X (sky130_fd_sc_hd__and4_2)
                                                         _0516_ (net)
                      0.185454    0.000026    2.780006 ^ _0700_/D (sky130_fd_sc_hd__and4_2)
     3    0.012586    0.095940    0.291732    3.071737 ^ _0700_/X (sky130_fd_sc_hd__and4_2)
                                                         _0521_ (net)
                      0.095940    0.000025    3.071763 ^ _0704_/B (sky130_fd_sc_hd__nand2_2)
     2    0.005082    0.037094    0.062193    3.133955 v _0704_/Y (sky130_fd_sc_hd__nand2_2)
                                                         _0524_ (net)
                      0.037094    0.000008    3.133964 v _0708_/S (sky130_fd_sc_hd__mux2_1)
     1    0.004608    0.066395    0.314948    3.448912 v _0708_/X (sky130_fd_sc_hd__mux2_1)
                                                         _0527_ (net)
                      0.066395    0.000008    3.448920 v _0709_/A (sky130_fd_sc_hd__inv_2)
     1    0.002664    0.026402    0.047303    3.496222 ^ _0709_/Y (sky130_fd_sc_hd__inv_2)
                                                         _0052_ (net)
                      0.026402    0.000008    3.496231 ^ _1103_/D (sky130_fd_sc_hd__dfrtp_2)
                                              3.496231   data arrival time

                                  2.000000    2.000000   clock A_in_serial_clk (rise edge)
                                  0.000000    2.000000   clock source latency
   146    0.361636    0.000000    0.000000    2.000000 ^ A_in_serial_clk (in)
                                                         A_in_serial_clk (net)
                      0.015210    0.007605    2.007605 ^ _1103_/CLK (sky130_fd_sc_hd__dfrtp_2)
                                  0.000000    2.007605   clock reconvergence pessimism
                                 -0.063665    1.943940   library setup time
                                              1.943940   data required time
---------------------------------------------------------------------------------------------
                                              1.943940   data required time
                                             -3.496231   data arrival time
---------------------------------------------------------------------------------------------
                                             -1.552291   slack (VIOLATED)


Startpoint: _1248_ (rising edge-triggered flip-flop clocked by B_in_serial_clk)
Endpoint: _1247_ (rising edge-triggered flip-flop clocked by B_in_serial_clk)
Path Group: B_in_serial_clk
Path Type: max

Fanout         Cap        Slew       Delay        Time   Description
---------------------------------------------------------------------------------------------
                                  0.000000    0.000000   clock B_in_serial_clk (rise edge)
                                  0.000000    0.000000   clock source latency
   146    0.358158    0.000000    0.000000    0.000000 ^ B_in_serial_clk (in)
                                                         B_in_serial_clk (net)
                      0.007947    0.003974    0.003974 ^ _1248_/CLK (sky130_fd_sc_hd__dfrtp_2)
   139    0.549700    2.542650    2.079878    2.083852 ^ _1248_/Q (sky130_fd_sc_hd__dfrtp_2)
                                                         deser_B.receiving (net)
                      2.542650    0.000789    2.084641 ^ _0863_/A (sky130_fd_sc_hd__and4_2)
     6    0.024215    0.182904    0.687791    2.772432 ^ _0863_/X (sky130_fd_sc_hd__and4_2)
                                                         _0363_ (net)
                      0.182904    0.000094    2.772527 ^ _0871_/D (sky130_fd_sc_hd__and4_2)
     3    0.012813    0.096933    0.292160    3.064686 ^ _0871_/X (sky130_fd_sc_hd__and4_2)
                                                         _0368_ (net)
                      0.096933    0.000038    3.064724 ^ _0875_/B (sky130_fd_sc_hd__nand2_2)
     2    0.005170    0.036331    0.062702    3.127425 v _0875_/Y (sky130_fd_sc_hd__nand2_2)
                                                         _0371_ (net)
                      0.036331    0.000010    3.127435 v _0879_/S (sky130_fd_sc_hd__mux2_1)
     1    0.004577    0.066241    0.314481    3.441916 v _0879_/X (sky130_fd_sc_hd__mux2_1)
                                                         _0374_ (net)
                      0.066241    0.000008    3.441924 v _0880_/A (sky130_fd_sc_hd__inv_2)
     1    0.002635    0.026288    0.047136    3.489061 ^ _0880_/Y (sky130_fd_sc_hd__inv_2)
                                                         _0195_ (net)
                      0.026288    0.000008    3.489069 ^ _1247_/D (sky130_fd_sc_hd__dfrtp_2)
                                              3.489069   data arrival time

                                  2.000000    2.000000   clock B_in_serial_clk (rise edge)
                                  0.000000    2.000000   clock source latency
   146    0.358158    0.000000    0.000000    2.000000 ^ B_in_serial_clk (in)
                                                         B_in_serial_clk (net)
                      0.007449    0.003724    2.003724 ^ _1247_/CLK (sky130_fd_sc_hd__dfrtp_2)
                                  0.000000    2.003724   clock reconvergence pessimism
                                 -0.064814    1.938910   library setup time
                                              1.938910   data required time
---------------------------------------------------------------------------------------------
                                              1.938910   data required time
                                             -3.489069   data arrival time
---------------------------------------------------------------------------------------------
                                             -1.550159   slack (VIOLATED)




===========================================================================
 report_check_types -max_slew -max_cap -max_fanout -violators
============================================================================
======================= nom_tt_025C_1v80 Corner ===================================

max slew

Pin                                        Limit        Slew       Slack
------------------------------------------------------------------------
_0936_/S                                0.100000    2.542680   -2.442680 (VIOLATED)
_0937_/S                                0.100000    2.542681   -2.442681 (VIOLATED)
_0938_/S                                0.100000    2.542681   -2.442681 (VIOLATED)
_0939_/S                                0.100000    2.542681   -2.442681 (VIOLATED)
_0940_/S                                0.100000    2.542681   -2.442681 (VIOLATED)
_0941_/S                                0.100000    2.542681   -2.442682 (VIOLATED)
_0942_/S                                0.100000    2.542682   -2.442682 (VIOLATED)
_0943_/S                                0.100000    2.542682   -2.442682 (VIOLATED)
_0944_/S                                0.100000    2.542683   -2.442683 (VIOLATED)
_0945_/S                                0.100000    2.542683   -2.442683 (VIOLATED)
_0946_/S                                0.100000    2.542682   -2.442682 (VIOLATED)
_0947_/S                                0.100000    2.542682   -2.442682 (VIOLATED)
_0948_/S                                0.100000    2.542682   -2.442682 (VIOLATED)
_0949_/S                                0.100000    2.542682   -2.442682 (VIOLATED)
_0950_/S                                0.100000    2.542681   -2.442681 (VIOLATED)
_0951_/S                                0.100000    2.542681   -2.442681 (VIOLATED)
_0952_/S                                0.100000    2.542681   -2.442682 (VIOLATED)
_0953_/S                                0.100000    2.542681   -2.442682 (VIOLATED)
_0954_/S                                0.100000    2.542681   -2.442682 (VIOLATED)
_0955_/S                                0.100000    2.542681   -2.442681 (VIOLATED)
_0956_/S                                0.100000    2.542681   -2.442681 (VIOLATED)
_0957_/S                                0.100000    2.542680   -2.442680 (VIOLATED)
_0958_/S                                0.100000    2.542680   -2.442680 (VIOLATED)
_0959_/S                                0.100000    2.542679   -2.442679 (VIOLATED)
_0960_/S                                0.100000    2.542678   -2.442678 (VIOLATED)
_0961_/S                                0.100000    2.542675   -2.442675 (VIOLATED)
_0962_/S                                0.100000    2.542674   -2.442674 (VIOLATED)
_0963_/S                                0.100000    2.542672   -2.442672 (VIOLATED)
_0964_/S                                0.100000    2.542670   -2.442671 (VIOLATED)
_0979_/S                                0.100000    2.542673   -2.442673 (VIOLATED)
_0981_/S                                0.100000    2.542674   -2.442673 (VIOLATED)
_0982_/S                                0.100000    2.542674   -2.442674 (VIOLATED)
_0983_/S                                0.100000    2.542674   -2.442674 (VIOLATED)
_0984_/S                                0.100000    2.542674   -2.442674 (VIOLATED)
_0965_/S                                0.100000    2.542669   -2.442669 (VIOLATED)
_0966_/S                                0.100000    2.542667   -2.442667 (VIOLATED)
_0969_/S                                0.100000    2.542669   -2.442669 (VIOLATED)
_0974_/S                                0.100000    2.542670   -2.442670 (VIOLATED)
_0975_/S                                0.100000    2.542671   -2.442671 (VIOLATED)
_0976_/S                                0.100000    2.542671   -2.442672 (VIOLATED)
_0977_/S                                0.100000    2.542672   -2.442672 (VIOLATED)
_0978_/S                                0.100000    2.542672   -2.442672 (VIOLATED)
_0980_/S                                0.100000    2.542673   -2.442673 (VIOLATED)
_0885_/S                                0.100000    2.542663   -2.442662 (VIOLATED)
_0886_/S                                0.100000    2.542662   -2.442662 (VIOLATED)
_0911_/S                                0.100000    2.542665   -2.442665 (VIOLATED)
_0887_/S                                0.100000    2.542662   -2.442662 (VIOLATED)
_0925_/S                                0.100000    2.542664   -2.442664 (VIOLATED)
_0926_/S                                0.100000    2.542664   -2.442664 (VIOLATED)
_0927_/S                                0.100000    2.542664   -2.442664 (VIOLATED)
_0928_/S                                0.100000    2.542665   -2.442665 (VIOLATED)
_0929_/S                                0.100000    2.542665   -2.442665 (VIOLATED)
_0930_/S                                0.100000    2.542665   -2.442665 (VIOLATED)
_0931_/S                                0.100000    2.542665   -2.442665 (VIOLATED)
_0932_/S                                0.100000    2.542665   -2.442665 (VIOLATED)
_0933_/S                                0.100000    2.542665   -2.442665 (VIOLATED)
_0934_/S                                0.100000    2.542665   -2.442665 (VIOLATED)
_0935_/S                                0.100000    2.542665   -2.442665 (VIOLATED)
_0967_/S                                0.100000    2.542666   -2.442666 (VIOLATED)
_0968_/S                                0.100000    2.542668   -2.442668 (VIOLATED)
_0970_/S                                0.100000    2.542669   -2.442669 (VIOLATED)
_0888_/S                                0.100000    2.542661   -2.442661 (VIOLATED)
_0902_/S                                0.100000    2.542662   -2.442662 (VIOLATED)
_0903_/S                                0.100000    2.542662   -2.442662 (VIOLATED)
_0904_/S                                0.100000    2.542663   -2.442662 (VIOLATED)
_0905_/S                                0.100000    2.542663   -2.442663 (VIOLATED)
_0906_/S                                0.100000    2.542663   -2.442663 (VIOLATED)
_0907_/S                                0.100000    2.542664   -2.442664 (VIOLATED)
_0908_/S                                0.100000    2.542664   -2.442664 (VIOLATED)
_0909_/S                                0.100000    2.542664   -2.442664 (VIOLATED)
_0910_/S                                0.100000    2.542665   -2.442665 (VIOLATED)
_0889_/S                                0.100000    2.542659   -2.442659 (VIOLATED)
_0912_/S                                0.100000    2.542660   -2.442660 (VIOLATED)
_0913_/S                                0.100000    2.542660   -2.442660 (VIOLATED)
_0914_/S                                0.100000    2.542660   -2.442660 (VIOLATED)
_0923_/S                                0.100000    2.542663   -2.442663 (VIOLATED)
_0924_/S                                0.100000    2.542663   -2.442663 (VIOLATED)
_0890_/S                                0.100000    2.542658   -2.442658 (VIOLATED)
_0915_/S                                0.100000    2.542660   -2.442660 (VIOLATED)
_0916_/S                                0.100000    2.542660   -2.442660 (VIOLATED)
_0917_/S                                0.100000    2.542660   -2.442660 (VIOLATED)
_0918_/S                                0.100000    2.542660   -2.442660 (VIOLATED)
_0919_/S                                0.100000    2.542660   -2.442659 (VIOLATED)
_0920_/S                                0.100000    2.542659   -2.442659 (VIOLATED)
_0921_/S                                0.100000    2.542659   -2.442659 (VIOLATED)
_0922_/S                                0.100000    2.542660   -2.442660 (VIOLATED)
_0985_/S                                0.100000    2.542658   -2.442658 (VIOLATED)
_0986_/S                                0.100000    2.542658   -2.442658 (VIOLATED)
_0987_/S                                0.100000    2.542658   -2.442658 (VIOLATED)
_0988_/S                                0.100000    2.542658   -2.442658 (VIOLATED)
_0989_/S                                0.100000    2.542658   -2.442658 (VIOLATED)
_0837_/A0                               0.100000    2.542653   -2.442653 (VIOLATED)
_0882_/S                                0.100000    2.542655   -2.442655 (VIOLATED)
_0883_/S                                0.100000    2.542654   -2.442654 (VIOLATED)
_0884_/S                                0.100000    2.542655   -2.442655 (VIOLATED)
_0891_/S                                0.100000    2.542654   -2.442654 (VIOLATED)
_0971_/S                                0.100000    2.542655   -2.442655 (VIOLATED)
_0972_/S                                0.100000    2.542655   -2.442656 (VIOLATED)
_0973_/S                                0.100000    2.542655   -2.442656 (VIOLATED)
_0990_/S                                0.100000    2.542657   -2.442657 (VIOLATED)
_0991_/S                                0.100000    2.542656   -2.442656 (VIOLATED)
_0992_/S                                0.100000    2.542657   -2.442657 (VIOLATED)
_0993_/S                                0.100000    2.542657   -2.442657 (VIOLATED)
_0994_/S                                0.100000    2.542657   -2.442657 (VIOLATED)
_0995_/S                                0.100000    2.542657   -2.442657 (VIOLATED)
_0996_/S                                0.100000    2.542656   -2.442656 (VIOLATED)
_0997_/S                                0.100000    2.542656   -2.442656 (VIOLATED)
_0998_/S                                0.100000    2.542656   -2.442656 (VIOLATED)
_0999_/S                                0.100000    2.542656   -2.442656 (VIOLATED)
_1000_/S                                0.100000    2.542657   -2.442657 (VIOLATED)
_1001_/S                                0.100000    2.542657   -2.442657 (VIOLATED)
_1002_/S                                0.100000    2.542657   -2.442657 (VIOLATED)
_1003_/S                                0.100000    2.542657   -2.442657 (VIOLATED)
_1004_/S                                0.100000    2.542656   -2.442656 (VIOLATED)
_1005_/S                                0.100000    2.542656   -2.442656 (VIOLATED)
_1006_/S                                0.100000    2.542655   -2.442655 (VIOLATED)
_1007_/S                                0.100000    2.542655   -2.442655 (VIOLATED)
_1008_/S                                0.100000    2.542655   -2.442655 (VIOLATED)
_1009_/A                                0.100000    2.542655   -2.442655 (VIOLATED)
_0554_/A                                0.100000    2.542650   -2.442650 (VIOLATED)
_0556_/B                                0.100000    2.542650   -2.442650 (VIOLATED)
_0557_/B                                0.100000    2.542650   -2.442650 (VIOLATED)
_0838_/A_N                              0.100000    2.542650   -2.442650 (VIOLATED)
_0839_/A_N                              0.100000    2.542650   -2.442650 (VIOLATED)
_0840_/A                                0.100000    2.542650   -2.442650 (VIOLATED)
_0846_/A                                0.100000    2.542650   -2.442650 (VIOLATED)
_0858_/A0                               0.100000    2.542650   -2.442650 (VIOLATED)
_0860_/A                                0.100000    2.542650   -2.442650 (VIOLATED)
_0863_/A                                0.100000    2.542650   -2.442650 (VIOLATED)
_0892_/S                                0.100000    2.542650   -2.442650 (VIOLATED)
_0893_/S                                0.100000    2.542650   -2.442650 (VIOLATED)
_0894_/S                                0.100000    2.542650   -2.442650 (VIOLATED)
_0895_/S                                0.100000    2.542650   -2.442650 (VIOLATED)
_0896_/S                                0.100000    2.542650   -2.442650 (VIOLATED)
_0897_/S                                0.100000    2.542650   -2.442650 (VIOLATED)
_0898_/S                                0.100000    2.542650   -2.442650 (VIOLATED)
_0899_/S                                0.100000    2.542650   -2.442650 (VIOLATED)
_0900_/S                                0.100000    2.542650   -2.442650 (VIOLATED)
_0901_/S                                0.100000    2.542650   -2.442650 (VIOLATED)
_1248_/Q                                0.100000    2.542650   -2.442650 (VIOLATED)
_0809_/S                                0.100000    2.537989   -2.437989 (VIOLATED)
_0810_/S                                0.100000    2.537989   -2.437989 (VIOLATED)
_0811_/S                                0.100000    2.537990   -2.437990 (VIOLATED)
_0812_/S                                0.100000    2.537990   -2.437990 (VIOLATED)
_0813_/S                                0.100000    2.537990   -2.437990 (VIOLATED)
_0814_/S                                0.100000    2.537989   -2.437989 (VIOLATED)
_0815_/S                                0.100000    2.537989   -2.437989 (VIOLATED)
_0816_/S                                0.100000    2.537989   -2.437989 (VIOLATED)
_0817_/S                                0.100000    2.537989   -2.437989 (VIOLATED)
_0805_/S                                0.100000    2.537986   -2.437986 (VIOLATED)
_0818_/S                                0.100000    2.537988   -2.437988 (VIOLATED)
_0819_/S                                0.100000    2.537988   -2.437988 (VIOLATED)
_0820_/S                                0.100000    2.537987   -2.437987 (VIOLATED)
_0821_/S                                0.100000    2.537986   -2.437986 (VIOLATED)
_0803_/S                                0.100000    2.537984   -2.437984 (VIOLATED)
_0804_/S                                0.100000    2.537985   -2.437985 (VIOLATED)
_0806_/S                                0.100000    2.537987   -2.437987 (VIOLATED)
_0807_/S                                0.100000    2.537988   -2.437988 (VIOLATED)
_0808_/S                                0.100000    2.537988   -2.437988 (VIOLATED)
_0822_/S                                0.100000    2.537986   -2.437985 (VIOLATED)
_0823_/S                                0.100000    2.537985   -2.437984 (VIOLATED)
_0801_/S                                0.100000    2.537981   -2.437981 (VIOLATED)
_0802_/S                                0.100000    2.537983   -2.437983 (VIOLATED)
_0824_/S                                0.100000    2.537983   -2.437983 (VIOLATED)
_0825_/S                                0.100000    2.537982   -2.437982 (VIOLATED)
_0749_/S                                0.100000    2.537976   -2.437976 (VIOLATED)
_0750_/S                                0.100000    2.537976   -2.437976 (VIOLATED)
_0751_/S                                0.100000    2.537977   -2.437977 (VIOLATED)
_0752_/S                                0.100000    2.537977   -2.437977 (VIOLATED)
_0753_/S                                0.100000    2.537978   -2.437978 (VIOLATED)
_0754_/S                                0.100000    2.537978   -2.437978 (VIOLATED)
_0755_/S                                0.100000    2.537978   -2.437978 (VIOLATED)
_0790_/S                                0.100000    2.537978   -2.437978 (VIOLATED)
_0791_/S                                0.100000    2.537978   -2.437978 (VIOLATED)
_0792_/S                                0.100000    2.537978   -2.437978 (VIOLATED)
_0796_/S                                0.100000    2.537979   -2.437979 (VIOLATED)
_0797_/S                                0.100000    2.537979   -2.437979 (VIOLATED)
_0798_/S                                0.100000    2.537979   -2.437979 (VIOLATED)
_0799_/S                                0.100000    2.537979   -2.437979 (VIOLATED)
_0800_/S                                0.100000    2.537980   -2.437980 (VIOLATED)
_0788_/S                                0.100000    2.537975   -2.437974 (VIOLATED)
_0793_/S                                0.100000    2.537977   -2.437977 (VIOLATED)
_0794_/S                                0.100000    2.537978   -2.437978 (VIOLATED)
_0795_/S                                0.100000    2.537978   -2.437978 (VIOLATED)
_0826_/S                                0.100000    2.537981   -2.437981 (VIOLATED)
_0827_/S                                0.100000    2.537980   -2.437980 (VIOLATED)
_0789_/S                                0.100000    2.537974   -2.437974 (VIOLATED)
_0745_/S                                0.100000    2.537970   -2.437970 (VIOLATED)
_0746_/S                                0.100000    2.537971   -2.437971 (VIOLATED)
_0747_/S                                0.100000    2.537972   -2.437972 (VIOLATED)
_0748_/S                                0.100000    2.537974   -2.437974 (VIOLATED)
_0828_/S                                0.100000    2.537976   -2.437976 (VIOLATED)
_0829_/S                                0.100000    2.537973   -2.437973 (VIOLATED)
_0830_/S                                0.100000    2.537974   -2.437974 (VIOLATED)
_0831_/S                                0.100000    2.537974   -2.437974 (VIOLATED)
_0832_/S                                0.100000    2.537974   -2.437974 (VIOLATED)
_0756_/S                                0.100000    2.537971   -2.437971 (VIOLATED)
_0757_/S                                0.100000    2.537971   -2.437971 (VIOLATED)
_0758_/S                                0.100000    2.537971   -2.437971 (VIOLATED)
_0759_/S                                0.100000    2.537971   -2.437971 (VIOLATED)
_0760_/S                                0.100000    2.537970   -2.437970 (VIOLATED)
_0761_/S                                0.100000    2.537970   -2.437970 (VIOLATED)
_0762_/S                                0.100000    2.537969   -2.437969 (VIOLATED)
_0763_/S                                0.100000    2.537970   -2.437970 (VIOLATED)
_0764_/S                                0.100000    2.537970   -2.437970 (VIOLATED)
_0765_/S                                0.100000    2.537969   -2.437969 (VIOLATED)
_0766_/S                                0.100000    2.537969   -2.437969 (VIOLATED)
_0743_/S                                0.100000    2.537966   -2.437966 (VIOLATED)
_0744_/S                                0.100000    2.537968   -2.437968 (VIOLATED)
_0767_/S                                0.100000    2.537967   -2.437967 (VIOLATED)
_0768_/S                                0.100000    2.537967   -2.437967 (VIOLATED)
_0769_/S                                0.100000    2.537967   -2.437967 (VIOLATED)
_0770_/S                                0.100000    2.537967   -2.437967 (VIOLATED)
_0780_/S                                0.100000    2.537969   -2.437969 (VIOLATED)
_0771_/S                                0.100000    2.537966   -2.437966 (VIOLATED)
_0772_/S                                0.100000    2.537966   -2.437966 (VIOLATED)
_0773_/S                                0.100000    2.537966   -2.437966 (VIOLATED)
_0774_/S                                0.100000    2.537966   -2.437966 (VIOLATED)
_0725_/S                                0.100000    2.537963   -2.437963 (VIOLATED)
_0726_/S                                0.100000    2.537963   -2.437963 (VIOLATED)
_0775_/S                                0.100000    2.537966   -2.437965 (VIOLATED)
_0727_/S                                0.100000    2.537963   -2.437963 (VIOLATED)
_0728_/S                                0.100000    2.537963   -2.437963 (VIOLATED)
_0729_/S                                0.100000    2.537963   -2.437963 (VIOLATED)
_0730_/S                                0.100000    2.537963   -2.437963 (VIOLATED)
_0731_/S                                0.100000    2.537965   -2.437965 (VIOLATED)
_0732_/S                                0.100000    2.537963   -2.437963 (VIOLATED)
_0733_/S                                0.100000    2.537963   -2.437963 (VIOLATED)
_0734_/S                                0.100000    2.537964   -2.437964 (VIOLATED)
_0735_/S                                0.100000    2.537964   -2.437964 (VIOLATED)
_0776_/S                                0.100000    2.537965   -2.437965 (VIOLATED)
_0777_/S                                0.100000    2.537966   -2.437966 (VIOLATED)
_0778_/S                                0.100000    2.537966   -2.437966 (VIOLATED)
_0779_/S                                0.100000    2.537966   -2.437967 (VIOLATED)
_0781_/S                                0.100000    2.537968   -2.437968 (VIOLATED)
_0782_/S                                0.100000    2.537967   -2.437967 (VIOLATED)
_0783_/S                                0.100000    2.537967   -2.437967 (VIOLATED)
_0784_/S                                0.100000    2.537967   -2.437967 (VIOLATED)
_0785_/S                                0.100000    2.537967   -2.437968 (VIOLATED)
_0786_/S                                0.100000    2.537964   -2.437964 (VIOLATED)
_0787_/S                                0.100000    2.537964   -2.437964 (VIOLATED)
_0742_/S                                0.100000    2.537961   -2.437961 (VIOLATED)
_0833_/S                                0.100000    2.537963   -2.437963 (VIOLATED)
_0834_/S                                0.100000    2.537963   -2.437963 (VIOLATED)
_0835_/S                                0.100000    2.537963   -2.437963 (VIOLATED)
_0836_/S                                0.100000    2.537963   -2.437963 (VIOLATED)
_0719_/S                                0.100000    2.537958   -2.437958 (VIOLATED)
_0721_/S                                0.100000    2.537960   -2.437960 (VIOLATED)
_0722_/S                                0.100000    2.537960   -2.437960 (VIOLATED)
_0723_/S                                0.100000    2.537960   -2.437960 (VIOLATED)
_0724_/S                                0.100000    2.537960   -2.437960 (VIOLATED)
_0720_/S                                0.100000    2.537957   -2.437957 (VIOLATED)
_0736_/S                                0.100000    2.537959   -2.437959 (VIOLATED)
_0737_/S                                0.100000    2.537959   -2.437959 (VIOLATED)
_0738_/S                                0.100000    2.537959   -2.437958 (VIOLATED)
_0739_/S                                0.100000    2.537958   -2.437958 (VIOLATED)
_0740_/S                                0.100000    2.537958   -2.437958 (VIOLATED)
_0741_/S                                0.100000    2.537958   -2.437958 (VIOLATED)
_0714_/S                                0.100000    2.537953   -2.437953 (VIOLATED)
_0710_/S                                0.100000    2.537950   -2.437950 (VIOLATED)
_0711_/S                                0.100000    2.537950   -2.437950 (VIOLATED)
_0712_/S                                0.100000    2.537950   -2.437950 (VIOLATED)
_0713_/S                                0.100000    2.537952   -2.437952 (VIOLATED)
_0715_/S                                0.100000    2.537953   -2.437953 (VIOLATED)
_0716_/S                                0.100000    2.537953   -2.437953 (VIOLATED)
_0717_/S                                0.100000    2.537953   -2.437953 (VIOLATED)
_0718_/S                                0.100000    2.537953   -2.437953 (VIOLATED)
_1011_/A                                0.100000    2.537950   -2.437950 (VIOLATED)
_0667_/A_N                              0.100000    2.537944   -2.437943 (VIOLATED)
_0687_/A0                               0.100000    2.537945   -2.437945 (VIOLATED)
_0689_/A                                0.100000    2.537945   -2.437945 (VIOLATED)
_0692_/A                                0.100000    2.537947   -2.437947 (VIOLATED)
_0547_/A                                0.100000    2.537938   -2.437938 (VIOLATED)
_0549_/B                                0.100000    2.537938   -2.437938 (VIOLATED)
_0550_/B                                0.100000    2.537938   -2.437938 (VIOLATED)
_0666_/A0                               0.100000    2.537938   -2.437938 (VIOLATED)
_0668_/A_N                              0.100000    2.537938   -2.437938 (VIOLATED)
_0669_/A                                0.100000    2.537938   -2.437938 (VIOLATED)
_0675_/A                                0.100000    2.537938   -2.437938 (VIOLATED)
_1104_/Q                                0.100000    2.537938   -2.437938 (VIOLATED)
_0554_/Y                                0.100000    0.431244   -0.331244 (VIOLATED)
_0555_/B                                0.100000    0.431244   -0.331244 (VIOLATED)
_0855_/A                                0.100000    0.431244   -0.331244 (VIOLATED)
_0856_/B                                0.100000    0.431244   -0.331244 (VIOLATED)
_0547_/Y                                0.100000    0.420510   -0.320510 (VIOLATED)
_0548_/B                                0.100000    0.420510   -0.320510 (VIOLATED)
_0684_/A                                0.100000    0.420510   -0.320510 (VIOLATED)
_0685_/B                                0.100000    0.420510   -0.320510 (VIOLATED)
_0556_/Y                                0.100000    0.360336   -0.260336 (VIOLATED)
_0558_/B                                0.100000    0.360336   -0.260336 (VIOLATED)
_0837_/A1                               0.100000    0.360336   -0.260336 (VIOLATED)
_0858_/A1                               0.100000    0.360336   -0.260336 (VIOLATED)
_1010_/A2                               0.100000    0.360336   -0.260336 (VIOLATED)
_0549_/Y                                0.100000    0.342806   -0.242806 (VIOLATED)
_0551_/B                                0.100000    0.342806   -0.242806 (VIOLATED)
_0666_/A1                               0.100000    0.342806   -0.242806 (VIOLATED)
_0687_/A1                               0.100000    0.342806   -0.242806 (VIOLATED)
_1012_/A2                               0.100000    0.342806   -0.242806 (VIOLATED)
_0633_/A                                0.100000    0.307611   -0.207611 (VIOLATED)
_0634_/B                                0.100000    0.307611   -0.207611 (VIOLATED)
_0642_/B1                               0.100000    0.307610   -0.207610 (VIOLATED)
_0647_/A                                0.100000    0.307611   -0.207611 (VIOLATED)
_0648_/B                                0.100000    0.307611   -0.207611 (VIOLATED)
_0651_/B                                0.100000    0.307611   -0.207611 (VIOLATED)
_0655_/B                                0.100000    0.307610   -0.207610 (VIOLATED)
_0658_/B                                0.100000    0.307611   -0.207611 (VIOLATED)
_0592_/A2                               0.100000    0.307610   -0.207610 (VIOLATED)
_0571_/Y                                0.100000    0.307609   -0.207609 (VIOLATED)
_0591_/A                                0.100000    0.307609   -0.207609 (VIOLATED)
_0603_/A                                0.100000    0.307609   -0.207609 (VIOLATED)
_0604_/B                                0.100000    0.307609   -0.207609 (VIOLATED)
_0607_/A2                               0.100000    0.307609   -0.207609 (VIOLATED)
_0610_/A2                               0.100000    0.307609   -0.207609 (VIOLATED)
_0675_/Y                                0.100000    0.304335   -0.204335 (VIOLATED)
_0676_/C                                0.100000    0.304335   -0.204335 (VIOLATED)
_0678_/S                                0.100000    0.304335   -0.204335 (VIOLATED)
_0846_/Y                                0.100000    0.294861   -0.194861 (VIOLATED)
_0847_/C                                0.100000    0.294861   -0.194861 (VIOLATED)
_0849_/S                                0.100000    0.294861   -0.194861 (VIOLATED)
_0661_/B                                0.100000    0.287600   -0.187600 (VIOLATED)
_0664_/B                                0.100000    0.287600   -0.187600 (VIOLATED)
_0582_/A                                0.100000    0.287600   -0.187600 (VIOLATED)
_0577_/A                                0.100000    0.287600   -0.187600 (VIOLATED)
_0620_/B1                               0.100000    0.287600   -0.187600 (VIOLATED)
_0628_/A                                0.100000    0.287600   -0.187600 (VIOLATED)
_0638_/B                                0.100000    0.287600   -0.187600 (VIOLATED)
_0615_/A                                0.100000    0.287599   -0.187599 (VIOLATED)
_0572_/B                                0.100000    0.287599   -0.187599 (VIOLATED)
_0570_/X                                0.100000    0.287522   -0.187522 (VIOLATED)
_0595_/A                                0.100000    0.287522   -0.187522 (VIOLATED)
_0668_/Y                                0.100000    0.258799   -0.158799 (VIOLATED)
_0676_/A                                0.100000    0.258799   -0.158799 (VIOLATED)
_0677_/B                                0.100000    0.258799   -0.158799 (VIOLATED)
_0682_/A                                0.100000    0.258799   -0.158799 (VIOLATED)
_0684_/B                                0.100000    0.258799   -0.158799 (VIOLATED)
_0685_/C                                0.100000    0.258799   -0.158799 (VIOLATED)
_0693_/A2                               0.100000    0.258799   -0.158799 (VIOLATED)
_0695_/A2                               0.100000    0.258799   -0.158799 (VIOLATED)
_0697_/A2                               0.100000    0.258799   -0.158799 (VIOLATED)
_0703_/A                                0.100000    0.258799   -0.158799 (VIOLATED)
_0705_/A2                               0.100000    0.258799   -0.158799 (VIOLATED)
_0707_/B                                0.100000    0.258799   -0.158799 (VIOLATED)
_0881_/B1                               0.100000    0.258799   -0.158799 (VIOLATED)
_0839_/Y                                0.100000    0.256526   -0.156526 (VIOLATED)
_0847_/A                                0.100000    0.256526   -0.156526 (VIOLATED)
_0848_/B                                0.100000    0.256526   -0.156526 (VIOLATED)
_0855_/B                                0.100000    0.256526   -0.156526 (VIOLATED)
_0856_/C                                0.100000    0.256526   -0.156526 (VIOLATED)
_0864_/A2                               0.100000    0.256526   -0.156526 (VIOLATED)
_0866_/A2                               0.100000    0.256526   -0.156526 (VIOLATED)
_0868_/A2                               0.100000    0.256526   -0.156526 (VIOLATED)
_0874_/A                                0.100000    0.256526   -0.156526 (VIOLATED)
_0876_/A2                               0.100000    0.256526   -0.156526 (VIOLATED)
_0878_/B                                0.100000    0.256526   -0.156526 (VIOLATED)
_1033_/B1                               0.100000    0.256526   -0.156526 (VIOLATED)
_0548_/Y                                0.100000    0.204707   -0.104707 (VIOLATED)
_0551_/A                                0.100000    0.204707   -0.104707 (VIOLATED)
_0686_/A                                0.100000    0.204707   -0.104707 (VIOLATED)
_0881_/A2                               0.100000    0.204707   -0.104707 (VIOLATED)
_0555_/Y                                0.100000    0.198021   -0.098021 (VIOLATED)
_0558_/A                                0.100000    0.198021   -0.098021 (VIOLATED)
_0857_/A                                0.100000    0.198021   -0.098021 (VIOLATED)
_1033_/A2                               0.100000    0.198021   -0.098021 (VIOLATED)
_0692_/X                                0.100000    0.185454   -0.085454 (VIOLATED)
_0694_/A                                0.100000    0.185454   -0.085454 (VIOLATED)
_0695_/B1                               0.100000    0.185454   -0.085454 (VIOLATED)
_0696_/A2                               0.100000    0.185454   -0.085454 (VIOLATED)
_0697_/B1                               0.100000    0.185454   -0.085454 (VIOLATED)
_0698_/A3                               0.100000    0.185454   -0.085454 (VIOLATED)
_0700_/D                                0.100000    0.185454   -0.085454 (VIOLATED)
C_out_frame_sync                        0.100000    0.183956   -0.083956 (VIOLATED)
_0531_/A                                0.100000    0.183956   -0.083956 (VIOLATED)
_1013_/B                                0.100000    0.183956   -0.083956 (VIOLATED)
_1014_/C                                0.100000    0.183956   -0.083956 (VIOLATED)
_1015_/A2                               0.100000    0.183956   -0.083956 (VIOLATED)
_1017_/D                                0.100000    0.183956   -0.083956 (VIOLATED)
_1034_/B                                0.100000    0.183956   -0.083956 (VIOLATED)
_1035_/B                                0.100000    0.183956   -0.083956 (VIOLATED)
_1038_/B                                0.100000    0.183956   -0.083956 (VIOLATED)
_1039_/A2                               0.100000    0.183956   -0.083956 (VIOLATED)
_1392_/Q                                0.100000    0.183956   -0.083956 (VIOLATED)
_0863_/X                                0.100000    0.182904   -0.082905 (VIOLATED)
_0865_/A                                0.100000    0.182904   -0.082905 (VIOLATED)
_0866_/B1                               0.100000    0.182904   -0.082905 (VIOLATED)
_0867_/A2                               0.100000    0.182904   -0.082905 (VIOLATED)
_0868_/B1                               0.100000    0.182904   -0.082905 (VIOLATED)
_0869_/A3                               0.100000    0.182904   -0.082905 (VIOLATED)
_0871_/D                                0.100000    0.182904   -0.082905 (VIOLATED)
_0557_/X                                0.100000    0.177253   -0.077253 (VIOLATED)
_0842_/A2                               0.100000    0.177253   -0.077253 (VIOLATED)
_0845_/A4                               0.100000    0.177253   -0.077253 (VIOLATED)
_0851_/A2                               0.100000    0.177253   -0.077253 (VIOLATED)
_0852_/A3                               0.100000    0.177253   -0.077253 (VIOLATED)
_0854_/A3                               0.100000    0.177253   -0.077253 (VIOLATED)
_0859_/A2                               0.100000    0.177253   -0.077253 (VIOLATED)
_0873_/A3                               0.100000    0.177253   -0.077253 (VIOLATED)
_0589_/X                                0.100000    0.171804   -0.071804 (VIOLATED)
_0590_/A                                0.100000    0.171804   -0.071804 (VIOLATED)
_0592_/B1                               0.100000    0.171804   -0.071804 (VIOLATED)
_0593_/A2                               0.100000    0.171804   -0.071804 (VIOLATED)
_0594_/C                                0.100000    0.171804   -0.071804 (VIOLATED)
_0601_/A                                0.100000    0.171804   -0.071804 (VIOLATED)
_0608_/C                                0.100000    0.171804   -0.071804 (VIOLATED)
_0614_/A                                0.100000    0.171804   -0.071804 (VIOLATED)
_0627_/A                                0.100000    0.171804   -0.071804 (VIOLATED)
_0653_/A                                0.100000    0.171804   -0.071804 (VIOLATED)
_0550_/X                                0.100000    0.171148   -0.071148 (VIOLATED)
_0671_/A2                               0.100000    0.171148   -0.071148 (VIOLATED)
_0674_/A4                               0.100000    0.171148   -0.071148 (VIOLATED)
_0680_/C                                0.100000    0.171148   -0.071148 (VIOLATED)
_0681_/A3                               0.100000    0.171148   -0.071148 (VIOLATED)
_0683_/A3                               0.100000    0.171148   -0.071148 (VIOLATED)
_0688_/A2                               0.100000    0.171148   -0.071148 (VIOLATED)
_0702_/A3                               0.100000    0.171148   -0.071148 (VIOLATED)
_0607_/Y                                0.100000    0.144625   -0.044625 (VIOLATED)
_0609_/A                                0.100000    0.144625   -0.044625 (VIOLATED)
_1017_/X                                0.100000    0.136595   -0.036595 (VIOLATED)
_1019_/A                                0.100000    0.136595   -0.036595 (VIOLATED)
_1020_/B                                0.100000    0.136595   -0.036595 (VIOLATED)
_1021_/C                                0.100000    0.136595   -0.036595 (VIOLATED)
_1022_/A2                               0.100000    0.136595   -0.036595 (VIOLATED)
_0544_/B1                               0.100000    0.136380   -0.036380 (VIOLATED)
_0559_/B                                0.100000    0.136380   -0.036380 (VIOLATED)
_0560_/B                                0.100000    0.136380   -0.036380 (VIOLATED)
_0566_/A0                               0.100000    0.136380   -0.036380 (VIOLATED)
_0567_/A1                               0.100000    0.136380   -0.036380 (VIOLATED)
_0569_/A                                0.100000    0.136380   -0.036380 (VIOLATED)
_0570_/A_N                              0.100000    0.136380   -0.036380 (VIOLATED)
_0571_/A_N                              0.100000    0.136380   -0.036380 (VIOLATED)
_0589_/A                                0.100000    0.136380   -0.036380 (VIOLATED)
_0641_/A                                0.100000    0.136380   -0.036380 (VIOLATED)
_1379_/Q                                0.100000    0.136380   -0.036380 (VIOLATED)
_0860_/X                                0.100000    0.131157   -0.031157 (VIOLATED)
_0861_/C                                0.100000    0.131157   -0.031157 (VIOLATED)
_0864_/B1                               0.100000    0.131157   -0.031157 (VIOLATED)
_0689_/X                                0.100000    0.130584   -0.030584 (VIOLATED)
_0690_/C                                0.100000    0.130584   -0.030584 (VIOLATED)
_0693_/B1                               0.100000    0.130584   -0.030584 (VIOLATED)
_0620_/Y                                0.100000    0.128958   -0.028958 (VIOLATED)
_0623_/A                                0.100000    0.128958   -0.028958 (VIOLATED)
_0624_/A1                               0.100000    0.128958   -0.028958 (VIOLATED)
_1025_/X                                0.100000    0.125028   -0.025028 (VIOLATED)
_1027_/A                                0.100000    0.125028   -0.025028 (VIOLATED)
_1028_/B                                0.100000    0.125028   -0.025028 (VIOLATED)
_1029_/C                                0.100000    0.125028   -0.025028 (VIOLATED)
_1030_/A2                               0.100000    0.125028   -0.025028 (VIOLATED)
_1021_/X                                0.100000    0.122231   -0.022231 (VIOLATED)
_1023_/A                                0.100000    0.122231   -0.022231 (VIOLATED)
_1024_/B                                0.100000    0.122231   -0.022231 (VIOLATED)
_1025_/C                                0.100000    0.122231   -0.022231 (VIOLATED)
_1026_/A2                               0.100000    0.122231   -0.022231 (VIOLATED)
_0868_/Y                                0.100000    0.121827   -0.021827 (VIOLATED)
_0869_/B1                               0.100000    0.121827   -0.021827 (VIOLATED)
_0695_/A1                               0.100000    0.120546   -0.020546 (VIOLATED)
_0696_/A1                               0.100000    0.120546   -0.020546 (VIOLATED)
_0697_/B2                               0.100000    0.120546   -0.020546 (VIOLATED)
_0698_/A1                               0.100000    0.120546   -0.020546 (VIOLATED)
_0700_/A                                0.100000    0.120546   -0.020546 (VIOLATED)
_0702_/A1                               0.100000    0.120546   -0.020546 (VIOLATED)
_1099_/Q                                0.100000    0.120546   -0.020546 (VIOLATED)
_0697_/Y                                0.100000    0.120148   -0.020148 (VIOLATED)
_0698_/B1                               0.100000    0.120148   -0.020148 (VIOLATED)
_1045_/X                                0.100000    0.119543   -0.019543 (VIOLATED)
_1047_/A_N                              0.100000    0.119543   -0.019543 (VIOLATED)
_1048_/B                                0.100000    0.119543   -0.019543 (VIOLATED)
_1049_/C                                0.100000    0.119543   -0.019543 (VIOLATED)
_1050_/A2                               0.100000    0.119543   -0.019543 (VIOLATED)
_0669_/X                                0.100000    0.119446   -0.019446 (VIOLATED)
_0670_/B                                0.100000    0.119446   -0.019446 (VIOLATED)
_0673_/A0                               0.100000    0.119446   -0.019446 (VIOLATED)
_0866_/A1                               0.100000    0.118300   -0.018300 (VIOLATED)
_0867_/A1                               0.100000    0.118300   -0.018300 (VIOLATED)
_0868_/B2                               0.100000    0.118300   -0.018300 (VIOLATED)
_0869_/A1                               0.100000    0.118300   -0.018300 (VIOLATED)
_0871_/A                                0.100000    0.118300   -0.018300 (VIOLATED)
_0873_/A1                               0.100000    0.118300   -0.018300 (VIOLATED)
_1243_/Q                                0.100000    0.118300   -0.018300 (VIOLATED)
_0840_/X                                0.100000    0.118047   -0.018047 (VIOLATED)
_0841_/B                                0.100000    0.118047   -0.018047 (VIOLATED)
_0844_/A0                               0.100000    0.118047   -0.018047 (VIOLATED)
_0641_/X                                0.100000    0.116943   -0.016943 (VIOLATED)
_0642_/A2                               0.100000    0.116943   -0.016943 (VIOLATED)
_0643_/A2                               0.100000    0.116943   -0.016943 (VIOLATED)
_0646_/A                                0.100000    0.116943   -0.016943 (VIOLATED)
_0649_/B                                0.100000    0.116943   -0.016943 (VIOLATED)
_0563_/A                                0.100000    0.114609   -0.014609 (VIOLATED)
_1013_/A                                0.100000    0.114609   -0.014609 (VIOLATED)
_1014_/A                                0.100000    0.114609   -0.014609 (VIOLATED)
_1015_/A1                               0.100000    0.114609   -0.014609 (VIOLATED)
_1017_/A                                0.100000    0.114609   -0.014609 (VIOLATED)
_1381_/Q                                0.100000    0.114609   -0.014609 (VIOLATED)
_0608_/X                                0.100000    0.111140   -0.011140 (VIOLATED)
_0609_/B                                0.100000    0.111140   -0.011140 (VIOLATED)
_0610_/B1                               0.100000    0.111140   -0.011140 (VIOLATED)
_0612_/A2                               0.100000    0.111140   -0.011140 (VIOLATED)
_0559_/Y                                0.100000    0.110251   -0.010251 (VIOLATED)
_0561_/B                                0.100000    0.110251   -0.010251 (VIOLATED)
_0566_/A1                               0.100000    0.110251   -0.010251 (VIOLATED)
_0564_/A1                               0.100000    0.109399   -0.009399 (VIOLATED)
_1024_/A                                0.100000    0.109399   -0.009399 (VIOLATED)
_1025_/A                                0.100000    0.109399   -0.009399 (VIOLATED)
_1026_/A1                               0.100000    0.109399   -0.009399 (VIOLATED)
_1386_/Q                                0.100000    0.109399   -0.009399 (VIOLATED)
_0693_/Y                                0.100000    0.109007   -0.009007 (VIOLATED)
_0694_/B                                0.100000    0.109007   -0.009007 (VIOLATED)
_0592_/Y                                0.100000    0.108270   -0.008270 (VIOLATED)
_0593_/B1                               0.100000    0.108270   -0.008270 (VIOLATED)
_0610_/Y                                0.100000    0.108066   -0.008066 (VIOLATED)
_0612_/B1                               0.100000    0.108066   -0.008066 (VIOLATED)
_0861_/Y                                0.100000    0.107912   -0.007912 (VIOLATED)
_1241_/D                                0.100000    0.107912   -0.007912 (VIOLATED)
_0690_/Y                                0.100000    0.107622   -0.007622 (VIOLATED)
_1097_/D                                0.100000    0.107622   -0.007622 (VIOLATED)
_0864_/Y                                0.100000    0.107369   -0.007369 (VIOLATED)
_0865_/B                                0.100000    0.107369   -0.007369 (VIOLATED)
_0866_/Y                                0.100000    0.107290   -0.007290 (VIOLATED)
_0867_/B1                               0.100000    0.107290   -0.007290 (VIOLATED)
_0695_/Y                                0.100000    0.107120   -0.007120 (VIOLATED)
_0696_/B1                               0.100000    0.107120   -0.007120 (VIOLATED)
_0563_/D                                0.100000    0.106835   -0.006835 (VIOLATED)
_1020_/A                                0.100000    0.106835   -0.006835 (VIOLATED)
_1021_/A                                0.100000    0.106835   -0.006835 (VIOLATED)
_1022_/A1                               0.100000    0.106835   -0.006835 (VIOLATED)
_1384_/Q                                0.100000    0.106835   -0.006835 (VIOLATED)
_0627_/X                                0.100000    0.106670   -0.006670 (VIOLATED)
_0628_/B                                0.100000    0.106670   -0.006670 (VIOLATED)
_0630_/A0                               0.100000    0.106670   -0.006670 (VIOLATED)
_0632_/C                                0.100000    0.106670   -0.006670 (VIOLATED)
_0636_/A                                0.100000    0.106670   -0.006670 (VIOLATED)
_0541_/A                                0.100000    0.106475   -0.006475 (VIOLATED)
_0618_/S                                0.100000    0.106475   -0.006475 (VIOLATED)
_0619_/A                                0.100000    0.106475   -0.006475 (VIOLATED)
_0620_/A1                               0.100000    0.106475   -0.006475 (VIOLATED)
_0622_/A1                               0.100000    0.106475   -0.006475 (VIOLATED)
_0625_/A1                               0.100000    0.106475   -0.006475 (VIOLATED)
_0626_/A                                0.100000    0.106475   -0.006475 (VIOLATED)
_1072_/Q                                0.100000    0.106475   -0.006475 (VIOLATED)
_0642_/Y                                0.100000    0.105127   -0.005127 (VIOLATED)
_0643_/B1                               0.100000    0.105127   -0.005127 (VIOLATED)
_0562_/C                                0.100000    0.104987   -0.004987 (VIOLATED)
_1028_/A                                0.100000    0.104987   -0.004987 (VIOLATED)
_1029_/A                                0.100000    0.104987   -0.004987 (VIOLATED)
_1030_/A1                               0.100000    0.104987   -0.004987 (VIOLATED)
_1388_/Q                                0.100000    0.104987   -0.004987 (VIOLATED)
_1050_/Y                                0.100000    0.104820   -0.004820 (VIOLATED)
_1051_/B                                0.100000    0.104820   -0.004820 (VIOLATED)
_0859_/Y                                0.100000    0.103930   -0.003930 (VIOLATED)
_0861_/B                                0.100000    0.103930   -0.003930 (VIOLATED)
_0688_/Y                                0.100000    0.103804   -0.003804 (VIOLATED)
_0690_/B                                0.100000    0.103804   -0.003804 (VIOLATED)
_0542_/X                                0.100000    0.103539   -0.003539 (VIOLATED)
_0544_/A2                               0.100000    0.103539   -0.003539 (VIOLATED)
_1026_/Y                                0.100000    0.103437   -0.003437 (VIOLATED)
_1027_/B                                0.100000    0.103437   -0.003437 (VIOLATED)
_1022_/Y                                0.100000    0.103184   -0.003184 (VIOLATED)
_1023_/B                                0.100000    0.103184   -0.003184 (VIOLATED)
_0558_/Y                                0.100000    0.102997   -0.002997 (VIOLATED)
_1248_/D                                0.100000    0.102997   -0.002997 (VIOLATED)
_0851_/Y                                0.100000    0.102994   -0.002994 (VIOLATED)
_0853_/A                                0.100000    0.102994   -0.002994 (VIOLATED)
_1030_/Y                                0.100000    0.102805   -0.002805 (VIOLATED)
_1031_/B                                0.100000    0.102805   -0.002805 (VIOLATED)
_0687_/X                                0.100000    0.102690   -0.002690 (VIOLATED)
_1096_/D                                0.100000    0.102690   -0.002690 (VIOLATED)
_1015_/Y                                0.100000    0.102401   -0.002401 (VIOLATED)
_1016_/B                                0.100000    0.102401   -0.002401 (VIOLATED)
_0837_/X                                0.100000    0.102340   -0.002340 (VIOLATED)
_1232_/D                                0.100000    0.102340   -0.002340 (VIOLATED)
_0838_/X                                0.100000    0.102252   -0.002252 (VIOLATED)
_0841_/A                                0.100000    0.102252   -0.002252 (VIOLATED)
_0852_/B1                               0.100000    0.102252   -0.002252 (VIOLATED)
_0861_/A                                0.100000    0.102252   -0.002252 (VIOLATED)
_1010_/B1                               0.100000    0.102252   -0.002252 (VIOLATED)
_0653_/X                                0.100000    0.101650   -0.001650 (VIOLATED)
_0654_/B1_N                             0.100000    0.101650   -0.001650 (VIOLATED)
_0656_/B                                0.100000    0.101650   -0.001650 (VIOLATED)
_0657_/A1                               0.100000    0.101650   -0.001650 (VIOLATED)
_0659_/C                                0.100000    0.101650   -0.001650 (VIOLATED)
_0662_/D                                0.100000    0.101650   -0.001650 (VIOLATED)
_0858_/X                                0.100000    0.101382   -0.001382 (VIOLATED)
_1240_/D                                0.100000    0.101382   -0.001382 (VIOLATED)
_1055_/Y                                0.100000    0.100982   -0.000982 (VIOLATED)
_1402_/D                                0.100000    0.100982   -0.000982 (VIOLATED)
_0666_/X                                0.100000    0.100800   -0.000800 (VIOLATED)
_1088_/D                                0.100000    0.100800   -0.000800 (VIOLATED)
_1038_/X                                0.100000    0.100578   -0.000578 (VIOLATED)
_1040_/A_N                              0.100000    0.100578   -0.000578 (VIOLATED)
_1041_/B                                0.100000    0.100578   -0.000578 (VIOLATED)
_1042_/B                                0.100000    0.100578   -0.000578 (VIOLATED)
_1045_/D                                0.100000    0.100578   -0.000578 (VIOLATED)
_1046_/A3                               0.100000    0.100578   -0.000578 (VIOLATED)

max fanout

Pin                                   Limit Fanout  Slack
---------------------------------------------------------
clk                                      10     56    -46 (VIOLATED)

max capacitance

Pin                                        Limit         Cap       Slack
------------------------------------------------------------------------
_1248_/Q                                0.322276    0.549700   -0.227424 (VIOLATED)
_1104_/Q                                0.322276    0.548912   -0.226636 (VIOLATED)



===========================================================================
report_parasitic_annotation -report_unannotated
============================================================================
Found 1027 unannotated drivers.
 _1403_/HI
 _1404_/HI
 _1404_/LO
 _1405_/HI
 _1405_/LO
 _1406_/HI
 _1406_/LO
 _1407_/HI
 _1407_/LO
 _1408_/HI
 _1408_/LO
 _1409_/HI
 _1409_/LO
 _1410_/HI
 _1410_/LO
 _1411_/HI
 _1411_/LO
 _1412_/HI
 _1412_/LO
 _1413_/HI
 _1413_/LO
 _1414_/HI
 _1414_/LO
 _1415_/HI
 _1415_/LO
 _1416_/HI
 _1416_/LO
 _1417_/HI
 _1417_/LO
 _1418_/HI
 _1418_/LO
 _1419_/HI
 _1419_/LO
 _1420_/HI
 _1420_/LO
 _1421_/HI
 _1421_/LO
 _1422_/HI
 _1422_/LO
 _1423_/HI
 _1423_/LO
 _1424_/HI
 _1424_/LO
 _1425_/HI
 _1425_/LO
 _1426_/HI
 _1426_/LO
 _1427_/HI
 _1427_/LO
 _1428_/HI
 _1428_/LO
 _1429_/HI
 _1429_/LO
 _1430_/HI
 _1430_/LO
 _1431_/HI
 _1431_/LO
 _1432_/HI
 _1432_/LO
 _1433_/HI
 _1433_/LO
 _1434_/HI
 _1434_/LO
 _1435_/HI
 _1435_/LO
 _1436_/HI
 _1436_/LO
 _1437_/HI
 _1437_/LO
 _1438_/HI
 _1438_/LO
 _1439_/HI
 _1439_/LO
 _1440_/HI
 _1440_/LO
 _1441_/HI
 _1441_/LO
 _1442_/HI
 _1442_/LO
 _1443_/HI
 _1443_/LO
 _1444_/HI
 _1444_/LO
 _1445_/HI
 _1445_/LO
 _1446_/HI
 _1446_/LO
 _1447_/HI
 _1447_/LO
 _1448_/HI
 _1448_/LO
 _1449_/HI
 _1449_/LO
 _1450_/HI
 _1450_/LO
 _1451_/HI
 _1451_/LO
 _1452_/HI
 _1452_/LO
 _1453_/HI
 _1453_/LO
 _1454_/HI
 _1454_/LO
 _1455_/HI
 _1455_/LO
 _1456_/HI
 _1456_/LO
 _1457_/HI
 _1457_/LO
 _1458_/HI
 _1458_/LO
 _1459_/HI
 _1459_/LO
 _1460_/HI
 _1460_/LO
 _1461_/HI
 _1461_/LO
 _1462_/HI
 _1462_/LO
 _1463_/HI
 _1463_/LO
 _1464_/HI
 _1464_/LO
 _1465_/HI
 _1465_/LO
 _1466_/HI
 _1466_/LO
 _1467_/HI
 _1467_/LO
 _1468_/HI
 _1468_/LO
 _1469_/HI
 _1469_/LO
 _1470_/HI
 _1470_/LO
 _1471_/HI
 _1471_/LO
 _1472_/HI
 _1472_/LO
 _1473_/HI
 _1473_/LO
 _1474_/HI
 _1474_/LO
 _1475_/HI
 _1475_/LO
 _1476_/HI
 _1476_/LO
 _1477_/HI
 _1477_/LO
 _1478_/HI
 _1478_/LO
 _1479_/HI
 _1479_/LO
 _1480_/HI
 _1480_/LO
 _1481_/HI
 _1481_/LO
 _1482_/HI
 _1482_/LO
 _1483_/HI
 _1483_/LO
 _1484_/HI
 _1484_/LO
 _1485_/HI
 _1485_/LO
 _1486_/HI
 _1486_/LO
 _1487_/HI
 _1487_/LO
 _1488_/HI
 _1488_/LO
 _1489_/HI
 _1489_/LO
 _1490_/HI
 _1490_/LO
 _1491_/HI
 _1491_/LO
 _1492_/HI
 _1492_/LO
 _1493_/HI
 _1493_/LO
 _1494_/HI
 _1494_/LO
 _1495_/HI
 _1495_/LO
 _1496_/HI
 _1496_/LO
 _1497_/HI
 _1497_/LO
 _1498_/HI
 _1498_/LO
 _1499_/HI
 _1499_/LO
 _1500_/HI
 _1500_/LO
 _1501_/HI
 _1501_/LO
 _1502_/HI
 _1502_/LO
 _1503_/HI
 _1503_/LO
 _1504_/HI
 _1504_/LO
 _1505_/HI
 _1505_/LO
 _1506_/HI
 _1506_/LO
 _1507_/HI
 _1507_/LO
 _1508_/HI
 _1508_/LO
 _1509_/HI
 _1509_/LO
 _1510_/HI
 _1510_/LO
 _1511_/HI
 _1511_/LO
 _1512_/HI
 _1512_/LO
 _1513_/HI
 _1513_/LO
 _1514_/HI
 _1514_/LO
 _1515_/HI
 _1515_/LO
 _1516_/HI
 _1516_/LO
 _1517_/HI
 _1517_/LO
 _1518_/HI
 _1518_/LO
 _1519_/HI
 _1519_/LO
 _1520_/HI
 _1520_/LO
 _1521_/HI
 _1521_/LO
 _1522_/HI
 _1522_/LO
 _1523_/HI
 _1523_/LO
 _1524_/HI
 _1524_/LO
 _1525_/HI
 _1525_/LO
 _1526_/HI
 _1526_/LO
 _1527_/HI
 _1527_/LO
 _1528_/HI
 _1528_/LO
 _1529_/HI
 _1529_/LO
 _1530_/HI
 _1530_/LO
 _1531_/HI
 _1531_/LO
 _1532_/HI
 _1532_/LO
 _1533_/HI
 _1533_/LO
 _1534_/HI
 _1534_/LO
 _1535_/HI
 _1535_/LO
 _1536_/HI
 _1536_/LO
 _1537_/HI
 _1537_/LO
 _1538_/HI
 _1538_/LO
 _1539_/HI
 _1539_/LO
 _1540_/HI
 _1540_/LO
 _1541_/HI
 _1541_/LO
 _1542_/HI
 _1542_/LO
 _1543_/HI
 _1543_/LO
 _1544_/HI
 _1544_/LO
 _1545_/HI
 _1545_/LO
 _1546_/HI
 _1546_/LO
 _1547_/HI
 _1547_/LO
 _1548_/HI
 _1548_/LO
 _1549_/HI
 _1549_/LO
 _1550_/HI
 _1550_/LO
 _1551_/HI
 _1551_/LO
 _1552_/HI
 _1552_/LO
 _1553_/HI
 _1553_/LO
 _1554_/HI
 _1554_/LO
 _1555_/HI
 _1555_/LO
 _1556_/HI
 _1556_/LO
 _1557_/HI
 _1557_/LO
 _1558_/HI
 _1558_/LO
 _1559_/HI
 _1559_/LO
 _1560_/HI
 _1560_/LO
 _1561_/HI
 _1561_/LO
 _1562_/HI
 _1562_/LO
 _1563_/HI
 _1563_/LO
 _1564_/HI
 _1564_/LO
 _1565_/HI
 _1565_/LO
 _1566_/HI
 _1566_/LO
 _1567_/HI
 _1567_/LO
 _1568_/HI
 _1568_/LO
 _1569_/HI
 _1569_/LO
 _1570_/HI
 _1570_/LO
 _1571_/HI
 _1571_/LO
 _1572_/HI
 _1572_/LO
 _1573_/HI
 _1573_/LO
 _1574_/HI
 _1574_/LO
 _1575_/HI
 _1575_/LO
 _1576_/HI
 _1576_/LO
 _1577_/HI
 _1577_/LO
 _1578_/HI
 _1578_/LO
 _1579_/HI
 _1579_/LO
 _1580_/HI
 _1580_/LO
 _1581_/HI
 _1581_/LO
 _1582_/HI
 _1582_/LO
 _1583_/HI
 _1583_/LO
 _1584_/HI
 _1584_/LO
 _1585_/HI
 _1585_/LO
 _1586_/HI
 _1586_/LO
 _1587_/HI
 _1587_/LO
 _1588_/HI
 _1588_/LO
 _1589_/HI
 _1589_/LO
 _1590_/HI
 _1590_/LO
 _1591_/HI
 _1591_/LO
 _1592_/HI
 _1592_/LO
 _1593_/HI
 _1593_/LO
 _1594_/HI
 _1594_/LO
 _1595_/HI
 _1595_/LO
 _1596_/HI
 _1596_/LO
 _1597_/HI
 _1597_/LO
 _1598_/HI
 _1598_/LO
 _1599_/HI
 _1599_/LO
 _1600_/HI
 _1600_/LO
 _1601_/HI
 _1601_/LO
 _1602_/HI
 _1602_/LO
 _1603_/HI
 _1603_/LO
 _1604_/HI
 _1604_/LO
 _1605_/HI
 _1605_/LO
 _1606_/HI
 _1606_/LO
 _1607_/HI
 _1607_/LO
 _1608_/HI
 _1608_/LO
 _1609_/HI
 _1609_/LO
 _1610_/HI
 _1610_/LO
 _1611_/HI
 _1611_/LO
 _1612_/HI
 _1612_/LO
 _1613_/HI
 _1613_/LO
 _1614_/HI
 _1614_/LO
 _1615_/HI
 _1615_/LO
 _1616_/HI
 _1616_/LO
 _1617_/HI
 _1617_/LO
 _1618_/HI
 _1618_/LO
 _1619_/HI
 _1619_/LO
 _1620_/HI
 _1620_/LO
 _1621_/HI
 _1621_/LO
 _1622_/HI
 _1622_/LO
 _1623_/HI
 _1623_/LO
 _1624_/HI
 _1624_/LO
 _1625_/HI
 _1625_/LO
 _1626_/HI
 _1626_/LO
 _1627_/HI
 _1627_/LO
 _1628_/HI
 _1628_/LO
 _1629_/HI
 _1629_/LO
 _1630_/HI
 _1630_/LO
 _1631_/HI
 _1631_/LO
 _1632_/HI
 _1632_/LO
 _1633_/HI
 _1633_/LO
 _1634_/HI
 _1634_/LO
 _1635_/HI
 _1635_/LO
 _1636_/HI
 _1636_/LO
 _1637_/HI
 _1637_/LO
 _1638_/HI
 _1638_/LO
 _1639_/HI
 _1639_/LO
 _1640_/HI
 _1640_/LO
 _1641_/HI
 _1641_/LO
 _1642_/HI
 _1642_/LO
 _1643_/HI
 _1643_/LO
 _1644_/HI
 _1644_/LO
 _1645_/HI
 _1645_/LO
 _1646_/HI
 _1646_/LO
 _1647_/HI
 _1647_/LO
 _1648_/HI
 _1648_/LO
 _1649_/HI
 _1649_/LO
 _1650_/HI
 _1650_/LO
 _1651_/HI
 _1651_/LO
 _1652_/HI
 _1652_/LO
 _1653_/HI
 _1653_/LO
 _1654_/HI
 _1654_/LO
 _1655_/HI
 _1655_/LO
 _1656_/HI
 _1656_/LO
 _1657_/HI
 _1657_/LO
 _1658_/HI
 _1658_/LO
 _1659_/HI
 _1659_/LO
 _1660_/HI
 _1660_/LO
 _1661_/HI
 _1661_/LO
 _1662_/HI
 _1662_/LO
 _1663_/HI
 _1663_/LO
 _1664_/HI
 _1664_/LO
 _1665_/HI
 _1665_/LO
 _1666_/HI
 _1666_/LO
 _1667_/HI
 _1667_/LO
 _1668_/HI
 _1668_/LO
 _1669_/HI
 _1669_/LO
 _1670_/HI
 _1670_/LO
 _1671_/HI
 _1671_/LO
 _1672_/HI
 _1672_/LO
 _1673_/HI
 _1673_/LO
 _1674_/HI
 _1674_/LO
 _1675_/HI
 _1675_/LO
 _1676_/HI
 _1676_/LO
 _1677_/HI
 _1677_/LO
 _1678_/HI
 _1678_/LO
 _1679_/HI
 _1679_/LO
 _1680_/HI
 _1680_/LO
 _1681_/HI
 _1681_/LO
 _1682_/HI
 _1682_/LO
 _1683_/HI
 _1683_/LO
 _1684_/HI
 _1684_/LO
 _1685_/HI
 _1685_/LO
 _1686_/HI
 _1686_/LO
 _1687_/HI
 _1687_/LO
 _1688_/HI
 _1688_/LO
 _1689_/HI
 _1689_/LO
 _1690_/HI
 _1690_/LO
 _1691_/HI
 _1691_/LO
 _1692_/HI
 _1692_/LO
 _1693_/HI
 _1693_/LO
 _1694_/HI
 _1694_/LO
 _1695_/HI
 _1695_/LO
 _1696_/HI
 _1696_/LO
 _1697_/HI
 _1697_/LO
 _1698_/HI
 _1698_/LO
 _1699_/HI
 _1699_/LO
 _1700_/HI
 _1700_/LO
 _1701_/HI
 _1701_/LO
 _1702_/HI
 _1702_/LO
 _1703_/HI
 _1703_/LO
 _1704_/HI
 _1704_/LO
 _1705_/HI
 _1705_/LO
 _1706_/HI
 _1706_/LO
 _1707_/HI
 _1707_/LO
 _1708_/HI
 _1708_/LO
 _1709_/HI
 _1709_/LO
 _1710_/HI
 _1710_/LO
 _1711_/HI
 _1711_/LO
 _1712_/HI
 _1712_/LO
 _1713_/HI
 _1713_/LO
 _1714_/HI
 _1714_/LO
 _1715_/HI
 _1715_/LO
 _1716_/HI
 _1716_/LO
 _1717_/HI
 _1717_/LO
 _1718_/HI
 _1718_/LO
 _1719_/HI
 _1719_/LO
 _1720_/HI
 _1720_/LO
 _1721_/HI
 _1721_/LO
 _1722_/HI
 _1722_/LO
 _1723_/HI
 _1723_/LO
 _1724_/HI
 _1724_/LO
 _1725_/HI
 _1725_/LO
 _1726_/HI
 _1726_/LO
 _1727_/HI
 _1727_/LO
 _1728_/HI
 _1728_/LO
 _1729_/HI
 _1729_/LO
 _1730_/HI
 _1730_/LO
 _1731_/HI
 _1731_/LO
 _1732_/HI
 _1732_/LO
 _1733_/HI
 _1733_/LO
 _1734_/HI
 _1734_/LO
 _1735_/HI
 _1735_/LO
 _1736_/HI
 _1736_/LO
 _1737_/HI
 _1737_/LO
 _1738_/HI
 _1738_/LO
 _1739_/HI
 _1739_/LO
 _1740_/HI
 _1740_/LO
 _1741_/HI
 _1741_/LO
 _1742_/HI
 _1742_/LO
 _1743_/HI
 _1743_/LO
 _1744_/HI
 _1744_/LO
 _1745_/HI
 _1745_/LO
 _1746_/HI
 _1746_/LO
 _1747_/HI
 _1747_/LO
 _1748_/HI
 _1748_/LO
 _1749_/HI
 _1749_/LO
 _1750_/HI
 _1750_/LO
 _1751_/HI
 _1751_/LO
 _1752_/HI
 _1752_/LO
 _1753_/HI
 _1753_/LO
 _1754_/HI
 _1754_/LO
 _1755_/HI
 _1755_/LO
 _1756_/HI
 _1756_/LO
 _1757_/HI
 _1757_/LO
 _1758_/HI
 _1758_/LO
 _1759_/HI
 _1759_/LO
 _1760_/HI
 _1760_/LO
 _1761_/HI
 _1761_/LO
 _1762_/HI
 _1762_/LO
 _1763_/HI
 _1763_/LO
 _1764_/HI
 _1764_/LO
 _1765_/HI
 _1765_/LO
 _1766_/HI
 _1766_/LO
 _1767_/HI
 _1767_/LO
 _1768_/HI
 _1768_/LO
 _1769_/HI
 _1769_/LO
 _1770_/HI
 _1770_/LO
 _1771_/HI
 _1771_/LO
 _1772_/HI
 _1772_/LO
 _1773_/HI
 _1773_/LO
 _1774_/HI
 _1774_/LO
 _1775_/HI
 _1775_/LO
 _1776_/HI
 _1776_/LO
 _1777_/HI
 _1777_/LO
 _1778_/HI
 _1778_/LO
 _1779_/HI
 _1779_/LO
 _1780_/HI
 _1780_/LO
 _1781_/HI
 _1781_/LO
 _1782_/HI
 _1782_/LO
 _1783_/HI
 _1783_/LO
 _1784_/HI
 _1784_/LO
 _1785_/HI
 _1785_/LO
 _1786_/HI
 _1786_/LO
 _1787_/HI
 _1787_/LO
 _1788_/HI
 _1788_/LO
 _1789_/HI
 _1789_/LO
 _1790_/HI
 _1790_/LO
 _1791_/HI
 _1791_/LO
 _1792_/HI
 _1792_/LO
 _1793_/HI
 _1793_/LO
 _1794_/HI
 _1794_/LO
 _1795_/HI
 _1795_/LO
 _1796_/HI
 _1796_/LO
 _1797_/HI
 _1797_/LO
 _1798_/HI
 _1798_/LO
 _1799_/HI
 _1799_/LO
 _1800_/HI
 _1800_/LO
 _1801_/HI
 _1801_/LO
 _1802_/HI
 _1802_/LO
 _1803_/HI
 _1803_/LO
 _1804_/HI
 _1804_/LO
 _1805_/HI
 _1805_/LO
 _1806_/HI
 _1806_/LO
 _1807_/HI
 _1807_/LO
 _1808_/HI
 _1808_/LO
 _1809_/HI
 _1809_/LO
 _1810_/HI
 _1810_/LO
 _1811_/HI
 _1811_/LO
 _1812_/HI
 _1812_/LO
 _1813_/HI
 _1813_/LO
 _1814_/HI
 _1814_/LO
 _1815_/HI
 _1815_/LO
 _1816_/HI
 _1816_/LO
 _1817_/HI
 _1817_/LO
 _1818_/HI
 _1818_/LO
 _1819_/HI
 _1819_/LO
 _1820_/HI
 _1820_/LO
 _1821_/HI
 _1821_/LO
 _1822_/HI
 _1822_/LO
 _1823_/HI
 _1823_/LO
 _1824_/HI
 _1824_/LO
 _1825_/HI
 _1825_/LO
 _1826_/HI
 _1826_/LO
 _1827_/HI
 _1827_/LO
 _1828_/HI
 _1828_/LO
 _1829_/HI
 _1829_/LO
 _1830_/HI
 _1830_/LO
 _1831_/HI
 _1831_/LO
 _1832_/HI
 _1832_/LO
 _1833_/HI
 _1833_/LO
 _1834_/HI
 _1834_/LO
 _1835_/HI
 _1835_/LO
 _1836_/HI
 _1836_/LO
 _1837_/HI
 _1837_/LO
 _1838_/HI
 _1838_/LO
 _1839_/HI
 _1839_/LO
 _1840_/HI
 _1840_/LO
 _1841_/HI
 _1841_/LO
 _1842_/HI
 _1842_/LO
 _1843_/HI
 _1843_/LO
 _1844_/HI
 _1844_/LO
 _1845_/HI
 _1845_/LO
 _1846_/HI
 _1846_/LO
 _1847_/HI
 _1847_/LO
 _1848_/HI
 _1848_/LO
 _1849_/HI
 _1849_/LO
 _1850_/HI
 _1850_/LO
 _1851_/HI
 _1851_/LO
 _1852_/HI
 _1852_/LO
 _1853_/HI
 _1853_/LO
 _1854_/HI
 _1854_/LO
 _1855_/HI
 _1855_/LO
 _1856_/HI
 _1856_/LO
 _1857_/HI
 _1857_/LO
 _1858_/HI
 _1858_/LO
 _1859_/HI
 _1859_/LO
 _1860_/HI
 _1860_/LO
 _1861_/HI
 _1861_/LO
 _1862_/HI
 _1862_/LO
 _1863_/HI
 _1863_/LO
 _1864_/HI
 _1864_/LO
 _1865_/HI
 _1865_/LO
 _1866_/HI
 _1866_/LO
 _1867_/HI
 _1867_/LO
 _1868_/HI
 _1868_/LO
 _1869_/HI
 _1869_/LO
 _1870_/HI
 _1870_/LO
 _1871_/HI
 _1871_/LO
 _1872_/HI
 _1872_/LO
 _1873_/HI
 _1873_/LO
 _1874_/HI
 _1874_/LO
 _1875_/HI
 _1875_/LO
 _1876_/HI
 _1876_/LO
 _1877_/HI
 _1877_/LO
 _1878_/HI
 _1878_/LO
 _1879_/HI
 _1879_/LO
 _1880_/HI
 _1880_/LO
 _1881_/HI
 _1881_/LO
 _1882_/HI
 _1882_/LO
 _1883_/HI
 _1883_/LO
 _1884_/HI
 _1884_/LO
 _1885_/HI
 _1885_/LO
 _1886_/HI
 _1886_/LO
 _1887_/HI
 _1887_/LO
 _1888_/HI
 _1888_/LO
 _1889_/HI
 _1889_/LO
 _1890_/HI
 _1890_/LO
 _1891_/HI
 _1891_/LO
 _1892_/HI
 _1892_/LO
 _1893_/HI
 _1893_/LO
 _1894_/HI
 _1894_/LO
 _1895_/HI
 _1895_/LO
 _1896_/HI
 _1896_/LO
 _1897_/HI
 _1897_/LO
 _1898_/HI
 _1898_/LO
 _1899_/HI
 _1899_/LO
 _1900_/HI
 _1900_/LO
 _1901_/HI
 _1901_/LO
 _1902_/HI
 _1902_/LO
 _1903_/HI
 _1903_/LO
 _1904_/HI
 _1904_/LO
 _1905_/HI
 _1905_/LO
 _1906_/HI
 _1906_/LO
 _1907_/HI
 _1907_/LO
 _1908_/HI
 _1908_/LO
 _1909_/HI
 _1909_/LO
 _1910_/HI
 _1910_/LO
 _1911_/HI
 _1911_/LO
 _1912_/HI
 _1912_/LO
 _1913_/HI
 _1913_/LO
 _1914_/HI
 _1914_/LO
 _1915_/HI
 _1915_/LO
 _1916_/HI
 _1916_/LO
Found 0 partially unannotated drivers.

===========================================================================
max slew violation count 591
Writing metric design__max_slew_violation__count__corner:nom_tt_025C_1v80: 591
max fanout violation count 1
Writing metric design__max_fanout_violation__count__corner:nom_tt_025C_1v80: 1
max cap violation count 2
Writing metric design__max_cap_violation__count__corner:nom_tt_025C_1v80: 2
============================================================================

===========================================================================
check_setup -verbose -unconstrained_endpoints -multiple_clock -no_clock -no_input_delay -loops -generated_clocks
===========================================================================
Warning: There are 6 input ports missing set_input_delay.
  A_in_frame_sync
  A_in_serial_data
  B_in_frame_sync
  B_in_serial_data
  rst_n
  start
Warning: There is 1 unconstrained endpoint.
  C_out_serial_data
