Clock: clk
Sources: clk 
Generated: no
Virtual: yes
Propagated: no
Period: 10.000000

===========================================================================
report_clock_properties
============================================================================
Clock                   Period          Waveform
----------------------------------------------------
clk                  10.000000    0.000000  5.000000

===========================================================================
report_clock_latency
============================================================================
Clock clk
rise -> rise
    min     max
0.000000 0.000000 source latency
0.000143         network latency _1058_/CLK
        0.001697 network latency _1397_/CLK
---------------
0.000143 0.001697 latency
        0.001554 skew

fall -> fall
    min     max
0.000000 0.000000 source latency
0.000135         network latency _1058_/CLK
        0.001597 network latency _1397_/CLK
---------------
0.000135 0.001597 latency
        0.001461 skew



===========================================================================
report_clock_min_period
============================================================================
clk period_min = 2.36 fmax = 423.46
Clock: A_in_serial_clk
Sources: A_in_serial_clk 
Generated: no
Virtual: yes
Propagated: no
Period: 2.000000

===========================================================================
report_clock_properties
============================================================================
Clock                   Period          Waveform
----------------------------------------------------
A_in_serial_clk       2.000000    0.000000  1.000000

===========================================================================
report_clock_latency
============================================================================
Clock A_in_serial_clk
rise -> rise
    min     max
0.000000 0.000000 source latency
0.004831         network latency _1194_/CLK
        0.009697 network latency _1166_/CLK
---------------
0.004831 0.009697 latency
        0.004866 skew

fall -> fall
    min     max
0.000000 0.000000 source latency
0.004538         network latency _1194_/CLK
        0.009110 network latency _1166_/CLK
---------------
0.004538 0.009110 latency
        0.004572 skew



===========================================================================
report_clock_min_period
============================================================================
A_in_serial_clk period_min = 3.55 fmax = 281.51
Clock: B_in_serial_clk
Sources: B_in_serial_clk 
Generated: no
Virtual: yes
Propagated: no
Period: 2.000000

===========================================================================
report_clock_properties
============================================================================
Clock                   Period          Waveform
----------------------------------------------------
B_in_serial_clk       2.000000    0.000000  1.000000

===========================================================================
report_clock_latency
============================================================================
Clock B_in_serial_clk
rise -> rise
    min     max
0.000000 0.000000 source latency
0.001925         network latency _1241_/CLK
        0.005990 network latency _1313_/CLK
---------------
0.001925 0.005990 latency
        0.004065 skew

fall -> fall
    min     max
0.000000 0.000000 source latency
0.001807         network latency _1241_/CLK
        0.005621 network latency _1313_/CLK
---------------
0.001807 0.005621 latency
        0.003814 skew



===========================================================================
report_clock_min_period
============================================================================
B_in_serial_clk period_min = 3.55 fmax = 281.68
