
===========================================================================
Clock Skew (Setup)
============================================================================
Writing metric clock__skew__worst_setup__corner:nom_tt_025C_1v80: 0.10086729653691452
======================= nom_tt_025C_1v80 Corner ===================================

Clock A_in_serial_clk
0.007437 source latency _1104_/CLK ^
-0.004831 target latency _1194_/CLK ^
0.000000 CRPR
--------------
0.002606 setup skew

Clock B_in_serial_clk
0.001975 source latency _1237_/CLK ^
-0.004162 target latency _1239_/CLK ^
0.000000 CRPR
--------------
-0.002186 setup skew

Clock clk
0.001368 source latency _1073_/CLK ^
-0.000501 target latency _1085_/CLK ^
0.100000 clock uncertainty
0.000000 CRPR
--------------
0.100867 setup skew

