
===========================================================================
Violator List
============================================================================
[setup reg-reg] _1104_/Q -> _1103_/D : -1.552291
[setup reg-reg] _1248_/Q -> _1247_/D : -1.550159
[setup reg-reg] _1104_/Q -> _1102_/D : -1.399908
[setup reg-reg] _1248_/Q -> _1246_/D : -1.399411
[setup reg-reg] _1248_/Q -> _1245_/D : -1.385983
[setup reg-reg] _1104_/Q -> _1101_/D : -1.384770
[setup reg-reg] _1248_/Q -> _1244_/D : -1.156285
[setup reg-reg] _1104_/Q -> _1100_/D : -1.155699
[setup reg-reg] _1248_/Q -> _1236_/D : -1.121052
[setup reg-reg] _1104_/Q -> _1092_/D : -1.115109
[setup reg-reg] _1248_/Q -> _1239_/D : -1.082971
[setup reg-reg] _1104_/Q -> _1095_/D : -1.057771
[setup reg-reg] _1104_/Q -> _1090_/D : -1.050752
[setup reg-reg] _1248_/Q -> _1234_/D : -1.050191
[setup reg-reg] _1104_/Q -> _1099_/D : -0.995263
[setup reg-reg] _1248_/Q -> _1243_/D : -0.988404
[setup reg-reg] _1248_/Q -> _1235_/D : -0.961430
[setup reg-reg] _1104_/Q -> _1098_/D : -0.952015
[setup reg-reg] _1104_/Q -> _1091_/D : -0.950937
[setup reg-reg] _1248_/Q -> _1242_/D : -0.948907
[setup reg-reg] _1248_/Q -> _1377_/D : -0.941017
[setup reg-reg] _1248_/Q -> _1238_/D : -0.928178
[setup reg-reg] _1104_/Q -> _1378_/D : -0.927294
[setup reg-reg] _1104_/Q -> _1093_/D : -0.922557
[setup reg-reg] _1104_/Q -> _1094_/D : -0.920620
[setup reg-reg] _1248_/Q -> _1233_/D : -0.920210
[setup reg-reg] _1104_/Q -> _1089_/D : -0.916563
[setup reg-reg] _1248_/Q -> _1237_/D : -0.863588
[setup reg-reg] _1248_/Q -> _1391_/D : -0.848512
[setup reg-reg] _1104_/Q -> _1249_/D : -0.843829
[setup reg-reg] _1248_/Q -> _1241_/D : -0.832751
[setup reg-reg] _1104_/Q -> _1097_/D : -0.822863
[setup reg-reg] _1248_/Q -> _1248_/D : -0.802037
[setup reg-reg] _1104_/Q -> _1104_/D : -0.786913
[setup reg-reg] _1248_/Q -> _1232_/D : -0.772398
[setup reg-reg] _1248_/Q -> _1240_/D : -0.771885
[setup reg-reg] _1104_/Q -> _1096_/D : -0.730399
[setup reg-reg] _1104_/Q -> _1088_/D : -0.727597
[setup reg-reg] _1104_/Q -> _1194_/D : -0.622071
[setup reg-reg] _1104_/Q -> _1208_/D : -0.621945
[setup reg-reg] _1104_/Q -> _1198_/D : -0.621655
[setup reg-reg] _1104_/Q -> _1202_/D : -0.621597
[setup reg-reg] _1104_/Q -> _1203_/D : -0.621566
[setup reg-reg] _1104_/Q -> _1205_/D : -0.621522
[setup reg-reg] _1104_/Q -> _1197_/D : -0.621492
[setup reg-reg] _1104_/Q -> _1199_/D : -0.621354
[setup reg-reg] _1104_/Q -> _1204_/D : -0.621325
[setup reg-reg] _1104_/Q -> _1196_/D : -0.621128
[setup reg-reg] _1104_/Q -> _1207_/D : -0.621045
[setup reg-reg] _1104_/Q -> _1193_/D : -0.620902
[setup reg-reg] _1104_/Q -> _1209_/D : -0.620758
[setup reg-reg] _1248_/Q -> _1330_/D : -0.620192
[setup reg-reg] _1248_/Q -> _1322_/D : -0.620185
[setup reg-reg] _1104_/Q -> _1200_/D : -0.620149
[setup reg-reg] _1104_/Q -> _1201_/D : -0.620062
[setup reg-reg] _1248_/Q -> _1316_/D : -0.620027
[setup reg-reg] _1248_/Q -> _1326_/D : -0.619898
[setup reg-reg] _1248_/Q -> _1351_/D : -0.619686
[setup reg-reg] _1104_/Q -> _1195_/D : -0.619338
[setup reg-reg] _1248_/Q -> _1321_/D : -0.619179
[setup reg-reg] _1104_/Q -> _1206_/D : -0.619138
[setup reg-reg] _1248_/Q -> _1317_/D : -0.618910
[setup reg-reg] _1248_/Q -> _1327_/D : -0.618883
[setup reg-reg] _1248_/Q -> _1328_/D : -0.618855
[setup reg-reg] _1248_/Q -> _1352_/D : -0.618839
[setup reg-reg] _1248_/Q -> _1320_/D : -0.618808
[setup reg-reg] _1248_/Q -> _1314_/D : -0.618687
[setup reg-reg] _1104_/Q -> _1216_/D : -0.618337
[setup reg-reg] _1248_/Q -> _1350_/D : -0.618295
[setup reg-reg] _1104_/Q -> _1211_/D : -0.618240
[setup reg-reg] _1104_/Q -> _1212_/D : -0.618230
[setup reg-reg] _1104_/Q -> _1227_/D : -0.618210
[setup reg-reg] _1104_/Q -> _1214_/D : -0.618200
[setup reg-reg] _1104_/Q -> _1189_/D : -0.618013
[setup reg-reg] _1104_/Q -> _1215_/D : -0.617991
[setup reg-reg] _1248_/Q -> _1324_/D : -0.617967
[setup reg-reg] _1104_/Q -> _1226_/D : -0.617933
[setup reg-reg] _1248_/Q -> _1325_/D : -0.617754
[setup reg-reg] _1248_/Q -> _1315_/D : -0.617733
[setup reg-reg] _1248_/Q -> _1323_/D : -0.617733
[setup reg-reg] _1104_/Q -> _1190_/D : -0.617686
[setup reg-reg] _1104_/Q -> _1150_/D : -0.617598
[setup reg-reg] _1248_/Q -> _1319_/D : -0.617540
[setup reg-reg] _1248_/Q -> _1338_/D : -0.617499
[setup reg-reg] _1104_/Q -> _1222_/D : -0.617410
[setup reg-reg] _1248_/Q -> _1329_/D : -0.617372
[setup reg-reg] _1104_/Q -> _1217_/D : -0.617366
[setup reg-reg] _1104_/Q -> _1221_/D : -0.617364
[setup reg-reg] _1248_/Q -> _1355_/D : -0.617351
[setup reg-reg] _1104_/Q -> _1139_/D : -0.617277
[setup reg-reg] _1248_/Q -> _1354_/D : -0.617160
[setup reg-reg] _1104_/Q -> _1220_/D : -0.617154
[setup reg-reg] _1104_/Q -> _1219_/D : -0.617114
[setup reg-reg] _1104_/Q -> _1223_/D : -0.617001
[setup reg-reg] _1104_/Q -> _1192_/D : -0.616991
[setup reg-reg] _1104_/Q -> _1218_/D : -0.616971
[setup reg-reg] _1104_/Q -> _1210_/D : -0.616944
[setup reg-reg] _1104_/Q -> _1134_/D : -0.616932
[setup reg-reg] _1104_/Q -> _1225_/D : -0.616710
[setup reg-reg] _1248_/Q -> _1308_/D : -0.616641
[setup reg-reg] _1104_/Q -> _1145_/D : -0.616512
[setup reg-reg] _1104_/Q -> _1224_/D : -0.616497
[setup reg-reg] _1248_/Q -> _1369_/D : -0.616472
[setup reg-reg] _1248_/Q -> _1375_/D : -0.616301
[setup reg-reg] _1248_/Q -> _1252_/D : -0.616198
[setup reg-reg] _1248_/Q -> _1251_/D : -0.616194
[setup reg-reg] _1104_/Q -> _1146_/D : -0.616111
[setup reg-reg] _1248_/Q -> _1332_/D : -0.615981
[setup reg-reg] _1248_/Q -> _1346_/D : -0.615980
[setup reg-reg] _1104_/Q -> _1191_/D : -0.615942
[setup reg-reg] _1104_/Q -> _1141_/D : -0.615783
[setup reg-reg] _1248_/Q -> _1253_/D : -0.615746
[setup reg-reg] _1248_/Q -> _1357_/D : -0.615730
[setup reg-reg] _1104_/Q -> _1151_/D : -0.615707
[setup reg-reg] _1248_/Q -> _1313_/D : -0.615597
[setup reg-reg] _1248_/Q -> _1307_/D : -0.615595
[setup reg-reg] _1104_/Q -> _1140_/D : -0.615593
[setup reg-reg] _1248_/Q -> _1342_/D : -0.615528
[setup reg-reg] _1248_/Q -> _1368_/D : -0.615507
[setup reg-reg] _1248_/Q -> _1331_/D : -0.615503
[setup reg-reg] _1104_/Q -> _1229_/D : -0.615491
[setup reg-reg] _1248_/Q -> _1364_/D : -0.615465
[setup reg-reg] _1248_/Q -> _1256_/D : -0.615400
[setup reg-reg] _1248_/Q -> _1344_/D : -0.615381
[setup reg-reg] _1248_/Q -> _1361_/D : -0.615378
[setup reg-reg] _1248_/Q -> _1345_/D : -0.615363
[setup reg-reg] _1248_/Q -> _1349_/D : -0.615363
[setup reg-reg] _1104_/Q -> _1185_/D : -0.615352
[setup reg-reg] _1248_/Q -> _1334_/D : -0.615343
[setup reg-reg] _1248_/Q -> _1347_/D : -0.615322
[setup reg-reg] _1248_/Q -> _1343_/D : -0.615305
[setup reg-reg] _1248_/Q -> _1370_/D : -0.615297
[setup reg-reg] _1248_/Q -> _1373_/D : -0.615297
[setup reg-reg] _1248_/Q -> _1333_/D : -0.615269
[setup reg-reg] _1248_/Q -> _1301_/D : -0.615243
[setup reg-reg] _1248_/Q -> _1371_/D : -0.615201
[setup reg-reg] _1248_/Q -> _1255_/D : -0.615198
[setup reg-reg] _1248_/Q -> _1353_/D : -0.615170
[setup reg-reg] _1104_/Q -> _1213_/D : -0.615146
[setup reg-reg] _1248_/Q -> _1306_/D : -0.615137
[setup reg-reg] _1248_/Q -> _1335_/D : -0.615111
[setup reg-reg] _1248_/Q -> _1372_/D : -0.615099
[setup reg-reg] _1248_/Q -> _1362_/D : -0.615087
[setup reg-reg] _1248_/Q -> _1250_/D : -0.615058
[setup reg-reg] _1104_/Q -> _1188_/D : -0.615052
[setup reg-reg] _1104_/Q -> _1187_/D : -0.615022
[setup reg-reg] _1248_/Q -> _1309_/D : -0.615003
[setup reg-reg] _1248_/Q -> _1341_/D : -0.615001
[setup reg-reg] _1104_/Q -> _1152_/D : -0.614993
[setup reg-reg] _1104_/Q -> _1149_/D : -0.614945
[setup reg-reg] _1104_/Q -> _1228_/D : -0.614866
[setup reg-reg] _1248_/Q -> _1363_/D : -0.614865
[setup reg-reg] _1248_/Q -> _1367_/D : -0.614857
[setup reg-reg] _1104_/Q -> _1142_/D : -0.614836
[setup reg-reg] _1104_/Q -> _1114_/D : -0.614831
[setup reg-reg] _1104_/Q -> _1186_/D : -0.614789
[setup reg-reg] _1248_/Q -> _1289_/D : -0.614772
[setup reg-reg] _1248_/Q -> _1254_/D : -0.614768
[setup reg-reg] _1248_/Q -> _1360_/D : -0.614685
[setup reg-reg] _1104_/Q -> _1135_/D : -0.614670
[setup reg-reg] _1248_/Q -> _1318_/D : -0.614524
[setup reg-reg] _1248_/Q -> _1281_/D : -0.614500
[setup reg-reg] _1248_/Q -> _1376_/D : -0.614407
[setup reg-reg] _1248_/Q -> _1374_/D : -0.614401
[setup reg-reg] _1104_/Q -> _1184_/D : -0.614395
[setup reg-reg] _1248_/Q -> _1358_/D : -0.614388
[setup reg-reg] _1104_/Q -> _1169_/D : -0.614331
[setup reg-reg] _1248_/Q -> _1356_/D : -0.614301
[setup reg-reg] _1248_/Q -> _1263_/D : -0.614272
[setup reg-reg] _1104_/Q -> _1106_/D : -0.614266
[setup reg-reg] _1248_/Q -> _1337_/D : -0.614229
[setup reg-reg] _1248_/Q -> _1348_/D : -0.614201
[setup reg-reg] _1248_/Q -> _1336_/D : -0.614128
[setup reg-reg] _1104_/Q -> _1144_/D : -0.614096
[setup reg-reg] _1104_/Q -> _1117_/D : -0.614067
[setup reg-reg] _1104_/Q -> _1132_/D : -0.614036
[setup reg-reg] _1104_/Q -> _1147_/D : -0.614013
[setup reg-reg] _1104_/Q -> _1156_/D : -0.614006
[setup reg-reg] _1248_/Q -> _1290_/D : -0.613963
[setup reg-reg] _1248_/Q -> _1265_/D : -0.613961
[setup reg-reg] _1248_/Q -> _1340_/D : -0.613936
[setup reg-reg] _1248_/Q -> _1304_/D : -0.613934
[setup reg-reg] _1104_/Q -> _1116_/D : -0.613843
[setup reg-reg] _1248_/Q -> _1302_/D : -0.613842
[setup reg-reg] _1104_/Q -> _1138_/D : -0.613812
[setup reg-reg] _1104_/Q -> _1136_/D : -0.613692
[setup reg-reg] _1248_/Q -> _1288_/D : -0.613669
[setup reg-reg] _1104_/Q -> _1155_/D : -0.613642
[setup reg-reg] _1104_/Q -> _1115_/D : -0.613623
[setup reg-reg] _1104_/Q -> _1230_/D : -0.613534
[setup reg-reg] _1104_/Q -> _1154_/D : -0.613504
[setup reg-reg] _1248_/Q -> _1258_/D : -0.613461
[setup reg-reg] _1104_/Q -> _1231_/D : -0.613456
[setup reg-reg] _1248_/Q -> _1287_/D : -0.613431
[setup reg-reg] _1248_/Q -> _1279_/D : -0.613411
[setup reg-reg] _1248_/Q -> _1310_/D : -0.613341
[setup reg-reg] _1104_/Q -> _1119_/D : -0.613319
[setup reg-reg] _1248_/Q -> _1257_/D : -0.613311
[setup reg-reg] _1248_/Q -> _1303_/D : -0.613225
[setup reg-reg] _1248_/Q -> _1359_/D : -0.613158
[setup reg-reg] _1248_/Q -> _1312_/D : -0.613120
[setup reg-reg] _1248_/Q -> _1280_/D : -0.613088
[setup reg-reg] _1248_/Q -> _1311_/D : -0.613013
[setup reg-reg] _1248_/Q -> _1266_/D : -0.612997
[setup reg-reg] _1104_/Q -> _1107_/D : -0.612967
[setup reg-reg] _1248_/Q -> _1285_/D : -0.612951
[setup reg-reg] _1104_/Q -> _1124_/D : -0.612941
[setup reg-reg] _1104_/Q -> _1159_/D : -0.612918
[setup reg-reg] _1248_/Q -> _1259_/D : -0.612914
[setup reg-reg] _1248_/Q -> _1283_/D : -0.612911
[setup reg-reg] _1248_/Q -> _1282_/D : -0.612875
[setup reg-reg] _1248_/Q -> _1365_/D : -0.612872
[setup reg-reg] _1248_/Q -> _1305_/D : -0.612839
[setup reg-reg] _1248_/Q -> _1264_/D : -0.612825
[setup reg-reg] _1248_/Q -> _1284_/D : -0.612805
[setup reg-reg] _1104_/Q -> _1181_/D : -0.612772
[setup reg-reg] _1104_/Q -> _1108_/D : -0.612762
[setup reg-reg] _1248_/Q -> _1262_/D : -0.612662
[setup reg-reg] _1104_/Q -> _1137_/D : -0.612527
[setup reg-reg] _1248_/Q -> _1286_/D : -0.612515
[setup reg-reg] _1104_/Q -> _1163_/D : -0.612504
[setup reg-reg] _1248_/Q -> _1269_/D : -0.612504
[setup reg-reg] _1104_/Q -> _1118_/D : -0.612471
[setup reg-reg] _1104_/Q -> _1172_/D : -0.612447
[setup reg-reg] _1104_/Q -> _1148_/D : -0.612409
[setup reg-reg] _1104_/Q -> _1113_/D : -0.612385
[setup reg-reg] _1248_/Q -> _1366_/D : -0.612337
[setup reg-reg] _1248_/Q -> _1261_/D : -0.612212
[setup reg-reg] _1104_/Q -> _1157_/D : -0.612092
[setup reg-reg] _1248_/Q -> _1339_/D : -0.612090
[setup reg-reg] _1248_/Q -> _1260_/D : -0.612060
[setup reg-reg] _1104_/Q -> _1180_/D : -0.611918
[setup reg-reg] _1104_/Q -> _1160_/D : -0.611857
[setup reg-reg] _1104_/Q -> _1143_/D : -0.611853
[setup reg-reg] _1104_/Q -> _1130_/D : -0.611767
[setup reg-reg] _1248_/Q -> _1278_/D : -0.611745
[setup reg-reg] _1104_/Q -> _1110_/D : -0.611723
[setup reg-reg] _1248_/Q -> _1300_/D : -0.611698
[setup reg-reg] _1104_/Q -> _1162_/D : -0.611690
[setup reg-reg] _1104_/Q -> _1126_/D : -0.611642
[setup reg-reg] _1104_/Q -> _1158_/D : -0.611637
[setup reg-reg] _1104_/Q -> _1165_/D : -0.611620
[setup reg-reg] _1104_/Q -> _1161_/D : -0.611563
[setup reg-reg] _1104_/Q -> _1111_/D : -0.611530
[setup reg-reg] _1248_/Q -> _1291_/D : -0.611487
[setup reg-reg] _1248_/Q -> _1272_/D : -0.611456
[setup reg-reg] _1248_/Q -> _1276_/D : -0.611366
[setup reg-reg] _1104_/Q -> _1168_/D : -0.611349
[setup reg-reg] _1248_/Q -> _1296_/D : -0.611294
[setup reg-reg] _1248_/Q -> _1273_/D : -0.611293
[setup reg-reg] _1248_/Q -> _1277_/D : -0.611266
[setup reg-reg] _1248_/Q -> _1295_/D : -0.611262
[setup reg-reg] _1104_/Q -> _1133_/D : -0.611237
[setup reg-reg] _1248_/Q -> _1275_/D : -0.611234
[setup reg-reg] _1104_/Q -> _1164_/D : -0.611204
[setup reg-reg] _1248_/Q -> _1274_/D : -0.611200
[setup reg-reg] _1248_/Q -> _1270_/D : -0.611166
[setup reg-reg] _1248_/Q -> _1299_/D : -0.611166
[setup reg-reg] _1248_/Q -> _1267_/D : -0.611157
[setup reg-reg] _1104_/Q -> _1109_/D : -0.611151
[setup reg-reg] _1248_/Q -> _1297_/D : -0.611101
[setup reg-reg] _1248_/Q -> _1294_/D : -0.611097
[setup reg-reg] _1248_/Q -> _1298_/D : -0.611085
[setup reg-reg] _1104_/Q -> _1131_/D : -0.611082
[setup reg-reg] _1104_/Q -> _1176_/D : -0.611025
[setup reg-reg] _1248_/Q -> _1293_/D : -0.611006
[setup reg-reg] _1104_/Q -> _1105_/D : -0.610959
[setup reg-reg] _1104_/Q -> _1183_/D : -0.610953
[setup reg-reg] _1104_/Q -> _1175_/D : -0.610899
[setup reg-reg] _1104_/Q -> _1182_/D : -0.610781
[setup reg-reg] _1248_/Q -> _1292_/D : -0.610717
[setup reg-reg] _1248_/Q -> _1271_/D : -0.610640
[setup reg-reg] _1104_/Q -> _1112_/D : -0.610601
[setup reg-reg] _1104_/Q -> _1153_/D : -0.610491
[setup reg-reg] _1104_/Q -> _1123_/D : -0.610173
[setup reg-reg] _1104_/Q -> _1125_/D : -0.610151
[setup reg-reg] _1104_/Q -> _1127_/D : -0.610143
[setup reg-reg] _1104_/Q -> _1166_/D : -0.610089
[setup reg-reg] _1248_/Q -> _1268_/D : -0.610040
[setup reg-reg] _1104_/Q -> _1177_/D : -0.609912
[setup reg-reg] _1104_/Q -> _1178_/D : -0.609790
[setup reg-reg] _1104_/Q -> _1129_/D : -0.609719
[setup reg-reg] _1104_/Q -> _1128_/D : -0.609697
[setup reg-reg] _1104_/Q -> _1173_/D : -0.609532
[setup reg-reg] _1104_/Q -> _1171_/D : -0.609319
[setup reg-reg] _1104_/Q -> _1179_/D : -0.609300
[setup reg-reg] _1104_/Q -> _1121_/D : -0.609024
[setup reg-reg] _1104_/Q -> _1122_/D : -0.608938
[setup reg-reg] _1104_/Q -> _1174_/D : -0.608918
[setup reg-reg] _1104_/Q -> _1120_/D : -0.608828
[setup reg-reg] _1104_/Q -> _1170_/D : -0.608766
[setup reg-reg] _1104_/Q -> _1167_/D : -0.608725
Writing metric timing__hold_vio__count__corner:nom_tt_025C_1v80: 0
Writing metric timing__hold_r2r__ws__corner:nom_tt_025C_1v80: 0.354008
Writing metric timing__hold_r2r_vio__count__corner:nom_tt_025C_1v80: 0
Writing metric timing__setup_vio__count__corner:nom_tt_025C_1v80: 292
Writing metric timing__setup_r2r__ws__corner:nom_tt_025C_1v80: -1.552291
Writing metric timing__setup_r2r_vio__count__corner:nom_tt_025C_1v80: 292
