
===========================================================================
report_checks -unconstrained
===========================================================================
======================= nom_tt_025C_1v80 Corner ===================================

Startpoint: _1104_ (rising edge-triggered flip-flop clocked by A_in_serial_clk)
Endpoint: _1103_ (rising edge-triggered flip-flop clocked by A_in_serial_clk)
Path Group: A_in_serial_clk
Path Type: max

Fanout         Cap        Slew       Delay        Time   Description
---------------------------------------------------------------------------------------------
                                  0.000000    0.000000   clock A_in_serial_clk (rise edge)
                                  0.000000    0.000000   clock source latency
     1    0.022691    0.000000    0.000000    0.000000 ^ A_in_serial_clk (in)
                                                         A_in_serial_clk (net)
                      0.002875    0.001438    0.001438 ^ clkbuf_0_A_in_serial_clk/A (sky130_fd_sc_hd__clkbuf_16)
    16    0.106559    0.120696    0.175131    0.176568 ^ clkbuf_0_A_in_serial_clk/X (sky130_fd_sc_hd__clkbuf_16)
                                                         clknet_0_A_in_serial_clk (net)
                      0.120789    0.002700    0.179268 ^ clkbuf_4_10_0_A_in_serial_clk/A (sky130_fd_sc_hd__clkbuf_8)
    10    0.034229    0.072874    0.177330    0.356598 ^ clkbuf_4_10_0_A_in_serial_clk/X (sky130_fd_sc_hd__clkbuf_8)
                                                         clknet_4_10_0_A_in_serial_clk (net)
                      0.072878    0.000671    0.357269 ^ _1104_/CLK (sky130_fd_sc_hd__dfrtp_4)
     6    0.027166    0.088575    0.521013    0.878282 v _1104_/Q (sky130_fd_sc_hd__dfrtp_4)
                                                         deser_A.receiving (net)
                      0.088575    0.000791    0.879073 v max_cap13/A (sky130_fd_sc_hd__buf_12)
     2    0.005128    0.021747    0.134341    1.013414 v max_cap13/X (sky130_fd_sc_hd__buf_12)
                                                         net13 (net)
                      0.021747    0.000111    1.013526 v _0692_/A (sky130_fd_sc_hd__and4_1)
     2    0.009937    0.067155    0.166351    1.179877 v _0692_/X (sky130_fd_sc_hd__and4_1)
                                                         _0516_ (net)
                      0.067156    0.000380    1.180256 v _0700_/C (sky130_fd_sc_hd__and4_1)
     3    0.010968    0.071146    0.231419    1.411676 v _0700_/X (sky130_fd_sc_hd__and4_1)
                                                         _0521_ (net)
                      0.071146    0.000270    1.411946 v _0704_/B (sky130_fd_sc_hd__nand2_2)
     2    0.010290    0.071200    0.094947    1.506893 ^ _0704_/Y (sky130_fd_sc_hd__nand2_2)
                                                         _0524_ (net)
                      0.071201    0.000343    1.507236 ^ _0708_/S (sky130_fd_sc_hd__mux2_4)
     1    0.005278    0.053286    0.301699    1.808935 v _0708_/X (sky130_fd_sc_hd__mux2_4)
                                                         _0527_ (net)
                      0.053286    0.000123    1.809058 v _0709_/A (sky130_fd_sc_hd__inv_2)
     1    0.003531    0.026312    0.046313    1.855371 ^ _0709_/Y (sky130_fd_sc_hd__inv_2)
                                                         _0052_ (net)
                      0.026315    0.000105    1.855476 ^ _1103_/D (sky130_fd_sc_hd__dfrtp_1)
                                              1.855476   data arrival time

                                  2.000000    2.000000   clock A_in_serial_clk (rise edge)
                                  0.000000    2.000000   clock source latency
     1    0.022691    0.000000    0.000000    2.000000 ^ A_in_serial_clk (in)
                                                         A_in_serial_clk (net)
                      0.002875    0.001438    2.001438 ^ clkbuf_0_A_in_serial_clk/A (sky130_fd_sc_hd__clkbuf_16)
    16    0.106559    0.120696    0.175131    2.176569 ^ clkbuf_0_A_in_serial_clk/X (sky130_fd_sc_hd__clkbuf_16)
                                                         clknet_0_A_in_serial_clk (net)
                      0.120793    0.002756    2.179324 ^ clkbuf_4_11_0_A_in_serial_clk/A (sky130_fd_sc_hd__clkbuf_8)
    10    0.030082    0.066467    0.172571    2.351896 ^ clkbuf_4_11_0_A_in_serial_clk/X (sky130_fd_sc_hd__clkbuf_8)
                                                         clknet_4_11_0_A_in_serial_clk (net)
                      0.066470    0.000532    2.352428 ^ _1103_/CLK (sky130_fd_sc_hd__dfrtp_1)
                                  0.000000    2.352428   clock reconvergence pessimism
                                 -0.052311    2.300117   library setup time
                                              2.300117   data required time
---------------------------------------------------------------------------------------------
                                              2.300117   data required time
                                             -1.855476   data arrival time
---------------------------------------------------------------------------------------------
                                              0.444641   slack (MET)


Startpoint: _1248_ (rising edge-triggered flip-flop clocked by B_in_serial_clk)
Endpoint: _1245_ (rising edge-triggered flip-flop clocked by B_in_serial_clk)
Path Group: B_in_serial_clk
Path Type: max

Fanout         Cap        Slew       Delay        Time   Description
---------------------------------------------------------------------------------------------
                                  0.000000    0.000000   clock B_in_serial_clk (rise edge)
                                  0.000000    0.000000   clock source latency
     1    0.017479    0.000000    0.000000    0.000000 ^ B_in_serial_clk (in)
                                                         B_in_serial_clk (net)
                      0.001493    0.000747    0.000747 ^ clkbuf_0_B_in_serial_clk/A (sky130_fd_sc_hd__clkbuf_16)
    16    0.104833    0.119626    0.173346    0.174092 ^ clkbuf_0_B_in_serial_clk/X (sky130_fd_sc_hd__clkbuf_16)
                                                         clknet_0_B_in_serial_clk (net)
                      0.119762    0.003278    0.177370 ^ clkbuf_4_14_0_B_in_serial_clk/A (sky130_fd_sc_hd__clkbuf_8)
     8    0.035340    0.074612    0.178417    0.355787 ^ clkbuf_4_14_0_B_in_serial_clk/X (sky130_fd_sc_hd__clkbuf_8)
                                                         clknet_4_14_0_B_in_serial_clk (net)
                      0.074621    0.000851    0.356638 ^ _1248_/CLK (sky130_fd_sc_hd__dfrtp_4)
     8    0.039604    0.138469    0.489189    0.845827 ^ _1248_/Q (sky130_fd_sc_hd__dfrtp_4)
                                                         deser_B.receiving (net)
                      0.138482    0.001392    0.847219 ^ _0863_/C (sky130_fd_sc_hd__and4_1)
     4    0.010261    0.117214    0.256796    1.104015 ^ _0863_/X (sky130_fd_sc_hd__and4_1)
                                                         _0363_ (net)
                      0.117214    0.000224    1.104239 ^ _0871_/C (sky130_fd_sc_hd__and4_1)
     3    0.008473    0.102848    0.239338    1.343577 ^ _0871_/X (sky130_fd_sc_hd__and4_1)
                                                         _0368_ (net)
                      0.102848    0.000244    1.343821 ^ rebuffer26/A (sky130_fd_sc_hd__dlygate4sd1_1)
     1    0.009957    0.104154    0.253485    1.597306 ^ rebuffer26/X (sky130_fd_sc_hd__dlygate4sd1_1)
                                                         net42 (net)
                      0.104154    0.000383    1.597689 ^ _0872_/A (sky130_fd_sc_hd__inv_2)
     1    0.006120    0.031255    0.045513    1.643202 v _0872_/Y (sky130_fd_sc_hd__inv_2)
                                                         _0369_ (net)
                      0.031255    0.000194    1.643396 v _0874_/B (sky130_fd_sc_hd__and3_1)
     1    0.004831    0.045400    0.163162    1.806558 v _0874_/X (sky130_fd_sc_hd__and3_1)
                                                         _0193_ (net)
                      0.045400    0.000161    1.806719 v _1245_/D (sky130_fd_sc_hd__dfrtp_1)
                                              1.806719   data arrival time

                                  2.000000    2.000000   clock B_in_serial_clk (rise edge)
                                  0.000000    2.000000   clock source latency
     1    0.017479    0.000000    0.000000    2.000000 ^ B_in_serial_clk (in)
                                                         B_in_serial_clk (net)
                      0.001493    0.000747    2.000746 ^ clkbuf_0_B_in_serial_clk/A (sky130_fd_sc_hd__clkbuf_16)
    16    0.104833    0.119626    0.173346    2.174092 ^ clkbuf_0_B_in_serial_clk/X (sky130_fd_sc_hd__clkbuf_16)
                                                         clknet_0_B_in_serial_clk (net)
                      0.119757    0.003223    2.177316 ^ clkbuf_4_15_0_B_in_serial_clk/A (sky130_fd_sc_hd__clkbuf_8)
     9    0.038735    0.079904    0.182373    2.359689 ^ clkbuf_4_15_0_B_in_serial_clk/X (sky130_fd_sc_hd__clkbuf_8)
                                                         clknet_4_15_0_B_in_serial_clk (net)
                      0.079911    0.000857    2.360546 ^ _1245_/CLK (sky130_fd_sc_hd__dfrtp_1)
                                  0.000000    2.360546   clock reconvergence pessimism
                                 -0.106459    2.254087   library setup time
                                              2.254087   data required time
---------------------------------------------------------------------------------------------
                                              2.254087   data required time
                                             -1.806719   data arrival time
---------------------------------------------------------------------------------------------
                                              0.447368   slack (MET)


Startpoint: clk (clock source 'clk')
Endpoint: C_out_serial_clk (output port clocked by clk)
Path Group: clk
Path Type: max

Fanout         Cap        Slew       Delay        Time   Description
---------------------------------------------------------------------------------------------
                                  5.000000    5.000000   clock clk (fall edge)
                                  0.000000    5.000000   clock source latency
     1    0.015143    0.000000    0.000000    5.000000 v clk (in)
                                                         clk (net)
                      0.001154    0.000577    5.000577 v clkbuf_0_clk/A (sky130_fd_sc_hd__clkbuf_16)
     4    0.034968    0.043504    0.138059    5.138637 v clkbuf_0_clk/X (sky130_fd_sc_hd__clkbuf_16)
                                                         clknet_0_clk (net)
                      0.043511    0.000973    5.139610 v clkbuf_2_0__f_clk/A (sky130_fd_sc_hd__clkbuf_16)
    14    0.043710    0.048166    0.161084    5.300694 v clkbuf_2_0__f_clk/X (sky130_fd_sc_hd__clkbuf_16)
                                                         clknet_2_0__leaf_clk (net)
                      0.048224    0.001429    5.302123 v _1917_/A (sky130_fd_sc_hd__buf_2)
     1    0.002587    0.022876    0.114162    5.416285 v _1917_/X (sky130_fd_sc_hd__buf_2)
                                                         net8 (net)
                      0.022876    0.000075    5.416360 v output8/A (sky130_fd_sc_hd__buf_1)
     1    0.000620    0.015510    0.064968    5.481328 v output8/X (sky130_fd_sc_hd__buf_1)
                                                         C_out_serial_clk (net)
                      0.015510    0.000007    5.481335 v C_out_serial_clk (out)
                                              5.481335   data arrival time

                                 10.000000   10.000000   clock clk (rise edge)
                                  0.000000   10.000000   clock network delay (propagated)
                                 -0.100000    9.900001   clock uncertainty
                                  0.000000    9.900001   clock reconvergence pessimism
                                 -1.500000    8.400000   output external delay
                                              8.400000   data required time
---------------------------------------------------------------------------------------------
                                              8.400000   data required time
                                             -5.481335   data arrival time
---------------------------------------------------------------------------------------------
                                              2.918665   slack (MET)




===========================================================================
report_checks --slack_max -0.01
============================================================================
======================= nom_tt_025C_1v80 Corner ===================================

No paths found.


===========================================================================
 report_check_types -max_slew -max_cap -max_fanout -violators
============================================================================
======================= nom_tt_025C_1v80 Corner ===================================

max slew

Pin                                        Limit        Slew       Slack
------------------------------------------------------------------------
_0666_/A1                               0.100000    0.239303   -0.139303 (VIOLATED)
_0687_/A1                               0.100000    0.239303   -0.139303 (VIOLATED)
_1012_/A2                               0.100000    0.239303   -0.139303 (VIOLATED)
_0549_/Y                                0.100000    0.239303   -0.139303 (VIOLATED)
_0551_/B                                0.100000    0.239303   -0.139303 (VIOLATED)
_0664_/B                                0.100000    0.229107   -0.129107 (VIOLATED)
_0661_/B                                0.100000    0.229106   -0.129106 (VIOLATED)
_0628_/A                                0.100000    0.229104   -0.129104 (VIOLATED)
_0582_/A                                0.100000    0.229103   -0.129103 (VIOLATED)
_0615_/A                                0.100000    0.229103   -0.129103 (VIOLATED)
_0620_/B1                               0.100000    0.229103   -0.129103 (VIOLATED)
_0577_/A                                0.100000    0.229101   -0.129101 (VIOLATED)
_0638_/B                                0.100000    0.229101   -0.129101 (VIOLATED)
_0572_/B                                0.100000    0.229099   -0.129099 (VIOLATED)
_0570_/X                                0.100000    0.229098   -0.129098 (VIOLATED)
_0595_/A                                0.100000    0.229098   -0.129098 (VIOLATED)
_0690_/B                                0.100000    0.197494   -0.097494 (VIOLATED)
_0688_/Y                                0.100000    0.197494   -0.097494 (VIOLATED)
_0695_/A1                               0.100000    0.196854   -0.096854 (VIOLATED)
_0696_/A1                               0.100000    0.196854   -0.096854 (VIOLATED)
_0697_/B2                               0.100000    0.196854   -0.096854 (VIOLATED)
_0698_/A1                               0.100000    0.196854   -0.096854 (VIOLATED)
_0700_/A                                0.100000    0.196854   -0.096854 (VIOLATED)
_0702_/A1                               0.100000    0.196854   -0.096854 (VIOLATED)
_1099_/Q                                0.100000    0.196854   -0.096854 (VIOLATED)
_0866_/A1                               0.100000    0.195193   -0.095193 (VIOLATED)
_0867_/A1                               0.100000    0.195193   -0.095193 (VIOLATED)
_0868_/B2                               0.100000    0.195193   -0.095193 (VIOLATED)
_0869_/A1                               0.100000    0.195193   -0.095193 (VIOLATED)
_0871_/A                                0.100000    0.195193   -0.095193 (VIOLATED)
_0873_/A1                               0.100000    0.195193   -0.095193 (VIOLATED)
_1243_/Q                                0.100000    0.195193   -0.095193 (VIOLATED)
_0622_/A2                               0.100000    0.190126   -0.090126 (VIOLATED)
_0625_/A4                               0.100000    0.190126   -0.090126 (VIOLATED)
_0631_/A2                               0.100000    0.190125   -0.090125 (VIOLATED)
_0621_/X                                0.100000    0.190125   -0.090125 (VIOLATED)
_0644_/A2                               0.100000    0.190125   -0.090125 (VIOLATED)
_0541_/A                                0.100000    0.184288   -0.084288 (VIOLATED)
_0618_/S                                0.100000    0.184288   -0.084288 (VIOLATED)
_0619_/A                                0.100000    0.184288   -0.084288 (VIOLATED)
_0620_/A1                               0.100000    0.184288   -0.084288 (VIOLATED)
_0622_/A1                               0.100000    0.184288   -0.084288 (VIOLATED)
_0625_/A1                               0.100000    0.184288   -0.084288 (VIOLATED)
_0626_/A                                0.100000    0.184288   -0.084288 (VIOLATED)
_1072_/Q                                0.100000    0.184288   -0.084288 (VIOLATED)
_0601_/X                                0.100000    0.180642   -0.080642 (VIOLATED)
_0602_/A                                0.100000    0.180642   -0.080642 (VIOLATED)
_0605_/S                                0.100000    0.180642   -0.080642 (VIOLATED)
_0607_/B1                               0.100000    0.180642   -0.080642 (VIOLATED)
_0616_/C                                0.100000    0.180642   -0.080642 (VIOLATED)
_0547_/B                                0.100000    0.180504   -0.080504 (VIOLATED)
_0680_/A                                0.100000    0.180504   -0.080504 (VIOLATED)
_0681_/B1                               0.100000    0.180504   -0.080504 (VIOLATED)
_0683_/A3                               0.100000    0.180504   -0.080504 (VIOLATED)
_1093_/Q                                0.100000    0.180504   -0.080504 (VIOLATED)
_0554_/B                                0.100000    0.179621   -0.079621 (VIOLATED)
_0851_/B1                               0.100000    0.179621   -0.079621 (VIOLATED)
_0852_/A1                               0.100000    0.179621   -0.079621 (VIOLATED)
_0854_/A3                               0.100000    0.179621   -0.079621 (VIOLATED)
_1237_/Q                                0.100000    0.179621   -0.079621 (VIOLATED)
_0858_/S                                0.100000    0.178713   -0.078713 (VIOLATED)
_0859_/A2                               0.100000    0.178713   -0.078713 (VIOLATED)
_0860_/B                                0.100000    0.178713   -0.078713 (VIOLATED)
_0862_/A                                0.100000    0.178713   -0.078713 (VIOLATED)
_0863_/B                                0.100000    0.178713   -0.078713 (VIOLATED)
_1240_/Q                                0.100000    0.178713   -0.078713 (VIOLATED)
clone829/A                              0.100000    0.175383   -0.075383 (VIOLATED)
rebuffer830/X                           0.100000    0.175382   -0.075382 (VIOLATED)
clone831/A                              0.100000    0.171873   -0.071873 (VIOLATED)
rebuffer832/X                           0.100000    0.171873   -0.071873 (VIOLATED)
_0608_/C                                0.100000    0.171644   -0.071644 (VIOLATED)
_0627_/A                                0.100000    0.171644   -0.071644 (VIOLATED)
_0614_/A                                0.100000    0.171644   -0.071644 (VIOLATED)
_0592_/B1                               0.100000    0.171644   -0.071644 (VIOLATED)
_0593_/A2                               0.100000    0.171644   -0.071644 (VIOLATED)
_0601_/A                                0.100000    0.171644   -0.071644 (VIOLATED)
_0594_/C                                0.100000    0.171643   -0.071643 (VIOLATED)
_0589_/X                                0.100000    0.171642   -0.071642 (VIOLATED)
_0590_/A                                0.100000    0.171642   -0.071642 (VIOLATED)
_0653_/A                                0.100000    0.171642   -0.071642 (VIOLATED)
_0658_/B                                0.100000    0.164257   -0.064257 (VIOLATED)
_0655_/B                                0.100000    0.164257   -0.064257 (VIOLATED)
_0651_/B                                0.100000    0.164254   -0.064254 (VIOLATED)
_0648_/B                                0.100000    0.164252   -0.064252 (VIOLATED)
_0642_/B1                               0.100000    0.164247   -0.064247 (VIOLATED)
_0591_/A                                0.100000    0.164236   -0.064236 (VIOLATED)
_0634_/B                                0.100000    0.164234   -0.064234 (VIOLATED)
_0647_/A                                0.100000    0.164233   -0.064233 (VIOLATED)
_0633_/A                                0.100000    0.164231   -0.064231 (VIOLATED)
_0592_/A2                               0.100000    0.164229   -0.064229 (VIOLATED)
_0603_/A                                0.100000    0.164221   -0.064221 (VIOLATED)
_0610_/A2                               0.100000    0.164215   -0.064215 (VIOLATED)
_0607_/A2                               0.100000    0.164214   -0.064214 (VIOLATED)
_0604_/B                                0.100000    0.164213   -0.064213 (VIOLATED)
_0571_/Y                                0.100000    0.164205   -0.064205 (VIOLATED)
_1025_/X                                0.100000    0.163876   -0.063876 (VIOLATED)
_1027_/A                                0.100000    0.163876   -0.063876 (VIOLATED)
_1028_/B                                0.100000    0.163876   -0.063876 (VIOLATED)
_1029_/C                                0.100000    0.163876   -0.063876 (VIOLATED)
_1030_/A2                               0.100000    0.163876   -0.063876 (VIOLATED)
_0620_/Y                                0.100000    0.161322   -0.061322 (VIOLATED)
_0623_/A                                0.100000    0.161322   -0.061322 (VIOLATED)
_0624_/A1                               0.100000    0.161322   -0.061322 (VIOLATED)
_0538_/A                                0.100000    0.160566   -0.060566 (VIOLATED)
_0592_/A1                               0.100000    0.160566   -0.060566 (VIOLATED)
_0593_/A1                               0.100000    0.160566   -0.060566 (VIOLATED)
_0594_/A                                0.100000    0.160566   -0.060566 (VIOLATED)
_0596_/A                                0.100000    0.160566   -0.060566 (VIOLATED)
_0600_/A                                0.100000    0.160566   -0.060566 (VIOLATED)
_1064_/Q                                0.100000    0.160566   -0.060566 (VIOLATED)
_0551_/A                                0.100000    0.158854   -0.058854 (VIOLATED)
_0686_/A                                0.100000    0.158854   -0.058854 (VIOLATED)
_0881_/A2                               0.100000    0.158853   -0.058853 (VIOLATED)
_0548_/Y                                0.100000    0.158853   -0.058853 (VIOLATED)
_0653_/X                                0.100000    0.158726   -0.058726 (VIOLATED)
_0654_/B1_N                             0.100000    0.158726   -0.058726 (VIOLATED)
_0656_/B                                0.100000    0.158726   -0.058726 (VIOLATED)
_0657_/A1                               0.100000    0.158726   -0.058726 (VIOLATED)
_0659_/C                                0.100000    0.158726   -0.058726 (VIOLATED)
_0662_/D                                0.100000    0.158726   -0.058726 (VIOLATED)
_0607_/Y                                0.100000    0.158325   -0.058325 (VIOLATED)
_0609_/A                                0.100000    0.158325   -0.058325 (VIOLATED)
_0621_/C                                0.100000    0.157870   -0.057870 (VIOLATED)
_0641_/C                                0.100000    0.157870   -0.057870 (VIOLATED)
_0653_/B                                0.100000    0.157870   -0.057870 (VIOLATED)
_0613_/X                                0.100000    0.157868   -0.057868 (VIOLATED)
_0614_/B                                0.100000    0.157868   -0.057868 (VIOLATED)
_0627_/B                                0.100000    0.157868   -0.057868 (VIOLATED)
_1017_/X                                0.100000    0.157776   -0.057776 (VIOLATED)
_1019_/A                                0.100000    0.157776   -0.057776 (VIOLATED)
_1020_/B                                0.100000    0.157776   -0.057776 (VIOLATED)
_1021_/C                                0.100000    0.157776   -0.057776 (VIOLATED)
_1022_/A2                               0.100000    0.157776   -0.057776 (VIOLATED)
_0541_/B                                0.100000    0.156656   -0.056656 (VIOLATED)
_0625_/A2                               0.100000    0.156656   -0.056656 (VIOLATED)
_0626_/B                                0.100000    0.156656   -0.056656 (VIOLATED)
_0622_/B1                               0.100000    0.156656   -0.056656 (VIOLATED)
_0619_/B                                0.100000    0.156656   -0.056656 (VIOLATED)
_0620_/A2                               0.100000    0.156656   -0.056656 (VIOLATED)
_1073_/Q                                0.100000    0.156656   -0.056656 (VIOLATED)
_0953_/S                                0.100000    0.154920   -0.054920 (VIOLATED)
_0952_/S                                0.100000    0.154917   -0.054917 (VIOLATED)
_0945_/S                                0.100000    0.154901   -0.054901 (VIOLATED)
_0950_/S                                0.100000    0.154898   -0.054898 (VIOLATED)
_0947_/S                                0.100000    0.154892   -0.054892 (VIOLATED)
_0948_/S                                0.100000    0.154881   -0.054881 (VIOLATED)
_0951_/S                                0.100000    0.154865   -0.054865 (VIOLATED)
_0949_/S                                0.100000    0.154843   -0.054843 (VIOLATED)
_0937_/S                                0.100000    0.154723   -0.054723 (VIOLATED)
_0958_/S                                0.100000    0.154670   -0.054670 (VIOLATED)
_0956_/S                                0.100000    0.154617   -0.054617 (VIOLATED)
_0983_/S                                0.100000    0.154582   -0.054582 (VIOLATED)
_0982_/S                                0.100000    0.154572   -0.054572 (VIOLATED)
_0954_/S                                0.100000    0.154536   -0.054536 (VIOLATED)
_0979_/S                                0.100000    0.154313   -0.054313 (VIOLATED)
_0978_/S                                0.100000    0.154299   -0.054299 (VIOLATED)
_0960_/S                                0.100000    0.153929   -0.053929 (VIOLATED)
_0962_/S                                0.100000    0.153923   -0.053923 (VIOLATED)
_0976_/S                                0.100000    0.153923   -0.053923 (VIOLATED)
_0974_/S                                0.100000    0.153724   -0.053724 (VIOLATED)
_1021_/X                                0.100000    0.153405   -0.053405 (VIOLATED)
_1023_/A                                0.100000    0.153405   -0.053405 (VIOLATED)
_1024_/B                                0.100000    0.153405   -0.053405 (VIOLATED)
_1025_/C                                0.100000    0.153405   -0.053405 (VIOLATED)
_1026_/A2                               0.100000    0.153405   -0.053405 (VIOLATED)
_0968_/S                                0.100000    0.153355   -0.053355 (VIOLATED)
_0967_/S                                0.100000    0.153311   -0.053311 (VIOLATED)
_0965_/S                                0.100000    0.153180   -0.053180 (VIOLATED)
_0889_/S                                0.100000    0.153065   -0.053065 (VIOLATED)
_0887_/S                                0.100000    0.152959   -0.052959 (VIOLATED)
_0890_/S                                0.100000    0.152936   -0.052936 (VIOLATED)
max_cap10/X                             0.100000    0.152910   -0.052910 (VIOLATED)
_0688_/A1                               0.100000    0.152765   -0.052765 (VIOLATED)
_0687_/S                                0.100000    0.152764   -0.052764 (VIOLATED)
_0689_/B                                0.100000    0.152764   -0.052764 (VIOLATED)
_0691_/A                                0.100000    0.152764   -0.052764 (VIOLATED)
_0692_/B                                0.100000    0.152764   -0.052764 (VIOLATED)
_1096_/Q                                0.100000    0.152764   -0.052764 (VIOLATED)
_0540_/A                                0.100000    0.152397   -0.052397 (VIOLATED)
_0604_/A                                0.100000    0.152397   -0.052397 (VIOLATED)
_0605_/A1                               0.100000    0.152397   -0.052397 (VIOLATED)
_0607_/B2                               0.100000    0.152397   -0.052397 (VIOLATED)
_0608_/A                                0.100000    0.152397   -0.052397 (VIOLATED)
_0611_/A                                0.100000    0.152397   -0.052397 (VIOLATED)
_1068_/Q                                0.100000    0.152397   -0.052397 (VIOLATED)
_0841_/B                                0.100000    0.152159   -0.052159 (VIOLATED)
_0838_/X                                0.100000    0.152158   -0.052158 (VIOLATED)
rebuffer483/A                           0.100000    0.152158   -0.052158 (VIOLATED)
rebuffer484/A                           0.100000    0.152158   -0.052158 (VIOLATED)
_0697_/A1                               0.100000    0.152027   -0.052027 (VIOLATED)
_0698_/A2                               0.100000    0.152027   -0.052027 (VIOLATED)
_0700_/B                                0.100000    0.152027   -0.052027 (VIOLATED)
_0702_/A2                               0.100000    0.152027   -0.052027 (VIOLATED)
_1100_/Q                                0.100000    0.152027   -0.052027 (VIOLATED)
_0563_/A                                0.100000    0.151788   -0.051788 (VIOLATED)
_1013_/A                                0.100000    0.151788   -0.051788 (VIOLATED)
_1014_/A                                0.100000    0.151788   -0.051788 (VIOLATED)
_1015_/A1                               0.100000    0.151788   -0.051788 (VIOLATED)
_1017_/A                                0.100000    0.151788   -0.051788 (VIOLATED)
_1381_/Q                                0.100000    0.151788   -0.051788 (VIOLATED)
_0925_/S                                0.100000    0.151613   -0.051613 (VIOLATED)
_0927_/S                                0.100000    0.151602   -0.051602 (VIOLATED)
clone31/A                               0.100000    0.151600   -0.051600 (VIOLATED)
_0906_/S                                0.100000    0.151596   -0.051596 (VIOLATED)
_0928_/S                                0.100000    0.151588   -0.051588 (VIOLATED)
_0907_/S                                0.100000    0.151583   -0.051583 (VIOLATED)
_0915_/S                                0.100000    0.151579   -0.051579 (VIOLATED)
_0912_/S                                0.100000    0.151574   -0.051574 (VIOLATED)
_0913_/S                                0.100000    0.151534   -0.051534 (VIOLATED)
_0908_/S                                0.100000    0.151525   -0.051525 (VIOLATED)
_0914_/S                                0.100000    0.151514   -0.051514 (VIOLATED)
_0917_/S                                0.100000    0.151460   -0.051460 (VIOLATED)
_0916_/S                                0.100000    0.151384   -0.051384 (VIOLATED)
_0918_/S                                0.100000    0.151200   -0.051200 (VIOLATED)
_0919_/S                                0.100000    0.151133   -0.051133 (VIOLATED)
_0920_/S                                0.100000    0.150938   -0.050938 (VIOLATED)
_0903_/S                                0.100000    0.150792   -0.050792 (VIOLATED)
_0899_/S                                0.100000    0.150789   -0.050789 (VIOLATED)
_0902_/S                                0.100000    0.150785   -0.050785 (VIOLATED)
_0535_/A                                0.100000    0.150773   -0.050773 (VIOLATED)
_0630_/S                                0.100000    0.150773   -0.050773 (VIOLATED)
_0631_/A1                               0.100000    0.150773   -0.050773 (VIOLATED)
_0632_/A                                0.100000    0.150773   -0.050773 (VIOLATED)
_0635_/A                                0.100000    0.150773   -0.050773 (VIOLATED)
_1076_/Q                                0.100000    0.150773   -0.050773 (VIOLATED)
_0897_/S                                0.100000    0.150746   -0.050746 (VIOLATED)
_0896_/S                                0.100000    0.150732   -0.050732 (VIOLATED)
max_cap10/A                             0.100000    0.150722   -0.050722 (VIOLATED)
_0894_/S                                0.100000    0.150687   -0.050687 (VIOLATED)
_0892_/S                                0.100000    0.150602   -0.050602 (VIOLATED)
max_cap11/X                             0.100000    0.150510   -0.050510 (VIOLATED)
_0693_/A2                               0.100000    0.147110   -0.047110 (VIOLATED)
_0697_/A2                               0.100000    0.147108   -0.047108 (VIOLATED)
_0695_/A2                               0.100000    0.147107   -0.047107 (VIOLATED)
_0676_/B                                0.100000    0.147105   -0.047105 (VIOLATED)
_0705_/A2                               0.100000    0.147104   -0.047104 (VIOLATED)
_0677_/B                                0.100000    0.147104   -0.047104 (VIOLATED)
_0684_/B                                0.100000    0.147102   -0.047102 (VIOLATED)
_0682_/A                                0.100000    0.147101   -0.047101 (VIOLATED)
_0707_/B                                0.100000    0.147100   -0.047100 (VIOLATED)
_0703_/A                                0.100000    0.147099   -0.047099 (VIOLATED)
_0685_/C                                0.100000    0.147098   -0.047098 (VIOLATED)
_0881_/B1                               0.100000    0.147098   -0.047098 (VIOLATED)
_0668_/Y                                0.100000    0.147091   -0.047091 (VIOLATED)
_1038_/X                                0.100000    0.145576   -0.045576 (VIOLATED)
_1040_/A_N                              0.100000    0.145576   -0.045576 (VIOLATED)
_1041_/B                                0.100000    0.145576   -0.045576 (VIOLATED)
_1042_/B                                0.100000    0.145576   -0.045576 (VIOLATED)
_1045_/D                                0.100000    0.145576   -0.045576 (VIOLATED)
_1046_/A3                               0.100000    0.145576   -0.045576 (VIOLATED)
_0861_/Y                                0.100000    0.145237   -0.045237 (VIOLATED)
_1241_/D                                0.100000    0.145237   -0.045237 (VIOLATED)
_0537_/A2                               0.100000    0.144077   -0.044077 (VIOLATED)
_0574_/S                                0.100000    0.144077   -0.044077 (VIOLATED)
_0575_/A1                               0.100000    0.144077   -0.044077 (VIOLATED)
_0576_/A                                0.100000    0.144077   -0.044077 (VIOLATED)
_0580_/A                                0.100000    0.144077   -0.044077 (VIOLATED)
_1058_/Q                                0.100000    0.144077   -0.044077 (VIOLATED)
_0885_/S                                0.100000    0.142992   -0.042992 (VIOLATED)
_0886_/S                                0.100000    0.142990   -0.042990 (VIOLATED)
_0888_/S                                0.100000    0.142984   -0.042984 (VIOLATED)
_0970_/S                                0.100000    0.142954   -0.042954 (VIOLATED)
_0969_/S                                0.100000    0.142951   -0.042951 (VIOLATED)
_0966_/S                                0.100000    0.142931   -0.042931 (VIOLATED)
_0614_/X                                0.100000    0.142882   -0.042882 (VIOLATED)
_0615_/B                                0.100000    0.142882   -0.042882 (VIOLATED)
_0616_/A_N                              0.100000    0.142882   -0.042882 (VIOLATED)
_0618_/A0                               0.100000    0.142882   -0.042882 (VIOLATED)
_0619_/C                                0.100000    0.142882   -0.042882 (VIOLATED)
_0620_/A3                               0.100000    0.142882   -0.042882 (VIOLATED)
_0964_/S                                0.100000    0.142843   -0.042843 (VIOLATED)
_0963_/S                                0.100000    0.142833   -0.042833 (VIOLATED)
_0975_/S                                0.100000    0.142812   -0.042812 (VIOLATED)
_0868_/A2                               0.100000    0.142769   -0.042769 (VIOLATED)
_0869_/A2                               0.100000    0.142769   -0.042769 (VIOLATED)
_0871_/B                                0.100000    0.142769   -0.042769 (VIOLATED)
_0873_/A2                               0.100000    0.142769   -0.042769 (VIOLATED)
_1244_/Q                                0.100000    0.142769   -0.042769 (VIOLATED)
_0984_/S                                0.100000    0.142735   -0.042735 (VIOLATED)
_0980_/S                                0.100000    0.142726   -0.042726 (VIOLATED)
_0552_/A                                0.100000    0.142723   -0.042723 (VIOLATED)
_0837_/S                                0.100000    0.142723   -0.042723 (VIOLATED)
_0845_/A2                               0.100000    0.142723   -0.042723 (VIOLATED)
_1232_/Q                                0.100000    0.142723   -0.042723 (VIOLATED)
rebuffer485/A                           0.100000    0.142723   -0.042723 (VIOLATED)
_0981_/S                                0.100000    0.142718   -0.042718 (VIOLATED)
_0977_/S                                0.100000    0.142714   -0.042714 (VIOLATED)
_0955_/S                                0.100000    0.142687   -0.042687 (VIOLATED)
_0943_/S                                0.100000    0.142680   -0.042680 (VIOLATED)
_0944_/S                                0.100000    0.142679   -0.042679 (VIOLATED)
_0942_/S                                0.100000    0.142666   -0.042666 (VIOLATED)
_0946_/S                                0.100000    0.142666   -0.042666 (VIOLATED)
_0941_/S                                0.100000    0.142658   -0.042658 (VIOLATED)
_0940_/S                                0.100000    0.142657   -0.042657 (VIOLATED)
_0957_/S                                0.100000    0.142637   -0.042637 (VIOLATED)
_0939_/S                                0.100000    0.142615   -0.042615 (VIOLATED)
_0938_/S                                0.100000    0.142566   -0.042566 (VIOLATED)
_0959_/S                                0.100000    0.142513   -0.042513 (VIOLATED)
_0936_/S                                0.100000    0.142510   -0.042510 (VIOLATED)
_0961_/S                                0.100000    0.142428   -0.042428 (VIOLATED)
clone31/X                               0.100000    0.142386   -0.042386 (VIOLATED)
_0866_/Y                                0.100000    0.140425   -0.040425 (VIOLATED)
_0867_/B1                               0.100000    0.140425   -0.040425 (VIOLATED)
_0868_/Y                                0.100000    0.139102   -0.039102 (VIOLATED)
_0869_/B1                               0.100000    0.139102   -0.039102 (VIOLATED)
_0863_/C                                0.100000    0.138482   -0.038482 (VIOLATED)
rebuffer832/A                           0.100000    0.138481   -0.038481 (VIOLATED)
rebuffer830/A                           0.100000    0.138481   -0.038481 (VIOLATED)
rebuffer18/A                            0.100000    0.138479   -0.038479 (VIOLATED)
rebuffer805/A                           0.100000    0.138476   -0.038476 (VIOLATED)
split3/A                                0.100000    0.138472   -0.038472 (VIOLATED)
_1248_/Q                                0.100000    0.138469   -0.038469 (VIOLATED)
rebuffer629/A                           0.100000    0.138469   -0.038469 (VIOLATED)
rebuffer804/A                           0.100000    0.138469   -0.038469 (VIOLATED)
_0547_/C                                0.100000    0.137450   -0.037450 (VIOLATED)
_0683_/B1                               0.100000    0.137449   -0.037449 (VIOLATED)
_1094_/Q                                0.100000    0.137449   -0.037449 (VIOLATED)
_0855_/C                                0.100000    0.135383   -0.035383 (VIOLATED)
_0847_/B                                0.100000    0.135382   -0.035382 (VIOLATED)
_1033_/B1                               0.100000    0.135381   -0.035381 (VIOLATED)
_0864_/A2                               0.100000    0.135380   -0.035380 (VIOLATED)
_0874_/A                                0.100000    0.135380   -0.035380 (VIOLATED)
clone29/Y                               0.100000    0.135380   -0.035380 (VIOLATED)
_0562_/C                                0.100000    0.135145   -0.035145 (VIOLATED)
_1028_/A                                0.100000    0.135145   -0.035145 (VIOLATED)
_1029_/A                                0.100000    0.135145   -0.035145 (VIOLATED)
_1030_/A1                               0.100000    0.135145   -0.035145 (VIOLATED)
_1388_/Q                                0.100000    0.135145   -0.035145 (VIOLATED)
_0564_/A1                               0.100000    0.134804   -0.034804 (VIOLATED)
_1024_/A                                0.100000    0.134804   -0.034804 (VIOLATED)
_1025_/A                                0.100000    0.134804   -0.034804 (VIOLATED)
_1026_/A1                               0.100000    0.134804   -0.034804 (VIOLATED)
_1386_/Q                                0.100000    0.134804   -0.034804 (VIOLATED)
_0641_/X                                0.100000    0.134628   -0.034628 (VIOLATED)
_0642_/A2                               0.100000    0.134628   -0.034628 (VIOLATED)
_0643_/A2                               0.100000    0.134628   -0.034628 (VIOLATED)
_0646_/A                                0.100000    0.134628   -0.034628 (VIOLATED)
_0649_/B                                0.100000    0.134628   -0.034628 (VIOLATED)
_0595_/Y                                0.100000    0.134579   -0.034579 (VIOLATED)
_0597_/B1                               0.100000    0.134579   -0.034579 (VIOLATED)
_0598_/A1                               0.100000    0.134579   -0.034579 (VIOLATED)
_0586_/A2                               0.100000    0.133456   -0.033456 (VIOLATED)
_0539_/C                                0.100000    0.133456   -0.033456 (VIOLATED)
_0585_/S                                0.100000    0.133456   -0.033456 (VIOLATED)
_0587_/B                                0.100000    0.133456   -0.033456 (VIOLATED)
_1062_/Q                                0.100000    0.133456   -0.033456 (VIOLATED)
_0700_/X                                0.100000    0.132056   -0.032056 (VIOLATED)
_0704_/B                                0.100000    0.132056   -0.032056 (VIOLATED)
_0705_/B1                               0.100000    0.132056   -0.032056 (VIOLATED)
rebuffer23/A                            0.100000    0.132056   -0.032056 (VIOLATED)
_1027_/B                                0.100000    0.131867   -0.031867 (VIOLATED)
_1026_/Y                                0.100000    0.131867   -0.031867 (VIOLATED)
_0538_/B                                0.100000    0.131855   -0.031855 (VIOLATED)
_0594_/B                                0.100000    0.131855   -0.031855 (VIOLATED)
_0597_/A1                               0.100000    0.131855   -0.031855 (VIOLATED)
_0599_/A1                               0.100000    0.131855   -0.031855 (VIOLATED)
_0600_/B                                0.100000    0.131855   -0.031855 (VIOLATED)
_1065_/Q                                0.100000    0.131855   -0.031855 (VIOLATED)
_0851_/Y                                0.100000    0.131440   -0.031440 (VIOLATED)
_0853_/A                                0.100000    0.131440   -0.031440 (VIOLATED)
_1045_/X                                0.100000    0.131035   -0.031035 (VIOLATED)
_1047_/A_N                              0.100000    0.131035   -0.031035 (VIOLATED)
_1048_/B                                0.100000    0.131035   -0.031035 (VIOLATED)
_1049_/C                                0.100000    0.131035   -0.031035 (VIOLATED)
_1050_/A2                               0.100000    0.131035   -0.031035 (VIOLATED)
_0552_/B                                0.100000    0.130294   -0.030294 (VIOLATED)
_0840_/B                                0.100000    0.130294   -0.030294 (VIOLATED)
_0842_/B1                               0.100000    0.130294   -0.030294 (VIOLATED)
_1233_/Q                                0.100000    0.130294   -0.030294 (VIOLATED)
rebuffer489/A                           0.100000    0.130294   -0.030294 (VIOLATED)
_0582_/Y                                0.100000    0.129776   -0.029776 (VIOLATED)
_0584_/B1                               0.100000    0.129776   -0.029776 (VIOLATED)
_0585_/A1                               0.100000    0.129776   -0.029776 (VIOLATED)
_0621_/A                                0.100000    0.128703   -0.028703 (VIOLATED)
_0560_/X                                0.100000    0.128703   -0.028703 (VIOLATED)
_0575_/A2                               0.100000    0.128703   -0.028703 (VIOLATED)
_0583_/A                                0.100000    0.128703   -0.028703 (VIOLATED)
_0596_/B                                0.100000    0.128703   -0.028703 (VIOLATED)
_0697_/Y                                0.100000    0.128383   -0.028383 (VIOLATED)
_0698_/B1                               0.100000    0.128383   -0.028383 (VIOLATED)
_0716_/S                                0.100000    0.128303   -0.028303 (VIOLATED)
_0737_/S                                0.100000    0.128299   -0.028299 (VIOLATED)
_0736_/S                                0.100000    0.128299   -0.028299 (VIOLATED)
_0738_/S                                0.100000    0.128290   -0.028290 (VIOLATED)
_0739_/S                                0.100000    0.128283   -0.028283 (VIOLATED)
_0740_/S                                0.100000    0.128254   -0.028254 (VIOLATED)
_0712_/S                                0.100000    0.128167   -0.028167 (VIOLATED)
_0710_/S                                0.100000    0.128128   -0.028128 (VIOLATED)
_0711_/S                                0.100000    0.128080   -0.028080 (VIOLATED)
_1011_/A                                0.100000    0.128072   -0.028072 (VIOLATED)
_0713_/S                                0.100000    0.128061   -0.028061 (VIOLATED)
_0687_/A0                               0.100000    0.128056   -0.028056 (VIOLATED)
_0666_/A0                               0.100000    0.128031   -0.028031 (VIOLATED)
split1/X                                0.100000    0.127914   -0.027914 (VIOLATED)
_0539_/B                                0.100000    0.127600   -0.027600 (VIOLATED)
_0581_/A                                0.100000    0.127600   -0.027600 (VIOLATED)
_0584_/A1                               0.100000    0.127600   -0.027600 (VIOLATED)
_0586_/A1                               0.100000    0.127600   -0.027600 (VIOLATED)
_0587_/A                                0.100000    0.127600   -0.027600 (VIOLATED)
_1061_/Q                                0.100000    0.127600   -0.027600 (VIOLATED)
_0554_/C                                0.100000    0.127340   -0.027340 (VIOLATED)
_0854_/B1                               0.100000    0.127340   -0.027340 (VIOLATED)
_1238_/Q                                0.100000    0.127340   -0.027340 (VIOLATED)
_0546_/B                                0.100000    0.126750   -0.026750 (VIOLATED)
_0677_/A                                0.100000    0.126750   -0.026750 (VIOLATED)
_0678_/A0                               0.100000    0.126750   -0.026750 (VIOLATED)
_0681_/A3                               0.100000    0.126750   -0.026750 (VIOLATED)
_1092_/Q                                0.100000    0.126750   -0.026750 (VIOLATED)
_0627_/X                                0.100000    0.125845   -0.025845 (VIOLATED)
_0628_/B                                0.100000    0.125845   -0.025845 (VIOLATED)
_0630_/A0                               0.100000    0.125845   -0.025845 (VIOLATED)
_0632_/C                                0.100000    0.125845   -0.025845 (VIOLATED)
_0636_/A                                0.100000    0.125845   -0.025845 (VIOLATED)
_0608_/X                                0.100000    0.124202   -0.024202 (VIOLATED)
_0609_/B                                0.100000    0.124202   -0.024202 (VIOLATED)
_0610_/B1                               0.100000    0.124202   -0.024202 (VIOLATED)
_0612_/A2                               0.100000    0.124202   -0.024202 (VIOLATED)
_0563_/D                                0.100000    0.123732   -0.023732 (VIOLATED)
_1020_/A                                0.100000    0.123732   -0.023732 (VIOLATED)
_1021_/A                                0.100000    0.123732   -0.023732 (VIOLATED)
_1022_/A1                               0.100000    0.123732   -0.023732 (VIOLATED)
_1384_/Q                                0.100000    0.123732   -0.023732 (VIOLATED)
output7/A                               0.100000    0.123435   -0.023435 (VIOLATED)
_1013_/B                                0.100000    0.123435   -0.023435 (VIOLATED)
_1015_/A2                               0.100000    0.123433   -0.023433 (VIOLATED)
_0531_/A                                0.100000    0.123431   -0.023431 (VIOLATED)
_1017_/D                                0.100000    0.123429   -0.023429 (VIOLATED)
_1014_/C                                0.100000    0.123428   -0.023428 (VIOLATED)
_1035_/B                                0.100000    0.123423   -0.023423 (VIOLATED)
_1034_/B                                0.100000    0.123422   -0.023422 (VIOLATED)
_1038_/B                                0.100000    0.123420   -0.023420 (VIOLATED)
_1039_/A2                               0.100000    0.123418   -0.023418 (VIOLATED)
_1392_/Q                                0.100000    0.123417   -0.023417 (VIOLATED)
_0534_/A                                0.100000    0.122417   -0.022417 (VIOLATED)
_0642_/A1                               0.100000    0.122417   -0.022417 (VIOLATED)
_0643_/A1                               0.100000    0.122417   -0.022417 (VIOLATED)
_0644_/A1                               0.100000    0.122417   -0.022417 (VIOLATED)
_0645_/A                                0.100000    0.122417   -0.022417 (VIOLATED)
_1080_/Q                                0.100000    0.122417   -0.022417 (VIOLATED)
_0555_/B                                0.100000    0.122402   -0.022402 (VIOLATED)
_0856_/C                                0.100000    0.122402   -0.022402 (VIOLATED)
_1239_/Q                                0.100000    0.122402   -0.022402 (VIOLATED)
_0855_/A                                0.100000    0.121406   -0.021406 (VIOLATED)
_0555_/A                                0.100000    0.121406   -0.021406 (VIOLATED)
_0856_/B                                0.100000    0.121405   -0.021405 (VIOLATED)
_0554_/Y                                0.100000    0.121405   -0.021405 (VIOLATED)
clkbuf_4_4_0_A_in_serial_clk/A          0.100000    0.120885   -0.020885 (VIOLATED)
clkbuf_4_5_0_A_in_serial_clk/A          0.100000    0.120877   -0.020877 (VIOLATED)
clkbuf_4_6_0_A_in_serial_clk/A          0.100000    0.120853   -0.020853 (VIOLATED)
clkbuf_4_14_0_A_in_serial_clk/A         0.100000    0.120849   -0.020849 (VIOLATED)
clkbuf_4_15_0_A_in_serial_clk/A         0.100000    0.120848   -0.020848 (VIOLATED)
clkbuf_4_7_0_A_in_serial_clk/A          0.100000    0.120847   -0.020847 (VIOLATED)
clkbuf_4_1_0_A_in_serial_clk/A          0.100000    0.120847   -0.020847 (VIOLATED)
clkbuf_4_0_0_A_in_serial_clk/A          0.100000    0.120836   -0.020836 (VIOLATED)
clkbuf_4_13_0_A_in_serial_clk/A         0.100000    0.120812   -0.020812 (VIOLATED)
clkbuf_4_2_0_A_in_serial_clk/A          0.100000    0.120811   -0.020811 (VIOLATED)
clkbuf_4_11_0_A_in_serial_clk/A         0.100000    0.120793   -0.020793 (VIOLATED)
clkbuf_4_12_0_A_in_serial_clk/A         0.100000    0.120793   -0.020793 (VIOLATED)
clkbuf_4_3_0_A_in_serial_clk/A          0.100000    0.120789   -0.020789 (VIOLATED)
clkbuf_4_10_0_A_in_serial_clk/A         0.100000    0.120789   -0.020789 (VIOLATED)
clkbuf_4_8_0_A_in_serial_clk/A          0.100000    0.120773   -0.020773 (VIOLATED)
clkbuf_4_9_0_A_in_serial_clk/A          0.100000    0.120748   -0.020748 (VIOLATED)
clkbuf_0_A_in_serial_clk/X              0.100000    0.120696   -0.020696 (VIOLATED)
_0695_/Y                                0.100000    0.120117   -0.020117 (VIOLATED)
_0696_/B1                               0.100000    0.120117   -0.020117 (VIOLATED)
clkbuf_4_4_0_B_in_serial_clk/A          0.100000    0.119806   -0.019806 (VIOLATED)
clkbuf_4_5_0_B_in_serial_clk/A          0.100000    0.119800   -0.019800 (VIOLATED)
_0559_/Y                                0.100000    0.119788   -0.019788 (VIOLATED)
_0561_/B                                0.100000    0.119788   -0.019788 (VIOLATED)
_0566_/A1                               0.100000    0.119788   -0.019788 (VIOLATED)
clkbuf_4_14_0_B_in_serial_clk/A         0.100000    0.119762   -0.019762 (VIOLATED)
clkbuf_4_1_0_B_in_serial_clk/A          0.100000    0.119761   -0.019761 (VIOLATED)
clkbuf_4_0_0_B_in_serial_clk/A          0.100000    0.119759   -0.019759 (VIOLATED)
clkbuf_4_15_0_B_in_serial_clk/A         0.100000    0.119757   -0.019757 (VIOLATED)
clkbuf_4_7_0_B_in_serial_clk/A          0.100000    0.119756   -0.019756 (VIOLATED)
clkbuf_4_13_0_B_in_serial_clk/A         0.100000    0.119741   -0.019741 (VIOLATED)
clkbuf_4_2_0_B_in_serial_clk/A          0.100000    0.119741   -0.019741 (VIOLATED)
clkbuf_4_6_0_B_in_serial_clk/A          0.100000    0.119735   -0.019735 (VIOLATED)
clkbuf_4_10_0_B_in_serial_clk/A         0.100000    0.119733   -0.019733 (VIOLATED)
clkbuf_4_11_0_B_in_serial_clk/A         0.100000    0.119733   -0.019733 (VIOLATED)
clkbuf_4_3_0_B_in_serial_clk/A          0.100000    0.119717   -0.019717 (VIOLATED)
clkbuf_4_8_0_B_in_serial_clk/A          0.100000    0.119711   -0.019711 (VIOLATED)
clkbuf_4_12_0_B_in_serial_clk/A         0.100000    0.119709   -0.019709 (VIOLATED)
clkbuf_4_9_0_B_in_serial_clk/A          0.100000    0.119708   -0.019708 (VIOLATED)
clkbuf_0_B_in_serial_clk/X              0.100000    0.119626   -0.019626 (VIOLATED)
_0628_/Y                                0.100000    0.118983   -0.018983 (VIOLATED)
_0629_/B                                0.100000    0.118983   -0.018983 (VIOLATED)
_0630_/A1                               0.100000    0.118983   -0.018983 (VIOLATED)
_0692_/X                                0.100000    0.118857   -0.018857 (VIOLATED)
_0700_/C                                0.100000    0.118857   -0.018857 (VIOLATED)
rebuffer12/A                            0.100000    0.118857   -0.018857 (VIOLATED)
_0534_/C                                0.100000    0.118848   -0.018848 (VIOLATED)
_0648_/A                                0.100000    0.118848   -0.018848 (VIOLATED)
_0649_/A                                0.100000    0.118848   -0.018848 (VIOLATED)
_0652_/A                                0.100000    0.118848   -0.018848 (VIOLATED)
_1082_/Q                                0.100000    0.118848   -0.018848 (VIOLATED)
_0864_/Y                                0.100000    0.118051   -0.018051 (VIOLATED)
_0865_/B                                0.100000    0.118051   -0.018051 (VIOLATED)
_0670_/Y                                0.100000    0.117981   -0.017981 (VIOLATED)
_0672_/A                                0.100000    0.117981   -0.017981 (VIOLATED)
_0673_/A1                               0.100000    0.117981   -0.017981 (VIOLATED)
_0878_/B                                0.100000    0.117891   -0.017891 (VIOLATED)
_0876_/A2                               0.100000    0.117889   -0.017889 (VIOLATED)
_0866_/A2                               0.100000    0.117888   -0.017888 (VIOLATED)
_0868_/A1                               0.100000    0.117885   -0.017885 (VIOLATED)
rebuffer721/A                           0.100000    0.117882   -0.017882 (VIOLATED)
_0856_/A                                0.100000    0.117882   -0.017882 (VIOLATED)
_0839_/Y                                0.100000    0.117880   -0.017880 (VIOLATED)
_0660_/Y                                0.100000    0.117842   -0.017842 (VIOLATED)
_1085_/D                                0.100000    0.117842   -0.017842 (VIOLATED)
_0688_/B1                               0.100000    0.117586   -0.017586 (VIOLATED)
_0689_/C                                0.100000    0.117586   -0.017586 (VIOLATED)
_0691_/B                                0.100000    0.117586   -0.017586 (VIOLATED)
_0692_/C                                0.100000    0.117586   -0.017586 (VIOLATED)
_1097_/Q                                0.100000    0.117586   -0.017586 (VIOLATED)
_0859_/B1                               0.100000    0.117305   -0.017305 (VIOLATED)
_0860_/C                                0.100000    0.117305   -0.017305 (VIOLATED)
_0862_/B                                0.100000    0.117305   -0.017305 (VIOLATED)
_0863_/A                                0.100000    0.117305   -0.017305 (VIOLATED)
_1241_/Q                                0.100000    0.117305   -0.017305 (VIOLATED)
_0863_/X                                0.100000    0.117214   -0.017214 (VIOLATED)
_0865_/A                                0.100000    0.117214   -0.017214 (VIOLATED)
_0871_/C                                0.100000    0.117214   -0.017214 (VIOLATED)
rebuffer17/A                            0.100000    0.117214   -0.017214 (VIOLATED)
rebuffer800/A                           0.100000    0.117214   -0.017214 (VIOLATED)
_0538_/C                                0.100000    0.116800   -0.016800 (VIOLATED)
_0598_/S                                0.100000    0.116800   -0.016800 (VIOLATED)
_0599_/A2                               0.100000    0.116800   -0.016800 (VIOLATED)
_0600_/C                                0.100000    0.116800   -0.016800 (VIOLATED)
_1066_/Q                                0.100000    0.116800   -0.016800 (VIOLATED)
_0535_/B                                0.100000    0.116437   -0.016437 (VIOLATED)
_0631_/B1                               0.100000    0.116437   -0.016437 (VIOLATED)
_0632_/B                                0.100000    0.116437   -0.016437 (VIOLATED)
_0635_/B                                0.100000    0.116437   -0.016437 (VIOLATED)
_1077_/Q                                0.100000    0.116437   -0.016437 (VIOLATED)
_0617_/A2                               0.100000    0.116269   -0.016269 (VIOLATED)
_0615_/Y                                0.100000    0.116233   -0.016233 (VIOLATED)
_0618_/A1                               0.100000    0.116233   -0.016233 (VIOLATED)
_0569_/X                                0.100000    0.116163   -0.016163 (VIOLATED)
_0572_/A                                0.100000    0.116163   -0.016163 (VIOLATED)
_0574_/A0                               0.100000    0.116163   -0.016163 (VIOLATED)
_0576_/C                                0.100000    0.116163   -0.016163 (VIOLATED)
_0581_/B                                0.100000    0.116163   -0.016163 (VIOLATED)
_0540_/C                                0.100000    0.116121   -0.016121 (VIOLATED)
_0610_/A1                               0.100000    0.116121   -0.016121 (VIOLATED)
_0611_/C                                0.100000    0.116121   -0.016121 (VIOLATED)
_0612_/A1                               0.100000    0.116121   -0.016121 (VIOLATED)
_1070_/Q                                0.100000    0.116121   -0.016121 (VIOLATED)
_0541_/C                                0.100000    0.116008   -0.016008 (VIOLATED)
_0624_/S                                0.100000    0.116008   -0.016008 (VIOLATED)
_0625_/A3                               0.100000    0.116008   -0.016008 (VIOLATED)
_0626_/C                                0.100000    0.116008   -0.016008 (VIOLATED)
_1074_/Q                                0.100000    0.116008   -0.016008 (VIOLATED)
_0544_/B1                               0.100000    0.115707   -0.015707 (VIOLATED)
_0641_/A                                0.100000    0.115707   -0.015707 (VIOLATED)
_0567_/A1                               0.100000    0.115704   -0.015704 (VIOLATED)
_0569_/A                                0.100000    0.115703   -0.015703 (VIOLATED)
_0589_/A                                0.100000    0.115703   -0.015703 (VIOLATED)
_0559_/B                                0.100000    0.115702   -0.015702 (VIOLATED)
_0566_/A0                               0.100000    0.115701   -0.015701 (VIOLATED)
_0570_/A_N                              0.100000    0.115701   -0.015701 (VIOLATED)
_0560_/B                                0.100000    0.115700   -0.015700 (VIOLATED)
_0571_/A_N                              0.100000    0.115698   -0.015698 (VIOLATED)
_1379_/Q                                0.100000    0.115697   -0.015697 (VIOLATED)
_0568_/X                                0.100000    0.115425   -0.015425 (VIOLATED)
_0575_/A3                               0.100000    0.115425   -0.015425 (VIOLATED)
_0583_/B                                0.100000    0.115425   -0.015425 (VIOLATED)
_0588_/A                                0.100000    0.115425   -0.015425 (VIOLATED)
_0589_/B                                0.100000    0.115425   -0.015425 (VIOLATED)
_0610_/Y                                0.100000    0.115055   -0.015055 (VIOLATED)
_0612_/B1                               0.100000    0.115055   -0.015055 (VIOLATED)
_0690_/Y                                0.100000    0.114960   -0.014960 (VIOLATED)
_1097_/D                                0.100000    0.114960   -0.014960 (VIOLATED)
_0577_/Y                                0.100000    0.114941   -0.014941 (VIOLATED)
_0578_/B                                0.100000    0.114941   -0.014941 (VIOLATED)
_0579_/A1                               0.100000    0.114941   -0.014941 (VIOLATED)
_1024_/X                                0.100000    0.114695   -0.014695 (VIOLATED)
_1386_/D                                0.100000    0.114695   -0.014695 (VIOLATED)
_1030_/Y                                0.100000    0.114582   -0.014582 (VIOLATED)
_1031_/B                                0.100000    0.114582   -0.014582 (VIOLATED)
_1044_/A                                0.100000    0.114493   -0.014493 (VIOLATED)
_1045_/B                                0.100000    0.114493   -0.014493 (VIOLATED)
_1046_/A2                               0.100000    0.114493   -0.014493 (VIOLATED)
_1397_/Q                                0.100000    0.114493   -0.014493 (VIOLATED)
_1050_/Y                                0.100000    0.114372   -0.014372 (VIOLATED)
_1051_/B                                0.100000    0.114372   -0.014372 (VIOLATED)
_1055_/Y                                0.100000    0.113705   -0.013705 (VIOLATED)
_1402_/D                                0.100000    0.113705   -0.013705 (VIOLATED)
max_cap13/A                             0.100000    0.112947   -0.012947 (VIOLATED)
rebuffer25/A                            0.100000    0.112946   -0.012946 (VIOLATED)
rebuffer6/A                             0.100000    0.112946   -0.012946 (VIOLATED)
_0668_/A_N                              0.100000    0.112944   -0.012944 (VIOLATED)
rebuffer802/A                           0.100000    0.112944   -0.012944 (VIOLATED)
_0550_/A                                0.100000    0.112943   -0.012943 (VIOLATED)
_1104_/Q                                0.100000    0.112943   -0.012943 (VIOLATED)
_1037_/A                                0.100000    0.112238   -0.012238 (VIOLATED)
_1038_/C                                0.100000    0.112238   -0.012238 (VIOLATED)
_1039_/A3                               0.100000    0.112238   -0.012238 (VIOLATED)
_1394_/Q                                0.100000    0.112238   -0.012238 (VIOLATED)
_0536_/A                                0.100000    0.112149   -0.012149 (VIOLATED)
_0655_/A                                0.100000    0.112149   -0.012149 (VIOLATED)
_0656_/A                                0.100000    0.112149   -0.012149 (VIOLATED)
_0659_/A                                0.100000    0.112149   -0.012149 (VIOLATED)
_0662_/A                                0.100000    0.112149   -0.012149 (VIOLATED)
_1084_/Q                                0.100000    0.112149   -0.012149 (VIOLATED)
_1391_/D                                0.100000    0.112024   -0.012024 (VIOLATED)
_1033_/Y                                0.100000    0.112024   -0.012024 (VIOLATED)
_1037_/Y                                0.100000    0.111445   -0.011445 (VIOLATED)
_1394_/D                                0.100000    0.111445   -0.011445 (VIOLATED)
_1013_/X                                0.100000    0.110265   -0.010265 (VIOLATED)
_1381_/D                                0.100000    0.110265   -0.010265 (VIOLATED)
_0566_/S                                0.100000    0.110132   -0.010132 (VIOLATED)
_0567_/A2                               0.100000    0.110132   -0.010132 (VIOLATED)
_0568_/A                                0.100000    0.110132   -0.010132 (VIOLATED)
_0569_/B                                0.100000    0.110132   -0.010132 (VIOLATED)
_1056_/Q                                0.100000    0.110132   -0.010132 (VIOLATED)
_0553_/A                                0.100000    0.109933   -0.009933 (VIOLATED)
_0848_/B                                0.100000    0.109933   -0.009933 (VIOLATED)
_0849_/A0                               0.100000    0.109933   -0.009933 (VIOLATED)
_1236_/Q                                0.100000    0.109933   -0.009933 (VIOLATED)
_0558_/B                                0.100000    0.109800   -0.009800 (VIOLATED)
_1010_/A1                               0.100000    0.109799   -0.009799 (VIOLATED)
_0837_/A1                               0.100000    0.109799   -0.009799 (VIOLATED)
_0858_/A1                               0.100000    0.109799   -0.009799 (VIOLATED)
_0556_/Y                                0.100000    0.109799   -0.009799 (VIOLATED)
_0536_/B                                0.100000    0.109321   -0.009321 (VIOLATED)
_0658_/A                                0.100000    0.109321   -0.009321 (VIOLATED)
_0659_/B                                0.100000    0.109321   -0.009321 (VIOLATED)
_0662_/B                                0.100000    0.109321   -0.009321 (VIOLATED)
_1085_/Q                                0.100000    0.109321   -0.009321 (VIOLATED)
_0537_/B1                               0.100000    0.108449   -0.008449 (VIOLATED)
_0575_/B1                               0.100000    0.108449   -0.008449 (VIOLATED)
_0576_/B                                0.100000    0.108449   -0.008449 (VIOLATED)
_0580_/B                                0.100000    0.108449   -0.008449 (VIOLATED)
_1059_/Q                                0.100000    0.108449   -0.008449 (VIOLATED)
_0540_/B                                0.100000    0.108348   -0.008348 (VIOLATED)
_0607_/A1                               0.100000    0.108348   -0.008348 (VIOLATED)
_0608_/B                                0.100000    0.108348   -0.008348 (VIOLATED)
_0611_/B                                0.100000    0.108348   -0.008348 (VIOLATED)
_1069_/Q                                0.100000    0.108348   -0.008348 (VIOLATED)
_0643_/Y                                0.100000    0.108144   -0.008144 (VIOLATED)
_1080_/D                                0.100000    0.108144   -0.008144 (VIOLATED)
_0640_/X                                0.100000    0.107794   -0.007794 (VIOLATED)
_0641_/D                                0.100000    0.107794   -0.007794 (VIOLATED)
_0644_/A3                               0.100000    0.107794   -0.007794 (VIOLATED)
_0653_/C                                0.100000    0.107794   -0.007794 (VIOLATED)
_1015_/Y                                0.100000    0.107708   -0.007708 (VIOLATED)
_1016_/B                                0.100000    0.107708   -0.007708 (VIOLATED)
_0545_/X                                0.100000    0.107077   -0.007077 (VIOLATED)
_0546_/A                                0.100000    0.107077   -0.007077 (VIOLATED)
_0681_/A2                               0.100000    0.107077   -0.007077 (VIOLATED)
rebuffer481/A                           0.100000    0.107077   -0.007077 (VIOLATED)
_1044_/Y                                0.100000    0.106588   -0.006588 (VIOLATED)
_1397_/D                                0.100000    0.106588   -0.006588 (VIOLATED)
_0821_/S                                0.100000    0.105574   -0.005574 (VIOLATED)
_0751_/S                                0.100000    0.105564   -0.005564 (VIOLATED)
_0818_/S                                0.100000    0.105557   -0.005557 (VIOLATED)
_0813_/S                                0.100000    0.105536   -0.005536 (VIOLATED)
_0811_/S                                0.100000    0.105532   -0.005532 (VIOLATED)
_0809_/S                                0.100000    0.105478   -0.005478 (VIOLATED)
_0804_/S                                0.100000    0.105343   -0.005343 (VIOLATED)
_0803_/S                                0.100000    0.105309   -0.005309 (VIOLATED)
_0826_/S                                0.100000    0.105198   -0.005198 (VIOLATED)
_0693_/Y                                0.100000    0.105152   -0.005152 (VIOLATED)
_0694_/B                                0.100000    0.105152   -0.005152 (VIOLATED)
_0792_/S                                0.100000    0.105058   -0.005058 (VIOLATED)
_0841_/Y                                0.100000    0.105023   -0.005023 (VIOLATED)
_0843_/A                                0.100000    0.105023   -0.005023 (VIOLATED)
_0844_/A1                               0.100000    0.105023   -0.005023 (VIOLATED)
_0748_/S                                0.100000    0.105021   -0.005021 (VIOLATED)
_0747_/S                                0.100000    0.105020   -0.005020 (VIOLATED)
_0745_/S                                0.100000    0.105006   -0.005006 (VIOLATED)
_1048_/A                                0.100000    0.104980   -0.004980 (VIOLATED)
_1049_/A                                0.100000    0.104980   -0.004980 (VIOLATED)
_1050_/A1                               0.100000    0.104980   -0.004980 (VIOLATED)
_1399_/Q                                0.100000    0.104980   -0.004980 (VIOLATED)
_0833_/S                                0.100000    0.104952   -0.004952 (VIOLATED)
_0829_/S                                0.100000    0.104949   -0.004949 (VIOLATED)
_0744_/S                                0.100000    0.104938   -0.004938 (VIOLATED)
_1032_/X                                0.100000    0.104920   -0.004920 (VIOLATED)
_1390_/D                                0.100000    0.104920   -0.004920 (VIOLATED)
max_cap12/X                             0.100000    0.104886   -0.004886 (VIOLATED)
_0572_/Y                                0.100000    0.104770   -0.004770 (VIOLATED)
_0573_/B                                0.100000    0.104770   -0.004770 (VIOLATED)
_0574_/A1                               0.100000    0.104770   -0.004770 (VIOLATED)
_0544_/X                                0.100000    0.104754   -0.004754 (VIOLATED)
_0561_/A                                0.100000    0.104754   -0.004754 (VIOLATED)
_1380_/D                                0.100000    0.104754   -0.004754 (VIOLATED)
_0539_/A                                0.100000    0.104707   -0.004707 (VIOLATED)
_0579_/S                                0.100000    0.104707   -0.004707 (VIOLATED)
_0580_/C                                0.100000    0.104707   -0.004707 (VIOLATED)
_1060_/Q                                0.100000    0.104707   -0.004707 (VIOLATED)
_1028_/X                                0.100000    0.104417   -0.004417 (VIOLATED)
_1388_/D                                0.100000    0.104417   -0.004417 (VIOLATED)
_0580_/X                                0.100000    0.104232   -0.004232 (VIOLATED)
_0581_/C                                0.100000    0.104232   -0.004232 (VIOLATED)
_0583_/C                                0.100000    0.104232   -0.004232 (VIOLATED)
_0588_/B                                0.100000    0.104232   -0.004232 (VIOLATED)
_0589_/C                                0.100000    0.104232   -0.004232 (VIOLATED)
_0872_/A                                0.100000    0.104154   -0.004154 (VIOLATED)
rebuffer26/X                            0.100000    0.104154   -0.004154 (VIOLATED)
_0650_/Y                                0.100000    0.104109   -0.004109 (VIOLATED)
_1082_/D                                0.100000    0.104109   -0.004109 (VIOLATED)
_1020_/X                                0.100000    0.104043   -0.004043 (VIOLATED)
_1384_/D                                0.100000    0.104043   -0.004043 (VIOLATED)
_0637_/Y                                0.100000    0.103930   -0.003930 (VIOLATED)
_1078_/D                                0.100000    0.103930   -0.003930 (VIOLATED)
_0612_/Y                                0.100000    0.103771   -0.003771 (VIOLATED)
_1070_/D                                0.100000    0.103771   -0.003771 (VIOLATED)
_0842_/A1                               0.100000    0.103654   -0.003654 (VIOLATED)
_0845_/A1                               0.100000    0.103653   -0.003653 (VIOLATED)
_0852_/A3                               0.100000    0.103646   -0.003646 (VIOLATED)
_0854_/A1                               0.100000    0.103646   -0.003646 (VIOLATED)
_0873_/A3                               0.100000    0.103641   -0.003641 (VIOLATED)
_0851_/A2                               0.100000    0.103636   -0.003636 (VIOLATED)
_0859_/A1                               0.100000    0.103635   -0.003635 (VIOLATED)
_0557_/X                                0.100000    0.103634   -0.003634 (VIOLATED)
_0626_/X                                0.100000    0.103506   -0.003506 (VIOLATED)
_0627_/C                                0.100000    0.103506   -0.003506 (VIOLATED)
_0631_/A3                               0.100000    0.103506   -0.003506 (VIOLATED)
_0640_/B                                0.100000    0.103506   -0.003506 (VIOLATED)
_1048_/X                                0.100000    0.103243   -0.003243 (VIOLATED)
_1399_/D                                0.100000    0.103243   -0.003243 (VIOLATED)
_0860_/X                                0.100000    0.103005   -0.003005 (VIOLATED)
_0861_/C                                0.100000    0.103005   -0.003005 (VIOLATED)
_0864_/B1                               0.100000    0.103005   -0.003005 (VIOLATED)
_0871_/X                                0.100000    0.102848   -0.002848 (VIOLATED)
_0875_/B                                0.100000    0.102848   -0.002848 (VIOLATED)
rebuffer26/A                            0.100000    0.102848   -0.002848 (VIOLATED)
rebuffer27/A                            0.100000    0.102848   -0.002848 (VIOLATED)
_0879_/S                                0.100000    0.102563   -0.002563 (VIOLATED)
_0877_/A                                0.100000    0.102561   -0.002561 (VIOLATED)
_0875_/Y                                0.100000    0.102560   -0.002560 (VIOLATED)
_1034_/A                                0.100000    0.102421   -0.002421 (VIOLATED)
_1035_/A                                0.100000    0.102421   -0.002421 (VIOLATED)
_1038_/A                                0.100000    0.102421   -0.002421 (VIOLATED)
_1039_/A1                               0.100000    0.102421   -0.002421 (VIOLATED)
_1393_/Q                                0.100000    0.102421   -0.002421 (VIOLATED)
_0529_/A                                0.100000    0.102192   -0.002192 (VIOLATED)
_0536_/C                                0.100000    0.102192   -0.002192 (VIOLATED)
_0662_/C                                0.100000    0.102192   -0.002192 (VIOLATED)
_1086_/Q                                0.100000    0.102192   -0.002192 (VIOLATED)
_0840_/X                                0.100000    0.102156   -0.002156 (VIOLATED)
_0841_/A                                0.100000    0.102156   -0.002156 (VIOLATED)
_0844_/A0                               0.100000    0.102156   -0.002156 (VIOLATED)
_1022_/Y                                0.100000    0.101925   -0.001925 (VIOLATED)
_1023_/B                                0.100000    0.101925   -0.001925 (VIOLATED)
_0592_/Y                                0.100000    0.101835   -0.001835 (VIOLATED)
_0593_/B1                               0.100000    0.101835   -0.001835 (VIOLATED)
_0537_/A1                               0.100000    0.101596   -0.001596 (VIOLATED)
_0567_/B1                               0.100000    0.101596   -0.001596 (VIOLATED)
_0568_/B                                0.100000    0.101596   -0.001596 (VIOLATED)
_0569_/C                                0.100000    0.101596   -0.001596 (VIOLATED)
_1057_/Q                                0.100000    0.101596   -0.001596 (VIOLATED)
_0881_/Y                                0.100000    0.100998   -0.000998 (VIOLATED)
_1249_/D                                0.100000    0.100998   -0.000998 (VIOLATED)
_0696_/Y                                0.100000    0.100628   -0.000628 (VIOLATED)
_1099_/D                                0.100000    0.100628   -0.000628 (VIOLATED)
_0564_/A2                               0.100000    0.100445   -0.000445 (VIOLATED)
_1021_/B                                0.100000    0.100445   -0.000445 (VIOLATED)
_1022_/B1                               0.100000    0.100445   -0.000445 (VIOLATED)
_1385_/Q                                0.100000    0.100445   -0.000445 (VIOLATED)



===========================================================================
report_parasitic_annotation -report_unannotated
============================================================================
Found 31 unannotated drivers.
 Systolic4x4_serial_io_16/HI
 clkload0/Y
 clkload1/Y
 clkload10/X
 clkload11/Y
 clkload12/X
 clkload13/Y
 clkload14/X
 clkload15/Y
 clkload16/Y
 clkload17/Y
 clkload18/Y
 clkload19/Y
 clkload2/Y
 clkload20/Y
 clkload21/Y
 clkload22/Y
 clkload23/Y
 clkload24/Y
 clkload25/Y
 clkload26/Y
 clkload27/Y
 clkload28/Y
 clkload29/Y
 clkload3/X
 clkload4/Y
 clkload5/X
 clkload6/Y
 clkload7/Y
 clkload8/Y
 clkload9/X
Found 0 partially unannotated drivers.

===========================================================================
max slew violation count 762
max fanout violation count 0
max cap violation count 0
============================================================================

===========================================================================
check_setup -verbose -unconstrained_endpoints -multiple_clock -no_clock -no_input_delay -loops -generated_clocks
===========================================================================
Warning: There are 6 input ports missing set_input_delay.
  A_in_frame_sync
  A_in_serial_data
  B_in_frame_sync
  B_in_serial_data
  rst_n
  start
Warning: There is 1 unconstrained endpoint.
  C_out_serial_data
