
===========================================================================
Clock Skew (Hold)
============================================================================
======================= nom_tt_025C_1v80 Corner ===================================

Clock A_in_serial_clk
0.357544 source latency _1097_/CLK ^
-0.345175 target latency _1098_/CLK ^
0.000000 CRPR
--------------
0.012370 hold skew

Clock B_in_serial_clk
0.354121 source latency _1236_/CLK ^
-0.361308 target latency _1238_/CLK ^
0.000000 CRPR
--------------
-0.007187 hold skew

Clock clk
0.279605 source latency _1392_/CLK ^
-0.285734 target latency _1396_/CLK ^
-0.100000 clock uncertainty
0.000000 CRPR
--------------
-0.106129 hold skew

