
===========================================================================
Clock Skew (Setup)
============================================================================
======================= nom_tt_025C_1v80 Corner ===================================

Clock A_in_serial_clk
0.357544 source latency _1097_/CLK ^
-0.345175 target latency _1098_/CLK ^
0.000000 CRPR
--------------
0.012370 setup skew

Clock B_in_serial_clk
0.354121 source latency _1236_/CLK ^
-0.361308 target latency _1238_/CLK ^
0.000000 CRPR
--------------
-0.007187 setup skew

Clock clk
0.285474 source latency _1387_/CLK ^
-0.279605 target latency _1392_/CLK ^
0.100000 clock uncertainty
0.000000 CRPR
--------------
0.105869 setup skew

