
===========================================================================
report_checks -unconstrained
===========================================================================
======================= min_tt_025C_1v80 Corner ===================================

Startpoint: _1104_ (rising edge-triggered flip-flop clocked by A_in_serial_clk)
Endpoint: _1103_ (rising edge-triggered flip-flop clocked by A_in_serial_clk)
Path Group: A_in_serial_clk
Path Type: max

Fanout         Cap        Slew       Delay        Time   Description
---------------------------------------------------------------------------------------------
                                  0.000000    0.000000   clock A_in_serial_clk (rise edge)
                                  0.000000    0.000000   clock source latency
     1    0.021513    0.000000    0.000000    0.000000 ^ A_in_serial_clk (in)
                                                         A_in_serial_clk (net)
                      0.002203    0.001101    0.001101 ^ clkbuf_0_A_in_serial_clk/A (sky130_fd_sc_hd__clkbuf_16)
    16    0.102376    0.118154    0.172765    0.173867 ^ clkbuf_0_A_in_serial_clk/X (sky130_fd_sc_hd__clkbuf_16)
                                                         clknet_0_A_in_serial_clk (net)
                      0.118165    0.001234    0.175100 ^ clkbuf_4_10_0_A_in_serial_clk/A (sky130_fd_sc_hd__clkbuf_8)
    10    0.032975    0.070938    0.175125    0.350225 ^ clkbuf_4_10_0_A_in_serial_clk/X (sky130_fd_sc_hd__clkbuf_8)
                                                         clknet_4_10_0_A_in_serial_clk (net)
                      0.070938    0.000268    0.350493 ^ _1104_/CLK (sky130_fd_sc_hd__dfrtp_4)
     6    0.026832    0.088105    0.519900    0.870393 v _1104_/Q (sky130_fd_sc_hd__dfrtp_4)
                                                         deser_A.receiving (net)
                      0.088105    0.000348    0.870741 v max_cap13/A (sky130_fd_sc_hd__buf_12)
     2    0.005001    0.021685    0.134019    1.004761 v max_cap13/X (sky130_fd_sc_hd__buf_12)
                                                         net13 (net)
                      0.021685    0.000041    1.004802 v _0692_/A (sky130_fd_sc_hd__and4_1)
     2    0.009504    0.065454    0.164837    1.169639 v _0692_/X (sky130_fd_sc_hd__and4_1)
                                                         _0516_ (net)
                      0.065454    0.000178    1.169817 v _0700_/C (sky130_fd_sc_hd__and4_1)
     3    0.010691    0.070019    0.229701    1.399519 v _0700_/X (sky130_fd_sc_hd__and4_1)
                                                         _0521_ (net)
                      0.070019    0.000090    1.399609 v _0704_/B (sky130_fd_sc_hd__nand2_2)
     2    0.010046    0.070048    0.093638    1.493247 ^ _0704_/Y (sky130_fd_sc_hd__nand2_2)
                                                         _0524_ (net)
                      0.070048    0.000150    1.493397 ^ _0708_/S (sky130_fd_sc_hd__mux2_4)
     1    0.005172    0.053135    0.301149    1.794547 v _0708_/X (sky130_fd_sc_hd__mux2_4)
                                                         _0527_ (net)
                      0.053135    0.000039    1.794586 v _0709_/A (sky130_fd_sc_hd__inv_2)
     1    0.003359    0.025757    0.045657    1.840243 ^ _0709_/Y (sky130_fd_sc_hd__inv_2)
                                                         _0052_ (net)
                      0.025757    0.000040    1.840283 ^ _1103_/D (sky130_fd_sc_hd__dfrtp_1)
                                              1.840283   data arrival time

                                  2.000000    2.000000   clock A_in_serial_clk (rise edge)
                                  0.000000    2.000000   clock source latency
     1    0.021513    0.000000    0.000000    2.000000 ^ A_in_serial_clk (in)
                                                         A_in_serial_clk (net)
                      0.002203    0.001101    2.001101 ^ clkbuf_0_A_in_serial_clk/A (sky130_fd_sc_hd__clkbuf_16)
    16    0.102376    0.118154    0.172765    2.173867 ^ clkbuf_0_A_in_serial_clk/X (sky130_fd_sc_hd__clkbuf_16)
                                                         clknet_0_A_in_serial_clk (net)
                      0.118165    0.001264    2.175130 ^ clkbuf_4_11_0_A_in_serial_clk/A (sky130_fd_sc_hd__clkbuf_8)
    10    0.029246    0.065235    0.170747    2.345877 ^ clkbuf_4_11_0_A_in_serial_clk/X (sky130_fd_sc_hd__clkbuf_8)
                                                         clknet_4_11_0_A_in_serial_clk (net)
                      0.065235    0.000207    2.346084 ^ _1103_/CLK (sky130_fd_sc_hd__dfrtp_1)
                                  0.000000    2.346084   clock reconvergence pessimism
                                 -0.052367    2.293717   library setup time
                                              2.293717   data required time
---------------------------------------------------------------------------------------------
                                              2.293717   data required time
                                             -1.840283   data arrival time
---------------------------------------------------------------------------------------------
                                              0.453434   slack (MET)


Startpoint: _1248_ (rising edge-triggered flip-flop clocked by B_in_serial_clk)
Endpoint: _1245_ (rising edge-triggered flip-flop clocked by B_in_serial_clk)
Path Group: B_in_serial_clk
Path Type: max

Fanout         Cap        Slew       Delay        Time   Description
---------------------------------------------------------------------------------------------
                                  0.000000    0.000000   clock B_in_serial_clk (rise edge)
                                  0.000000    0.000000   clock source latency
     1    0.016634    0.000000    0.000000    0.000000 ^ B_in_serial_clk (in)
                                                         B_in_serial_clk (net)
                      0.001093    0.000547    0.000547 ^ clkbuf_0_B_in_serial_clk/A (sky130_fd_sc_hd__clkbuf_16)
    16    0.101108    0.116964    0.171427    0.171973 ^ clkbuf_0_B_in_serial_clk/X (sky130_fd_sc_hd__clkbuf_16)
                                                         clknet_0_B_in_serial_clk (net)
                      0.117038    0.001645    0.173618 ^ clkbuf_4_14_0_B_in_serial_clk/A (sky130_fd_sc_hd__clkbuf_8)
     8    0.034591    0.073532    0.176766    0.350384 ^ clkbuf_4_14_0_B_in_serial_clk/X (sky130_fd_sc_hd__clkbuf_8)
                                                         clknet_4_14_0_B_in_serial_clk (net)
                      0.073533    0.000377    0.350761 ^ _1248_/CLK (sky130_fd_sc_hd__dfrtp_4)
     8    0.038449    0.135336    0.486557    0.837318 ^ _1248_/Q (sky130_fd_sc_hd__dfrtp_4)
                                                         deser_B.receiving (net)
                      0.135338    0.000734    0.838052 ^ _0863_/C (sky130_fd_sc_hd__and4_1)
     4    0.009972    0.114671    0.254239    1.092291 ^ _0863_/X (sky130_fd_sc_hd__and4_1)
                                                         _0363_ (net)
                      0.114671    0.000085    1.092376 ^ _0871_/C (sky130_fd_sc_hd__and4_1)
     3    0.008217    0.100984    0.236776    1.329153 ^ _0871_/X (sky130_fd_sc_hd__and4_1)
                                                         _0368_ (net)
                      0.100984    0.000115    1.329268 ^ rebuffer26/A (sky130_fd_sc_hd__dlygate4sd1_1)
     1    0.009370    0.098718    0.249258    1.578526 ^ rebuffer26/X (sky130_fd_sc_hd__dlygate4sd1_1)
                                                         net42 (net)
                      0.098718    0.000134    1.578660 ^ _0872_/A (sky130_fd_sc_hd__inv_2)
     1    0.005631    0.029354    0.043263    1.621922 v _0872_/Y (sky130_fd_sc_hd__inv_2)
                                                         _0369_ (net)
                      0.029354    0.000055    1.621977 v _0874_/B (sky130_fd_sc_hd__and3_1)
     1    0.004481    0.043924    0.160686    1.782663 v _0874_/X (sky130_fd_sc_hd__and3_1)
                                                         _0193_ (net)
                      0.043924    0.000068    1.782731 v _1245_/D (sky130_fd_sc_hd__dfrtp_1)
                                              1.782731   data arrival time

                                  2.000000    2.000000   clock B_in_serial_clk (rise edge)
                                  0.000000    2.000000   clock source latency
     1    0.016634    0.000000    0.000000    2.000000 ^ B_in_serial_clk (in)
                                                         B_in_serial_clk (net)
                      0.001093    0.000546    2.000546 ^ clkbuf_0_B_in_serial_clk/A (sky130_fd_sc_hd__clkbuf_16)
    16    0.101108    0.116964    0.171427    2.171973 ^ clkbuf_0_B_in_serial_clk/X (sky130_fd_sc_hd__clkbuf_16)
                                                         clknet_0_B_in_serial_clk (net)
                      0.116987    0.001623    2.173596 ^ clkbuf_4_15_0_B_in_serial_clk/A (sky130_fd_sc_hd__clkbuf_8)
     9    0.037363    0.077875    0.180018    2.353614 ^ clkbuf_4_15_0_B_in_serial_clk/X (sky130_fd_sc_hd__clkbuf_8)
                                                         clknet_4_15_0_B_in_serial_clk (net)
                      0.077875    0.000355    2.353969 ^ _1245_/CLK (sky130_fd_sc_hd__dfrtp_1)
                                  0.000000    2.353969   clock reconvergence pessimism
                                 -0.106283    2.247687   library setup time
                                              2.247687   data required time
---------------------------------------------------------------------------------------------
                                              2.247687   data required time
                                             -1.782731   data arrival time
---------------------------------------------------------------------------------------------
                                              0.464955   slack (MET)


Startpoint: clk (clock source 'clk')
Endpoint: C_out_serial_clk (output port clocked by clk)
Path Group: clk
Path Type: max

Fanout         Cap        Slew       Delay        Time   Description
---------------------------------------------------------------------------------------------
                                  5.000000    5.000000   clock clk (fall edge)
                                  0.000000    5.000000   clock source latency
     1    0.014327    0.000000    0.000000    5.000000 v clk (in)
                                                         clk (net)
                      0.000762    0.000381    5.000381 v clkbuf_0_clk/A (sky130_fd_sc_hd__clkbuf_16)
     4    0.034295    0.043171    0.137719    5.138100 v clkbuf_0_clk/X (sky130_fd_sc_hd__clkbuf_16)
                                                         clknet_0_clk (net)
                      0.043173    0.000458    5.138558 v clkbuf_2_0__f_clk/A (sky130_fd_sc_hd__clkbuf_16)
    14    0.042547    0.047522    0.160579    5.299137 v clkbuf_2_0__f_clk/X (sky130_fd_sc_hd__clkbuf_16)
                                                         clknet_2_0__leaf_clk (net)
                      0.047536    0.000735    5.299872 v _1917_/A (sky130_fd_sc_hd__buf_2)
     1    0.002531    0.022749    0.113679    5.413551 v _1917_/X (sky130_fd_sc_hd__buf_2)
                                                         net8 (net)
                      0.022749    0.000024    5.413576 v output8/A (sky130_fd_sc_hd__buf_1)
     1    0.000576    0.015278    0.064629    5.478205 v output8/X (sky130_fd_sc_hd__buf_1)
                                                         C_out_serial_clk (net)
                      0.015278    0.000002    5.478207 v C_out_serial_clk (out)
                                              5.478207   data arrival time

                                 10.000000   10.000000   clock clk (rise edge)
                                  0.000000   10.000000   clock network delay (propagated)
                                 -0.100000    9.900001   clock uncertainty
                                  0.000000    9.900001   clock reconvergence pessimism
                                 -1.500000    8.400000   output external delay
                                              8.400000   data required time
---------------------------------------------------------------------------------------------
                                              8.400000   data required time
                                             -5.478207   data arrival time
---------------------------------------------------------------------------------------------
                                              2.921793   slack (MET)




===========================================================================
report_checks --slack_max -0.01
============================================================================
======================= min_tt_025C_1v80 Corner ===================================

No paths found.


===========================================================================
 report_check_types -max_slew -max_cap -max_fanout -violators
============================================================================
======================= min_tt_025C_1v80 Corner ===================================

max slew

Pin                                        Limit        Slew       Slack
------------------------------------------------------------------------
_0549_/Y                                0.100000    0.232943   -0.132943 (VIOLATED)
_0551_/B                                0.100000    0.232943   -0.132943 (VIOLATED)
_0666_/A1                               0.100000    0.232943   -0.132943 (VIOLATED)
_0687_/A1                               0.100000    0.232943   -0.132943 (VIOLATED)
_1012_/A2                               0.100000    0.232943   -0.132943 (VIOLATED)
_0664_/B                                0.100000    0.219765   -0.119765 (VIOLATED)
_0661_/B                                0.100000    0.219765   -0.119765 (VIOLATED)
_0570_/X                                0.100000    0.219765   -0.119765 (VIOLATED)
_0572_/B                                0.100000    0.219765   -0.119765 (VIOLATED)
_0577_/A                                0.100000    0.219765   -0.119765 (VIOLATED)
_0582_/A                                0.100000    0.219765   -0.119765 (VIOLATED)
_0595_/A                                0.100000    0.219765   -0.119765 (VIOLATED)
_0615_/A                                0.100000    0.219765   -0.119765 (VIOLATED)
_0620_/B1                               0.100000    0.219765   -0.119765 (VIOLATED)
_0628_/A                                0.100000    0.219765   -0.119765 (VIOLATED)
_0638_/B                                0.100000    0.219765   -0.119765 (VIOLATED)
_0688_/Y                                0.100000    0.191730   -0.091730 (VIOLATED)
_0690_/B                                0.100000    0.191730   -0.091730 (VIOLATED)
_0695_/A1                               0.100000    0.191422   -0.091422 (VIOLATED)
_0696_/A1                               0.100000    0.191422   -0.091422 (VIOLATED)
_0697_/B2                               0.100000    0.191422   -0.091422 (VIOLATED)
_0698_/A1                               0.100000    0.191422   -0.091422 (VIOLATED)
_0700_/A                                0.100000    0.191422   -0.091422 (VIOLATED)
_0702_/A1                               0.100000    0.191422   -0.091422 (VIOLATED)
_1099_/Q                                0.100000    0.191422   -0.091422 (VIOLATED)
_0866_/A1                               0.100000    0.190063   -0.090063 (VIOLATED)
_0867_/A1                               0.100000    0.190063   -0.090063 (VIOLATED)
_0868_/B2                               0.100000    0.190063   -0.090063 (VIOLATED)
_0869_/A1                               0.100000    0.190063   -0.090063 (VIOLATED)
_0871_/A                                0.100000    0.190063   -0.090063 (VIOLATED)
_0873_/A1                               0.100000    0.190063   -0.090063 (VIOLATED)
_1243_/Q                                0.100000    0.190063   -0.090063 (VIOLATED)
_0621_/X                                0.100000    0.181916   -0.081916 (VIOLATED)
_0622_/A2                               0.100000    0.181916   -0.081916 (VIOLATED)
_0625_/A4                               0.100000    0.181916   -0.081916 (VIOLATED)
_0631_/A2                               0.100000    0.181916   -0.081916 (VIOLATED)
_0644_/A2                               0.100000    0.181916   -0.081916 (VIOLATED)
_0541_/A                                0.100000    0.179991   -0.079991 (VIOLATED)
_0618_/S                                0.100000    0.179991   -0.079991 (VIOLATED)
_0619_/A                                0.100000    0.179991   -0.079991 (VIOLATED)
_0620_/A1                               0.100000    0.179991   -0.079991 (VIOLATED)
_0622_/A1                               0.100000    0.179991   -0.079991 (VIOLATED)
_0625_/A1                               0.100000    0.179991   -0.079991 (VIOLATED)
_0626_/A                                0.100000    0.179991   -0.079991 (VIOLATED)
_1072_/Q                                0.100000    0.179991   -0.079991 (VIOLATED)
_0547_/B                                0.100000    0.177323   -0.077323 (VIOLATED)
_0680_/A                                0.100000    0.177323   -0.077323 (VIOLATED)
_0681_/B1                               0.100000    0.177323   -0.077323 (VIOLATED)
_0683_/A3                               0.100000    0.177323   -0.077323 (VIOLATED)
_1093_/Q                                0.100000    0.177323   -0.077323 (VIOLATED)
_0554_/B                                0.100000    0.176553   -0.076553 (VIOLATED)
_0851_/B1                               0.100000    0.176553   -0.076553 (VIOLATED)
_0852_/A1                               0.100000    0.176553   -0.076553 (VIOLATED)
_0854_/A3                               0.100000    0.176553   -0.076553 (VIOLATED)
_1237_/Q                                0.100000    0.176553   -0.076553 (VIOLATED)
_0601_/X                                0.100000    0.175224   -0.075224 (VIOLATED)
_0602_/A                                0.100000    0.175224   -0.075224 (VIOLATED)
_0605_/S                                0.100000    0.175224   -0.075224 (VIOLATED)
_0607_/B1                               0.100000    0.175224   -0.075224 (VIOLATED)
_0616_/C                                0.100000    0.175224   -0.075224 (VIOLATED)
_0858_/S                                0.100000    0.174482   -0.074482 (VIOLATED)
_0859_/A2                               0.100000    0.174482   -0.074482 (VIOLATED)
_0860_/B                                0.100000    0.174482   -0.074482 (VIOLATED)
_0862_/A                                0.100000    0.174482   -0.074482 (VIOLATED)
_0863_/B                                0.100000    0.174482   -0.074482 (VIOLATED)
_1240_/Q                                0.100000    0.174482   -0.074482 (VIOLATED)
_0589_/X                                0.100000    0.166534   -0.066534 (VIOLATED)
_0590_/A                                0.100000    0.166534   -0.066534 (VIOLATED)
_0592_/B1                               0.100000    0.166534   -0.066534 (VIOLATED)
_0593_/A2                               0.100000    0.166534   -0.066534 (VIOLATED)
_0594_/C                                0.100000    0.166534   -0.066534 (VIOLATED)
_0601_/A                                0.100000    0.166534   -0.066534 (VIOLATED)
_0608_/C                                0.100000    0.166534   -0.066534 (VIOLATED)
_0614_/A                                0.100000    0.166534   -0.066534 (VIOLATED)
_0627_/A                                0.100000    0.166534   -0.066534 (VIOLATED)
_0653_/A                                0.100000    0.166534   -0.066534 (VIOLATED)
clone829/A                              0.100000    0.165603   -0.065603 (VIOLATED)
rebuffer830/X                           0.100000    0.165603   -0.065603 (VIOLATED)
clone831/A                              0.100000    0.163095   -0.063095 (VIOLATED)
rebuffer832/X                           0.100000    0.163095   -0.063095 (VIOLATED)
_0620_/Y                                0.100000    0.162415   -0.062415 (VIOLATED)
_0623_/A                                0.100000    0.162415   -0.062415 (VIOLATED)
_0624_/A1                               0.100000    0.162415   -0.062415 (VIOLATED)
_1025_/X                                0.100000    0.159137   -0.059137 (VIOLATED)
_1027_/A                                0.100000    0.159137   -0.059137 (VIOLATED)
_1028_/B                                0.100000    0.159137   -0.059137 (VIOLATED)
_1029_/C                                0.100000    0.159137   -0.059137 (VIOLATED)
_1030_/A2                               0.100000    0.159137   -0.059137 (VIOLATED)
_0658_/B                                0.100000    0.157978   -0.057978 (VIOLATED)
_0655_/B                                0.100000    0.157978   -0.057978 (VIOLATED)
_0651_/B                                0.100000    0.157977   -0.057977 (VIOLATED)
_0648_/B                                0.100000    0.157976   -0.057976 (VIOLATED)
_0642_/B1                               0.100000    0.157974   -0.057974 (VIOLATED)
_0591_/A                                0.100000    0.157970   -0.057970 (VIOLATED)
_0634_/B                                0.100000    0.157969   -0.057969 (VIOLATED)
_0647_/A                                0.100000    0.157969   -0.057969 (VIOLATED)
_0633_/A                                0.100000    0.157968   -0.057968 (VIOLATED)
_0592_/A2                               0.100000    0.157967   -0.057967 (VIOLATED)
_0603_/A                                0.100000    0.157964   -0.057964 (VIOLATED)
_0607_/A2                               0.100000    0.157962   -0.057962 (VIOLATED)
_0610_/A2                               0.100000    0.157962   -0.057962 (VIOLATED)
_0604_/B                                0.100000    0.157962   -0.057962 (VIOLATED)
_0571_/Y                                0.100000    0.157961   -0.057961 (VIOLATED)
_0607_/Y                                0.100000    0.156269   -0.056269 (VIOLATED)
_0609_/A                                0.100000    0.156269   -0.056269 (VIOLATED)
_0538_/A                                0.100000    0.155043   -0.055043 (VIOLATED)
_0592_/A1                               0.100000    0.155043   -0.055043 (VIOLATED)
_0593_/A1                               0.100000    0.155043   -0.055043 (VIOLATED)
_0594_/A                                0.100000    0.155043   -0.055043 (VIOLATED)
_0596_/A                                0.100000    0.155043   -0.055043 (VIOLATED)
_0600_/A                                0.100000    0.155043   -0.055043 (VIOLATED)
_1064_/Q                                0.100000    0.155043   -0.055043 (VIOLATED)
_1017_/X                                0.100000    0.154161   -0.054161 (VIOLATED)
_1019_/A                                0.100000    0.154161   -0.054161 (VIOLATED)
_1020_/B                                0.100000    0.154161   -0.054161 (VIOLATED)
_1021_/C                                0.100000    0.154161   -0.054161 (VIOLATED)
_1022_/A2                               0.100000    0.154161   -0.054161 (VIOLATED)
_0551_/A                                0.100000    0.153649   -0.053649 (VIOLATED)
_0548_/Y                                0.100000    0.153649   -0.053649 (VIOLATED)
_0686_/A                                0.100000    0.153649   -0.053649 (VIOLATED)
_0881_/A2                               0.100000    0.153649   -0.053649 (VIOLATED)
_0653_/X                                0.100000    0.153425   -0.053425 (VIOLATED)
_0654_/B1_N                             0.100000    0.153425   -0.053425 (VIOLATED)
_0656_/B                                0.100000    0.153425   -0.053425 (VIOLATED)
_0657_/A1                               0.100000    0.153425   -0.053425 (VIOLATED)
_0659_/C                                0.100000    0.153425   -0.053425 (VIOLATED)
_0662_/D                                0.100000    0.153425   -0.053425 (VIOLATED)
_0541_/B                                0.100000    0.152597   -0.052597 (VIOLATED)
_0619_/B                                0.100000    0.152597   -0.052597 (VIOLATED)
_0620_/A2                               0.100000    0.152597   -0.052597 (VIOLATED)
_0622_/B1                               0.100000    0.152597   -0.052597 (VIOLATED)
_0625_/A2                               0.100000    0.152597   -0.052597 (VIOLATED)
_0626_/B                                0.100000    0.152597   -0.052597 (VIOLATED)
_1073_/Q                                0.100000    0.152597   -0.052597 (VIOLATED)
_0613_/X                                0.100000    0.151102   -0.051102 (VIOLATED)
_0614_/B                                0.100000    0.151102   -0.051102 (VIOLATED)
_0621_/C                                0.100000    0.151102   -0.051102 (VIOLATED)
_0627_/B                                0.100000    0.151102   -0.051102 (VIOLATED)
_0641_/C                                0.100000    0.151102   -0.051102 (VIOLATED)
_0653_/B                                0.100000    0.151102   -0.051102 (VIOLATED)
_1021_/X                                0.100000    0.149731   -0.049731 (VIOLATED)
_1023_/A                                0.100000    0.149731   -0.049731 (VIOLATED)
_1024_/B                                0.100000    0.149731   -0.049731 (VIOLATED)
_1025_/C                                0.100000    0.149731   -0.049731 (VIOLATED)
_1026_/A2                               0.100000    0.149731   -0.049731 (VIOLATED)
_0953_/S                                0.100000    0.149447   -0.049447 (VIOLATED)
_0952_/S                                0.100000    0.149445   -0.049445 (VIOLATED)
_0945_/S                                0.100000    0.149435   -0.049435 (VIOLATED)
_0950_/S                                0.100000    0.149434   -0.049434 (VIOLATED)
_0947_/S                                0.100000    0.149431   -0.049431 (VIOLATED)
_0948_/S                                0.100000    0.149425   -0.049425 (VIOLATED)
_0951_/S                                0.100000    0.149421   -0.049421 (VIOLATED)
_0949_/S                                0.100000    0.149408   -0.049408 (VIOLATED)
_0937_/S                                0.100000    0.149348   -0.049348 (VIOLATED)
_0958_/S                                0.100000    0.149319   -0.049319 (VIOLATED)
_0956_/S                                0.100000    0.149288   -0.049288 (VIOLATED)
_0983_/S                                0.100000    0.149261   -0.049261 (VIOLATED)
_0982_/S                                0.100000    0.149256   -0.049256 (VIOLATED)
_0954_/S                                0.100000    0.149240   -0.049240 (VIOLATED)
_0979_/S                                0.100000    0.149136   -0.049136 (VIOLATED)
_0978_/S                                0.100000    0.149131   -0.049131 (VIOLATED)
_0976_/S                                0.100000    0.148962   -0.048962 (VIOLATED)
_0960_/S                                0.100000    0.148961   -0.048961 (VIOLATED)
_0962_/S                                0.100000    0.148958   -0.048958 (VIOLATED)
_0974_/S                                0.100000    0.148851   -0.048851 (VIOLATED)
_0968_/S                                0.100000    0.148676   -0.048676 (VIOLATED)
_0967_/S                                0.100000    0.148654   -0.048654 (VIOLATED)
_0965_/S                                0.100000    0.148602   -0.048602 (VIOLATED)
_0889_/S                                0.100000    0.148548   -0.048548 (VIOLATED)
_0887_/S                                0.100000    0.148516   -0.048516 (VIOLATED)
_0890_/S                                0.100000    0.148507   -0.048507 (VIOLATED)
max_cap10/X                             0.100000    0.148504   -0.048504 (VIOLATED)
_0540_/A                                0.100000    0.148105   -0.048105 (VIOLATED)
_0604_/A                                0.100000    0.148105   -0.048105 (VIOLATED)
_0605_/A1                               0.100000    0.148105   -0.048105 (VIOLATED)
_0607_/B2                               0.100000    0.148105   -0.048105 (VIOLATED)
_0608_/A                                0.100000    0.148105   -0.048105 (VIOLATED)
_0611_/A                                0.100000    0.148105   -0.048105 (VIOLATED)
_1068_/Q                                0.100000    0.148105   -0.048105 (VIOLATED)
_0563_/A                                0.100000    0.147824   -0.047824 (VIOLATED)
_1013_/A                                0.100000    0.147824   -0.047824 (VIOLATED)
_1014_/A                                0.100000    0.147824   -0.047824 (VIOLATED)
_1015_/A1                               0.100000    0.147824   -0.047824 (VIOLATED)
_1017_/A                                0.100000    0.147824   -0.047824 (VIOLATED)
_1381_/Q                                0.100000    0.147824   -0.047824 (VIOLATED)
_0687_/S                                0.100000    0.147653   -0.047653 (VIOLATED)
_0688_/A1                               0.100000    0.147653   -0.047653 (VIOLATED)
_0689_/B                                0.100000    0.147653   -0.047653 (VIOLATED)
_0691_/A                                0.100000    0.147653   -0.047653 (VIOLATED)
_0692_/B                                0.100000    0.147653   -0.047653 (VIOLATED)
_1096_/Q                                0.100000    0.147653   -0.047653 (VIOLATED)
_0925_/S                                0.100000    0.147455   -0.047455 (VIOLATED)
_0927_/S                                0.100000    0.147451   -0.047451 (VIOLATED)
clone31/A                               0.100000    0.147450   -0.047450 (VIOLATED)
_0906_/S                                0.100000    0.147449   -0.047449 (VIOLATED)
_0928_/S                                0.100000    0.147446   -0.047446 (VIOLATED)
_0915_/S                                0.100000    0.147443   -0.047443 (VIOLATED)
_0907_/S                                0.100000    0.147442   -0.047442 (VIOLATED)
_0912_/S                                0.100000    0.147441   -0.047441 (VIOLATED)
_0913_/S                                0.100000    0.147425   -0.047425 (VIOLATED)
_0908_/S                                0.100000    0.147420   -0.047420 (VIOLATED)
_0697_/A1                               0.100000    0.147419   -0.047419 (VIOLATED)
_0698_/A2                               0.100000    0.147419   -0.047419 (VIOLATED)
_0700_/B                                0.100000    0.147419   -0.047419 (VIOLATED)
_0702_/A2                               0.100000    0.147419   -0.047419 (VIOLATED)
_1100_/Q                                0.100000    0.147419   -0.047419 (VIOLATED)
_0914_/S                                0.100000    0.147414   -0.047414 (VIOLATED)
_0917_/S                                0.100000    0.147391   -0.047391 (VIOLATED)
_0916_/S                                0.100000    0.147350   -0.047350 (VIOLATED)
_0918_/S                                0.100000    0.147270   -0.047270 (VIOLATED)
_0919_/S                                0.100000    0.147236   -0.047236 (VIOLATED)
_0920_/S                                0.100000    0.147161   -0.047161 (VIOLATED)
_0903_/S                                0.100000    0.147099   -0.047099 (VIOLATED)
_0899_/S                                0.100000    0.147098   -0.047098 (VIOLATED)
_0902_/S                                0.100000    0.147097   -0.047097 (VIOLATED)
_0897_/S                                0.100000    0.147082   -0.047082 (VIOLATED)
_0896_/S                                0.100000    0.147077   -0.047077 (VIOLATED)
max_cap10/A                             0.100000    0.147073   -0.047073 (VIOLATED)
_0894_/S                                0.100000    0.147059   -0.047059 (VIOLATED)
_0892_/S                                0.100000    0.147030   -0.047030 (VIOLATED)
max_cap11/X                             0.100000    0.147006   -0.047006 (VIOLATED)
_0535_/A                                0.100000    0.146522   -0.046522 (VIOLATED)
_0630_/S                                0.100000    0.146522   -0.046522 (VIOLATED)
_0631_/A1                               0.100000    0.146522   -0.046522 (VIOLATED)
_0632_/A                                0.100000    0.146522   -0.046522 (VIOLATED)
_0635_/A                                0.100000    0.146522   -0.046522 (VIOLATED)
_1076_/Q                                0.100000    0.146522   -0.046522 (VIOLATED)
_0861_/Y                                0.100000    0.146379   -0.046379 (VIOLATED)
_1241_/D                                0.100000    0.146379   -0.046379 (VIOLATED)
_0838_/X                                0.100000    0.146101   -0.046101 (VIOLATED)
_0841_/B                                0.100000    0.146101   -0.046101 (VIOLATED)
rebuffer483/A                           0.100000    0.146101   -0.046101 (VIOLATED)
rebuffer484/A                           0.100000    0.146101   -0.046101 (VIOLATED)
_1038_/X                                0.100000    0.142237   -0.042237 (VIOLATED)
_1040_/A_N                              0.100000    0.142237   -0.042237 (VIOLATED)
_1041_/B                                0.100000    0.142237   -0.042237 (VIOLATED)
_1042_/B                                0.100000    0.142237   -0.042237 (VIOLATED)
_1045_/D                                0.100000    0.142237   -0.042237 (VIOLATED)
_1046_/A3                               0.100000    0.142237   -0.042237 (VIOLATED)
_0693_/A2                               0.100000    0.141877   -0.041877 (VIOLATED)
_0697_/A2                               0.100000    0.141876   -0.041876 (VIOLATED)
_0695_/A2                               0.100000    0.141876   -0.041876 (VIOLATED)
_0676_/B                                0.100000    0.141875   -0.041875 (VIOLATED)
_0705_/A2                               0.100000    0.141875   -0.041875 (VIOLATED)
_0677_/B                                0.100000    0.141875   -0.041875 (VIOLATED)
_0684_/B                                0.100000    0.141874   -0.041874 (VIOLATED)
_0682_/A                                0.100000    0.141874   -0.041874 (VIOLATED)
_0707_/B                                0.100000    0.141874   -0.041874 (VIOLATED)
_0703_/A                                0.100000    0.141874   -0.041874 (VIOLATED)
_0685_/C                                0.100000    0.141873   -0.041873 (VIOLATED)
_0881_/B1                               0.100000    0.141873   -0.041873 (VIOLATED)
_0668_/Y                                0.100000    0.141872   -0.041872 (VIOLATED)
_0537_/A2                               0.100000    0.140574   -0.040574 (VIOLATED)
_0574_/S                                0.100000    0.140574   -0.040574 (VIOLATED)
_0575_/A1                               0.100000    0.140574   -0.040574 (VIOLATED)
_0576_/A                                0.100000    0.140574   -0.040574 (VIOLATED)
_0580_/A                                0.100000    0.140574   -0.040574 (VIOLATED)
_1058_/Q                                0.100000    0.140574   -0.040574 (VIOLATED)
_0552_/A                                0.100000    0.139462   -0.039462 (VIOLATED)
_0837_/S                                0.100000    0.139462   -0.039462 (VIOLATED)
_0845_/A2                               0.100000    0.139462   -0.039462 (VIOLATED)
_1232_/Q                                0.100000    0.139462   -0.039462 (VIOLATED)
rebuffer485/A                           0.100000    0.139462   -0.039462 (VIOLATED)
_0868_/A2                               0.100000    0.139106   -0.039106 (VIOLATED)
_0869_/A2                               0.100000    0.139106   -0.039106 (VIOLATED)
_0871_/B                                0.100000    0.139106   -0.039106 (VIOLATED)
_0873_/A2                               0.100000    0.139106   -0.039106 (VIOLATED)
_1244_/Q                                0.100000    0.139106   -0.039106 (VIOLATED)
_0614_/X                                0.100000    0.139080   -0.039080 (VIOLATED)
_0615_/B                                0.100000    0.139080   -0.039080 (VIOLATED)
_0616_/A_N                              0.100000    0.139080   -0.039080 (VIOLATED)
_0618_/A0                               0.100000    0.139080   -0.039080 (VIOLATED)
_0619_/C                                0.100000    0.139080   -0.039080 (VIOLATED)
_0620_/A3                               0.100000    0.139080   -0.039080 (VIOLATED)
_0885_/S                                0.100000    0.138665   -0.038666 (VIOLATED)
_0886_/S                                0.100000    0.138664   -0.038664 (VIOLATED)
_0888_/S                                0.100000    0.138662   -0.038662 (VIOLATED)
_0970_/S                                0.100000    0.138648   -0.038648 (VIOLATED)
_0969_/S                                0.100000    0.138647   -0.038647 (VIOLATED)
_0966_/S                                0.100000    0.138640   -0.038640 (VIOLATED)
_0964_/S                                0.100000    0.138602   -0.038602 (VIOLATED)
_0963_/S                                0.100000    0.138599   -0.038599 (VIOLATED)
_0975_/S                                0.100000    0.138590   -0.038590 (VIOLATED)
_0984_/S                                0.100000    0.138566   -0.038566 (VIOLATED)
_0980_/S                                0.100000    0.138562   -0.038562 (VIOLATED)
_0981_/S                                0.100000    0.138559   -0.038559 (VIOLATED)
_0977_/S                                0.100000    0.138553   -0.038553 (VIOLATED)
_0955_/S                                0.100000    0.138548   -0.038548 (VIOLATED)
_0943_/S                                0.100000    0.138544   -0.038544 (VIOLATED)
_0944_/S                                0.100000    0.138544   -0.038544 (VIOLATED)
_0946_/S                                0.100000    0.138540   -0.038540 (VIOLATED)
_0942_/S                                0.100000    0.138539   -0.038539 (VIOLATED)
_0941_/S                                0.100000    0.138537   -0.038537 (VIOLATED)
_0940_/S                                0.100000    0.138536   -0.038536 (VIOLATED)
_0957_/S                                0.100000    0.138531   -0.038531 (VIOLATED)
_0939_/S                                0.100000    0.138524   -0.038524 (VIOLATED)
_0938_/S                                0.100000    0.138509   -0.038509 (VIOLATED)
_0959_/S                                0.100000    0.138493   -0.038493 (VIOLATED)
_0936_/S                                0.100000    0.138411   -0.038411 (VIOLATED)
_0961_/S                                0.100000    0.138398   -0.038398 (VIOLATED)
clone31/X                               0.100000    0.138398   -0.038398 (VIOLATED)
_0868_/Y                                0.100000    0.136728   -0.036728 (VIOLATED)
_0869_/B1                               0.100000    0.136728   -0.036728 (VIOLATED)
_0866_/Y                                0.100000    0.135489   -0.035489 (VIOLATED)
_0867_/B1                               0.100000    0.135489   -0.035489 (VIOLATED)
_0863_/C                                0.100000    0.135338   -0.035337 (VIOLATED)
rebuffer832/A                           0.100000    0.135337   -0.035337 (VIOLATED)
rebuffer830/A                           0.100000    0.135337   -0.035337 (VIOLATED)
rebuffer18/A                            0.100000    0.135337   -0.035337 (VIOLATED)
_1248_/Q                                0.100000    0.135336   -0.035336 (VIOLATED)
rebuffer629/A                           0.100000    0.135336   -0.035336 (VIOLATED)
rebuffer804/A                           0.100000    0.135336   -0.035336 (VIOLATED)
rebuffer805/A                           0.100000    0.135336   -0.035336 (VIOLATED)
split3/A                                0.100000    0.135336   -0.035336 (VIOLATED)
_0547_/C                                0.100000    0.134391   -0.034391 (VIOLATED)
_0683_/B1                               0.100000    0.134391   -0.034391 (VIOLATED)
_1094_/Q                                0.100000    0.134391   -0.034391 (VIOLATED)
_0564_/A1                               0.100000    0.131935   -0.031935 (VIOLATED)
_1024_/A                                0.100000    0.131935   -0.031935 (VIOLATED)
_1025_/A                                0.100000    0.131935   -0.031935 (VIOLATED)
_1026_/A1                               0.100000    0.131935   -0.031935 (VIOLATED)
_1386_/Q                                0.100000    0.131935   -0.031935 (VIOLATED)
_0562_/C                                0.100000    0.131766   -0.031766 (VIOLATED)
_1028_/A                                0.100000    0.131766   -0.031766 (VIOLATED)
_1029_/A                                0.100000    0.131766   -0.031766 (VIOLATED)
_1030_/A1                               0.100000    0.131766   -0.031766 (VIOLATED)
_1388_/Q                                0.100000    0.131766   -0.031766 (VIOLATED)
_0595_/Y                                0.100000    0.131633   -0.031633 (VIOLATED)
_0597_/B1                               0.100000    0.131633   -0.031633 (VIOLATED)
_0598_/A1                               0.100000    0.131633   -0.031633 (VIOLATED)
_0641_/X                                0.100000    0.131377   -0.031377 (VIOLATED)
_0642_/A2                               0.100000    0.131377   -0.031377 (VIOLATED)
_0643_/A2                               0.100000    0.131377   -0.031377 (VIOLATED)
_0646_/A                                0.100000    0.131377   -0.031377 (VIOLATED)
_0649_/B                                0.100000    0.131377   -0.031377 (VIOLATED)
_0582_/Y                                0.100000    0.131248   -0.031248 (VIOLATED)
_0584_/B1                               0.100000    0.131248   -0.031248 (VIOLATED)
_0585_/A1                               0.100000    0.131248   -0.031248 (VIOLATED)
_0700_/X                                0.100000    0.129580   -0.029580 (VIOLATED)
_0704_/B                                0.100000    0.129580   -0.029580 (VIOLATED)
_0705_/B1                               0.100000    0.129580   -0.029580 (VIOLATED)
rebuffer23/A                            0.100000    0.129580   -0.029580 (VIOLATED)
_1045_/X                                0.100000    0.129563   -0.029563 (VIOLATED)
_1047_/A_N                              0.100000    0.129563   -0.029563 (VIOLATED)
_1048_/B                                0.100000    0.129563   -0.029563 (VIOLATED)
_1049_/C                                0.100000    0.129563   -0.029563 (VIOLATED)
_1050_/A2                               0.100000    0.129563   -0.029563 (VIOLATED)
_0847_/B                                0.100000    0.129551   -0.029551 (VIOLATED)
_0855_/C                                0.100000    0.129551   -0.029551 (VIOLATED)
_0864_/A2                               0.100000    0.129551   -0.029551 (VIOLATED)
_0874_/A                                0.100000    0.129551   -0.029551 (VIOLATED)
_1033_/B1                               0.100000    0.129551   -0.029551 (VIOLATED)
clone29/Y                               0.100000    0.129551   -0.029551 (VIOLATED)
_0539_/C                                0.100000    0.129144   -0.029144 (VIOLATED)
_0585_/S                                0.100000    0.129144   -0.029144 (VIOLATED)
_0586_/A2                               0.100000    0.129144   -0.029144 (VIOLATED)
_0587_/B                                0.100000    0.129144   -0.029144 (VIOLATED)
_1062_/Q                                0.100000    0.129144   -0.029144 (VIOLATED)
_1026_/Y                                0.100000    0.128409   -0.028409 (VIOLATED)
_1027_/B                                0.100000    0.128409   -0.028409 (VIOLATED)
_0538_/B                                0.100000    0.127975   -0.027975 (VIOLATED)
_0594_/B                                0.100000    0.127975   -0.027975 (VIOLATED)
_0597_/A1                               0.100000    0.127975   -0.027975 (VIOLATED)
_0599_/A1                               0.100000    0.127975   -0.027975 (VIOLATED)
_0600_/B                                0.100000    0.127975   -0.027975 (VIOLATED)
_1065_/Q                                0.100000    0.127975   -0.027975 (VIOLATED)
_0851_/Y                                0.100000    0.127967   -0.027967 (VIOLATED)
_0853_/A                                0.100000    0.127967   -0.027967 (VIOLATED)
_0697_/Y                                0.100000    0.127221   -0.027221 (VIOLATED)
_0698_/B1                               0.100000    0.127221   -0.027221 (VIOLATED)
_0554_/C                                0.100000    0.125692   -0.025692 (VIOLATED)
_0854_/B1                               0.100000    0.125692   -0.025692 (VIOLATED)
_1238_/Q                                0.100000    0.125692   -0.025692 (VIOLATED)
_0552_/B                                0.100000    0.124655   -0.024655 (VIOLATED)
_0840_/B                                0.100000    0.124655   -0.024655 (VIOLATED)
_0842_/B1                               0.100000    0.124655   -0.024655 (VIOLATED)
_1233_/Q                                0.100000    0.124655   -0.024655 (VIOLATED)
rebuffer489/A                           0.100000    0.124655   -0.024655 (VIOLATED)
_0539_/B                                0.100000    0.124529   -0.024529 (VIOLATED)
_0581_/A                                0.100000    0.124529   -0.024529 (VIOLATED)
_0584_/A1                               0.100000    0.124529   -0.024529 (VIOLATED)
_0586_/A1                               0.100000    0.124529   -0.024529 (VIOLATED)
_0587_/A                                0.100000    0.124529   -0.024529 (VIOLATED)
_1061_/Q                                0.100000    0.124529   -0.024529 (VIOLATED)
_0546_/B                                0.100000    0.123895   -0.023895 (VIOLATED)
_0677_/A                                0.100000    0.123895   -0.023895 (VIOLATED)
_0678_/A0                               0.100000    0.123895   -0.023895 (VIOLATED)
_0681_/A3                               0.100000    0.123895   -0.023895 (VIOLATED)
_1092_/Q                                0.100000    0.123895   -0.023895 (VIOLATED)
_0716_/S                                0.100000    0.123818   -0.023818 (VIOLATED)
_0737_/S                                0.100000    0.123816   -0.023816 (VIOLATED)
_0736_/S                                0.100000    0.123816   -0.023816 (VIOLATED)
_0738_/S                                0.100000    0.123810   -0.023810 (VIOLATED)
_0739_/S                                0.100000    0.123807   -0.023807 (VIOLATED)
_0740_/S                                0.100000    0.123793   -0.023793 (VIOLATED)
_0712_/S                                0.100000    0.123754   -0.023754 (VIOLATED)
_0710_/S                                0.100000    0.123738   -0.023738 (VIOLATED)
_0711_/S                                0.100000    0.123720   -0.023720 (VIOLATED)
_1011_/A                                0.100000    0.123716   -0.023716 (VIOLATED)
_0713_/S                                0.100000    0.123708   -0.023708 (VIOLATED)
_0687_/A0                               0.100000    0.123707   -0.023707 (VIOLATED)
_0666_/A0                               0.100000    0.123694   -0.023694 (VIOLATED)
split1/X                                0.100000    0.123647   -0.023647 (VIOLATED)
_0627_/X                                0.100000    0.123336   -0.023336 (VIOLATED)
_0628_/B                                0.100000    0.123336   -0.023336 (VIOLATED)
_0630_/A0                               0.100000    0.123336   -0.023336 (VIOLATED)
_0632_/C                                0.100000    0.123336   -0.023336 (VIOLATED)
_0636_/A                                0.100000    0.123336   -0.023336 (VIOLATED)
_0560_/X                                0.100000    0.123227   -0.023228 (VIOLATED)
_0575_/A2                               0.100000    0.123227   -0.023228 (VIOLATED)
_0583_/A                                0.100000    0.123227   -0.023228 (VIOLATED)
_0596_/B                                0.100000    0.123227   -0.023228 (VIOLATED)
_0621_/A                                0.100000    0.123227   -0.023228 (VIOLATED)
_0559_/Y                                0.100000    0.122437   -0.022437 (VIOLATED)
_0561_/B                                0.100000    0.122437   -0.022437 (VIOLATED)
_0566_/A1                               0.100000    0.122437   -0.022437 (VIOLATED)
_0695_/Y                                0.100000    0.121529   -0.021529 (VIOLATED)
_0696_/B1                               0.100000    0.121529   -0.021529 (VIOLATED)
_0563_/D                                0.100000    0.121418   -0.021418 (VIOLATED)
_1020_/A                                0.100000    0.121418   -0.021418 (VIOLATED)
_1021_/A                                0.100000    0.121418   -0.021418 (VIOLATED)
_1022_/A1                               0.100000    0.121418   -0.021418 (VIOLATED)
_1384_/Q                                0.100000    0.121418   -0.021418 (VIOLATED)
output7/A                               0.100000    0.121244   -0.021244 (VIOLATED)
_1013_/B                                0.100000    0.121244   -0.021244 (VIOLATED)
_1015_/A2                               0.100000    0.121243   -0.021243 (VIOLATED)
_0531_/A                                0.100000    0.121242   -0.021242 (VIOLATED)
_1014_/C                                0.100000    0.121242   -0.021242 (VIOLATED)
_1017_/D                                0.100000    0.121242   -0.021242 (VIOLATED)
_1035_/B                                0.100000    0.121240   -0.021240 (VIOLATED)
_1034_/B                                0.100000    0.121240   -0.021240 (VIOLATED)
_1038_/B                                0.100000    0.121240   -0.021240 (VIOLATED)
_1039_/A2                               0.100000    0.121240   -0.021240 (VIOLATED)
_1392_/Q                                0.100000    0.121240   -0.021240 (VIOLATED)
_0608_/X                                0.100000    0.120949   -0.020949 (VIOLATED)
_0609_/B                                0.100000    0.120949   -0.020949 (VIOLATED)
_0610_/B1                               0.100000    0.120949   -0.020949 (VIOLATED)
_0612_/A2                               0.100000    0.120949   -0.020949 (VIOLATED)
_0555_/B                                0.100000    0.120813   -0.020813 (VIOLATED)
_0856_/C                                0.100000    0.120813   -0.020813 (VIOLATED)
_1239_/Q                                0.100000    0.120813   -0.020813 (VIOLATED)
_0534_/A                                0.100000    0.120319   -0.020319 (VIOLATED)
_0642_/A1                               0.100000    0.120319   -0.020319 (VIOLATED)
_0643_/A1                               0.100000    0.120319   -0.020319 (VIOLATED)
_0644_/A1                               0.100000    0.120319   -0.020319 (VIOLATED)
_0645_/A                                0.100000    0.120319   -0.020319 (VIOLATED)
_1080_/Q                                0.100000    0.120319   -0.020319 (VIOLATED)
_0628_/Y                                0.100000    0.120311   -0.020311 (VIOLATED)
_0629_/B                                0.100000    0.120311   -0.020311 (VIOLATED)
_0630_/A1                               0.100000    0.120311   -0.020311 (VIOLATED)
_0670_/Y                                0.100000    0.119681   -0.019681 (VIOLATED)
_0672_/A                                0.100000    0.119681   -0.019681 (VIOLATED)
_0673_/A1                               0.100000    0.119681   -0.019681 (VIOLATED)
_0864_/Y                                0.100000    0.119166   -0.019166 (VIOLATED)
_0865_/B                                0.100000    0.119166   -0.019166 (VIOLATED)
_0615_/Y                                0.100000    0.118869   -0.018869 (VIOLATED)
_0617_/A2                               0.100000    0.118869   -0.018869 (VIOLATED)
_0618_/A1                               0.100000    0.118869   -0.018869 (VIOLATED)
_0855_/A                                0.100000    0.118688   -0.018688 (VIOLATED)
_0555_/A                                0.100000    0.118688   -0.018688 (VIOLATED)
_0856_/B                                0.100000    0.118687   -0.018687 (VIOLATED)
_0554_/Y                                0.100000    0.118687   -0.018687 (VIOLATED)
clkbuf_4_4_0_A_in_serial_clk/A          0.100000    0.118249   -0.018249 (VIOLATED)
clkbuf_4_5_0_A_in_serial_clk/A          0.100000    0.118247   -0.018247 (VIOLATED)
clkbuf_4_6_0_A_in_serial_clk/A          0.100000    0.118237   -0.018237 (VIOLATED)
clkbuf_4_7_0_A_in_serial_clk/A          0.100000    0.118235   -0.018235 (VIOLATED)
clkbuf_4_14_0_A_in_serial_clk/A         0.100000    0.118234   -0.018234 (VIOLATED)
clkbuf_4_15_0_A_in_serial_clk/A         0.100000    0.118234   -0.018234 (VIOLATED)
clkbuf_4_1_0_A_in_serial_clk/A          0.100000    0.118231   -0.018231 (VIOLATED)
clkbuf_4_0_0_A_in_serial_clk/A          0.100000    0.118228   -0.018228 (VIOLATED)
clkbuf_4_13_0_A_in_serial_clk/A         0.100000    0.118171   -0.018171 (VIOLATED)
clkbuf_4_2_0_A_in_serial_clk/A          0.100000    0.118169   -0.018169 (VIOLATED)
clkbuf_4_12_0_A_in_serial_clk/A         0.100000    0.118166   -0.018166 (VIOLATED)
clkbuf_4_11_0_A_in_serial_clk/A         0.100000    0.118165   -0.018165 (VIOLATED)
clkbuf_4_10_0_A_in_serial_clk/A         0.100000    0.118165   -0.018165 (VIOLATED)
clkbuf_4_3_0_A_in_serial_clk/A          0.100000    0.118164   -0.018164 (VIOLATED)
clkbuf_4_8_0_A_in_serial_clk/A          0.100000    0.118161   -0.018161 (VIOLATED)
clkbuf_4_9_0_A_in_serial_clk/A          0.100000    0.118156   -0.018156 (VIOLATED)
clkbuf_0_A_in_serial_clk/X              0.100000    0.118154   -0.018154 (VIOLATED)
clkbuf_4_4_0_B_in_serial_clk/A          0.100000    0.117055   -0.017055 (VIOLATED)
clkbuf_4_5_0_B_in_serial_clk/A          0.100000    0.117053   -0.017053 (VIOLATED)
clkbuf_4_1_0_B_in_serial_clk/A          0.100000    0.117042   -0.017042 (VIOLATED)
clkbuf_4_0_0_B_in_serial_clk/A          0.100000    0.117041   -0.017041 (VIOLATED)
clkbuf_4_14_0_B_in_serial_clk/A         0.100000    0.117038   -0.017038 (VIOLATED)
clkbuf_4_7_0_B_in_serial_clk/A          0.100000    0.116987   -0.016987 (VIOLATED)
clkbuf_4_15_0_B_in_serial_clk/A         0.100000    0.116987   -0.016987 (VIOLATED)
clkbuf_4_2_0_B_in_serial_clk/A          0.100000    0.116984   -0.016984 (VIOLATED)
clkbuf_4_6_0_B_in_serial_clk/A          0.100000    0.116982   -0.016982 (VIOLATED)
clkbuf_4_13_0_B_in_serial_clk/A         0.100000    0.116982   -0.016982 (VIOLATED)
clkbuf_4_10_0_B_in_serial_clk/A         0.100000    0.116982   -0.016982 (VIOLATED)
clkbuf_4_11_0_B_in_serial_clk/A         0.100000    0.116981   -0.016981 (VIOLATED)
clkbuf_4_3_0_B_in_serial_clk/A          0.100000    0.116977   -0.016977 (VIOLATED)
clkbuf_4_8_0_B_in_serial_clk/A          0.100000    0.116975   -0.016975 (VIOLATED)
clkbuf_4_9_0_B_in_serial_clk/A          0.100000    0.116974   -0.016974 (VIOLATED)
clkbuf_4_12_0_B_in_serial_clk/A         0.100000    0.116974   -0.016974 (VIOLATED)
clkbuf_0_B_in_serial_clk/X              0.100000    0.116964   -0.016964 (VIOLATED)
_1050_/Y                                0.100000    0.116136   -0.016136 (VIOLATED)
_1051_/B                                0.100000    0.116136   -0.016136 (VIOLATED)
_1024_/X                                0.100000    0.115642   -0.015642 (VIOLATED)
_1386_/D                                0.100000    0.115642   -0.015642 (VIOLATED)
_0692_/X                                0.100000    0.115035   -0.015035 (VIOLATED)
_0700_/C                                0.100000    0.115035   -0.015035 (VIOLATED)
rebuffer12/A                            0.100000    0.115035   -0.015035 (VIOLATED)
_0859_/B1                               0.100000    0.114914   -0.014914 (VIOLATED)
_0860_/C                                0.100000    0.114914   -0.014914 (VIOLATED)
_0862_/B                                0.100000    0.114914   -0.014914 (VIOLATED)
_0863_/A                                0.100000    0.114914   -0.014914 (VIOLATED)
_1241_/Q                                0.100000    0.114914   -0.014914 (VIOLATED)
_0660_/Y                                0.100000    0.114857   -0.014857 (VIOLATED)
_1085_/D                                0.100000    0.114857   -0.014857 (VIOLATED)
_0863_/X                                0.100000    0.114671   -0.014671 (VIOLATED)
_0865_/A                                0.100000    0.114671   -0.014671 (VIOLATED)
_0871_/C                                0.100000    0.114671   -0.014671 (VIOLATED)
rebuffer17/A                            0.100000    0.114671   -0.014671 (VIOLATED)
rebuffer800/A                           0.100000    0.114671   -0.014671 (VIOLATED)
_0878_/B                                0.100000    0.114551   -0.014551 (VIOLATED)
_0876_/A2                               0.100000    0.114551   -0.014551 (VIOLATED)
_0866_/A2                               0.100000    0.114550   -0.014550 (VIOLATED)
_0868_/A1                               0.100000    0.114550   -0.014550 (VIOLATED)
_0839_/Y                                0.100000    0.114550   -0.014550 (VIOLATED)
_0856_/A                                0.100000    0.114550   -0.014550 (VIOLATED)
rebuffer721/A                           0.100000    0.114550   -0.014550 (VIOLATED)
_1055_/Y                                0.100000    0.114549   -0.014549 (VIOLATED)
_1402_/D                                0.100000    0.114549   -0.014549 (VIOLATED)
_0538_/C                                0.100000    0.114273   -0.014273 (VIOLATED)
_0598_/S                                0.100000    0.114273   -0.014273 (VIOLATED)
_0599_/A2                               0.100000    0.114273   -0.014273 (VIOLATED)
_0600_/C                                0.100000    0.114273   -0.014273 (VIOLATED)
_1066_/Q                                0.100000    0.114273   -0.014273 (VIOLATED)
_0534_/C                                0.100000    0.114156   -0.014156 (VIOLATED)
_0648_/A                                0.100000    0.114156   -0.014156 (VIOLATED)
_0649_/A                                0.100000    0.114156   -0.014156 (VIOLATED)
_0652_/A                                0.100000    0.114156   -0.014156 (VIOLATED)
_1082_/Q                                0.100000    0.114156   -0.014156 (VIOLATED)
_0690_/Y                                0.100000    0.113633   -0.013633 (VIOLATED)
_1097_/D                                0.100000    0.113633   -0.013633 (VIOLATED)
_0541_/C                                0.100000    0.113617   -0.013617 (VIOLATED)
_0624_/S                                0.100000    0.113617   -0.013617 (VIOLATED)
_0625_/A3                               0.100000    0.113617   -0.013617 (VIOLATED)
_0626_/C                                0.100000    0.113617   -0.013617 (VIOLATED)
_1074_/Q                                0.100000    0.113617   -0.013617 (VIOLATED)
_0535_/B                                0.100000    0.113585   -0.013585 (VIOLATED)
_0631_/B1                               0.100000    0.113585   -0.013585 (VIOLATED)
_0632_/B                                0.100000    0.113585   -0.013585 (VIOLATED)
_0635_/B                                0.100000    0.113585   -0.013585 (VIOLATED)
_1077_/Q                                0.100000    0.113585   -0.013585 (VIOLATED)
_0610_/Y                                0.100000    0.113202   -0.013202 (VIOLATED)
_0612_/B1                               0.100000    0.113202   -0.013202 (VIOLATED)
_0569_/X                                0.100000    0.113037   -0.013037 (VIOLATED)
_0572_/A                                0.100000    0.113037   -0.013037 (VIOLATED)
_0574_/A0                               0.100000    0.113037   -0.013037 (VIOLATED)
_0576_/C                                0.100000    0.113037   -0.013037 (VIOLATED)
_0581_/B                                0.100000    0.113037   -0.013037 (VIOLATED)
_0688_/B1                               0.100000    0.112802   -0.012802 (VIOLATED)
_0689_/C                                0.100000    0.112802   -0.012802 (VIOLATED)
_0691_/B                                0.100000    0.112802   -0.012802 (VIOLATED)
_0692_/C                                0.100000    0.112802   -0.012802 (VIOLATED)
_1097_/Q                                0.100000    0.112802   -0.012802 (VIOLATED)
_1030_/Y                                0.100000    0.112750   -0.012750 (VIOLATED)
_1031_/B                                0.100000    0.112750   -0.012750 (VIOLATED)
_0544_/B1                               0.100000    0.112704   -0.012704 (VIOLATED)
_0641_/A                                0.100000    0.112704   -0.012704 (VIOLATED)
_0567_/A1                               0.100000    0.112703   -0.012703 (VIOLATED)
_0589_/A                                0.100000    0.112703   -0.012703 (VIOLATED)
_0569_/A                                0.100000    0.112703   -0.012703 (VIOLATED)
_0559_/B                                0.100000    0.112703   -0.012703 (VIOLATED)
_0560_/B                                0.100000    0.112703   -0.012703 (VIOLATED)
_0566_/A0                               0.100000    0.112703   -0.012703 (VIOLATED)
_0570_/A_N                              0.100000    0.112703   -0.012703 (VIOLATED)
_0571_/A_N                              0.100000    0.112703   -0.012703 (VIOLATED)
_1379_/Q                                0.100000    0.112703   -0.012703 (VIOLATED)
_0540_/C                                0.100000    0.112626   -0.012626 (VIOLATED)
_0610_/A1                               0.100000    0.112626   -0.012626 (VIOLATED)
_0611_/C                                0.100000    0.112626   -0.012626 (VIOLATED)
_0612_/A1                               0.100000    0.112626   -0.012626 (VIOLATED)
_1070_/Q                                0.100000    0.112626   -0.012626 (VIOLATED)
_1037_/Y                                0.100000    0.112578   -0.012578 (VIOLATED)
_1394_/D                                0.100000    0.112578   -0.012578 (VIOLATED)
_0577_/Y                                0.100000    0.112180   -0.012180 (VIOLATED)
_0578_/B                                0.100000    0.112180   -0.012180 (VIOLATED)
_0579_/A1                               0.100000    0.112180   -0.012180 (VIOLATED)
_0550_/A                                0.100000    0.112009   -0.012009 (VIOLATED)
_0668_/A_N                              0.100000    0.112009   -0.012009 (VIOLATED)
_1104_/Q                                0.100000    0.112009   -0.012009 (VIOLATED)
max_cap13/A                             0.100000    0.112009   -0.012009 (VIOLATED)
rebuffer25/A                            0.100000    0.112009   -0.012009 (VIOLATED)
rebuffer6/A                             0.100000    0.112009   -0.012009 (VIOLATED)
rebuffer802/A                           0.100000    0.112009   -0.012009 (VIOLATED)
_1044_/A                                0.100000    0.111935   -0.011935 (VIOLATED)
_1045_/B                                0.100000    0.111935   -0.011935 (VIOLATED)
_1046_/A2                               0.100000    0.111935   -0.011935 (VIOLATED)
_1397_/Q                                0.100000    0.111935   -0.011935 (VIOLATED)
_0568_/X                                0.100000    0.111521   -0.011521 (VIOLATED)
_0575_/A3                               0.100000    0.111521   -0.011521 (VIOLATED)
_0583_/B                                0.100000    0.111521   -0.011521 (VIOLATED)
_0588_/A                                0.100000    0.111521   -0.011521 (VIOLATED)
_0589_/B                                0.100000    0.111521   -0.011521 (VIOLATED)
_1037_/A                                0.100000    0.110391   -0.010391 (VIOLATED)
_1038_/C                                0.100000    0.110391   -0.010391 (VIOLATED)
_1039_/A3                               0.100000    0.110391   -0.010391 (VIOLATED)
_1394_/Q                                0.100000    0.110391   -0.010391 (VIOLATED)
_1015_/Y                                0.100000    0.109600   -0.009600 (VIOLATED)
_1016_/B                                0.100000    0.109600   -0.009600 (VIOLATED)
_0536_/A                                0.100000    0.109508   -0.009508 (VIOLATED)
_0655_/A                                0.100000    0.109508   -0.009508 (VIOLATED)
_0656_/A                                0.100000    0.109508   -0.009508 (VIOLATED)
_0659_/A                                0.100000    0.109508   -0.009508 (VIOLATED)
_0662_/A                                0.100000    0.109508   -0.009508 (VIOLATED)
_1084_/Q                                0.100000    0.109508   -0.009508 (VIOLATED)
_1033_/Y                                0.100000    0.109352   -0.009352 (VIOLATED)
_1391_/D                                0.100000    0.109352   -0.009352 (VIOLATED)
_1013_/X                                0.100000    0.109116   -0.009116 (VIOLATED)
_1381_/D                                0.100000    0.109116   -0.009116 (VIOLATED)
_0553_/A                                0.100000    0.108442   -0.008442 (VIOLATED)
_0848_/B                                0.100000    0.108442   -0.008442 (VIOLATED)
_0849_/A0                               0.100000    0.108442   -0.008442 (VIOLATED)
_1236_/Q                                0.100000    0.108442   -0.008442 (VIOLATED)
_0566_/S                                0.100000    0.108356   -0.008356 (VIOLATED)
_0567_/A2                               0.100000    0.108356   -0.008356 (VIOLATED)
_0568_/A                                0.100000    0.108356   -0.008356 (VIOLATED)
_0569_/B                                0.100000    0.108356   -0.008356 (VIOLATED)
_1056_/Q                                0.100000    0.108356   -0.008356 (VIOLATED)
_1044_/Y                                0.100000    0.108071   -0.008071 (VIOLATED)
_1397_/D                                0.100000    0.108071   -0.008071 (VIOLATED)
_0693_/Y                                0.100000    0.107260   -0.007260 (VIOLATED)
_0694_/B                                0.100000    0.107260   -0.007260 (VIOLATED)
_0572_/Y                                0.100000    0.106943   -0.006943 (VIOLATED)
_0573_/B                                0.100000    0.106943   -0.006943 (VIOLATED)
_0574_/A1                               0.100000    0.106943   -0.006943 (VIOLATED)
_0643_/Y                                0.100000    0.106665   -0.006665 (VIOLATED)
_1080_/D                                0.100000    0.106665   -0.006665 (VIOLATED)
_0558_/B                                0.100000    0.106461   -0.006461 (VIOLATED)
_1010_/A1                               0.100000    0.106461   -0.006461 (VIOLATED)
_0837_/A1                               0.100000    0.106461   -0.006461 (VIOLATED)
_0858_/A1                               0.100000    0.106461   -0.006461 (VIOLATED)
_0556_/Y                                0.100000    0.106461   -0.006461 (VIOLATED)
_0536_/B                                0.100000    0.105967   -0.005967 (VIOLATED)
_0658_/A                                0.100000    0.105967   -0.005967 (VIOLATED)
_0659_/B                                0.100000    0.105967   -0.005967 (VIOLATED)
_0662_/B                                0.100000    0.105967   -0.005967 (VIOLATED)
_1085_/Q                                0.100000    0.105967   -0.005967 (VIOLATED)
_0537_/B1                               0.100000    0.105711   -0.005711 (VIOLATED)
_0575_/B1                               0.100000    0.105711   -0.005711 (VIOLATED)
_0576_/B                                0.100000    0.105711   -0.005711 (VIOLATED)
_0580_/B                                0.100000    0.105711   -0.005711 (VIOLATED)
_1059_/Q                                0.100000    0.105711   -0.005711 (VIOLATED)
_1020_/X                                0.100000    0.105017   -0.005017 (VIOLATED)
_1384_/D                                0.100000    0.105017   -0.005017 (VIOLATED)
_0540_/B                                0.100000    0.104951   -0.004951 (VIOLATED)
_0607_/A1                               0.100000    0.104951   -0.004951 (VIOLATED)
_0608_/B                                0.100000    0.104951   -0.004951 (VIOLATED)
_0611_/B                                0.100000    0.104951   -0.004951 (VIOLATED)
_1069_/Q                                0.100000    0.104951   -0.004951 (VIOLATED)
_0545_/X                                0.100000    0.104875   -0.004875 (VIOLATED)
_0546_/A                                0.100000    0.104875   -0.004875 (VIOLATED)
_0681_/A2                               0.100000    0.104875   -0.004875 (VIOLATED)
rebuffer481/A                           0.100000    0.104875   -0.004875 (VIOLATED)
_1032_/X                                0.100000    0.104360   -0.004360 (VIOLATED)
_1390_/D                                0.100000    0.104360   -0.004360 (VIOLATED)
_1048_/X                                0.100000    0.104246   -0.004246 (VIOLATED)
_1399_/D                                0.100000    0.104246   -0.004246 (VIOLATED)
_0640_/X                                0.100000    0.104086   -0.004086 (VIOLATED)
_0641_/D                                0.100000    0.104086   -0.004086 (VIOLATED)
_0644_/A3                               0.100000    0.104086   -0.004086 (VIOLATED)
_0653_/C                                0.100000    0.104086   -0.004086 (VIOLATED)
_1022_/Y                                0.100000    0.104028   -0.004028 (VIOLATED)
_1023_/B                                0.100000    0.104028   -0.004028 (VIOLATED)
_1028_/X                                0.100000    0.103940   -0.003940 (VIOLATED)
_1388_/D                                0.100000    0.103940   -0.003940 (VIOLATED)
_0592_/Y                                0.100000    0.103731   -0.003731 (VIOLATED)
_0593_/B1                               0.100000    0.103731   -0.003731 (VIOLATED)
_1048_/A                                0.100000    0.103244   -0.003244 (VIOLATED)
_1049_/A                                0.100000    0.103244   -0.003244 (VIOLATED)
_1050_/A1                               0.100000    0.103244   -0.003244 (VIOLATED)
_1399_/Q                                0.100000    0.103244   -0.003244 (VIOLATED)
_0841_/Y                                0.100000    0.102567   -0.002567 (VIOLATED)
_0843_/A                                0.100000    0.102567   -0.002567 (VIOLATED)
_0844_/A1                               0.100000    0.102567   -0.002567 (VIOLATED)
_0650_/Y                                0.100000    0.102563   -0.002563 (VIOLATED)
_1082_/D                                0.100000    0.102563   -0.002563 (VIOLATED)
_0637_/Y                                0.100000    0.102471   -0.002471 (VIOLATED)
_1078_/D                                0.100000    0.102471   -0.002471 (VIOLATED)
_0612_/Y                                0.100000    0.102330   -0.002330 (VIOLATED)
_1070_/D                                0.100000    0.102330   -0.002330 (VIOLATED)
_0821_/S                                0.100000    0.102255   -0.002255 (VIOLATED)
_0751_/S                                0.100000    0.102252   -0.002252 (VIOLATED)
_0818_/S                                0.100000    0.102249   -0.002249 (VIOLATED)
_0813_/S                                0.100000    0.102240   -0.002240 (VIOLATED)
_0811_/S                                0.100000    0.102238   -0.002238 (VIOLATED)
_0809_/S                                0.100000    0.102209   -0.002209 (VIOLATED)
_0804_/S                                0.100000    0.102146   -0.002146 (VIOLATED)
_0803_/S                                0.100000    0.102134   -0.002134 (VIOLATED)
_0826_/S                                0.100000    0.102085   -0.002085 (VIOLATED)
_0792_/S                                0.100000    0.102028   -0.002028 (VIOLATED)
_0748_/S                                0.100000    0.102009   -0.002009 (VIOLATED)
_0747_/S                                0.100000    0.102009   -0.002009 (VIOLATED)
_0745_/S                                0.100000    0.102004   -0.002004 (VIOLATED)
_0833_/S                                0.100000    0.101983   -0.001983 (VIOLATED)
_0829_/S                                0.100000    0.101982   -0.001982 (VIOLATED)
_0744_/S                                0.100000    0.101978   -0.001978 (VIOLATED)
max_cap12/X                             0.100000    0.101967   -0.001967 (VIOLATED)
_0580_/X                                0.100000    0.101397   -0.001397 (VIOLATED)
_0581_/C                                0.100000    0.101397   -0.001397 (VIOLATED)
_0583_/C                                0.100000    0.101397   -0.001397 (VIOLATED)
_0588_/B                                0.100000    0.101397   -0.001397 (VIOLATED)
_0589_/C                                0.100000    0.101397   -0.001397 (VIOLATED)
_0626_/X                                0.100000    0.101185   -0.001185 (VIOLATED)
_0627_/C                                0.100000    0.101185   -0.001185 (VIOLATED)
_0631_/A3                               0.100000    0.101185   -0.001185 (VIOLATED)
_0640_/B                                0.100000    0.101185   -0.001185 (VIOLATED)
_0539_/A                                0.100000    0.101119   -0.001119 (VIOLATED)
_0579_/S                                0.100000    0.101119   -0.001119 (VIOLATED)
_0580_/C                                0.100000    0.101119   -0.001119 (VIOLATED)
_1060_/Q                                0.100000    0.101119   -0.001119 (VIOLATED)
_0871_/X                                0.100000    0.100984   -0.000984 (VIOLATED)
_0875_/B                                0.100000    0.100984   -0.000984 (VIOLATED)
rebuffer26/A                            0.100000    0.100984   -0.000984 (VIOLATED)
rebuffer27/A                            0.100000    0.100984   -0.000984 (VIOLATED)
_1034_/A                                0.100000    0.100661   -0.000661 (VIOLATED)
_1035_/A                                0.100000    0.100661   -0.000661 (VIOLATED)
_1038_/A                                0.100000    0.100661   -0.000661 (VIOLATED)
_1039_/A1                               0.100000    0.100661   -0.000661 (VIOLATED)
_1393_/Q                                0.100000    0.100661   -0.000661 (VIOLATED)
_0842_/A1                               0.100000    0.100512   -0.000512 (VIOLATED)
_0845_/A1                               0.100000    0.100511   -0.000511 (VIOLATED)
_0854_/A1                               0.100000    0.100509   -0.000509 (VIOLATED)
_0852_/A3                               0.100000    0.100509   -0.000509 (VIOLATED)
_0557_/X                                0.100000    0.100509   -0.000509 (VIOLATED)
_0851_/A2                               0.100000    0.100509   -0.000509 (VIOLATED)
_0859_/A1                               0.100000    0.100509   -0.000509 (VIOLATED)
_0873_/A3                               0.100000    0.100509   -0.000509 (VIOLATED)
_0840_/X                                0.100000    0.100318   -0.000318 (VIOLATED)
_0841_/A                                0.100000    0.100318   -0.000318 (VIOLATED)
_0844_/A0                               0.100000    0.100318   -0.000318 (VIOLATED)
_0529_/A                                0.100000    0.100221   -0.000221 (VIOLATED)
_0536_/C                                0.100000    0.100221   -0.000221 (VIOLATED)
_0662_/C                                0.100000    0.100221   -0.000221 (VIOLATED)
_1086_/Q                                0.100000    0.100221   -0.000221 (VIOLATED)
_0537_/A1                               0.100000    0.100028   -0.000028 (VIOLATED)
_0567_/B1                               0.100000    0.100028   -0.000028 (VIOLATED)
_0568_/B                                0.100000    0.100028   -0.000028 (VIOLATED)
_0569_/C                                0.100000    0.100028   -0.000028 (VIOLATED)
_1057_/Q                                0.100000    0.100028   -0.000028 (VIOLATED)



===========================================================================
report_parasitic_annotation -report_unannotated
============================================================================
Found 31 unannotated drivers.
 Systolic4x4_serial_io_16/HI
 clkload0/Y
 clkload1/Y
 clkload10/X
 clkload11/Y
 clkload12/X
 clkload13/Y
 clkload14/X
 clkload15/Y
 clkload16/Y
 clkload17/Y
 clkload18/Y
 clkload19/Y
 clkload2/Y
 clkload20/Y
 clkload21/Y
 clkload22/Y
 clkload23/Y
 clkload24/Y
 clkload25/Y
 clkload26/Y
 clkload27/Y
 clkload28/Y
 clkload29/Y
 clkload3/X
 clkload4/Y
 clkload5/X
 clkload6/Y
 clkload7/Y
 clkload8/Y
 clkload9/X
Found 0 partially unannotated drivers.

===========================================================================
max slew violation count 743
max fanout violation count 0
max cap violation count 0
============================================================================

===========================================================================
check_setup -verbose -unconstrained_endpoints -multiple_clock -no_clock -no_input_delay -loops -generated_clocks
===========================================================================
Warning: There are 6 input ports missing set_input_delay.
  A_in_frame_sync
  A_in_serial_data
  B_in_frame_sync
  B_in_serial_data
  rst_n
  start
Warning: There is 1 unconstrained endpoint.
  C_out_serial_data
