
===========================================================================
Clock Skew (Setup)
============================================================================
======================= min_tt_025C_1v80 Corner ===================================

Clock A_in_serial_clk
0.350688 source latency _1097_/CLK ^
-0.339611 target latency _1098_/CLK ^
0.000000 CRPR
--------------
0.011077 setup skew

Clock B_in_serial_clk
0.348688 source latency _1236_/CLK ^
-0.354467 target latency _1238_/CLK ^
0.000000 CRPR
--------------
-0.005780 setup skew

Clock clk
0.282371 source latency _1387_/CLK ^
-0.277142 target latency _1392_/CLK ^
0.100000 clock uncertainty
0.000000 CRPR
--------------
0.105229 setup skew

