Reading timing models for corner nom_tt_025C_1v80…
Reading timing library for the 'nom_tt_025C_1v80' corner at '/home/hp/.volare/volare/sky130/versions/0fe599b2afb6708d281543108caf8310912f54af/sky130A/libs.ref/sky130_fd_sc_hd/lib/sky130_fd_sc_hd__tt_025C_1v80.lib'…
Reading timing models for corner nom_ff_n40C_1v95…
Reading timing library for the 'nom_ff_n40C_1v95' corner at '/home/hp/.volare/volare/sky130/versions/0fe599b2afb6708d281543108caf8310912f54af/sky130A/libs.ref/sky130_fd_sc_hd/lib/sky130_fd_sc_hd__ff_n40C_1v95.lib'…
Reading timing models for corner nom_ss_100C_1v60…
Reading timing library for the 'nom_ss_100C_1v60' corner at '/home/hp/.volare/volare/sky130/versions/0fe599b2afb6708d281543108caf8310912f54af/sky130A/libs.ref/sky130_fd_sc_hd/lib/sky130_fd_sc_hd__ss_100C_1v60.lib'…
Reading OpenROAD database at '/home/hp/openlane2/project2/runs/RUN_2025-09-26_17-01-24/34-openroad-cts/Systolic4x4_serial_io.odb'…
Reading design constraints file at 'constraints.sdc'…
[INFO] No information on clock propagation in input SDC file-- propagating all clocks.
[INFO] Setting RC values…
[INFO RSZ-0098] No setup violations found
[INFO RSZ-0033] No hold violations found.
Placement Analysis
---------------------------------
total displacement          0.0 u
average displacement        0.0 u
max displacement            0.0 u
original HPWL          296271.3 u
legalized HPWL         305858.7 u
delta HPWL                    3 %

[INFO DPL-0020] Mirrored 4958 instances
[INFO DPL-0021] HPWL before          305858.7 u
[INFO DPL-0022] HPWL after           296271.3 u
[INFO DPL-0023] HPWL delta               -3.1 %
[INFO] Setting RC values…
Setting global connections for newly added cells…
[INFO] Setting global connections...
Updating metrics…
Cell type report:                       Count       Area
  Fill cell                               486    1824.25
  Tap cell                               6247    7816.25
  Buffer                                    1       5.00
  Clock buffer                            539    7673.61
  Timing Repair Buffer                    152    2688.83
  Inverter                                287    1129.83
  Clock inverter                          316    3921.26
  Sequential cell                        3496   86845.79
  Multi-Input combinational cell        12814  102080.40
  Total                                 24338  213985.23
Writing OpenROAD database to '/home/hp/openlane2/project2/runs/RUN_2025-09-26_17-01-24/36-openroad-resizertimingpostcts/Systolic4x4_serial_io.odb'…
Writing netlist to '/home/hp/openlane2/project2/runs/RUN_2025-09-26_17-01-24/36-openroad-resizertimingpostcts/Systolic4x4_serial_io.nl.v'…
Writing powered netlist to '/home/hp/openlane2/project2/runs/RUN_2025-09-26_17-01-24/36-openroad-resizertimingpostcts/Systolic4x4_serial_io.pnl.v'…
Writing layout to '/home/hp/openlane2/project2/runs/RUN_2025-09-26_17-01-24/36-openroad-resizertimingpostcts/Systolic4x4_serial_io.def'…
Writing timing constraints to '/home/hp/openlane2/project2/runs/RUN_2025-09-26_17-01-24/36-openroad-resizertimingpostcts/Systolic4x4_serial_io.sdc'…
