
 /----------------------------------------------------------------------------\
 |  yosys -- Yosys Open SYnthesis Suite                                       |
 |  Copyright (C) 2012 - 2024  Claire Xenia Wolf <claire@yosyshq.com>         |
 |  Distributed under an ISC-like license, type "license" to see terms        |
 \----------------------------------------------------------------------------/
 Yosys 0.46 (git sha1 e97731b9dda91fa5fa53ed87df7c34163ba59a41, clang++ 17.0.6 -fPIC -O3)
Loaded SDC plugin

1. Executing Verilog-2005 frontend: /home/hp/openlane2/project1/runs/RUN_2025-09-14_22-17-56/tmp/679db8f480d04dc1907f04b553a9004f.bb.v
Parsing SystemVerilog input from `/home/hp/openlane2/project1/runs/RUN_2025-09-14_22-17-56/tmp/679db8f480d04dc1907f04b553a9004f.bb.v' to AST representation.
Generating RTLIL representation for module `\sky130_ef_sc_hd__decap_12'.
Generating RTLIL representation for module `\sky130_ef_sc_hd__fill_12'.
Generating RTLIL representation for module `\sky130_ef_sc_hd__fill_4'.
Generating RTLIL representation for module `\sky130_ef_sc_hd__fill_8'.
Generating RTLIL representation for module `\sky130_fd_sc_hd__a2111o_1'.
Generating RTLIL representation for module `\sky130_fd_sc_hd__a2111o_2'.
Generating RTLIL representation for module `\sky130_fd_sc_hd__a2111o_4'.
Generating RTLIL representation for module `\sky130_fd_sc_hd__a2111oi_0'.
Generating RTLIL representation for module `\sky130_fd_sc_hd__a2111oi_1'.
Generating RTLIL representation for module `\sky130_fd_sc_hd__a2111oi_2'.
Generating RTLIL representation for module `\sky130_fd_sc_hd__a2111oi_4'.
Generating RTLIL representation for module `\sky130_fd_sc_hd__a211o_1'.
Generating RTLIL representation for module `\sky130_fd_sc_hd__a211o_2'.
Generating RTLIL representation for module `\sky130_fd_sc_hd__a211o_4'.
Generating RTLIL representation for module `\sky130_fd_sc_hd__a211oi_1'.
Generating RTLIL representation for module `\sky130_fd_sc_hd__a211oi_2'.
Generating RTLIL representation for module `\sky130_fd_sc_hd__a211oi_4'.
Generating RTLIL representation for module `\sky130_fd_sc_hd__a21bo_1'.
Generating RTLIL representation for module `\sky130_fd_sc_hd__a21bo_2'.
Generating RTLIL representation for module `\sky130_fd_sc_hd__a21bo_4'.
Generating RTLIL representation for module `\sky130_fd_sc_hd__a21boi_0'.
Generating RTLIL representation for module `\sky130_fd_sc_hd__a21boi_1'.
Generating RTLIL representation for module `\sky130_fd_sc_hd__a21boi_2'.
Generating RTLIL representation for module `\sky130_fd_sc_hd__a21boi_4'.
Generating RTLIL representation for module `\sky130_fd_sc_hd__a21o_1'.
Generating RTLIL representation for module `\sky130_fd_sc_hd__a21o_2'.
Generating RTLIL representation for module `\sky130_fd_sc_hd__a21o_4'.
Generating RTLIL representation for module `\sky130_fd_sc_hd__a21oi_1'.
Generating RTLIL representation for module `\sky130_fd_sc_hd__a21oi_2'.
Generating RTLIL representation for module `\sky130_fd_sc_hd__a21oi_4'.
Generating RTLIL representation for module `\sky130_fd_sc_hd__a221o_1'.
Generating RTLIL representation for module `\sky130_fd_sc_hd__a221o_2'.
Generating RTLIL representation for module `\sky130_fd_sc_hd__a221o_4'.
Generating RTLIL representation for module `\sky130_fd_sc_hd__a221oi_1'.
Generating RTLIL representation for module `\sky130_fd_sc_hd__a221oi_2'.
Generating RTLIL representation for module `\sky130_fd_sc_hd__a221oi_4'.
Generating RTLIL representation for module `\sky130_fd_sc_hd__a222oi_1'.
Generating RTLIL representation for module `\sky130_fd_sc_hd__a22o_1'.
Generating RTLIL representation for module `\sky130_fd_sc_hd__a22o_2'.
Generating RTLIL representation for module `\sky130_fd_sc_hd__a22o_4'.
Generating RTLIL representation for module `\sky130_fd_sc_hd__a22oi_1'.
Generating RTLIL representation for module `\sky130_fd_sc_hd__a22oi_2'.
Generating RTLIL representation for module `\sky130_fd_sc_hd__a22oi_4'.
Generating RTLIL representation for module `\sky130_fd_sc_hd__a2bb2o_1'.
Generating RTLIL representation for module `\sky130_fd_sc_hd__a2bb2o_2'.
Generating RTLIL representation for module `\sky130_fd_sc_hd__a2bb2o_4'.
Generating RTLIL representation for module `\sky130_fd_sc_hd__a2bb2oi_1'.
Generating RTLIL representation for module `\sky130_fd_sc_hd__a2bb2oi_2'.
Generating RTLIL representation for module `\sky130_fd_sc_hd__a2bb2oi_4'.
Generating RTLIL representation for module `\sky130_fd_sc_hd__a311o_1'.
Generating RTLIL representation for module `\sky130_fd_sc_hd__a311o_2'.
Generating RTLIL representation for module `\sky130_fd_sc_hd__a311o_4'.
Generating RTLIL representation for module `\sky130_fd_sc_hd__a311oi_1'.
Generating RTLIL representation for module `\sky130_fd_sc_hd__a311oi_2'.
Generating RTLIL representation for module `\sky130_fd_sc_hd__a311oi_4'.
Generating RTLIL representation for module `\sky130_fd_sc_hd__a31o_1'.
Generating RTLIL representation for module `\sky130_fd_sc_hd__a31o_2'.
Generating RTLIL representation for module `\sky130_fd_sc_hd__a31o_4'.
Generating RTLIL representation for module `\sky130_fd_sc_hd__a31oi_1'.
Generating RTLIL representation for module `\sky130_fd_sc_hd__a31oi_2'.
Generating RTLIL representation for module `\sky130_fd_sc_hd__a31oi_4'.
Generating RTLIL representation for module `\sky130_fd_sc_hd__a32o_1'.
Generating RTLIL representation for module `\sky130_fd_sc_hd__a32o_2'.
Generating RTLIL representation for module `\sky130_fd_sc_hd__a32o_4'.
Generating RTLIL representation for module `\sky130_fd_sc_hd__a32oi_1'.
Generating RTLIL representation for module `\sky130_fd_sc_hd__a32oi_2'.
Generating RTLIL representation for module `\sky130_fd_sc_hd__a32oi_4'.
Generating RTLIL representation for module `\sky130_fd_sc_hd__a41o_1'.
Generating RTLIL representation for module `\sky130_fd_sc_hd__a41o_2'.
Generating RTLIL representation for module `\sky130_fd_sc_hd__a41o_4'.
Generating RTLIL representation for module `\sky130_fd_sc_hd__a41oi_1'.
Generating RTLIL representation for module `\sky130_fd_sc_hd__a41oi_2'.
Generating RTLIL representation for module `\sky130_fd_sc_hd__a41oi_4'.
Generating RTLIL representation for module `\sky130_fd_sc_hd__and2_0'.
Generating RTLIL representation for module `\sky130_fd_sc_hd__and2_1'.
Generating RTLIL representation for module `\sky130_fd_sc_hd__and2_2'.
Generating RTLIL representation for module `\sky130_fd_sc_hd__and2_4'.
Generating RTLIL representation for module `\sky130_fd_sc_hd__and2b_1'.
Generating RTLIL representation for module `\sky130_fd_sc_hd__and2b_2'.
Generating RTLIL representation for module `\sky130_fd_sc_hd__and2b_4'.
Generating RTLIL representation for module `\sky130_fd_sc_hd__and3_1'.
Generating RTLIL representation for module `\sky130_fd_sc_hd__and3_2'.
Generating RTLIL representation for module `\sky130_fd_sc_hd__and3_4'.
Generating RTLIL representation for module `\sky130_fd_sc_hd__and3b_1'.
Generating RTLIL representation for module `\sky130_fd_sc_hd__and3b_2'.
Generating RTLIL representation for module `\sky130_fd_sc_hd__and3b_4'.
Generating RTLIL representation for module `\sky130_fd_sc_hd__and4_1'.
Generating RTLIL representation for module `\sky130_fd_sc_hd__and4_2'.
Generating RTLIL representation for module `\sky130_fd_sc_hd__and4_4'.
Generating RTLIL representation for module `\sky130_fd_sc_hd__and4b_1'.
Generating RTLIL representation for module `\sky130_fd_sc_hd__and4b_2'.
Generating RTLIL representation for module `\sky130_fd_sc_hd__and4b_4'.
Generating RTLIL representation for module `\sky130_fd_sc_hd__and4bb_1'.
Generating RTLIL representation for module `\sky130_fd_sc_hd__and4bb_2'.
Generating RTLIL representation for module `\sky130_fd_sc_hd__and4bb_4'.
Generating RTLIL representation for module `\sky130_fd_sc_hd__buf_1'.
Generating RTLIL representation for module `\sky130_fd_sc_hd__buf_12'.
Generating RTLIL representation for module `\sky130_fd_sc_hd__buf_16'.
Generating RTLIL representation for module `\sky130_fd_sc_hd__buf_2'.
Generating RTLIL representation for module `\sky130_fd_sc_hd__buf_4'.
Generating RTLIL representation for module `\sky130_fd_sc_hd__buf_6'.
Generating RTLIL representation for module `\sky130_fd_sc_hd__buf_8'.
Generating RTLIL representation for module `\sky130_fd_sc_hd__bufbuf_16'.
Generating RTLIL representation for module `\sky130_fd_sc_hd__bufbuf_8'.
Generating RTLIL representation for module `\sky130_fd_sc_hd__bufinv_16'.
Generating RTLIL representation for module `\sky130_fd_sc_hd__bufinv_8'.
Generating RTLIL representation for module `\sky130_fd_sc_hd__clkbuf_1'.
Generating RTLIL representation for module `\sky130_fd_sc_hd__clkbuf_16'.
Generating RTLIL representation for module `\sky130_fd_sc_hd__clkbuf_2'.
Generating RTLIL representation for module `\sky130_fd_sc_hd__clkbuf_4'.
Generating RTLIL representation for module `\sky130_fd_sc_hd__clkbuf_8'.
Generating RTLIL representation for module `\sky130_fd_sc_hd__clkdlybuf4s15_1'.
Generating RTLIL representation for module `\sky130_fd_sc_hd__clkdlybuf4s15_2'.
Generating RTLIL representation for module `\sky130_fd_sc_hd__clkdlybuf4s18_1'.
Generating RTLIL representation for module `\sky130_fd_sc_hd__clkdlybuf4s18_2'.
Generating RTLIL representation for module `\sky130_fd_sc_hd__clkdlybuf4s25_1'.
Generating RTLIL representation for module `\sky130_fd_sc_hd__clkdlybuf4s25_2'.
Generating RTLIL representation for module `\sky130_fd_sc_hd__clkdlybuf4s50_1'.
Generating RTLIL representation for module `\sky130_fd_sc_hd__clkdlybuf4s50_2'.
Generating RTLIL representation for module `\sky130_fd_sc_hd__clkinv_1'.
Generating RTLIL representation for module `\sky130_fd_sc_hd__clkinv_16'.
Generating RTLIL representation for module `\sky130_fd_sc_hd__clkinv_2'.
Generating RTLIL representation for module `\sky130_fd_sc_hd__clkinv_4'.
Generating RTLIL representation for module `\sky130_fd_sc_hd__clkinv_8'.
Generating RTLIL representation for module `\sky130_fd_sc_hd__clkinvlp_2'.
Generating RTLIL representation for module `\sky130_fd_sc_hd__clkinvlp_4'.
Generating RTLIL representation for module `\sky130_fd_sc_hd__conb_1'.
Generating RTLIL representation for module `\sky130_fd_sc_hd__decap_12'.
Generating RTLIL representation for module `\sky130_fd_sc_hd__decap_3'.
Generating RTLIL representation for module `\sky130_fd_sc_hd__decap_4'.
Generating RTLIL representation for module `\sky130_fd_sc_hd__decap_6'.
Generating RTLIL representation for module `\sky130_fd_sc_hd__decap_8'.
Generating RTLIL representation for module `\sky130_fd_sc_hd__dfbbn_1'.
Generating RTLIL representation for module `\sky130_fd_sc_hd__dfbbn_2'.
Generating RTLIL representation for module `\sky130_fd_sc_hd__dfbbp_1'.
Generating RTLIL representation for module `\sky130_fd_sc_hd__dfrbp_1'.
Generating RTLIL representation for module `\sky130_fd_sc_hd__dfrbp_2'.
Generating RTLIL representation for module `\sky130_fd_sc_hd__dfrtn_1'.
Generating RTLIL representation for module `\sky130_fd_sc_hd__dfrtp_1'.
Generating RTLIL representation for module `\sky130_fd_sc_hd__dfrtp_2'.
Generating RTLIL representation for module `\sky130_fd_sc_hd__dfrtp_4'.
Generating RTLIL representation for module `\sky130_fd_sc_hd__dfsbp_1'.
Generating RTLIL representation for module `\sky130_fd_sc_hd__dfsbp_2'.
Generating RTLIL representation for module `\sky130_fd_sc_hd__dfstp_1'.
Generating RTLIL representation for module `\sky130_fd_sc_hd__dfstp_2'.
Generating RTLIL representation for module `\sky130_fd_sc_hd__dfstp_4'.
Generating RTLIL representation for module `\sky130_fd_sc_hd__dfxbp_1'.
Generating RTLIL representation for module `\sky130_fd_sc_hd__dfxbp_2'.
Generating RTLIL representation for module `\sky130_fd_sc_hd__dfxtp_1'.
Generating RTLIL representation for module `\sky130_fd_sc_hd__dfxtp_2'.
Generating RTLIL representation for module `\sky130_fd_sc_hd__dfxtp_4'.
Generating RTLIL representation for module `\sky130_fd_sc_hd__diode_2'.
Generating RTLIL representation for module `\sky130_fd_sc_hd__dlclkp_1'.
Generating RTLIL representation for module `\sky130_fd_sc_hd__dlclkp_2'.
Generating RTLIL representation for module `\sky130_fd_sc_hd__dlclkp_4'.
Generating RTLIL representation for module `\sky130_fd_sc_hd__dlrbn_1'.
Generating RTLIL representation for module `\sky130_fd_sc_hd__dlrbn_2'.
Generating RTLIL representation for module `\sky130_fd_sc_hd__dlrbp_1'.
Generating RTLIL representation for module `\sky130_fd_sc_hd__dlrbp_2'.
Generating RTLIL representation for module `\sky130_fd_sc_hd__dlrtn_1'.
Generating RTLIL representation for module `\sky130_fd_sc_hd__dlrtn_2'.
Generating RTLIL representation for module `\sky130_fd_sc_hd__dlrtn_4'.
Generating RTLIL representation for module `\sky130_fd_sc_hd__dlrtp_1'.
Generating RTLIL representation for module `\sky130_fd_sc_hd__dlrtp_2'.
Generating RTLIL representation for module `\sky130_fd_sc_hd__dlrtp_4'.
Generating RTLIL representation for module `\sky130_fd_sc_hd__dlxbn_1'.
Generating RTLIL representation for module `\sky130_fd_sc_hd__dlxbn_2'.
Generating RTLIL representation for module `\sky130_fd_sc_hd__dlxbp_1'.
Generating RTLIL representation for module `\sky130_fd_sc_hd__dlxtn_1'.
Generating RTLIL representation for module `\sky130_fd_sc_hd__dlxtn_2'.
Generating RTLIL representation for module `\sky130_fd_sc_hd__dlxtn_4'.
Generating RTLIL representation for module `\sky130_fd_sc_hd__dlxtp_1'.
Generating RTLIL representation for module `\sky130_fd_sc_hd__dlygate4sd1_1'.
Generating RTLIL representation for module `\sky130_fd_sc_hd__dlygate4sd2_1'.
Generating RTLIL representation for module `\sky130_fd_sc_hd__dlygate4sd3_1'.
Generating RTLIL representation for module `\sky130_fd_sc_hd__dlymetal6s2s_1'.
Generating RTLIL representation for module `\sky130_fd_sc_hd__dlymetal6s4s_1'.
Generating RTLIL representation for module `\sky130_fd_sc_hd__dlymetal6s6s_1'.
Generating RTLIL representation for module `\sky130_fd_sc_hd__ebufn_1'.
Generating RTLIL representation for module `\sky130_fd_sc_hd__ebufn_2'.
Generating RTLIL representation for module `\sky130_fd_sc_hd__ebufn_4'.
Generating RTLIL representation for module `\sky130_fd_sc_hd__ebufn_8'.
Generating RTLIL representation for module `\sky130_fd_sc_hd__edfxbp_1'.
Generating RTLIL representation for module `\sky130_fd_sc_hd__edfxtp_1'.
Generating RTLIL representation for module `\sky130_fd_sc_hd__einvn_0'.
Generating RTLIL representation for module `\sky130_fd_sc_hd__einvn_1'.
Generating RTLIL representation for module `\sky130_fd_sc_hd__einvn_2'.
Generating RTLIL representation for module `\sky130_fd_sc_hd__einvn_4'.
Generating RTLIL representation for module `\sky130_fd_sc_hd__einvn_8'.
Generating RTLIL representation for module `\sky130_fd_sc_hd__einvp_1'.
Generating RTLIL representation for module `\sky130_fd_sc_hd__einvp_2'.
Generating RTLIL representation for module `\sky130_fd_sc_hd__einvp_4'.
Generating RTLIL representation for module `\sky130_fd_sc_hd__einvp_8'.
Generating RTLIL representation for module `\sky130_fd_sc_hd__fa_1'.
Generating RTLIL representation for module `\sky130_fd_sc_hd__fa_2'.
Generating RTLIL representation for module `\sky130_fd_sc_hd__fa_4'.
Generating RTLIL representation for module `\sky130_fd_sc_hd__fah_1'.
Generating RTLIL representation for module `\sky130_fd_sc_hd__fahcin_1'.
Generating RTLIL representation for module `\sky130_fd_sc_hd__fahcon_1'.
Generating RTLIL representation for module `\sky130_fd_sc_hd__fill_1'.
Generating RTLIL representation for module `\sky130_fd_sc_hd__fill_2'.
Generating RTLIL representation for module `\sky130_fd_sc_hd__fill_4'.
Generating RTLIL representation for module `\sky130_fd_sc_hd__fill_8'.
Generating RTLIL representation for module `\sky130_fd_sc_hd__ha_1'.
Generating RTLIL representation for module `\sky130_fd_sc_hd__ha_2'.
Generating RTLIL representation for module `\sky130_fd_sc_hd__ha_4'.
Generating RTLIL representation for module `\sky130_fd_sc_hd__inv_1'.
Generating RTLIL representation for module `\sky130_fd_sc_hd__inv_12'.
Generating RTLIL representation for module `\sky130_fd_sc_hd__inv_16'.
Generating RTLIL representation for module `\sky130_fd_sc_hd__inv_2'.
Generating RTLIL representation for module `\sky130_fd_sc_hd__inv_4'.
Generating RTLIL representation for module `\sky130_fd_sc_hd__inv_6'.
Generating RTLIL representation for module `\sky130_fd_sc_hd__inv_8'.
Generating RTLIL representation for module `\sky130_fd_sc_hd__lpflow_bleeder_1'.
Generating RTLIL representation for module `\sky130_fd_sc_hd__lpflow_clkbufkapwr_1'.
Generating RTLIL representation for module `\sky130_fd_sc_hd__lpflow_clkbufkapwr_16'.
Generating RTLIL representation for module `\sky130_fd_sc_hd__lpflow_clkbufkapwr_2'.
Generating RTLIL representation for module `\sky130_fd_sc_hd__lpflow_clkbufkapwr_4'.
Generating RTLIL representation for module `\sky130_fd_sc_hd__lpflow_clkbufkapwr_8'.
Generating RTLIL representation for module `\sky130_fd_sc_hd__lpflow_clkinvkapwr_1'.
Generating RTLIL representation for module `\sky130_fd_sc_hd__lpflow_clkinvkapwr_16'.
Generating RTLIL representation for module `\sky130_fd_sc_hd__lpflow_clkinvkapwr_2'.
Generating RTLIL representation for module `\sky130_fd_sc_hd__lpflow_clkinvkapwr_4'.
Generating RTLIL representation for module `\sky130_fd_sc_hd__lpflow_clkinvkapwr_8'.
Generating RTLIL representation for module `\sky130_fd_sc_hd__lpflow_decapkapwr_12'.
Generating RTLIL representation for module `\sky130_fd_sc_hd__lpflow_decapkapwr_3'.
Generating RTLIL representation for module `\sky130_fd_sc_hd__lpflow_decapkapwr_4'.
Generating RTLIL representation for module `\sky130_fd_sc_hd__lpflow_decapkapwr_6'.
Generating RTLIL representation for module `\sky130_fd_sc_hd__lpflow_decapkapwr_8'.
Generating RTLIL representation for module `\sky130_fd_sc_hd__lpflow_inputiso0n_1'.
Generating RTLIL representation for module `\sky130_fd_sc_hd__lpflow_inputiso0p_1'.
Generating RTLIL representation for module `\sky130_fd_sc_hd__lpflow_inputiso1n_1'.
Generating RTLIL representation for module `\sky130_fd_sc_hd__lpflow_inputiso1p_1'.
Generating RTLIL representation for module `\sky130_fd_sc_hd__lpflow_inputisolatch_1'.
Generating RTLIL representation for module `\sky130_fd_sc_hd__lpflow_isobufsrc_1'.
Generating RTLIL representation for module `\sky130_fd_sc_hd__lpflow_isobufsrc_16'.
Generating RTLIL representation for module `\sky130_fd_sc_hd__lpflow_isobufsrc_2'.
Generating RTLIL representation for module `\sky130_fd_sc_hd__lpflow_isobufsrc_4'.
Generating RTLIL representation for module `\sky130_fd_sc_hd__lpflow_isobufsrc_8'.
Generating RTLIL representation for module `\sky130_fd_sc_hd__lpflow_isobufsrckapwr_16'.
Generating RTLIL representation for module `\sky130_fd_sc_hd__lpflow_lsbuf_lh_hl_isowell_tap_1'.
Generating RTLIL representation for module `\sky130_fd_sc_hd__lpflow_lsbuf_lh_hl_isowell_tap_2'.
Generating RTLIL representation for module `\sky130_fd_sc_hd__lpflow_lsbuf_lh_hl_isowell_tap_4'.
Generating RTLIL representation for module `\sky130_fd_sc_hd__lpflow_lsbuf_lh_isowell_4'.
Generating RTLIL representation for module `\sky130_fd_sc_hd__lpflow_lsbuf_lh_isowell_tap_1'.
Generating RTLIL representation for module `\sky130_fd_sc_hd__lpflow_lsbuf_lh_isowell_tap_2'.
Generating RTLIL representation for module `\sky130_fd_sc_hd__lpflow_lsbuf_lh_isowell_tap_4'.
Generating RTLIL representation for module `\sky130_fd_sc_hd__macro_sparecell'.
Generating RTLIL representation for module `\sky130_fd_sc_hd__maj3_1'.
Generating RTLIL representation for module `\sky130_fd_sc_hd__maj3_2'.
Generating RTLIL representation for module `\sky130_fd_sc_hd__maj3_4'.
Generating RTLIL representation for module `\sky130_fd_sc_hd__mux2_1'.
Generating RTLIL representation for module `\sky130_fd_sc_hd__mux2_2'.
Generating RTLIL representation for module `\sky130_fd_sc_hd__mux2_4'.
Generating RTLIL representation for module `\sky130_fd_sc_hd__mux2_8'.
Generating RTLIL representation for module `\sky130_fd_sc_hd__mux2i_1'.
Generating RTLIL representation for module `\sky130_fd_sc_hd__mux2i_2'.
Generating RTLIL representation for module `\sky130_fd_sc_hd__mux2i_4'.
Generating RTLIL representation for module `\sky130_fd_sc_hd__mux4_1'.
Generating RTLIL representation for module `\sky130_fd_sc_hd__mux4_2'.
Generating RTLIL representation for module `\sky130_fd_sc_hd__mux4_4'.
Generating RTLIL representation for module `\sky130_fd_sc_hd__nand2_1'.
Generating RTLIL representation for module `\sky130_fd_sc_hd__nand2_2'.
Generating RTLIL representation for module `\sky130_fd_sc_hd__nand2_4'.
Generating RTLIL representation for module `\sky130_fd_sc_hd__nand2_8'.
Generating RTLIL representation for module `\sky130_fd_sc_hd__nand2b_1'.
Generating RTLIL representation for module `\sky130_fd_sc_hd__nand2b_2'.
Generating RTLIL representation for module `\sky130_fd_sc_hd__nand2b_4'.
Generating RTLIL representation for module `\sky130_fd_sc_hd__nand3_1'.
Generating RTLIL representation for module `\sky130_fd_sc_hd__nand3_2'.
Generating RTLIL representation for module `\sky130_fd_sc_hd__nand3_4'.
Generating RTLIL representation for module `\sky130_fd_sc_hd__nand3b_1'.
Generating RTLIL representation for module `\sky130_fd_sc_hd__nand3b_2'.
Generating RTLIL representation for module `\sky130_fd_sc_hd__nand3b_4'.
Generating RTLIL representation for module `\sky130_fd_sc_hd__nand4_1'.
Generating RTLIL representation for module `\sky130_fd_sc_hd__nand4_2'.
Generating RTLIL representation for module `\sky130_fd_sc_hd__nand4_4'.
Generating RTLIL representation for module `\sky130_fd_sc_hd__nand4b_1'.
Generating RTLIL representation for module `\sky130_fd_sc_hd__nand4b_2'.
Generating RTLIL representation for module `\sky130_fd_sc_hd__nand4b_4'.
Generating RTLIL representation for module `\sky130_fd_sc_hd__nand4bb_1'.
Generating RTLIL representation for module `\sky130_fd_sc_hd__nand4bb_2'.
Generating RTLIL representation for module `\sky130_fd_sc_hd__nand4bb_4'.
Generating RTLIL representation for module `\sky130_fd_sc_hd__nor2_1'.
Generating RTLIL representation for module `\sky130_fd_sc_hd__nor2_2'.
Generating RTLIL representation for module `\sky130_fd_sc_hd__nor2_4'.
Generating RTLIL representation for module `\sky130_fd_sc_hd__nor2_8'.
Generating RTLIL representation for module `\sky130_fd_sc_hd__nor2b_1'.
Generating RTLIL representation for module `\sky130_fd_sc_hd__nor2b_2'.
Generating RTLIL representation for module `\sky130_fd_sc_hd__nor2b_4'.
Generating RTLIL representation for module `\sky130_fd_sc_hd__nor3_1'.
Generating RTLIL representation for module `\sky130_fd_sc_hd__nor3_2'.
Generating RTLIL representation for module `\sky130_fd_sc_hd__nor3_4'.
Generating RTLIL representation for module `\sky130_fd_sc_hd__nor3b_1'.
Generating RTLIL representation for module `\sky130_fd_sc_hd__nor3b_2'.
Generating RTLIL representation for module `\sky130_fd_sc_hd__nor3b_4'.
Generating RTLIL representation for module `\sky130_fd_sc_hd__nor4_1'.
Generating RTLIL representation for module `\sky130_fd_sc_hd__nor4_2'.
Generating RTLIL representation for module `\sky130_fd_sc_hd__nor4_4'.
Generating RTLIL representation for module `\sky130_fd_sc_hd__nor4b_1'.
Generating RTLIL representation for module `\sky130_fd_sc_hd__nor4b_2'.
Generating RTLIL representation for module `\sky130_fd_sc_hd__nor4b_4'.
Generating RTLIL representation for module `\sky130_fd_sc_hd__nor4bb_1'.
Generating RTLIL representation for module `\sky130_fd_sc_hd__nor4bb_2'.
Generating RTLIL representation for module `\sky130_fd_sc_hd__nor4bb_4'.
Generating RTLIL representation for module `\sky130_fd_sc_hd__o2111a_1'.
Generating RTLIL representation for module `\sky130_fd_sc_hd__o2111a_2'.
Generating RTLIL representation for module `\sky130_fd_sc_hd__o2111a_4'.
Generating RTLIL representation for module `\sky130_fd_sc_hd__o2111ai_1'.
Generating RTLIL representation for module `\sky130_fd_sc_hd__o2111ai_2'.
Generating RTLIL representation for module `\sky130_fd_sc_hd__o2111ai_4'.
Generating RTLIL representation for module `\sky130_fd_sc_hd__o211a_1'.
Generating RTLIL representation for module `\sky130_fd_sc_hd__o211a_2'.
Generating RTLIL representation for module `\sky130_fd_sc_hd__o211a_4'.
Generating RTLIL representation for module `\sky130_fd_sc_hd__o211ai_1'.
Generating RTLIL representation for module `\sky130_fd_sc_hd__o211ai_2'.
Generating RTLIL representation for module `\sky130_fd_sc_hd__o211ai_4'.
Generating RTLIL representation for module `\sky130_fd_sc_hd__o21a_1'.
Generating RTLIL representation for module `\sky130_fd_sc_hd__o21a_2'.
Generating RTLIL representation for module `\sky130_fd_sc_hd__o21a_4'.
Generating RTLIL representation for module `\sky130_fd_sc_hd__o21ai_0'.
Generating RTLIL representation for module `\sky130_fd_sc_hd__o21ai_1'.
Generating RTLIL representation for module `\sky130_fd_sc_hd__o21ai_2'.
Generating RTLIL representation for module `\sky130_fd_sc_hd__o21ai_4'.
Generating RTLIL representation for module `\sky130_fd_sc_hd__o21ba_1'.
Generating RTLIL representation for module `\sky130_fd_sc_hd__o21ba_2'.
Generating RTLIL representation for module `\sky130_fd_sc_hd__o21ba_4'.
Generating RTLIL representation for module `\sky130_fd_sc_hd__o21bai_1'.
Generating RTLIL representation for module `\sky130_fd_sc_hd__o21bai_2'.
Generating RTLIL representation for module `\sky130_fd_sc_hd__o21bai_4'.
Generating RTLIL representation for module `\sky130_fd_sc_hd__o221a_1'.
Generating RTLIL representation for module `\sky130_fd_sc_hd__o221a_2'.
Generating RTLIL representation for module `\sky130_fd_sc_hd__o221a_4'.
Generating RTLIL representation for module `\sky130_fd_sc_hd__o221ai_1'.
Generating RTLIL representation for module `\sky130_fd_sc_hd__o221ai_2'.
Generating RTLIL representation for module `\sky130_fd_sc_hd__o221ai_4'.
Generating RTLIL representation for module `\sky130_fd_sc_hd__o22a_1'.
Generating RTLIL representation for module `\sky130_fd_sc_hd__o22a_2'.
Generating RTLIL representation for module `\sky130_fd_sc_hd__o22a_4'.
Generating RTLIL representation for module `\sky130_fd_sc_hd__o22ai_1'.
Generating RTLIL representation for module `\sky130_fd_sc_hd__o22ai_2'.
Generating RTLIL representation for module `\sky130_fd_sc_hd__o22ai_4'.
Generating RTLIL representation for module `\sky130_fd_sc_hd__o2bb2a_1'.
Generating RTLIL representation for module `\sky130_fd_sc_hd__o2bb2a_2'.
Generating RTLIL representation for module `\sky130_fd_sc_hd__o2bb2a_4'.
Generating RTLIL representation for module `\sky130_fd_sc_hd__o2bb2ai_1'.
Generating RTLIL representation for module `\sky130_fd_sc_hd__o2bb2ai_2'.
Generating RTLIL representation for module `\sky130_fd_sc_hd__o2bb2ai_4'.
Generating RTLIL representation for module `\sky130_fd_sc_hd__o311a_1'.
Generating RTLIL representation for module `\sky130_fd_sc_hd__o311a_2'.
Generating RTLIL representation for module `\sky130_fd_sc_hd__o311a_4'.
Generating RTLIL representation for module `\sky130_fd_sc_hd__o311ai_0'.
Generating RTLIL representation for module `\sky130_fd_sc_hd__o311ai_1'.
Generating RTLIL representation for module `\sky130_fd_sc_hd__o311ai_2'.
Generating RTLIL representation for module `\sky130_fd_sc_hd__o311ai_4'.
Generating RTLIL representation for module `\sky130_fd_sc_hd__o31a_1'.
Generating RTLIL representation for module `\sky130_fd_sc_hd__o31a_2'.
Generating RTLIL representation for module `\sky130_fd_sc_hd__o31a_4'.
Generating RTLIL representation for module `\sky130_fd_sc_hd__o31ai_1'.
Generating RTLIL representation for module `\sky130_fd_sc_hd__o31ai_2'.
Generating RTLIL representation for module `\sky130_fd_sc_hd__o31ai_4'.
Generating RTLIL representation for module `\sky130_fd_sc_hd__o32a_1'.
Generating RTLIL representation for module `\sky130_fd_sc_hd__o32a_2'.
Generating RTLIL representation for module `\sky130_fd_sc_hd__o32a_4'.
Generating RTLIL representation for module `\sky130_fd_sc_hd__o32ai_1'.
Generating RTLIL representation for module `\sky130_fd_sc_hd__o32ai_2'.
Generating RTLIL representation for module `\sky130_fd_sc_hd__o32ai_4'.
Generating RTLIL representation for module `\sky130_fd_sc_hd__o41a_1'.
Generating RTLIL representation for module `\sky130_fd_sc_hd__o41a_2'.
Generating RTLIL representation for module `\sky130_fd_sc_hd__o41a_4'.
Generating RTLIL representation for module `\sky130_fd_sc_hd__o41ai_1'.
Generating RTLIL representation for module `\sky130_fd_sc_hd__o41ai_2'.
Generating RTLIL representation for module `\sky130_fd_sc_hd__o41ai_4'.
Generating RTLIL representation for module `\sky130_fd_sc_hd__or2_0'.
Generating RTLIL representation for module `\sky130_fd_sc_hd__or2_1'.
Generating RTLIL representation for module `\sky130_fd_sc_hd__or2_2'.
Generating RTLIL representation for module `\sky130_fd_sc_hd__or2_4'.
Generating RTLIL representation for module `\sky130_fd_sc_hd__or2b_1'.
Generating RTLIL representation for module `\sky130_fd_sc_hd__or2b_2'.
Generating RTLIL representation for module `\sky130_fd_sc_hd__or2b_4'.
Generating RTLIL representation for module `\sky130_fd_sc_hd__or3_1'.
Generating RTLIL representation for module `\sky130_fd_sc_hd__or3_2'.
Generating RTLIL representation for module `\sky130_fd_sc_hd__or3_4'.
Generating RTLIL representation for module `\sky130_fd_sc_hd__or3b_1'.
Generating RTLIL representation for module `\sky130_fd_sc_hd__or3b_2'.
Generating RTLIL representation for module `\sky130_fd_sc_hd__or3b_4'.
Generating RTLIL representation for module `\sky130_fd_sc_hd__or4_1'.
Generating RTLIL representation for module `\sky130_fd_sc_hd__or4_2'.
Generating RTLIL representation for module `\sky130_fd_sc_hd__or4_4'.
Generating RTLIL representation for module `\sky130_fd_sc_hd__or4b_1'.
Generating RTLIL representation for module `\sky130_fd_sc_hd__or4b_2'.
Generating RTLIL representation for module `\sky130_fd_sc_hd__or4b_4'.
Generating RTLIL representation for module `\sky130_fd_sc_hd__or4bb_1'.
Generating RTLIL representation for module `\sky130_fd_sc_hd__or4bb_2'.
Generating RTLIL representation for module `\sky130_fd_sc_hd__or4bb_4'.
Generating RTLIL representation for module `\sky130_fd_sc_hd__probe_p_8'.
Generating RTLIL representation for module `\sky130_fd_sc_hd__probec_p_8'.
Generating RTLIL representation for module `\sky130_fd_sc_hd__sdfbbn_1'.
Generating RTLIL representation for module `\sky130_fd_sc_hd__sdfbbn_2'.
Generating RTLIL representation for module `\sky130_fd_sc_hd__sdfbbp_1'.
Generating RTLIL representation for module `\sky130_fd_sc_hd__sdfrbp_1'.
Generating RTLIL representation for module `\sky130_fd_sc_hd__sdfrbp_2'.
Generating RTLIL representation for module `\sky130_fd_sc_hd__sdfrtn_1'.
Generating RTLIL representation for module `\sky130_fd_sc_hd__sdfrtp_1'.
Generating RTLIL representation for module `\sky130_fd_sc_hd__sdfrtp_2'.
Generating RTLIL representation for module `\sky130_fd_sc_hd__sdfrtp_4'.
Generating RTLIL representation for module `\sky130_fd_sc_hd__sdfsbp_1'.
Generating RTLIL representation for module `\sky130_fd_sc_hd__sdfsbp_2'.
Generating RTLIL representation for module `\sky130_fd_sc_hd__sdfstp_1'.
Generating RTLIL representation for module `\sky130_fd_sc_hd__sdfstp_2'.
Generating RTLIL representation for module `\sky130_fd_sc_hd__sdfstp_4'.
Generating RTLIL representation for module `\sky130_fd_sc_hd__sdfxbp_1'.
Generating RTLIL representation for module `\sky130_fd_sc_hd__sdfxbp_2'.
Generating RTLIL representation for module `\sky130_fd_sc_hd__sdfxtp_1'.
Generating RTLIL representation for module `\sky130_fd_sc_hd__sdfxtp_2'.
Generating RTLIL representation for module `\sky130_fd_sc_hd__sdfxtp_4'.
Generating RTLIL representation for module `\sky130_fd_sc_hd__sdlclkp_1'.
Generating RTLIL representation for module `\sky130_fd_sc_hd__sdlclkp_2'.
Generating RTLIL representation for module `\sky130_fd_sc_hd__sdlclkp_4'.
Generating RTLIL representation for module `\sky130_fd_sc_hd__sedfxbp_1'.
Generating RTLIL representation for module `\sky130_fd_sc_hd__sedfxbp_2'.
Generating RTLIL representation for module `\sky130_fd_sc_hd__sedfxtp_1'.
Generating RTLIL representation for module `\sky130_fd_sc_hd__sedfxtp_2'.
Generating RTLIL representation for module `\sky130_fd_sc_hd__sedfxtp_4'.
Generating RTLIL representation for module `\sky130_fd_sc_hd__tap_1'.
Generating RTLIL representation for module `\sky130_fd_sc_hd__tap_2'.
Generating RTLIL representation for module `\sky130_fd_sc_hd__tapvgnd2_1'.
Generating RTLIL representation for module `\sky130_fd_sc_hd__tapvgnd_1'.
Generating RTLIL representation for module `\sky130_fd_sc_hd__tapvpwrvgnd_1'.
Generating RTLIL representation for module `\sky130_fd_sc_hd__xnor2_1'.
Generating RTLIL representation for module `\sky130_fd_sc_hd__xnor2_2'.
Generating RTLIL representation for module `\sky130_fd_sc_hd__xnor2_4'.
Generating RTLIL representation for module `\sky130_fd_sc_hd__xnor3_1'.
Generating RTLIL representation for module `\sky130_fd_sc_hd__xnor3_2'.
Generating RTLIL representation for module `\sky130_fd_sc_hd__xnor3_4'.
Generating RTLIL representation for module `\sky130_fd_sc_hd__xor2_1'.
Generating RTLIL representation for module `\sky130_fd_sc_hd__xor2_2'.
Generating RTLIL representation for module `\sky130_fd_sc_hd__xor2_4'.
Generating RTLIL representation for module `\sky130_fd_sc_hd__xor3_1'.
Generating RTLIL representation for module `\sky130_fd_sc_hd__xor3_2'.
Generating RTLIL representation for module `\sky130_fd_sc_hd__xor3_4'.
Successfully finished Verilog frontend.

2. Executing Verilog-2005 frontend: rtl/top_wrapper.v
Parsing SystemVerilog input from `rtl/top_wrapper.v' to AST representation.
Storing AST representation for module `$abstract\top_wrapper'.
Successfully finished Verilog frontend.

3. Executing Verilog-2005 frontend: rtl/pe_mac.v
Parsing SystemVerilog input from `rtl/pe_mac.v' to AST representation.
Storing AST representation for module `$abstract\PE_MAC'.
Successfully finished Verilog frontend.

4. Executing Verilog-2005 frontend: rtl/systolic4x4.v
Parsing SystemVerilog input from `rtl/systolic4x4.v' to AST representation.
Storing AST representation for module `$abstract\Systolic4x4'.
Successfully finished Verilog frontend.

5. Executing Verilog-2005 frontend: rtl/serializer.v
Parsing SystemVerilog input from `rtl/serializer.v' to AST representation.
Storing AST representation for module `$abstract\serializer'.
Successfully finished Verilog frontend.

6. Executing Verilog-2005 frontend: rtl/deserializer.v
Parsing SystemVerilog input from `rtl/deserializer.v' to AST representation.
Storing AST representation for module `$abstract\deserializer'.
Successfully finished Verilog frontend.

7. Executing Verilog-2005 frontend: rtl/systolic4x4_serial_io.v
Parsing SystemVerilog input from `rtl/systolic4x4_serial_io.v' to AST representation.
Storing AST representation for module `$abstract\Systolic4x4_serial_io'.
Successfully finished Verilog frontend.

8. Executing HIERARCHY pass (managing design hierarchy).

9. Executing AST frontend in derive mode using pre-parsed AST for module `\Systolic4x4_serial_io'.
Generating RTLIL representation for module `\Systolic4x4_serial_io'.

9.1. Analyzing design hierarchy..
Top module:  \Systolic4x4_serial_io
Parameter \WIDTH = 512

9.2. Executing AST frontend in derive mode using pre-parsed AST for module `\serializer'.
Parameter \WIDTH = 512
Generating RTLIL representation for module `$paramod\serializer\WIDTH=s32'00000000000000000000001000000000'.
Parameter \AW = 8
Parameter \BW = 8
Parameter \ACCW = 32
Parameter \ROWS = 4
Parameter \COLS = 4
Parameter \K = 4

9.3. Executing AST frontend in derive mode using pre-parsed AST for module `\Systolic4x4'.
Parameter \AW = 8
Parameter \BW = 8
Parameter \ACCW = 32
Parameter \ROWS = 4
Parameter \COLS = 4
Parameter \K = 4
Generating RTLIL representation for module `$paramod$d3d5788cdda5471de1680ab667385b769574627d\Systolic4x4'.
Warning: Replacing memory \B_shift with list of registers. See rtl/systolic4x4.v:122, rtl/systolic4x4.v:84
Warning: Replacing memory \A_shift with list of registers. See rtl/systolic4x4.v:118, rtl/systolic4x4.v:80
Parameter \WIDTH = 128

9.4. Executing AST frontend in derive mode using pre-parsed AST for module `\deserializer'.
Parameter \WIDTH = 128
Generating RTLIL representation for module `$paramod\deserializer\WIDTH=s32'00000000000000000000000010000000'.
Parameter \WIDTH = 128
Found cached RTLIL representation for module `$paramod\deserializer\WIDTH=s32'00000000000000000000000010000000'.

9.5. Analyzing design hierarchy..
Top module:  \Systolic4x4_serial_io
Used module:     $paramod\serializer\WIDTH=s32'00000000000000000000001000000000
Used module:     $paramod$d3d5788cdda5471de1680ab667385b769574627d\Systolic4x4
Used module:     $paramod\deserializer\WIDTH=s32'00000000000000000000000010000000
Parameter \AW = 8
Parameter \BW = 8
Parameter \ACCW = 32

9.6. Executing AST frontend in derive mode using pre-parsed AST for module `\PE_MAC'.
Parameter \AW = 8
Parameter \BW = 8
Parameter \ACCW = 32
Generating RTLIL representation for module `$paramod$fa674685d90c05290de176cbd2c717b5b455720d\PE_MAC'.
Parameter \AW = 8
Parameter \BW = 8
Parameter \ACCW = 32
Found cached RTLIL representation for module `$paramod$fa674685d90c05290de176cbd2c717b5b455720d\PE_MAC'.
Parameter \AW = 8
Parameter \BW = 8
Parameter \ACCW = 32
Found cached RTLIL representation for module `$paramod$fa674685d90c05290de176cbd2c717b5b455720d\PE_MAC'.
Parameter \AW = 8
Parameter \BW = 8
Parameter \ACCW = 32
Found cached RTLIL representation for module `$paramod$fa674685d90c05290de176cbd2c717b5b455720d\PE_MAC'.
Parameter \AW = 8
Parameter \BW = 8
Parameter \ACCW = 32
Found cached RTLIL representation for module `$paramod$fa674685d90c05290de176cbd2c717b5b455720d\PE_MAC'.
Parameter \AW = 8
Parameter \BW = 8
Parameter \ACCW = 32
Found cached RTLIL representation for module `$paramod$fa674685d90c05290de176cbd2c717b5b455720d\PE_MAC'.
Parameter \AW = 8
Parameter \BW = 8
Parameter \ACCW = 32
Found cached RTLIL representation for module `$paramod$fa674685d90c05290de176cbd2c717b5b455720d\PE_MAC'.
Parameter \AW = 8
Parameter \BW = 8
Parameter \ACCW = 32
Found cached RTLIL representation for module `$paramod$fa674685d90c05290de176cbd2c717b5b455720d\PE_MAC'.
Parameter \AW = 8
Parameter \BW = 8
Parameter \ACCW = 32
Found cached RTLIL representation for module `$paramod$fa674685d90c05290de176cbd2c717b5b455720d\PE_MAC'.
Parameter \AW = 8
Parameter \BW = 8
Parameter \ACCW = 32
Found cached RTLIL representation for module `$paramod$fa674685d90c05290de176cbd2c717b5b455720d\PE_MAC'.
Parameter \AW = 8
Parameter \BW = 8
Parameter \ACCW = 32
Found cached RTLIL representation for module `$paramod$fa674685d90c05290de176cbd2c717b5b455720d\PE_MAC'.
Parameter \AW = 8
Parameter \BW = 8
Parameter \ACCW = 32
Found cached RTLIL representation for module `$paramod$fa674685d90c05290de176cbd2c717b5b455720d\PE_MAC'.
Parameter \AW = 8
Parameter \BW = 8
Parameter \ACCW = 32
Found cached RTLIL representation for module `$paramod$fa674685d90c05290de176cbd2c717b5b455720d\PE_MAC'.
Parameter \AW = 8
Parameter \BW = 8
Parameter \ACCW = 32
Found cached RTLIL representation for module `$paramod$fa674685d90c05290de176cbd2c717b5b455720d\PE_MAC'.
Parameter \AW = 8
Parameter \BW = 8
Parameter \ACCW = 32
Found cached RTLIL representation for module `$paramod$fa674685d90c05290de176cbd2c717b5b455720d\PE_MAC'.
Parameter \AW = 8
Parameter \BW = 8
Parameter \ACCW = 32
Found cached RTLIL representation for module `$paramod$fa674685d90c05290de176cbd2c717b5b455720d\PE_MAC'.
Reprocessing module $paramod$d3d5788cdda5471de1680ab667385b769574627d\Systolic4x4 because instantiated module $paramod$fa674685d90c05290de176cbd2c717b5b455720d\PE_MAC has become available.
Generating RTLIL representation for module `$paramod$d3d5788cdda5471de1680ab667385b769574627d\Systolic4x4'.
Warning: Replacing memory \B_shift with list of registers. See rtl/systolic4x4.v:122, rtl/systolic4x4.v:84
Warning: Replacing memory \A_shift with list of registers. See rtl/systolic4x4.v:118, rtl/systolic4x4.v:80

9.7. Analyzing design hierarchy..
Top module:  \Systolic4x4_serial_io
Used module:     $paramod\serializer\WIDTH=s32'00000000000000000000001000000000
Used module:     $paramod$d3d5788cdda5471de1680ab667385b769574627d\Systolic4x4
Used module:     $paramod\deserializer\WIDTH=s32'00000000000000000000000010000000
Parameter \AW = 8
Parameter \BW = 8
Parameter \ACCW = 32
Found cached RTLIL representation for module `$paramod$fa674685d90c05290de176cbd2c717b5b455720d\PE_MAC'.
Parameter \AW = 8
Parameter \BW = 8
Parameter \ACCW = 32
Found cached RTLIL representation for module `$paramod$fa674685d90c05290de176cbd2c717b5b455720d\PE_MAC'.
Parameter \AW = 8
Parameter \BW = 8
Parameter \ACCW = 32
Found cached RTLIL representation for module `$paramod$fa674685d90c05290de176cbd2c717b5b455720d\PE_MAC'.
Parameter \AW = 8
Parameter \BW = 8
Parameter \ACCW = 32
Found cached RTLIL representation for module `$paramod$fa674685d90c05290de176cbd2c717b5b455720d\PE_MAC'.
Parameter \AW = 8
Parameter \BW = 8
Parameter \ACCW = 32
Found cached RTLIL representation for module `$paramod$fa674685d90c05290de176cbd2c717b5b455720d\PE_MAC'.
Parameter \AW = 8
Parameter \BW = 8
Parameter \ACCW = 32
Found cached RTLIL representation for module `$paramod$fa674685d90c05290de176cbd2c717b5b455720d\PE_MAC'.
Parameter \AW = 8
Parameter \BW = 8
Parameter \ACCW = 32
Found cached RTLIL representation for module `$paramod$fa674685d90c05290de176cbd2c717b5b455720d\PE_MAC'.
Parameter \AW = 8
Parameter \BW = 8
Parameter \ACCW = 32
Found cached RTLIL representation for module `$paramod$fa674685d90c05290de176cbd2c717b5b455720d\PE_MAC'.
Parameter \AW = 8
Parameter \BW = 8
Parameter \ACCW = 32
Found cached RTLIL representation for module `$paramod$fa674685d90c05290de176cbd2c717b5b455720d\PE_MAC'.
Parameter \AW = 8
Parameter \BW = 8
Parameter \ACCW = 32
Found cached RTLIL representation for module `$paramod$fa674685d90c05290de176cbd2c717b5b455720d\PE_MAC'.
Parameter \AW = 8
Parameter \BW = 8
Parameter \ACCW = 32
Found cached RTLIL representation for module `$paramod$fa674685d90c05290de176cbd2c717b5b455720d\PE_MAC'.
Parameter \AW = 8
Parameter \BW = 8
Parameter \ACCW = 32
Found cached RTLIL representation for module `$paramod$fa674685d90c05290de176cbd2c717b5b455720d\PE_MAC'.
Parameter \AW = 8
Parameter \BW = 8
Parameter \ACCW = 32
Found cached RTLIL representation for module `$paramod$fa674685d90c05290de176cbd2c717b5b455720d\PE_MAC'.
Parameter \AW = 8
Parameter \BW = 8
Parameter \ACCW = 32
Found cached RTLIL representation for module `$paramod$fa674685d90c05290de176cbd2c717b5b455720d\PE_MAC'.
Parameter \AW = 8
Parameter \BW = 8
Parameter \ACCW = 32
Found cached RTLIL representation for module `$paramod$fa674685d90c05290de176cbd2c717b5b455720d\PE_MAC'.
Parameter \AW = 8
Parameter \BW = 8
Parameter \ACCW = 32
Found cached RTLIL representation for module `$paramod$fa674685d90c05290de176cbd2c717b5b455720d\PE_MAC'.

9.8. Analyzing design hierarchy..
Top module:  \Systolic4x4_serial_io
Used module:     $paramod\serializer\WIDTH=s32'00000000000000000000001000000000
Used module:     $paramod$d3d5788cdda5471de1680ab667385b769574627d\Systolic4x4
Used module:         $paramod$fa674685d90c05290de176cbd2c717b5b455720d\PE_MAC
Used module:     $paramod\deserializer\WIDTH=s32'00000000000000000000000010000000

9.9. Analyzing design hierarchy..
Top module:  \Systolic4x4_serial_io
Used module:     $paramod\serializer\WIDTH=s32'00000000000000000000001000000000
Used module:     $paramod$d3d5788cdda5471de1680ab667385b769574627d\Systolic4x4
Used module:         $paramod$fa674685d90c05290de176cbd2c717b5b455720d\PE_MAC
Used module:     $paramod\deserializer\WIDTH=s32'00000000000000000000000010000000
Removing unused module `$abstract\Systolic4x4_serial_io'.
Removing unused module `$abstract\deserializer'.
Removing unused module `$abstract\serializer'.
Removing unused module `$abstract\Systolic4x4'.
Removing unused module `$abstract\PE_MAC'.
Removing unused module `$abstract\top_wrapper'.
Removed 6 unused modules.
Renaming module Systolic4x4_serial_io to Systolic4x4_serial_io.

10. Executing PROC pass (convert processes to netlists).

10.1. Executing PROC_CLEAN pass (remove empty switches from decision trees).
Cleaned up 0 empty switches.

10.2. Executing PROC_RMDEAD pass (remove dead branches from decision trees).
Marked 2 switch rules as full_case in process $proc$rtl/pe_mac.v:49$50 in module $paramod$fa674685d90c05290de176cbd2c717b5b455720d\PE_MAC.
Marked 1 switch rules as full_case in process $proc$rtl/pe_mac.v:42$47 in module $paramod$fa674685d90c05290de176cbd2c717b5b455720d\PE_MAC.
Marked 1 switch rules as full_case in process $proc$rtl/pe_mac.v:32$45 in module $paramod$fa674685d90c05290de176cbd2c717b5b455720d\PE_MAC.
Marked 2 switch rules as full_case in process $proc$rtl/serializer.v:32$15 in module $paramod\serializer\WIDTH=s32'00000000000000000000001000000000.
Marked 4 switch rules as full_case in process $proc$rtl/deserializer.v:26$38 in module $paramod\deserializer\WIDTH=s32'00000000000000000000000010000000.
Marked 4 switch rules as full_case in process $proc$rtl/systolic4x4.v:98$134 in module $paramod$d3d5788cdda5471de1680ab667385b769574627d\Systolic4x4.
Removed a total of 0 dead cases.

10.3. Executing PROC_PRUNE pass (remove redundant assignments in processes).
Removed 3 redundant assignments.
Promoted 149 assignments to connections.

10.4. Executing PROC_INIT pass (extract init attributes).

10.5. Executing PROC_ARST pass (detect async resets in processes).
Found async reset \rst_n in `$paramod$fa674685d90c05290de176cbd2c717b5b455720d\PE_MAC.$proc$rtl/pe_mac.v:49$50'.
Found async reset \rst_n in `$paramod$fa674685d90c05290de176cbd2c717b5b455720d\PE_MAC.$proc$rtl/pe_mac.v:42$47'.
Found async reset \rst_n in `$paramod$fa674685d90c05290de176cbd2c717b5b455720d\PE_MAC.$proc$rtl/pe_mac.v:32$45'.
Found async reset \rst_n in `$paramod\serializer\WIDTH=s32'00000000000000000000001000000000.$proc$rtl/serializer.v:32$15'.
Found async reset \rst_n in `$paramod\deserializer\WIDTH=s32'00000000000000000000000010000000.$proc$rtl/deserializer.v:26$38'.
Found async reset \rst_n in `$paramod$d3d5788cdda5471de1680ab667385b769574627d\Systolic4x4.$proc$rtl/systolic4x4.v:98$134'.

10.6. Executing PROC_ROM pass (convert switches to ROMs).
Converted 0 switches.
<suppressed ~13 debug messages>

10.7. Executing PROC_MUX pass (convert decision trees to multiplexers).
Creating decoders for process `$paramod$fa674685d90c05290de176cbd2c717b5b455720d\PE_MAC.$proc$rtl/pe_mac.v:49$50'.
     1/1: $0\acc_reg[31:0]
Creating decoders for process `$paramod$fa674685d90c05290de176cbd2c717b5b455720d\PE_MAC.$proc$rtl/pe_mac.v:42$47'.
     1/1: $0\prod_reg[15:0]
Creating decoders for process `$paramod$fa674685d90c05290de176cbd2c717b5b455720d\PE_MAC.$proc$rtl/pe_mac.v:32$45'.
     1/2: $0\B_reg[7:0]
     2/2: $0\A_reg[7:0]
Creating decoders for process `$paramod\serializer\WIDTH=s32'00000000000000000000001000000000.$proc$rtl/serializer.v:32$15'.
     1/8: $0\kept_transmitting[0:0]
     2/8: $0\kept_shift_reg[511:0]
     3/8: $0\kept_bit_idx[9:0]
     4/8: $0\transmitting[0:0]
     5/8: $0\shift_reg[511:0]
     6/8: $0\bit_idx[9:0]
     7/8: $0\busy[0:0]
     8/8: $0\serial_data[0:0]
Creating decoders for process `$paramod\deserializer\WIDTH=s32'00000000000000000000000010000000.$proc$rtl/deserializer.v:26$38'.
     1/10: $0\kept_shift_reg[127:0] [127:1]
     2/10: $0\kept_shift_reg[127:0] [0]
     3/10: $0\shift_reg[127:0] [127:1]
     4/10: $0\data_valid[0:0]
     5/10: $0\receiving[0:0]
     6/10: $0\shift_reg[127:0] [0]
     7/10: $0\kept_bit_idx[7:0]
     8/10: $0\kept_receiving[0:0]
     9/10: $0\bit_idx[7:0]
    10/10: $0\parallel_data[127:0]
Creating decoders for process `$paramod$d3d5788cdda5471de1680ab667385b769574627d\Systolic4x4.$proc$rtl/systolic4x4.v:0$146'.
Creating decoders for process `$paramod$d3d5788cdda5471de1680ab667385b769574627d\Systolic4x4.$proc$rtl/systolic4x4.v:98$134'.
     1/163: $4\rr[31:0]
     2/163: $4\cc[31:0]
     3/163: $0\C_out[511:0] [511:480]
     4/163: $0\C_out[511:0] [479:448]
     5/163: $0\C_out[511:0] [447:416]
     6/163: $0\C_out[511:0] [415:384]
     7/163: $0\C_out[511:0] [383:352]
     8/163: $0\C_out[511:0] [351:320]
     9/163: $0\C_out[511:0] [319:288]
    10/163: $0\C_out[511:0] [287:256]
    11/163: $0\C_out[511:0] [255:224]
    12/163: $0\C_out[511:0] [223:192]
    13/163: $0\C_out[511:0] [191:160]
    14/163: $0\C_out[511:0] [159:128]
    15/163: $0\C_out[511:0] [127:96]
    16/163: $0\C_out[511:0] [95:64]
    17/163: $0\C_out[511:0] [63:32]
    18/163: $0\C_out[511:0] [31:0]
    19/163: $3\rr[31:0]
    20/163: $3\s[31:0]
    21/163: $0\done[0:0]
    22/163: $0\load_acc[0:0]
    23/163: $2\load_shift_buffers$func$rtl/systolic4x4.v:106$133.j[31:0]$143
    24/163: $2\load_shift_buffers$func$rtl/systolic4x4.v:106$133.i[31:0]$142
    25/163: $2\B_shift[24][7:0]
    26/163: $2\B_shift[20][7:0]
    27/163: $2\B_shift[16][7:0]
    28/163: $2\B_shift[12][7:0]
    29/163: $2\B_shift[21][7:0]
    30/163: $2\B_shift[17][7:0]
    31/163: $2\B_shift[13][7:0]
    32/163: $2\B_shift[9][7:0]
    33/163: $2\B_shift[18][7:0]
    34/163: $2\B_shift[14][7:0]
    35/163: $2\B_shift[10][7:0]
    36/163: $2\B_shift[6][7:0]
    37/163: $2\B_shift[15][7:0]
    38/163: $2\B_shift[11][7:0]
    39/163: $2\B_shift[7][7:0]
    40/163: $2\B_shift[3][7:0]
    41/163: $2\A_shift[6][7:0]
    42/163: $2\A_shift[5][7:0]
    43/163: $2\A_shift[4][7:0]
    44/163: $2\A_shift[3][7:0]
    45/163: $2\A_shift[13][7:0]
    46/163: $2\A_shift[12][7:0]
    47/163: $2\A_shift[11][7:0]
    48/163: $2\A_shift[10][7:0]
    49/163: $2\A_shift[20][7:0]
    50/163: $2\A_shift[19][7:0]
    51/163: $2\A_shift[18][7:0]
    52/163: $2\A_shift[17][7:0]
    53/163: $2\A_shift[27][7:0]
    54/163: $2\A_shift[26][7:0]
    55/163: $2\A_shift[25][7:0]
    56/163: $2\A_shift[24][7:0]
    57/163: $2\B_shift[28][7:0]
    58/163: $2\B_shift[29][7:0]
    59/163: $2\B_shift[30][7:0]
    60/163: $2\B_shift[31][7:0]
    61/163: $2\B_shift[25][7:0]
    62/163: $2\B_shift[26][7:0]
    63/163: $2\B_shift[27][7:0]
    64/163: $2\B_shift[22][7:0]
    65/163: $2\B_shift[23][7:0]
    66/163: $2\B_shift[19][7:0]
    67/163: $2\B_shift[8][7:0]
    68/163: $2\B_shift[4][7:0]
    69/163: $2\B_shift[5][7:0]
    70/163: $2\B_shift[0][7:0]
    71/163: $2\B_shift[1][7:0]
    72/163: $2\B_shift[2][7:0]
    73/163: $2\A_shift[7][7:0]
    74/163: $2\A_shift[2][7:0]
    75/163: $2\A_shift[1][7:0]
    76/163: $2\A_shift[0][7:0]
    77/163: $2\A_shift[15][7:0]
    78/163: $2\A_shift[14][7:0]
    79/163: $2\A_shift[9][7:0]
    80/163: $2\A_shift[8][7:0]
    81/163: $2\A_shift[23][7:0]
    82/163: $2\A_shift[22][7:0]
    83/163: $2\A_shift[21][7:0]
    84/163: $2\A_shift[16][7:0]
    85/163: $2\A_shift[31][7:0]
    86/163: $2\A_shift[30][7:0]
    87/163: $2\A_shift[29][7:0]
    88/163: $2\A_shift[28][7:0]
    89/163: $2\s[31:0]
    90/163: $2\cc[31:0]
    91/163: $2\rr[31:0]
    92/163: $1\load_shift_buffers$func$rtl/systolic4x4.v:106$133.j[31:0]$139
    93/163: $1\load_shift_buffers$func$rtl/systolic4x4.v:106$133.i[31:0]$138
    94/163: $1\B_shift[31][7:0]
    95/163: $1\B_shift[30][7:0]
    96/163: $1\B_shift[29][7:0]
    97/163: $1\B_shift[28][7:0]
    98/163: $1\B_shift[27][7:0]
    99/163: $1\B_shift[26][7:0]
   100/163: $1\B_shift[25][7:0]
   101/163: $1\B_shift[24][7:0]
   102/163: $1\B_shift[23][7:0]
   103/163: $1\B_shift[22][7:0]
   104/163: $1\B_shift[21][7:0]
   105/163: $1\B_shift[20][7:0]
   106/163: $1\B_shift[19][7:0]
   107/163: $1\B_shift[18][7:0]
   108/163: $1\B_shift[17][7:0]
   109/163: $1\B_shift[16][7:0]
   110/163: $1\B_shift[15][7:0]
   111/163: $1\B_shift[14][7:0]
   112/163: $1\B_shift[13][7:0]
   113/163: $1\B_shift[12][7:0]
   114/163: $1\B_shift[11][7:0]
   115/163: $1\B_shift[10][7:0]
   116/163: $1\B_shift[9][7:0]
   117/163: $1\B_shift[8][7:0]
   118/163: $1\B_shift[7][7:0]
   119/163: $1\B_shift[6][7:0]
   120/163: $1\B_shift[5][7:0]
   121/163: $1\B_shift[4][7:0]
   122/163: $1\B_shift[3][7:0]
   123/163: $1\B_shift[2][7:0]
   124/163: $1\B_shift[1][7:0]
   125/163: $1\B_shift[0][7:0]
   126/163: $1\A_shift[31][7:0]
   127/163: $1\A_shift[30][7:0]
   128/163: $1\A_shift[29][7:0]
   129/163: $1\A_shift[28][7:0]
   130/163: $1\A_shift[27][7:0]
   131/163: $1\A_shift[26][7:0]
   132/163: $1\A_shift[25][7:0]
   133/163: $1\A_shift[24][7:0]
   134/163: $1\A_shift[23][7:0]
   135/163: $1\A_shift[22][7:0]
   136/163: $1\A_shift[21][7:0]
   137/163: $1\A_shift[20][7:0]
   138/163: $1\A_shift[19][7:0]
   139/163: $1\A_shift[18][7:0]
   140/163: $1\A_shift[17][7:0]
   141/163: $1\A_shift[16][7:0]
   142/163: $1\A_shift[15][7:0]
   143/163: $1\A_shift[14][7:0]
   144/163: $1\A_shift[13][7:0]
   145/163: $1\A_shift[12][7:0]
   146/163: $1\A_shift[11][7:0]
   147/163: $1\A_shift[10][7:0]
   148/163: $1\A_shift[9][7:0]
   149/163: $1\A_shift[8][7:0]
   150/163: $1\A_shift[7][7:0]
   151/163: $1\A_shift[6][7:0]
   152/163: $1\A_shift[5][7:0]
   153/163: $1\A_shift[4][7:0]
   154/163: $1\A_shift[3][7:0]
   155/163: $1\A_shift[2][7:0]
   156/163: $1\A_shift[1][7:0]
   157/163: $1\A_shift[0][7:0]
   158/163: $1\s[31:0]
   159/163: $1\cc[31:0]
   160/163: $1\rr[31:0]
   161/163: $0\running[0:0]
   162/163: $0\cycle_cnt[31:0]
   163/163: $3\cc[31:0]

10.8. Executing PROC_DLATCH pass (convert process syncs to latches).
No latch inferred for signal `$paramod$d3d5788cdda5471de1680ab667385b769574627d\Systolic4x4.\A_wires[0]' from process `$paramod$d3d5788cdda5471de1680ab667385b769574627d\Systolic4x4.$proc$rtl/systolic4x4.v:0$146'.
No latch inferred for signal `$paramod$d3d5788cdda5471de1680ab667385b769574627d\Systolic4x4.\A_wires[1]' from process `$paramod$d3d5788cdda5471de1680ab667385b769574627d\Systolic4x4.$proc$rtl/systolic4x4.v:0$146'.
No latch inferred for signal `$paramod$d3d5788cdda5471de1680ab667385b769574627d\Systolic4x4.\A_wires[2]' from process `$paramod$d3d5788cdda5471de1680ab667385b769574627d\Systolic4x4.$proc$rtl/systolic4x4.v:0$146'.
No latch inferred for signal `$paramod$d3d5788cdda5471de1680ab667385b769574627d\Systolic4x4.\A_wires[3]' from process `$paramod$d3d5788cdda5471de1680ab667385b769574627d\Systolic4x4.$proc$rtl/systolic4x4.v:0$146'.
No latch inferred for signal `$paramod$d3d5788cdda5471de1680ab667385b769574627d\Systolic4x4.\A_wires[4]' from process `$paramod$d3d5788cdda5471de1680ab667385b769574627d\Systolic4x4.$proc$rtl/systolic4x4.v:0$146'.
No latch inferred for signal `$paramod$d3d5788cdda5471de1680ab667385b769574627d\Systolic4x4.\A_wires[5]' from process `$paramod$d3d5788cdda5471de1680ab667385b769574627d\Systolic4x4.$proc$rtl/systolic4x4.v:0$146'.
No latch inferred for signal `$paramod$d3d5788cdda5471de1680ab667385b769574627d\Systolic4x4.\A_wires[6]' from process `$paramod$d3d5788cdda5471de1680ab667385b769574627d\Systolic4x4.$proc$rtl/systolic4x4.v:0$146'.
No latch inferred for signal `$paramod$d3d5788cdda5471de1680ab667385b769574627d\Systolic4x4.\A_wires[7]' from process `$paramod$d3d5788cdda5471de1680ab667385b769574627d\Systolic4x4.$proc$rtl/systolic4x4.v:0$146'.
No latch inferred for signal `$paramod$d3d5788cdda5471de1680ab667385b769574627d\Systolic4x4.\A_wires[8]' from process `$paramod$d3d5788cdda5471de1680ab667385b769574627d\Systolic4x4.$proc$rtl/systolic4x4.v:0$146'.
No latch inferred for signal `$paramod$d3d5788cdda5471de1680ab667385b769574627d\Systolic4x4.\A_wires[9]' from process `$paramod$d3d5788cdda5471de1680ab667385b769574627d\Systolic4x4.$proc$rtl/systolic4x4.v:0$146'.
No latch inferred for signal `$paramod$d3d5788cdda5471de1680ab667385b769574627d\Systolic4x4.\A_wires[10]' from process `$paramod$d3d5788cdda5471de1680ab667385b769574627d\Systolic4x4.$proc$rtl/systolic4x4.v:0$146'.
No latch inferred for signal `$paramod$d3d5788cdda5471de1680ab667385b769574627d\Systolic4x4.\A_wires[11]' from process `$paramod$d3d5788cdda5471de1680ab667385b769574627d\Systolic4x4.$proc$rtl/systolic4x4.v:0$146'.
No latch inferred for signal `$paramod$d3d5788cdda5471de1680ab667385b769574627d\Systolic4x4.\A_wires[12]' from process `$paramod$d3d5788cdda5471de1680ab667385b769574627d\Systolic4x4.$proc$rtl/systolic4x4.v:0$146'.
No latch inferred for signal `$paramod$d3d5788cdda5471de1680ab667385b769574627d\Systolic4x4.\A_wires[13]' from process `$paramod$d3d5788cdda5471de1680ab667385b769574627d\Systolic4x4.$proc$rtl/systolic4x4.v:0$146'.
No latch inferred for signal `$paramod$d3d5788cdda5471de1680ab667385b769574627d\Systolic4x4.\A_wires[14]' from process `$paramod$d3d5788cdda5471de1680ab667385b769574627d\Systolic4x4.$proc$rtl/systolic4x4.v:0$146'.
No latch inferred for signal `$paramod$d3d5788cdda5471de1680ab667385b769574627d\Systolic4x4.\A_wires[15]' from process `$paramod$d3d5788cdda5471de1680ab667385b769574627d\Systolic4x4.$proc$rtl/systolic4x4.v:0$146'.
No latch inferred for signal `$paramod$d3d5788cdda5471de1680ab667385b769574627d\Systolic4x4.\B_wires[0]' from process `$paramod$d3d5788cdda5471de1680ab667385b769574627d\Systolic4x4.$proc$rtl/systolic4x4.v:0$146'.
No latch inferred for signal `$paramod$d3d5788cdda5471de1680ab667385b769574627d\Systolic4x4.\B_wires[1]' from process `$paramod$d3d5788cdda5471de1680ab667385b769574627d\Systolic4x4.$proc$rtl/systolic4x4.v:0$146'.
No latch inferred for signal `$paramod$d3d5788cdda5471de1680ab667385b769574627d\Systolic4x4.\B_wires[2]' from process `$paramod$d3d5788cdda5471de1680ab667385b769574627d\Systolic4x4.$proc$rtl/systolic4x4.v:0$146'.
No latch inferred for signal `$paramod$d3d5788cdda5471de1680ab667385b769574627d\Systolic4x4.\B_wires[3]' from process `$paramod$d3d5788cdda5471de1680ab667385b769574627d\Systolic4x4.$proc$rtl/systolic4x4.v:0$146'.
No latch inferred for signal `$paramod$d3d5788cdda5471de1680ab667385b769574627d\Systolic4x4.\B_wires[4]' from process `$paramod$d3d5788cdda5471de1680ab667385b769574627d\Systolic4x4.$proc$rtl/systolic4x4.v:0$146'.
No latch inferred for signal `$paramod$d3d5788cdda5471de1680ab667385b769574627d\Systolic4x4.\B_wires[5]' from process `$paramod$d3d5788cdda5471de1680ab667385b769574627d\Systolic4x4.$proc$rtl/systolic4x4.v:0$146'.
No latch inferred for signal `$paramod$d3d5788cdda5471de1680ab667385b769574627d\Systolic4x4.\B_wires[6]' from process `$paramod$d3d5788cdda5471de1680ab667385b769574627d\Systolic4x4.$proc$rtl/systolic4x4.v:0$146'.
No latch inferred for signal `$paramod$d3d5788cdda5471de1680ab667385b769574627d\Systolic4x4.\B_wires[7]' from process `$paramod$d3d5788cdda5471de1680ab667385b769574627d\Systolic4x4.$proc$rtl/systolic4x4.v:0$146'.
No latch inferred for signal `$paramod$d3d5788cdda5471de1680ab667385b769574627d\Systolic4x4.\B_wires[8]' from process `$paramod$d3d5788cdda5471de1680ab667385b769574627d\Systolic4x4.$proc$rtl/systolic4x4.v:0$146'.
No latch inferred for signal `$paramod$d3d5788cdda5471de1680ab667385b769574627d\Systolic4x4.\B_wires[9]' from process `$paramod$d3d5788cdda5471de1680ab667385b769574627d\Systolic4x4.$proc$rtl/systolic4x4.v:0$146'.
No latch inferred for signal `$paramod$d3d5788cdda5471de1680ab667385b769574627d\Systolic4x4.\B_wires[10]' from process `$paramod$d3d5788cdda5471de1680ab667385b769574627d\Systolic4x4.$proc$rtl/systolic4x4.v:0$146'.
No latch inferred for signal `$paramod$d3d5788cdda5471de1680ab667385b769574627d\Systolic4x4.\B_wires[11]' from process `$paramod$d3d5788cdda5471de1680ab667385b769574627d\Systolic4x4.$proc$rtl/systolic4x4.v:0$146'.
No latch inferred for signal `$paramod$d3d5788cdda5471de1680ab667385b769574627d\Systolic4x4.\B_wires[12]' from process `$paramod$d3d5788cdda5471de1680ab667385b769574627d\Systolic4x4.$proc$rtl/systolic4x4.v:0$146'.
No latch inferred for signal `$paramod$d3d5788cdda5471de1680ab667385b769574627d\Systolic4x4.\B_wires[13]' from process `$paramod$d3d5788cdda5471de1680ab667385b769574627d\Systolic4x4.$proc$rtl/systolic4x4.v:0$146'.
No latch inferred for signal `$paramod$d3d5788cdda5471de1680ab667385b769574627d\Systolic4x4.\B_wires[14]' from process `$paramod$d3d5788cdda5471de1680ab667385b769574627d\Systolic4x4.$proc$rtl/systolic4x4.v:0$146'.
No latch inferred for signal `$paramod$d3d5788cdda5471de1680ab667385b769574627d\Systolic4x4.\B_wires[15]' from process `$paramod$d3d5788cdda5471de1680ab667385b769574627d\Systolic4x4.$proc$rtl/systolic4x4.v:0$146'.
No latch inferred for signal `$paramod$d3d5788cdda5471de1680ab667385b769574627d\Systolic4x4.\A_outs[0]' from process `$paramod$d3d5788cdda5471de1680ab667385b769574627d\Systolic4x4.$proc$rtl/systolic4x4.v:0$146'.
No latch inferred for signal `$paramod$d3d5788cdda5471de1680ab667385b769574627d\Systolic4x4.\A_outs[1]' from process `$paramod$d3d5788cdda5471de1680ab667385b769574627d\Systolic4x4.$proc$rtl/systolic4x4.v:0$146'.
No latch inferred for signal `$paramod$d3d5788cdda5471de1680ab667385b769574627d\Systolic4x4.\A_outs[2]' from process `$paramod$d3d5788cdda5471de1680ab667385b769574627d\Systolic4x4.$proc$rtl/systolic4x4.v:0$146'.
No latch inferred for signal `$paramod$d3d5788cdda5471de1680ab667385b769574627d\Systolic4x4.\A_outs[3]' from process `$paramod$d3d5788cdda5471de1680ab667385b769574627d\Systolic4x4.$proc$rtl/systolic4x4.v:0$146'.
No latch inferred for signal `$paramod$d3d5788cdda5471de1680ab667385b769574627d\Systolic4x4.\A_outs[4]' from process `$paramod$d3d5788cdda5471de1680ab667385b769574627d\Systolic4x4.$proc$rtl/systolic4x4.v:0$146'.
No latch inferred for signal `$paramod$d3d5788cdda5471de1680ab667385b769574627d\Systolic4x4.\A_outs[5]' from process `$paramod$d3d5788cdda5471de1680ab667385b769574627d\Systolic4x4.$proc$rtl/systolic4x4.v:0$146'.
No latch inferred for signal `$paramod$d3d5788cdda5471de1680ab667385b769574627d\Systolic4x4.\A_outs[6]' from process `$paramod$d3d5788cdda5471de1680ab667385b769574627d\Systolic4x4.$proc$rtl/systolic4x4.v:0$146'.
No latch inferred for signal `$paramod$d3d5788cdda5471de1680ab667385b769574627d\Systolic4x4.\A_outs[7]' from process `$paramod$d3d5788cdda5471de1680ab667385b769574627d\Systolic4x4.$proc$rtl/systolic4x4.v:0$146'.
No latch inferred for signal `$paramod$d3d5788cdda5471de1680ab667385b769574627d\Systolic4x4.\A_outs[8]' from process `$paramod$d3d5788cdda5471de1680ab667385b769574627d\Systolic4x4.$proc$rtl/systolic4x4.v:0$146'.
No latch inferred for signal `$paramod$d3d5788cdda5471de1680ab667385b769574627d\Systolic4x4.\A_outs[9]' from process `$paramod$d3d5788cdda5471de1680ab667385b769574627d\Systolic4x4.$proc$rtl/systolic4x4.v:0$146'.
No latch inferred for signal `$paramod$d3d5788cdda5471de1680ab667385b769574627d\Systolic4x4.\A_outs[10]' from process `$paramod$d3d5788cdda5471de1680ab667385b769574627d\Systolic4x4.$proc$rtl/systolic4x4.v:0$146'.
No latch inferred for signal `$paramod$d3d5788cdda5471de1680ab667385b769574627d\Systolic4x4.\A_outs[11]' from process `$paramod$d3d5788cdda5471de1680ab667385b769574627d\Systolic4x4.$proc$rtl/systolic4x4.v:0$146'.
No latch inferred for signal `$paramod$d3d5788cdda5471de1680ab667385b769574627d\Systolic4x4.\A_outs[12]' from process `$paramod$d3d5788cdda5471de1680ab667385b769574627d\Systolic4x4.$proc$rtl/systolic4x4.v:0$146'.
No latch inferred for signal `$paramod$d3d5788cdda5471de1680ab667385b769574627d\Systolic4x4.\A_outs[13]' from process `$paramod$d3d5788cdda5471de1680ab667385b769574627d\Systolic4x4.$proc$rtl/systolic4x4.v:0$146'.
No latch inferred for signal `$paramod$d3d5788cdda5471de1680ab667385b769574627d\Systolic4x4.\A_outs[14]' from process `$paramod$d3d5788cdda5471de1680ab667385b769574627d\Systolic4x4.$proc$rtl/systolic4x4.v:0$146'.
No latch inferred for signal `$paramod$d3d5788cdda5471de1680ab667385b769574627d\Systolic4x4.\A_outs[15]' from process `$paramod$d3d5788cdda5471de1680ab667385b769574627d\Systolic4x4.$proc$rtl/systolic4x4.v:0$146'.
No latch inferred for signal `$paramod$d3d5788cdda5471de1680ab667385b769574627d\Systolic4x4.\B_outs[0]' from process `$paramod$d3d5788cdda5471de1680ab667385b769574627d\Systolic4x4.$proc$rtl/systolic4x4.v:0$146'.
No latch inferred for signal `$paramod$d3d5788cdda5471de1680ab667385b769574627d\Systolic4x4.\B_outs[1]' from process `$paramod$d3d5788cdda5471de1680ab667385b769574627d\Systolic4x4.$proc$rtl/systolic4x4.v:0$146'.
No latch inferred for signal `$paramod$d3d5788cdda5471de1680ab667385b769574627d\Systolic4x4.\B_outs[2]' from process `$paramod$d3d5788cdda5471de1680ab667385b769574627d\Systolic4x4.$proc$rtl/systolic4x4.v:0$146'.
No latch inferred for signal `$paramod$d3d5788cdda5471de1680ab667385b769574627d\Systolic4x4.\B_outs[3]' from process `$paramod$d3d5788cdda5471de1680ab667385b769574627d\Systolic4x4.$proc$rtl/systolic4x4.v:0$146'.
No latch inferred for signal `$paramod$d3d5788cdda5471de1680ab667385b769574627d\Systolic4x4.\B_outs[4]' from process `$paramod$d3d5788cdda5471de1680ab667385b769574627d\Systolic4x4.$proc$rtl/systolic4x4.v:0$146'.
No latch inferred for signal `$paramod$d3d5788cdda5471de1680ab667385b769574627d\Systolic4x4.\B_outs[5]' from process `$paramod$d3d5788cdda5471de1680ab667385b769574627d\Systolic4x4.$proc$rtl/systolic4x4.v:0$146'.
No latch inferred for signal `$paramod$d3d5788cdda5471de1680ab667385b769574627d\Systolic4x4.\B_outs[6]' from process `$paramod$d3d5788cdda5471de1680ab667385b769574627d\Systolic4x4.$proc$rtl/systolic4x4.v:0$146'.
No latch inferred for signal `$paramod$d3d5788cdda5471de1680ab667385b769574627d\Systolic4x4.\B_outs[7]' from process `$paramod$d3d5788cdda5471de1680ab667385b769574627d\Systolic4x4.$proc$rtl/systolic4x4.v:0$146'.
No latch inferred for signal `$paramod$d3d5788cdda5471de1680ab667385b769574627d\Systolic4x4.\B_outs[8]' from process `$paramod$d3d5788cdda5471de1680ab667385b769574627d\Systolic4x4.$proc$rtl/systolic4x4.v:0$146'.
No latch inferred for signal `$paramod$d3d5788cdda5471de1680ab667385b769574627d\Systolic4x4.\B_outs[9]' from process `$paramod$d3d5788cdda5471de1680ab667385b769574627d\Systolic4x4.$proc$rtl/systolic4x4.v:0$146'.
No latch inferred for signal `$paramod$d3d5788cdda5471de1680ab667385b769574627d\Systolic4x4.\B_outs[10]' from process `$paramod$d3d5788cdda5471de1680ab667385b769574627d\Systolic4x4.$proc$rtl/systolic4x4.v:0$146'.
No latch inferred for signal `$paramod$d3d5788cdda5471de1680ab667385b769574627d\Systolic4x4.\B_outs[11]' from process `$paramod$d3d5788cdda5471de1680ab667385b769574627d\Systolic4x4.$proc$rtl/systolic4x4.v:0$146'.
No latch inferred for signal `$paramod$d3d5788cdda5471de1680ab667385b769574627d\Systolic4x4.\B_outs[12]' from process `$paramod$d3d5788cdda5471de1680ab667385b769574627d\Systolic4x4.$proc$rtl/systolic4x4.v:0$146'.
No latch inferred for signal `$paramod$d3d5788cdda5471de1680ab667385b769574627d\Systolic4x4.\B_outs[13]' from process `$paramod$d3d5788cdda5471de1680ab667385b769574627d\Systolic4x4.$proc$rtl/systolic4x4.v:0$146'.
No latch inferred for signal `$paramod$d3d5788cdda5471de1680ab667385b769574627d\Systolic4x4.\B_outs[14]' from process `$paramod$d3d5788cdda5471de1680ab667385b769574627d\Systolic4x4.$proc$rtl/systolic4x4.v:0$146'.
No latch inferred for signal `$paramod$d3d5788cdda5471de1680ab667385b769574627d\Systolic4x4.\B_outs[15]' from process `$paramod$d3d5788cdda5471de1680ab667385b769574627d\Systolic4x4.$proc$rtl/systolic4x4.v:0$146'.
No latch inferred for signal `$paramod$d3d5788cdda5471de1680ab667385b769574627d\Systolic4x4.\acc_wires[0]' from process `$paramod$d3d5788cdda5471de1680ab667385b769574627d\Systolic4x4.$proc$rtl/systolic4x4.v:0$146'.
No latch inferred for signal `$paramod$d3d5788cdda5471de1680ab667385b769574627d\Systolic4x4.\acc_wires[1]' from process `$paramod$d3d5788cdda5471de1680ab667385b769574627d\Systolic4x4.$proc$rtl/systolic4x4.v:0$146'.
No latch inferred for signal `$paramod$d3d5788cdda5471de1680ab667385b769574627d\Systolic4x4.\acc_wires[2]' from process `$paramod$d3d5788cdda5471de1680ab667385b769574627d\Systolic4x4.$proc$rtl/systolic4x4.v:0$146'.
No latch inferred for signal `$paramod$d3d5788cdda5471de1680ab667385b769574627d\Systolic4x4.\acc_wires[3]' from process `$paramod$d3d5788cdda5471de1680ab667385b769574627d\Systolic4x4.$proc$rtl/systolic4x4.v:0$146'.
No latch inferred for signal `$paramod$d3d5788cdda5471de1680ab667385b769574627d\Systolic4x4.\acc_wires[4]' from process `$paramod$d3d5788cdda5471de1680ab667385b769574627d\Systolic4x4.$proc$rtl/systolic4x4.v:0$146'.
No latch inferred for signal `$paramod$d3d5788cdda5471de1680ab667385b769574627d\Systolic4x4.\acc_wires[5]' from process `$paramod$d3d5788cdda5471de1680ab667385b769574627d\Systolic4x4.$proc$rtl/systolic4x4.v:0$146'.
No latch inferred for signal `$paramod$d3d5788cdda5471de1680ab667385b769574627d\Systolic4x4.\acc_wires[6]' from process `$paramod$d3d5788cdda5471de1680ab667385b769574627d\Systolic4x4.$proc$rtl/systolic4x4.v:0$146'.
No latch inferred for signal `$paramod$d3d5788cdda5471de1680ab667385b769574627d\Systolic4x4.\acc_wires[7]' from process `$paramod$d3d5788cdda5471de1680ab667385b769574627d\Systolic4x4.$proc$rtl/systolic4x4.v:0$146'.
No latch inferred for signal `$paramod$d3d5788cdda5471de1680ab667385b769574627d\Systolic4x4.\acc_wires[8]' from process `$paramod$d3d5788cdda5471de1680ab667385b769574627d\Systolic4x4.$proc$rtl/systolic4x4.v:0$146'.
No latch inferred for signal `$paramod$d3d5788cdda5471de1680ab667385b769574627d\Systolic4x4.\acc_wires[9]' from process `$paramod$d3d5788cdda5471de1680ab667385b769574627d\Systolic4x4.$proc$rtl/systolic4x4.v:0$146'.
No latch inferred for signal `$paramod$d3d5788cdda5471de1680ab667385b769574627d\Systolic4x4.\acc_wires[10]' from process `$paramod$d3d5788cdda5471de1680ab667385b769574627d\Systolic4x4.$proc$rtl/systolic4x4.v:0$146'.
No latch inferred for signal `$paramod$d3d5788cdda5471de1680ab667385b769574627d\Systolic4x4.\acc_wires[11]' from process `$paramod$d3d5788cdda5471de1680ab667385b769574627d\Systolic4x4.$proc$rtl/systolic4x4.v:0$146'.
No latch inferred for signal `$paramod$d3d5788cdda5471de1680ab667385b769574627d\Systolic4x4.\acc_wires[12]' from process `$paramod$d3d5788cdda5471de1680ab667385b769574627d\Systolic4x4.$proc$rtl/systolic4x4.v:0$146'.
No latch inferred for signal `$paramod$d3d5788cdda5471de1680ab667385b769574627d\Systolic4x4.\acc_wires[13]' from process `$paramod$d3d5788cdda5471de1680ab667385b769574627d\Systolic4x4.$proc$rtl/systolic4x4.v:0$146'.
No latch inferred for signal `$paramod$d3d5788cdda5471de1680ab667385b769574627d\Systolic4x4.\acc_wires[14]' from process `$paramod$d3d5788cdda5471de1680ab667385b769574627d\Systolic4x4.$proc$rtl/systolic4x4.v:0$146'.
No latch inferred for signal `$paramod$d3d5788cdda5471de1680ab667385b769574627d\Systolic4x4.\acc_wires[15]' from process `$paramod$d3d5788cdda5471de1680ab667385b769574627d\Systolic4x4.$proc$rtl/systolic4x4.v:0$146'.

10.9. Executing PROC_DFF pass (convert process syncs to FFs).
Creating register for signal `$paramod$fa674685d90c05290de176cbd2c717b5b455720d\PE_MAC.\acc_reg' using process `$paramod$fa674685d90c05290de176cbd2c717b5b455720d\PE_MAC.$proc$rtl/pe_mac.v:49$50'.
  created $adff cell `$procdff$862' with positive edge clock and positive level reset.
Creating register for signal `$paramod$fa674685d90c05290de176cbd2c717b5b455720d\PE_MAC.\prod_reg' using process `$paramod$fa674685d90c05290de176cbd2c717b5b455720d\PE_MAC.$proc$rtl/pe_mac.v:42$47'.
  created $adff cell `$procdff$867' with positive edge clock and positive level reset.
Creating register for signal `$paramod$fa674685d90c05290de176cbd2c717b5b455720d\PE_MAC.\A_reg' using process `$paramod$fa674685d90c05290de176cbd2c717b5b455720d\PE_MAC.$proc$rtl/pe_mac.v:32$45'.
  created $adff cell `$procdff$872' with positive edge clock and positive level reset.
Creating register for signal `$paramod$fa674685d90c05290de176cbd2c717b5b455720d\PE_MAC.\B_reg' using process `$paramod$fa674685d90c05290de176cbd2c717b5b455720d\PE_MAC.$proc$rtl/pe_mac.v:32$45'.
  created $adff cell `$procdff$877' with positive edge clock and positive level reset.
Creating register for signal `$paramod\serializer\WIDTH=s32'00000000000000000000001000000000.\serial_data' using process `$paramod\serializer\WIDTH=s32'00000000000000000000001000000000.$proc$rtl/serializer.v:32$15'.
  created $adff cell `$procdff$882' with positive edge clock and positive level reset.
Creating register for signal `$paramod\serializer\WIDTH=s32'00000000000000000000001000000000.\busy' using process `$paramod\serializer\WIDTH=s32'00000000000000000000001000000000.$proc$rtl/serializer.v:32$15'.
  created $adff cell `$procdff$887' with positive edge clock and positive level reset.
Creating register for signal `$paramod\serializer\WIDTH=s32'00000000000000000000001000000000.\bit_idx' using process `$paramod\serializer\WIDTH=s32'00000000000000000000001000000000.$proc$rtl/serializer.v:32$15'.
  created $adff cell `$procdff$892' with positive edge clock and positive level reset.
Creating register for signal `$paramod\serializer\WIDTH=s32'00000000000000000000001000000000.\shift_reg' using process `$paramod\serializer\WIDTH=s32'00000000000000000000001000000000.$proc$rtl/serializer.v:32$15'.
  created $adff cell `$procdff$897' with positive edge clock and positive level reset.
Creating register for signal `$paramod\serializer\WIDTH=s32'00000000000000000000001000000000.\transmitting' using process `$paramod\serializer\WIDTH=s32'00000000000000000000001000000000.$proc$rtl/serializer.v:32$15'.
  created $adff cell `$procdff$902' with positive edge clock and positive level reset.
Creating register for signal `$paramod\serializer\WIDTH=s32'00000000000000000000001000000000.\kept_bit_idx' using process `$paramod\serializer\WIDTH=s32'00000000000000000000001000000000.$proc$rtl/serializer.v:32$15'.
  created $adff cell `$procdff$907' with positive edge clock and positive level reset.
Creating register for signal `$paramod\serializer\WIDTH=s32'00000000000000000000001000000000.\kept_shift_reg' using process `$paramod\serializer\WIDTH=s32'00000000000000000000001000000000.$proc$rtl/serializer.v:32$15'.
  created $adff cell `$procdff$912' with positive edge clock and positive level reset.
Creating register for signal `$paramod\serializer\WIDTH=s32'00000000000000000000001000000000.\kept_transmitting' using process `$paramod\serializer\WIDTH=s32'00000000000000000000001000000000.$proc$rtl/serializer.v:32$15'.
  created $adff cell `$procdff$917' with positive edge clock and positive level reset.
Creating register for signal `$paramod\deserializer\WIDTH=s32'00000000000000000000000010000000.\parallel_data' using process `$paramod\deserializer\WIDTH=s32'00000000000000000000000010000000.$proc$rtl/deserializer.v:26$38'.
  created $adff cell `$procdff$922' with positive edge clock and positive level reset.
Creating register for signal `$paramod\deserializer\WIDTH=s32'00000000000000000000000010000000.\data_valid' using process `$paramod\deserializer\WIDTH=s32'00000000000000000000000010000000.$proc$rtl/deserializer.v:26$38'.
  created $adff cell `$procdff$927' with positive edge clock and positive level reset.
Creating register for signal `$paramod\deserializer\WIDTH=s32'00000000000000000000000010000000.\bit_idx' using process `$paramod\deserializer\WIDTH=s32'00000000000000000000000010000000.$proc$rtl/deserializer.v:26$38'.
  created $adff cell `$procdff$932' with positive edge clock and positive level reset.
Creating register for signal `$paramod\deserializer\WIDTH=s32'00000000000000000000000010000000.\shift_reg' using process `$paramod\deserializer\WIDTH=s32'00000000000000000000000010000000.$proc$rtl/deserializer.v:26$38'.
  created $adff cell `$procdff$937' with positive edge clock and positive level reset.
Creating register for signal `$paramod\deserializer\WIDTH=s32'00000000000000000000000010000000.\kept_bit_idx' using process `$paramod\deserializer\WIDTH=s32'00000000000000000000000010000000.$proc$rtl/deserializer.v:26$38'.
  created $adff cell `$procdff$942' with positive edge clock and positive level reset.
Creating register for signal `$paramod\deserializer\WIDTH=s32'00000000000000000000000010000000.\kept_shift_reg' using process `$paramod\deserializer\WIDTH=s32'00000000000000000000000010000000.$proc$rtl/deserializer.v:26$38'.
  created $adff cell `$procdff$947' with positive edge clock and positive level reset.
Creating register for signal `$paramod\deserializer\WIDTH=s32'00000000000000000000000010000000.\receiving' using process `$paramod\deserializer\WIDTH=s32'00000000000000000000000010000000.$proc$rtl/deserializer.v:26$38'.
  created $adff cell `$procdff$952' with positive edge clock and positive level reset.
Creating register for signal `$paramod\deserializer\WIDTH=s32'00000000000000000000000010000000.\kept_receiving' using process `$paramod\deserializer\WIDTH=s32'00000000000000000000000010000000.$proc$rtl/deserializer.v:26$38'.
  created $adff cell `$procdff$957' with positive edge clock and positive level reset.
Creating register for signal `$paramod$d3d5788cdda5471de1680ab667385b769574627d\Systolic4x4.\done' using process `$paramod$d3d5788cdda5471de1680ab667385b769574627d\Systolic4x4.$proc$rtl/systolic4x4.v:98$134'.
  created $adff cell `$procdff$962' with positive edge clock and positive level reset.
Creating register for signal `$paramod$d3d5788cdda5471de1680ab667385b769574627d\Systolic4x4.\C_out' using process `$paramod$d3d5788cdda5471de1680ab667385b769574627d\Systolic4x4.$proc$rtl/systolic4x4.v:98$134'.
  created $adff cell `$procdff$967' with positive edge clock and positive level reset.
Creating register for signal `$paramod$d3d5788cdda5471de1680ab667385b769574627d\Systolic4x4.\load_acc' using process `$paramod$d3d5788cdda5471de1680ab667385b769574627d\Systolic4x4.$proc$rtl/systolic4x4.v:98$134'.
  created $adff cell `$procdff$972' with positive edge clock and positive level reset.
Creating register for signal `$paramod$d3d5788cdda5471de1680ab667385b769574627d\Systolic4x4.\cycle_cnt' using process `$paramod$d3d5788cdda5471de1680ab667385b769574627d\Systolic4x4.$proc$rtl/systolic4x4.v:98$134'.
  created $adff cell `$procdff$977' with positive edge clock and positive level reset.
Creating register for signal `$paramod$d3d5788cdda5471de1680ab667385b769574627d\Systolic4x4.\running' using process `$paramod$d3d5788cdda5471de1680ab667385b769574627d\Systolic4x4.$proc$rtl/systolic4x4.v:98$134'.
  created $adff cell `$procdff$982' with positive edge clock and positive level reset.
Creating register for signal `$paramod$d3d5788cdda5471de1680ab667385b769574627d\Systolic4x4.\rr' using process `$paramod$d3d5788cdda5471de1680ab667385b769574627d\Systolic4x4.$proc$rtl/systolic4x4.v:98$134'.
  created $dff cell `$procdff$989' with positive edge clock.
Creating register for signal `$paramod$d3d5788cdda5471de1680ab667385b769574627d\Systolic4x4.\cc' using process `$paramod$d3d5788cdda5471de1680ab667385b769574627d\Systolic4x4.$proc$rtl/systolic4x4.v:98$134'.
  created $dff cell `$procdff$996' with positive edge clock.
Creating register for signal `$paramod$d3d5788cdda5471de1680ab667385b769574627d\Systolic4x4.\s' using process `$paramod$d3d5788cdda5471de1680ab667385b769574627d\Systolic4x4.$proc$rtl/systolic4x4.v:98$134'.
  created $dff cell `$procdff$1003' with positive edge clock.
Creating register for signal `$paramod$d3d5788cdda5471de1680ab667385b769574627d\Systolic4x4.\A_shift[0]' using process `$paramod$d3d5788cdda5471de1680ab667385b769574627d\Systolic4x4.$proc$rtl/systolic4x4.v:98$134'.
  created $dff cell `$procdff$1010' with positive edge clock.
Creating register for signal `$paramod$d3d5788cdda5471de1680ab667385b769574627d\Systolic4x4.\A_shift[1]' using process `$paramod$d3d5788cdda5471de1680ab667385b769574627d\Systolic4x4.$proc$rtl/systolic4x4.v:98$134'.
  created $dff cell `$procdff$1017' with positive edge clock.
Creating register for signal `$paramod$d3d5788cdda5471de1680ab667385b769574627d\Systolic4x4.\A_shift[2]' using process `$paramod$d3d5788cdda5471de1680ab667385b769574627d\Systolic4x4.$proc$rtl/systolic4x4.v:98$134'.
  created $dff cell `$procdff$1024' with positive edge clock.
Creating register for signal `$paramod$d3d5788cdda5471de1680ab667385b769574627d\Systolic4x4.\A_shift[3]' using process `$paramod$d3d5788cdda5471de1680ab667385b769574627d\Systolic4x4.$proc$rtl/systolic4x4.v:98$134'.
  created $dff cell `$procdff$1031' with positive edge clock.
Creating register for signal `$paramod$d3d5788cdda5471de1680ab667385b769574627d\Systolic4x4.\A_shift[4]' using process `$paramod$d3d5788cdda5471de1680ab667385b769574627d\Systolic4x4.$proc$rtl/systolic4x4.v:98$134'.
  created $dff cell `$procdff$1038' with positive edge clock.
Creating register for signal `$paramod$d3d5788cdda5471de1680ab667385b769574627d\Systolic4x4.\A_shift[5]' using process `$paramod$d3d5788cdda5471de1680ab667385b769574627d\Systolic4x4.$proc$rtl/systolic4x4.v:98$134'.
  created $dff cell `$procdff$1045' with positive edge clock.
Creating register for signal `$paramod$d3d5788cdda5471de1680ab667385b769574627d\Systolic4x4.\A_shift[6]' using process `$paramod$d3d5788cdda5471de1680ab667385b769574627d\Systolic4x4.$proc$rtl/systolic4x4.v:98$134'.
  created $dff cell `$procdff$1052' with positive edge clock.
Creating register for signal `$paramod$d3d5788cdda5471de1680ab667385b769574627d\Systolic4x4.\A_shift[7]' using process `$paramod$d3d5788cdda5471de1680ab667385b769574627d\Systolic4x4.$proc$rtl/systolic4x4.v:98$134'.
  created $dff cell `$procdff$1059' with positive edge clock.
Creating register for signal `$paramod$d3d5788cdda5471de1680ab667385b769574627d\Systolic4x4.\A_shift[8]' using process `$paramod$d3d5788cdda5471de1680ab667385b769574627d\Systolic4x4.$proc$rtl/systolic4x4.v:98$134'.
  created $dff cell `$procdff$1066' with positive edge clock.
Creating register for signal `$paramod$d3d5788cdda5471de1680ab667385b769574627d\Systolic4x4.\A_shift[9]' using process `$paramod$d3d5788cdda5471de1680ab667385b769574627d\Systolic4x4.$proc$rtl/systolic4x4.v:98$134'.
  created $dff cell `$procdff$1073' with positive edge clock.
Creating register for signal `$paramod$d3d5788cdda5471de1680ab667385b769574627d\Systolic4x4.\A_shift[10]' using process `$paramod$d3d5788cdda5471de1680ab667385b769574627d\Systolic4x4.$proc$rtl/systolic4x4.v:98$134'.
  created $dff cell `$procdff$1080' with positive edge clock.
Creating register for signal `$paramod$d3d5788cdda5471de1680ab667385b769574627d\Systolic4x4.\A_shift[11]' using process `$paramod$d3d5788cdda5471de1680ab667385b769574627d\Systolic4x4.$proc$rtl/systolic4x4.v:98$134'.
  created $dff cell `$procdff$1087' with positive edge clock.
Creating register for signal `$paramod$d3d5788cdda5471de1680ab667385b769574627d\Systolic4x4.\A_shift[12]' using process `$paramod$d3d5788cdda5471de1680ab667385b769574627d\Systolic4x4.$proc$rtl/systolic4x4.v:98$134'.
  created $dff cell `$procdff$1094' with positive edge clock.
Creating register for signal `$paramod$d3d5788cdda5471de1680ab667385b769574627d\Systolic4x4.\A_shift[13]' using process `$paramod$d3d5788cdda5471de1680ab667385b769574627d\Systolic4x4.$proc$rtl/systolic4x4.v:98$134'.
  created $dff cell `$procdff$1101' with positive edge clock.
Creating register for signal `$paramod$d3d5788cdda5471de1680ab667385b769574627d\Systolic4x4.\A_shift[14]' using process `$paramod$d3d5788cdda5471de1680ab667385b769574627d\Systolic4x4.$proc$rtl/systolic4x4.v:98$134'.
  created $dff cell `$procdff$1108' with positive edge clock.
Creating register for signal `$paramod$d3d5788cdda5471de1680ab667385b769574627d\Systolic4x4.\A_shift[15]' using process `$paramod$d3d5788cdda5471de1680ab667385b769574627d\Systolic4x4.$proc$rtl/systolic4x4.v:98$134'.
  created $dff cell `$procdff$1115' with positive edge clock.
Creating register for signal `$paramod$d3d5788cdda5471de1680ab667385b769574627d\Systolic4x4.\A_shift[16]' using process `$paramod$d3d5788cdda5471de1680ab667385b769574627d\Systolic4x4.$proc$rtl/systolic4x4.v:98$134'.
  created $dff cell `$procdff$1122' with positive edge clock.
Creating register for signal `$paramod$d3d5788cdda5471de1680ab667385b769574627d\Systolic4x4.\A_shift[17]' using process `$paramod$d3d5788cdda5471de1680ab667385b769574627d\Systolic4x4.$proc$rtl/systolic4x4.v:98$134'.
  created $dff cell `$procdff$1129' with positive edge clock.
Creating register for signal `$paramod$d3d5788cdda5471de1680ab667385b769574627d\Systolic4x4.\A_shift[18]' using process `$paramod$d3d5788cdda5471de1680ab667385b769574627d\Systolic4x4.$proc$rtl/systolic4x4.v:98$134'.
  created $dff cell `$procdff$1136' with positive edge clock.
Creating register for signal `$paramod$d3d5788cdda5471de1680ab667385b769574627d\Systolic4x4.\A_shift[19]' using process `$paramod$d3d5788cdda5471de1680ab667385b769574627d\Systolic4x4.$proc$rtl/systolic4x4.v:98$134'.
  created $dff cell `$procdff$1143' with positive edge clock.
Creating register for signal `$paramod$d3d5788cdda5471de1680ab667385b769574627d\Systolic4x4.\A_shift[20]' using process `$paramod$d3d5788cdda5471de1680ab667385b769574627d\Systolic4x4.$proc$rtl/systolic4x4.v:98$134'.
  created $dff cell `$procdff$1150' with positive edge clock.
Creating register for signal `$paramod$d3d5788cdda5471de1680ab667385b769574627d\Systolic4x4.\A_shift[21]' using process `$paramod$d3d5788cdda5471de1680ab667385b769574627d\Systolic4x4.$proc$rtl/systolic4x4.v:98$134'.
  created $dff cell `$procdff$1157' with positive edge clock.
Creating register for signal `$paramod$d3d5788cdda5471de1680ab667385b769574627d\Systolic4x4.\A_shift[22]' using process `$paramod$d3d5788cdda5471de1680ab667385b769574627d\Systolic4x4.$proc$rtl/systolic4x4.v:98$134'.
  created $dff cell `$procdff$1164' with positive edge clock.
Creating register for signal `$paramod$d3d5788cdda5471de1680ab667385b769574627d\Systolic4x4.\A_shift[23]' using process `$paramod$d3d5788cdda5471de1680ab667385b769574627d\Systolic4x4.$proc$rtl/systolic4x4.v:98$134'.
  created $dff cell `$procdff$1171' with positive edge clock.
Creating register for signal `$paramod$d3d5788cdda5471de1680ab667385b769574627d\Systolic4x4.\A_shift[24]' using process `$paramod$d3d5788cdda5471de1680ab667385b769574627d\Systolic4x4.$proc$rtl/systolic4x4.v:98$134'.
  created $dff cell `$procdff$1178' with positive edge clock.
Creating register for signal `$paramod$d3d5788cdda5471de1680ab667385b769574627d\Systolic4x4.\A_shift[25]' using process `$paramod$d3d5788cdda5471de1680ab667385b769574627d\Systolic4x4.$proc$rtl/systolic4x4.v:98$134'.
  created $dff cell `$procdff$1185' with positive edge clock.
Creating register for signal `$paramod$d3d5788cdda5471de1680ab667385b769574627d\Systolic4x4.\A_shift[26]' using process `$paramod$d3d5788cdda5471de1680ab667385b769574627d\Systolic4x4.$proc$rtl/systolic4x4.v:98$134'.
  created $dff cell `$procdff$1192' with positive edge clock.
Creating register for signal `$paramod$d3d5788cdda5471de1680ab667385b769574627d\Systolic4x4.\A_shift[27]' using process `$paramod$d3d5788cdda5471de1680ab667385b769574627d\Systolic4x4.$proc$rtl/systolic4x4.v:98$134'.
  created $dff cell `$procdff$1199' with positive edge clock.
Creating register for signal `$paramod$d3d5788cdda5471de1680ab667385b769574627d\Systolic4x4.\A_shift[28]' using process `$paramod$d3d5788cdda5471de1680ab667385b769574627d\Systolic4x4.$proc$rtl/systolic4x4.v:98$134'.
  created $dff cell `$procdff$1206' with positive edge clock.
Creating register for signal `$paramod$d3d5788cdda5471de1680ab667385b769574627d\Systolic4x4.\A_shift[29]' using process `$paramod$d3d5788cdda5471de1680ab667385b769574627d\Systolic4x4.$proc$rtl/systolic4x4.v:98$134'.
  created $dff cell `$procdff$1213' with positive edge clock.
Creating register for signal `$paramod$d3d5788cdda5471de1680ab667385b769574627d\Systolic4x4.\A_shift[30]' using process `$paramod$d3d5788cdda5471de1680ab667385b769574627d\Systolic4x4.$proc$rtl/systolic4x4.v:98$134'.
  created $dff cell `$procdff$1220' with positive edge clock.
Creating register for signal `$paramod$d3d5788cdda5471de1680ab667385b769574627d\Systolic4x4.\A_shift[31]' using process `$paramod$d3d5788cdda5471de1680ab667385b769574627d\Systolic4x4.$proc$rtl/systolic4x4.v:98$134'.
  created $dff cell `$procdff$1227' with positive edge clock.
Creating register for signal `$paramod$d3d5788cdda5471de1680ab667385b769574627d\Systolic4x4.\B_shift[0]' using process `$paramod$d3d5788cdda5471de1680ab667385b769574627d\Systolic4x4.$proc$rtl/systolic4x4.v:98$134'.
  created $dff cell `$procdff$1234' with positive edge clock.
Creating register for signal `$paramod$d3d5788cdda5471de1680ab667385b769574627d\Systolic4x4.\B_shift[1]' using process `$paramod$d3d5788cdda5471de1680ab667385b769574627d\Systolic4x4.$proc$rtl/systolic4x4.v:98$134'.
  created $dff cell `$procdff$1241' with positive edge clock.
Creating register for signal `$paramod$d3d5788cdda5471de1680ab667385b769574627d\Systolic4x4.\B_shift[2]' using process `$paramod$d3d5788cdda5471de1680ab667385b769574627d\Systolic4x4.$proc$rtl/systolic4x4.v:98$134'.
  created $dff cell `$procdff$1248' with positive edge clock.
Creating register for signal `$paramod$d3d5788cdda5471de1680ab667385b769574627d\Systolic4x4.\B_shift[3]' using process `$paramod$d3d5788cdda5471de1680ab667385b769574627d\Systolic4x4.$proc$rtl/systolic4x4.v:98$134'.
  created $dff cell `$procdff$1255' with positive edge clock.
Creating register for signal `$paramod$d3d5788cdda5471de1680ab667385b769574627d\Systolic4x4.\B_shift[4]' using process `$paramod$d3d5788cdda5471de1680ab667385b769574627d\Systolic4x4.$proc$rtl/systolic4x4.v:98$134'.
  created $dff cell `$procdff$1262' with positive edge clock.
Creating register for signal `$paramod$d3d5788cdda5471de1680ab667385b769574627d\Systolic4x4.\B_shift[5]' using process `$paramod$d3d5788cdda5471de1680ab667385b769574627d\Systolic4x4.$proc$rtl/systolic4x4.v:98$134'.
  created $dff cell `$procdff$1269' with positive edge clock.
Creating register for signal `$paramod$d3d5788cdda5471de1680ab667385b769574627d\Systolic4x4.\B_shift[6]' using process `$paramod$d3d5788cdda5471de1680ab667385b769574627d\Systolic4x4.$proc$rtl/systolic4x4.v:98$134'.
  created $dff cell `$procdff$1276' with positive edge clock.
Creating register for signal `$paramod$d3d5788cdda5471de1680ab667385b769574627d\Systolic4x4.\B_shift[7]' using process `$paramod$d3d5788cdda5471de1680ab667385b769574627d\Systolic4x4.$proc$rtl/systolic4x4.v:98$134'.
  created $dff cell `$procdff$1283' with positive edge clock.
Creating register for signal `$paramod$d3d5788cdda5471de1680ab667385b769574627d\Systolic4x4.\B_shift[8]' using process `$paramod$d3d5788cdda5471de1680ab667385b769574627d\Systolic4x4.$proc$rtl/systolic4x4.v:98$134'.
  created $dff cell `$procdff$1290' with positive edge clock.
Creating register for signal `$paramod$d3d5788cdda5471de1680ab667385b769574627d\Systolic4x4.\B_shift[9]' using process `$paramod$d3d5788cdda5471de1680ab667385b769574627d\Systolic4x4.$proc$rtl/systolic4x4.v:98$134'.
  created $dff cell `$procdff$1297' with positive edge clock.
Creating register for signal `$paramod$d3d5788cdda5471de1680ab667385b769574627d\Systolic4x4.\B_shift[10]' using process `$paramod$d3d5788cdda5471de1680ab667385b769574627d\Systolic4x4.$proc$rtl/systolic4x4.v:98$134'.
  created $dff cell `$procdff$1304' with positive edge clock.
Creating register for signal `$paramod$d3d5788cdda5471de1680ab667385b769574627d\Systolic4x4.\B_shift[11]' using process `$paramod$d3d5788cdda5471de1680ab667385b769574627d\Systolic4x4.$proc$rtl/systolic4x4.v:98$134'.
  created $dff cell `$procdff$1311' with positive edge clock.
Creating register for signal `$paramod$d3d5788cdda5471de1680ab667385b769574627d\Systolic4x4.\B_shift[12]' using process `$paramod$d3d5788cdda5471de1680ab667385b769574627d\Systolic4x4.$proc$rtl/systolic4x4.v:98$134'.
  created $dff cell `$procdff$1318' with positive edge clock.
Creating register for signal `$paramod$d3d5788cdda5471de1680ab667385b769574627d\Systolic4x4.\B_shift[13]' using process `$paramod$d3d5788cdda5471de1680ab667385b769574627d\Systolic4x4.$proc$rtl/systolic4x4.v:98$134'.
  created $dff cell `$procdff$1325' with positive edge clock.
Creating register for signal `$paramod$d3d5788cdda5471de1680ab667385b769574627d\Systolic4x4.\B_shift[14]' using process `$paramod$d3d5788cdda5471de1680ab667385b769574627d\Systolic4x4.$proc$rtl/systolic4x4.v:98$134'.
  created $dff cell `$procdff$1332' with positive edge clock.
Creating register for signal `$paramod$d3d5788cdda5471de1680ab667385b769574627d\Systolic4x4.\B_shift[15]' using process `$paramod$d3d5788cdda5471de1680ab667385b769574627d\Systolic4x4.$proc$rtl/systolic4x4.v:98$134'.
  created $dff cell `$procdff$1339' with positive edge clock.
Creating register for signal `$paramod$d3d5788cdda5471de1680ab667385b769574627d\Systolic4x4.\B_shift[16]' using process `$paramod$d3d5788cdda5471de1680ab667385b769574627d\Systolic4x4.$proc$rtl/systolic4x4.v:98$134'.
  created $dff cell `$procdff$1346' with positive edge clock.
Creating register for signal `$paramod$d3d5788cdda5471de1680ab667385b769574627d\Systolic4x4.\B_shift[17]' using process `$paramod$d3d5788cdda5471de1680ab667385b769574627d\Systolic4x4.$proc$rtl/systolic4x4.v:98$134'.
  created $dff cell `$procdff$1353' with positive edge clock.
Creating register for signal `$paramod$d3d5788cdda5471de1680ab667385b769574627d\Systolic4x4.\B_shift[18]' using process `$paramod$d3d5788cdda5471de1680ab667385b769574627d\Systolic4x4.$proc$rtl/systolic4x4.v:98$134'.
  created $dff cell `$procdff$1360' with positive edge clock.
Creating register for signal `$paramod$d3d5788cdda5471de1680ab667385b769574627d\Systolic4x4.\B_shift[19]' using process `$paramod$d3d5788cdda5471de1680ab667385b769574627d\Systolic4x4.$proc$rtl/systolic4x4.v:98$134'.
  created $dff cell `$procdff$1367' with positive edge clock.
Creating register for signal `$paramod$d3d5788cdda5471de1680ab667385b769574627d\Systolic4x4.\B_shift[20]' using process `$paramod$d3d5788cdda5471de1680ab667385b769574627d\Systolic4x4.$proc$rtl/systolic4x4.v:98$134'.
  created $dff cell `$procdff$1374' with positive edge clock.
Creating register for signal `$paramod$d3d5788cdda5471de1680ab667385b769574627d\Systolic4x4.\B_shift[21]' using process `$paramod$d3d5788cdda5471de1680ab667385b769574627d\Systolic4x4.$proc$rtl/systolic4x4.v:98$134'.
  created $dff cell `$procdff$1381' with positive edge clock.
Creating register for signal `$paramod$d3d5788cdda5471de1680ab667385b769574627d\Systolic4x4.\B_shift[22]' using process `$paramod$d3d5788cdda5471de1680ab667385b769574627d\Systolic4x4.$proc$rtl/systolic4x4.v:98$134'.
  created $dff cell `$procdff$1388' with positive edge clock.
Creating register for signal `$paramod$d3d5788cdda5471de1680ab667385b769574627d\Systolic4x4.\B_shift[23]' using process `$paramod$d3d5788cdda5471de1680ab667385b769574627d\Systolic4x4.$proc$rtl/systolic4x4.v:98$134'.
  created $dff cell `$procdff$1395' with positive edge clock.
Creating register for signal `$paramod$d3d5788cdda5471de1680ab667385b769574627d\Systolic4x4.\B_shift[24]' using process `$paramod$d3d5788cdda5471de1680ab667385b769574627d\Systolic4x4.$proc$rtl/systolic4x4.v:98$134'.
  created $dff cell `$procdff$1402' with positive edge clock.
Creating register for signal `$paramod$d3d5788cdda5471de1680ab667385b769574627d\Systolic4x4.\B_shift[25]' using process `$paramod$d3d5788cdda5471de1680ab667385b769574627d\Systolic4x4.$proc$rtl/systolic4x4.v:98$134'.
  created $dff cell `$procdff$1409' with positive edge clock.
Creating register for signal `$paramod$d3d5788cdda5471de1680ab667385b769574627d\Systolic4x4.\B_shift[26]' using process `$paramod$d3d5788cdda5471de1680ab667385b769574627d\Systolic4x4.$proc$rtl/systolic4x4.v:98$134'.
  created $dff cell `$procdff$1416' with positive edge clock.
Creating register for signal `$paramod$d3d5788cdda5471de1680ab667385b769574627d\Systolic4x4.\B_shift[27]' using process `$paramod$d3d5788cdda5471de1680ab667385b769574627d\Systolic4x4.$proc$rtl/systolic4x4.v:98$134'.
  created $dff cell `$procdff$1423' with positive edge clock.
Creating register for signal `$paramod$d3d5788cdda5471de1680ab667385b769574627d\Systolic4x4.\B_shift[28]' using process `$paramod$d3d5788cdda5471de1680ab667385b769574627d\Systolic4x4.$proc$rtl/systolic4x4.v:98$134'.
  created $dff cell `$procdff$1430' with positive edge clock.
Creating register for signal `$paramod$d3d5788cdda5471de1680ab667385b769574627d\Systolic4x4.\B_shift[29]' using process `$paramod$d3d5788cdda5471de1680ab667385b769574627d\Systolic4x4.$proc$rtl/systolic4x4.v:98$134'.
  created $dff cell `$procdff$1437' with positive edge clock.
Creating register for signal `$paramod$d3d5788cdda5471de1680ab667385b769574627d\Systolic4x4.\B_shift[30]' using process `$paramod$d3d5788cdda5471de1680ab667385b769574627d\Systolic4x4.$proc$rtl/systolic4x4.v:98$134'.
  created $dff cell `$procdff$1444' with positive edge clock.
Creating register for signal `$paramod$d3d5788cdda5471de1680ab667385b769574627d\Systolic4x4.\B_shift[31]' using process `$paramod$d3d5788cdda5471de1680ab667385b769574627d\Systolic4x4.$proc$rtl/systolic4x4.v:98$134'.
  created $dff cell `$procdff$1451' with positive edge clock.
Creating register for signal `$paramod$d3d5788cdda5471de1680ab667385b769574627d\Systolic4x4.\load_shift_buffers$func$rtl/systolic4x4.v:106$133.i' using process `$paramod$d3d5788cdda5471de1680ab667385b769574627d\Systolic4x4.$proc$rtl/systolic4x4.v:98$134'.
  created $adff cell `$procdff$1456' with positive edge clock and positive level reset.
Creating register for signal `$paramod$d3d5788cdda5471de1680ab667385b769574627d\Systolic4x4.\load_shift_buffers$func$rtl/systolic4x4.v:106$133.j' using process `$paramod$d3d5788cdda5471de1680ab667385b769574627d\Systolic4x4.$proc$rtl/systolic4x4.v:98$134'.
  created $adff cell `$procdff$1461' with positive edge clock and positive level reset.

10.10. Executing PROC_MEMWR pass (convert process memory writes to cells).

10.11. Executing PROC_CLEAN pass (remove empty switches from decision trees).
Found and cleaned up 2 empty switches in `$paramod$fa674685d90c05290de176cbd2c717b5b455720d\PE_MAC.$proc$rtl/pe_mac.v:49$50'.
Removing empty process `$paramod$fa674685d90c05290de176cbd2c717b5b455720d\PE_MAC.$proc$rtl/pe_mac.v:49$50'.
Found and cleaned up 1 empty switch in `$paramod$fa674685d90c05290de176cbd2c717b5b455720d\PE_MAC.$proc$rtl/pe_mac.v:42$47'.
Removing empty process `$paramod$fa674685d90c05290de176cbd2c717b5b455720d\PE_MAC.$proc$rtl/pe_mac.v:42$47'.
Found and cleaned up 1 empty switch in `$paramod$fa674685d90c05290de176cbd2c717b5b455720d\PE_MAC.$proc$rtl/pe_mac.v:32$45'.
Removing empty process `$paramod$fa674685d90c05290de176cbd2c717b5b455720d\PE_MAC.$proc$rtl/pe_mac.v:32$45'.
Found and cleaned up 3 empty switches in `$paramod\serializer\WIDTH=s32'00000000000000000000001000000000.$proc$rtl/serializer.v:32$15'.
Removing empty process `$paramod\serializer\WIDTH=s32'00000000000000000000001000000000.$proc$rtl/serializer.v:32$15'.
Found and cleaned up 3 empty switches in `$paramod\deserializer\WIDTH=s32'00000000000000000000000010000000.$proc$rtl/deserializer.v:26$38'.
Removing empty process `$paramod\deserializer\WIDTH=s32'00000000000000000000000010000000.$proc$rtl/deserializer.v:26$38'.
Removing empty process `$paramod$d3d5788cdda5471de1680ab667385b769574627d\Systolic4x4.$proc$rtl/systolic4x4.v:0$146'.
Found and cleaned up 3 empty switches in `$paramod$d3d5788cdda5471de1680ab667385b769574627d\Systolic4x4.$proc$rtl/systolic4x4.v:98$134'.
Removing empty process `$paramod$d3d5788cdda5471de1680ab667385b769574627d\Systolic4x4.$proc$rtl/systolic4x4.v:98$134'.
Cleaned up 13 empty switches.

10.12. Executing OPT_EXPR pass (perform const folding).
Optimizing module Systolic4x4_serial_io.
Optimizing module $paramod$fa674685d90c05290de176cbd2c717b5b455720d\PE_MAC.
<suppressed ~8 debug messages>
Optimizing module $paramod\serializer\WIDTH=s32'00000000000000000000001000000000.
<suppressed ~27 debug messages>
Optimizing module $paramod\deserializer\WIDTH=s32'00000000000000000000000010000000.
<suppressed ~16 debug messages>
Optimizing module $paramod$d3d5788cdda5471de1680ab667385b769574627d\Systolic4x4.
<suppressed ~148 debug messages>

11. Executing FLATTEN pass (flatten design).
Deleting now unused module $paramod$fa674685d90c05290de176cbd2c717b5b455720d\PE_MAC.
Deleting now unused module $paramod\serializer\WIDTH=s32'00000000000000000000001000000000.
Deleting now unused module $paramod\deserializer\WIDTH=s32'00000000000000000000000010000000.
Deleting now unused module $paramod$d3d5788cdda5471de1680ab667385b769574627d\Systolic4x4.
<suppressed ~20 debug messages>

12. Executing OPT_CLEAN pass (remove unused cells and wires).
Finding unused cells or wires in module \Systolic4x4_serial_io..
Removed 762 unused cells and 1988 unused wires.
<suppressed ~1172 debug messages>
