
===========================================================================
report_checks -unconstrained
===========================================================================
======================= nom_ff_n40C_1v95 Corner ===================================

Startpoint: _1104_ (rising edge-triggered flip-flop clocked by A_in_serial_clk)
Endpoint: _1103_ (rising edge-triggered flip-flop clocked by A_in_serial_clk)
Path Group: A_in_serial_clk
Path Type: max

Fanout         Cap        Slew       Delay        Time   Description
---------------------------------------------------------------------------------------------
                                  0.000000    0.000000   clock A_in_serial_clk (rise edge)
                                  0.000000    0.000000   clock source latency
     1    0.022760    0.000000    0.000000    0.000000 ^ A_in_serial_clk (in)
                                                         A_in_serial_clk (net)
                      0.002888    0.001444    0.001444 ^ clkbuf_0_A_in_serial_clk/A (sky130_fd_sc_hd__clkbuf_16)
    16    0.107087    0.094361    0.124652    0.126096 ^ clkbuf_0_A_in_serial_clk/X (sky130_fd_sc_hd__clkbuf_16)
                                                         clknet_0_A_in_serial_clk (net)
                      0.094478    0.002711    0.128807 ^ clkbuf_4_10_0_A_in_serial_clk/A (sky130_fd_sc_hd__clkbuf_8)
    10    0.034983    0.055539    0.119214    0.248021 ^ clkbuf_4_10_0_A_in_serial_clk/X (sky130_fd_sc_hd__clkbuf_8)
                                                         clknet_4_10_0_A_in_serial_clk (net)
                      0.055547    0.000687    0.248707 ^ _1104_/CLK (sky130_fd_sc_hd__dfrtp_4)
     6    0.027382    0.064339    0.328015    0.576722 v _1104_/Q (sky130_fd_sc_hd__dfrtp_4)
                                                         deser_A.receiving (net)
                      0.064340    0.000796    0.577519 v max_cap13/A (sky130_fd_sc_hd__buf_12)
     2    0.005245    0.016229    0.088785    0.666304 v max_cap13/X (sky130_fd_sc_hd__buf_12)
                                                         net13 (net)
                      0.016229    0.000115    0.666418 v _0692_/A (sky130_fd_sc_hd__and4_1)
     2    0.010055    0.048775    0.108191    0.774609 v _0692_/X (sky130_fd_sc_hd__and4_1)
                                                         _0516_ (net)
                      0.048777    0.000385    0.774994 v _0700_/C (sky130_fd_sc_hd__and4_1)
     3    0.011118    0.051358    0.150884    0.925879 v _0700_/X (sky130_fd_sc_hd__and4_1)
                                                         _0521_ (net)
                      0.051359    0.000273    0.926152 v _0704_/B (sky130_fd_sc_hd__nand2_2)
     2    0.010342    0.053892    0.067677    0.993829 ^ _0704_/Y (sky130_fd_sc_hd__nand2_2)
                                                         _0524_ (net)
                      0.053894    0.000344    0.994173 ^ _0708_/S (sky130_fd_sc_hd__mux2_4)
     1    0.005287    0.039097    0.186238    1.180411 v _0708_/X (sky130_fd_sc_hd__mux2_4)
                                                         _0527_ (net)
                      0.039097    0.000123    1.180534 v _0709_/A (sky130_fd_sc_hd__inv_2)
     1    0.003611    0.020613    0.032423    1.212957 ^ _0709_/Y (sky130_fd_sc_hd__inv_2)
                                                         _0052_ (net)
                      0.020613    0.000108    1.213065 ^ _1103_/D (sky130_fd_sc_hd__dfrtp_1)
                                              1.213065   data arrival time

                                  2.000000    2.000000   clock A_in_serial_clk (rise edge)
                                  0.000000    2.000000   clock source latency
     1    0.022760    0.000000    0.000000    2.000000 ^ A_in_serial_clk (in)
                                                         A_in_serial_clk (net)
                      0.002888    0.001444    2.001444 ^ clkbuf_0_A_in_serial_clk/A (sky130_fd_sc_hd__clkbuf_16)
    16    0.107087    0.094361    0.124652    2.126096 ^ clkbuf_0_A_in_serial_clk/X (sky130_fd_sc_hd__clkbuf_16)
                                                         clknet_0_A_in_serial_clk (net)
                      0.094483    0.002768    2.128864 ^ clkbuf_4_11_0_A_in_serial_clk/A (sky130_fd_sc_hd__clkbuf_8)
    10    0.030835    0.050617    0.115788    2.244652 ^ clkbuf_4_11_0_A_in_serial_clk/X (sky130_fd_sc_hd__clkbuf_8)
                                                         clknet_4_11_0_A_in_serial_clk (net)
                      0.050622    0.000546    2.245198 ^ _1103_/CLK (sky130_fd_sc_hd__dfrtp_1)
                                  0.000000    2.245198   clock reconvergence pessimism
                                 -0.032150    2.213048   library setup time
                                              2.213048   data required time
---------------------------------------------------------------------------------------------
                                              2.213048   data required time
                                             -1.213065   data arrival time
---------------------------------------------------------------------------------------------
                                              0.999982   slack (MET)


Startpoint: _1248_ (rising edge-triggered flip-flop clocked by B_in_serial_clk)
Endpoint: _1338_ (rising edge-triggered flip-flop clocked by B_in_serial_clk)
Path Group: B_in_serial_clk
Path Type: max

Fanout         Cap        Slew       Delay        Time   Description
---------------------------------------------------------------------------------------------
                                  0.000000    0.000000   clock B_in_serial_clk (rise edge)
                                  0.000000    0.000000   clock source latency
     1    0.017548    0.000000    0.000000    0.000000 ^ B_in_serial_clk (in)
                                                         B_in_serial_clk (net)
                      0.001501    0.000750    0.000750 ^ clkbuf_0_B_in_serial_clk/A (sky130_fd_sc_hd__clkbuf_16)
    16    0.105361    0.093075    0.123344    0.124094 ^ clkbuf_0_B_in_serial_clk/X (sky130_fd_sc_hd__clkbuf_16)
                                                         clknet_0_B_in_serial_clk (net)
                      0.093253    0.003292    0.127386 ^ clkbuf_4_14_0_B_in_serial_clk/A (sky130_fd_sc_hd__clkbuf_8)
     8    0.035964    0.056725    0.119883    0.247269 ^ clkbuf_4_14_0_B_in_serial_clk/X (sky130_fd_sc_hd__clkbuf_8)
                                                         clknet_4_14_0_B_in_serial_clk (net)
                      0.056739    0.000869    0.248138 ^ _1248_/CLK (sky130_fd_sc_hd__dfrtp_4)
     8    0.040196    0.100284    0.311746    0.559884 ^ _1248_/Q (sky130_fd_sc_hd__dfrtp_4)
                                                         deser_B.receiving (net)
                      0.100284    0.000504    0.560389 ^ rebuffer629/A (sky130_fd_sc_hd__buf_2)
     1    0.010404    0.045046    0.095883    0.656272 ^ rebuffer629/X (sky130_fd_sc_hd__buf_2)
                                                         net645 (net)
                      0.045048    0.000323    0.656595 ^ max_cap11/A (sky130_fd_sc_hd__buf_12)
    24    0.129978    0.117081    0.128830    0.785425 ^ max_cap11/X (sky130_fd_sc_hd__buf_12)
                                                         net11 (net)
                      0.118579    0.010581    0.796005 ^ clone31/A (sky130_fd_sc_hd__clkbuf_16)
    26    0.133258    0.112836    0.168883    0.964889 ^ clone31/X (sky130_fd_sc_hd__clkbuf_16)
                                                         net47 (net)
                      0.113605    0.007425    0.972314 ^ _0970_/S (sky130_fd_sc_hd__mux2_1)
     1    0.002849    0.038146    0.190882    1.163196 v _0970_/X (sky130_fd_sc_hd__mux2_1)
                                                         _0285_ (net)
                      0.038146    0.000081    1.163277 v _1338_/D (sky130_fd_sc_hd__dfrtp_1)
                                              1.163277   data arrival time

                                  2.000000    2.000000   clock B_in_serial_clk (rise edge)
                                  0.000000    2.000000   clock source latency
     1    0.017548    0.000000    0.000000    2.000000 ^ B_in_serial_clk (in)
                                                         B_in_serial_clk (net)
                      0.001501    0.000751    2.000751 ^ clkbuf_0_B_in_serial_clk/A (sky130_fd_sc_hd__clkbuf_16)
    16    0.105361    0.093075    0.123344    2.124094 ^ clkbuf_0_B_in_serial_clk/X (sky130_fd_sc_hd__clkbuf_16)
                                                         clknet_0_B_in_serial_clk (net)
                      0.093218    0.002960    2.127054 ^ clkbuf_4_6_0_B_in_serial_clk/A (sky130_fd_sc_hd__clkbuf_8)
     8    0.035408    0.056046    0.119308    2.246362 ^ clkbuf_4_6_0_B_in_serial_clk/X (sky130_fd_sc_hd__clkbuf_8)
                                                         clknet_4_6_0_B_in_serial_clk (net)
                      0.056064    0.000970    2.247332 ^ _1338_/CLK (sky130_fd_sc_hd__dfrtp_1)
                                  0.000000    2.247332   clock reconvergence pessimism
                                 -0.072322    2.175011   library setup time
                                              2.175011   data required time
---------------------------------------------------------------------------------------------
                                              2.175011   data required time
                                             -1.163277   data arrival time
---------------------------------------------------------------------------------------------
                                              1.011734   slack (MET)


Startpoint: clk (clock source 'clk')
Endpoint: C_out_serial_clk (output port clocked by clk)
Path Group: clk
Path Type: max

Fanout         Cap        Slew       Delay        Time   Description
---------------------------------------------------------------------------------------------
                                  5.000000    5.000000   clock clk (fall edge)
                                  0.000000    5.000000   clock source latency
     1    0.015243    0.000000    0.000000    5.000000 v clk (in)
                                                         clk (net)
                      0.001164    0.000582    5.000582 v clkbuf_0_clk/A (sky130_fd_sc_hd__clkbuf_16)
     4    0.035368    0.033333    0.094768    5.095350 v clkbuf_0_clk/X (sky130_fd_sc_hd__clkbuf_16)
                                                         clknet_0_clk (net)
                      0.033346    0.000985    5.096334 v clkbuf_2_0__f_clk/A (sky130_fd_sc_hd__clkbuf_16)
    14    0.044970    0.037040    0.111441    5.207775 v clkbuf_2_0__f_clk/X (sky130_fd_sc_hd__clkbuf_16)
                                                         clknet_2_0__leaf_clk (net)
                      0.037167    0.001475    5.209250 v _1917_/A (sky130_fd_sc_hd__buf_2)
     1    0.002642    0.016672    0.073184    5.282434 v _1917_/X (sky130_fd_sc_hd__buf_2)
                                                         net8 (net)
                      0.016672    0.000077    5.282511 v output8/A (sky130_fd_sc_hd__buf_1)
     1    0.000620    0.010820    0.042174    5.324685 v output8/X (sky130_fd_sc_hd__buf_1)
                                                         C_out_serial_clk (net)
                      0.010820    0.000007    5.324692 v C_out_serial_clk (out)
                                              5.324692   data arrival time

                                 10.000000   10.000000   clock clk (rise edge)
                                  0.000000   10.000000   clock network delay (propagated)
                                 -0.100000    9.900001   clock uncertainty
                                  0.000000    9.900001   clock reconvergence pessimism
                                 -1.500000    8.400000   output external delay
                                              8.400000   data required time
---------------------------------------------------------------------------------------------
                                              8.400000   data required time
                                             -5.324692   data arrival time
---------------------------------------------------------------------------------------------
                                              3.075308   slack (MET)




===========================================================================
report_checks --slack_max -0.01
============================================================================
======================= nom_ff_n40C_1v95 Corner ===================================

No paths found.


===========================================================================
 report_check_types -max_slew -max_cap -max_fanout -violators
============================================================================
======================= nom_ff_n40C_1v95 Corner ===================================

max slew

Pin                                        Limit        Slew       Slack
------------------------------------------------------------------------
_1012_/A2                               0.100000    0.172901   -0.072901 (VIOLATED)
_0666_/A1                               0.100000    0.172901   -0.072901 (VIOLATED)
_0687_/A1                               0.100000    0.172901   -0.072901 (VIOLATED)
_0549_/Y                                0.100000    0.172900   -0.072901 (VIOLATED)
_0551_/B                                0.100000    0.172900   -0.072901 (VIOLATED)
_0664_/B                                0.100000    0.172201   -0.072201 (VIOLATED)
_0661_/B                                0.100000    0.172199   -0.072199 (VIOLATED)
_0628_/A                                0.100000    0.172195   -0.072195 (VIOLATED)
_0582_/A                                0.100000    0.172194   -0.072194 (VIOLATED)
_0615_/A                                0.100000    0.172194   -0.072194 (VIOLATED)
_0620_/B1                               0.100000    0.172193   -0.072193 (VIOLATED)
_0638_/B                                0.100000    0.172189   -0.072189 (VIOLATED)
_0577_/A                                0.100000    0.172189   -0.072189 (VIOLATED)
_0572_/B                                0.100000    0.172184   -0.072184 (VIOLATED)
_0595_/A                                0.100000    0.172126   -0.072126 (VIOLATED)
_0570_/X                                0.100000    0.172124   -0.072124 (VIOLATED)
_0695_/A1                               0.100000    0.149527   -0.049527 (VIOLATED)
_0696_/A1                               0.100000    0.149527   -0.049527 (VIOLATED)
_0697_/B2                               0.100000    0.149527   -0.049527 (VIOLATED)
_0698_/A1                               0.100000    0.149527   -0.049527 (VIOLATED)
_0700_/A                                0.100000    0.149527   -0.049527 (VIOLATED)
_0702_/A1                               0.100000    0.149527   -0.049527 (VIOLATED)
_1099_/Q                                0.100000    0.149527   -0.049527 (VIOLATED)
_0866_/A1                               0.100000    0.148253   -0.048253 (VIOLATED)
_0867_/A1                               0.100000    0.148253   -0.048253 (VIOLATED)
_0868_/B2                               0.100000    0.148253   -0.048253 (VIOLATED)
_0869_/A1                               0.100000    0.148253   -0.048253 (VIOLATED)
_0871_/A                                0.100000    0.148253   -0.048253 (VIOLATED)
_0873_/A1                               0.100000    0.148253   -0.048253 (VIOLATED)
_1243_/Q                                0.100000    0.148253   -0.048253 (VIOLATED)
_0690_/B                                0.100000    0.144444   -0.044444 (VIOLATED)
_0688_/Y                                0.100000    0.144443   -0.044443 (VIOLATED)
_0622_/A2                               0.100000    0.143577   -0.043577 (VIOLATED)
_0625_/A4                               0.100000    0.143576   -0.043576 (VIOLATED)
_0631_/A2                               0.100000    0.143575   -0.043575 (VIOLATED)
_0644_/A2                               0.100000    0.143574   -0.043574 (VIOLATED)
_0621_/X                                0.100000    0.143573   -0.043573 (VIOLATED)
_0541_/A                                0.100000    0.142035   -0.042035 (VIOLATED)
_0618_/S                                0.100000    0.142035   -0.042035 (VIOLATED)
_0619_/A                                0.100000    0.142035   -0.042035 (VIOLATED)
_0620_/A1                               0.100000    0.142035   -0.042035 (VIOLATED)
_0622_/A1                               0.100000    0.142035   -0.042035 (VIOLATED)
_0625_/A1                               0.100000    0.142035   -0.042035 (VIOLATED)
_0626_/A                                0.100000    0.142035   -0.042035 (VIOLATED)
_1072_/Q                                0.100000    0.142035   -0.042035 (VIOLATED)
_0605_/S                                0.100000    0.137250   -0.037250 (VIOLATED)
_0607_/B1                               0.100000    0.137250   -0.037250 (VIOLATED)
_0602_/A                                0.100000    0.137249   -0.037249 (VIOLATED)
_0601_/X                                0.100000    0.137204   -0.037204 (VIOLATED)
_0616_/C                                0.100000    0.137204   -0.037204 (VIOLATED)
_0858_/S                                0.100000    0.136358   -0.036358 (VIOLATED)
_0859_/A2                               0.100000    0.136358   -0.036358 (VIOLATED)
_0860_/B                                0.100000    0.136356   -0.036356 (VIOLATED)
_0862_/A                                0.100000    0.136356   -0.036356 (VIOLATED)
_0863_/B                                0.100000    0.136356   -0.036356 (VIOLATED)
_1240_/Q                                0.100000    0.136356   -0.036356 (VIOLATED)
_0547_/B                                0.100000    0.135833   -0.035833 (VIOLATED)
_0680_/A                                0.100000    0.135833   -0.035833 (VIOLATED)
_0681_/B1                               0.100000    0.135833   -0.035833 (VIOLATED)
_0683_/A3                               0.100000    0.135833   -0.035833 (VIOLATED)
_1093_/Q                                0.100000    0.135833   -0.035833 (VIOLATED)
_0854_/A3                               0.100000    0.135117   -0.035117 (VIOLATED)
_0554_/B                                0.100000    0.135117   -0.035117 (VIOLATED)
_0851_/B1                               0.100000    0.135117   -0.035117 (VIOLATED)
_0852_/A1                               0.100000    0.135117   -0.035117 (VIOLATED)
_1237_/Q                                0.100000    0.135117   -0.035117 (VIOLATED)
clone829/A                              0.100000    0.134290   -0.034290 (VIOLATED)
rebuffer830/X                           0.100000    0.134288   -0.034288 (VIOLATED)
clone831/A                              0.100000    0.131589   -0.031589 (VIOLATED)
rebuffer832/X                           0.100000    0.131589   -0.031589 (VIOLATED)
_0658_/B                                0.100000    0.125504   -0.025504 (VIOLATED)
_0655_/B                                0.100000    0.125503   -0.025503 (VIOLATED)
_0651_/B                                0.100000    0.125499   -0.025499 (VIOLATED)
_0648_/B                                0.100000    0.125497   -0.025497 (VIOLATED)
_0642_/B1                               0.100000    0.125490   -0.025490 (VIOLATED)
_0591_/A                                0.100000    0.125474   -0.025474 (VIOLATED)
_0634_/B                                0.100000    0.125471   -0.025471 (VIOLATED)
_0647_/A                                0.100000    0.125471   -0.025471 (VIOLATED)
_0633_/A                                0.100000    0.125468   -0.025468 (VIOLATED)
_0592_/A2                               0.100000    0.125465   -0.025465 (VIOLATED)
_0603_/A                                0.100000    0.125453   -0.025453 (VIOLATED)
_0610_/A2                               0.100000    0.125445   -0.025445 (VIOLATED)
_0607_/A2                               0.100000    0.125445   -0.025445 (VIOLATED)
_0604_/B                                0.100000    0.125443   -0.025443 (VIOLATED)
_0571_/Y                                0.100000    0.125432   -0.025432 (VIOLATED)
_0627_/A                                0.100000    0.124296   -0.024296 (VIOLATED)
_0608_/C                                0.100000    0.124296   -0.024296 (VIOLATED)
_0614_/A                                0.100000    0.124296   -0.024296 (VIOLATED)
_0592_/B1                               0.100000    0.124295   -0.024295 (VIOLATED)
_0593_/A2                               0.100000    0.124295   -0.024295 (VIOLATED)
_0601_/A                                0.100000    0.124295   -0.024295 (VIOLATED)
_0594_/C                                0.100000    0.124294   -0.024294 (VIOLATED)
_0653_/A                                0.100000    0.124291   -0.024292 (VIOLATED)
_0589_/X                                0.100000    0.124291   -0.024291 (VIOLATED)
_0590_/A                                0.100000    0.124291   -0.024291 (VIOLATED)
_1028_/B                                0.100000    0.123563   -0.023563 (VIOLATED)
_1030_/A2                               0.100000    0.123563   -0.023563 (VIOLATED)
_1025_/X                                0.100000    0.123563   -0.023563 (VIOLATED)
_1027_/A                                0.100000    0.123563   -0.023563 (VIOLATED)
_1029_/C                                0.100000    0.123563   -0.023563 (VIOLATED)
_0538_/A                                0.100000    0.123232   -0.023232 (VIOLATED)
_0592_/A1                               0.100000    0.123232   -0.023232 (VIOLATED)
_0593_/A1                               0.100000    0.123232   -0.023232 (VIOLATED)
_0594_/A                                0.100000    0.123232   -0.023232 (VIOLATED)
_0596_/A                                0.100000    0.123232   -0.023232 (VIOLATED)
_0600_/A                                0.100000    0.123232   -0.023232 (VIOLATED)
_1064_/Q                                0.100000    0.123232   -0.023232 (VIOLATED)
_0953_/S                                0.100000    0.122241   -0.022241 (VIOLATED)
_0952_/S                                0.100000    0.122236   -0.022236 (VIOLATED)
_0945_/S                                0.100000    0.122213   -0.022213 (VIOLATED)
_0950_/S                                0.100000    0.122210   -0.022210 (VIOLATED)
_0947_/S                                0.100000    0.122202   -0.022202 (VIOLATED)
_0948_/S                                0.100000    0.122187   -0.022187 (VIOLATED)
_0951_/S                                0.100000    0.122165   -0.022165 (VIOLATED)
_0949_/S                                0.100000    0.122134   -0.022134 (VIOLATED)
_0937_/S                                0.100000    0.121971   -0.021971 (VIOLATED)
_0623_/A                                0.100000    0.121938   -0.021938 (VIOLATED)
_0624_/A1                               0.100000    0.121938   -0.021938 (VIOLATED)
_0620_/Y                                0.100000    0.121938   -0.021938 (VIOLATED)
_0958_/S                                0.100000    0.121899   -0.021899 (VIOLATED)
_0956_/S                                0.100000    0.121826   -0.021826 (VIOLATED)
_0983_/S                                0.100000    0.121779   -0.021779 (VIOLATED)
_0982_/S                                0.100000    0.121765   -0.021765 (VIOLATED)
_0621_/C                                0.100000    0.121750   -0.021750 (VIOLATED)
_0641_/C                                0.100000    0.121750   -0.021750 (VIOLATED)
_0653_/B                                0.100000    0.121749   -0.021749 (VIOLATED)
_0954_/S                                0.100000    0.121716   -0.021716 (VIOLATED)
_0627_/B                                0.100000    0.121702   -0.021702 (VIOLATED)
_0613_/X                                0.100000    0.121701   -0.021701 (VIOLATED)
_0614_/B                                0.100000    0.121701   -0.021701 (VIOLATED)
_0979_/S                                0.100000    0.121411   -0.021411 (VIOLATED)
_0978_/S                                0.100000    0.121391   -0.021391 (VIOLATED)
_0960_/S                                0.100000    0.120881   -0.020881 (VIOLATED)
_0962_/S                                0.100000    0.120873   -0.020873 (VIOLATED)
_0976_/S                                0.100000    0.120873   -0.020873 (VIOLATED)
_0974_/S                                0.100000    0.120596   -0.020596 (VIOLATED)
_0968_/S                                0.100000    0.120081   -0.020081 (VIOLATED)
_0967_/S                                0.100000    0.120020   -0.020020 (VIOLATED)
_0965_/S                                0.100000    0.119837   -0.019837 (VIOLATED)
_0889_/S                                0.100000    0.119678   -0.019678 (VIOLATED)
_0541_/B                                0.100000    0.119605   -0.019605 (VIOLATED)
_0625_/A2                               0.100000    0.119605   -0.019605 (VIOLATED)
_0626_/B                                0.100000    0.119605   -0.019605 (VIOLATED)
_0622_/B1                               0.100000    0.119604   -0.019604 (VIOLATED)
_0620_/A2                               0.100000    0.119604   -0.019604 (VIOLATED)
_0619_/B                                0.100000    0.119603   -0.019603 (VIOLATED)
_1073_/Q                                0.100000    0.119603   -0.019603 (VIOLATED)
_0887_/S                                0.100000    0.119534   -0.019534 (VIOLATED)
_0890_/S                                0.100000    0.119503   -0.019503 (VIOLATED)
max_cap10/X                             0.100000    0.119468   -0.019468 (VIOLATED)
_0925_/S                                0.100000    0.118601   -0.018601 (VIOLATED)
_0927_/S                                0.100000    0.118585   -0.018585 (VIOLATED)
clone31/A                               0.100000    0.118579   -0.018579 (VIOLATED)
_0906_/S                                0.100000    0.118577   -0.018577 (VIOLATED)
_0928_/S                                0.100000    0.118566   -0.018566 (VIOLATED)
_0907_/S                                0.100000    0.118560   -0.018560 (VIOLATED)
_0915_/S                                0.100000    0.118552   -0.018552 (VIOLATED)
_0912_/S                                0.100000    0.118546   -0.018546 (VIOLATED)
_0913_/S                                0.100000    0.118491   -0.018491 (VIOLATED)
_0908_/S                                0.100000    0.118480   -0.018480 (VIOLATED)
_0914_/S                                0.100000    0.118464   -0.018464 (VIOLATED)
_0917_/S                                0.100000    0.118390   -0.018390 (VIOLATED)
_0916_/S                                0.100000    0.118286   -0.018286 (VIOLATED)
_0918_/S                                0.100000    0.118034   -0.018034 (VIOLATED)
_0919_/S                                0.100000    0.117941   -0.017941 (VIOLATED)
_0920_/S                                0.100000    0.117670   -0.017670 (VIOLATED)
_0903_/S                                0.100000    0.117467   -0.017467 (VIOLATED)
_0899_/S                                0.100000    0.117464   -0.017464 (VIOLATED)
_0902_/S                                0.100000    0.117458   -0.017458 (VIOLATED)
_0897_/S                                0.100000    0.117404   -0.017404 (VIOLATED)
_0896_/S                                0.100000    0.117385   -0.017385 (VIOLATED)
max_cap10/A                             0.100000    0.117369   -0.017369 (VIOLATED)
_0894_/S                                0.100000    0.117323   -0.017323 (VIOLATED)
_0653_/X                                0.100000    0.117292   -0.017292 (VIOLATED)
_0654_/B1_N                             0.100000    0.117292   -0.017292 (VIOLATED)
_0656_/B                                0.100000    0.117292   -0.017292 (VIOLATED)
_0657_/A1                               0.100000    0.117292   -0.017292 (VIOLATED)
_0659_/C                                0.100000    0.117292   -0.017292 (VIOLATED)
_0662_/D                                0.100000    0.117292   -0.017292 (VIOLATED)
_0688_/A1                               0.100000    0.117283   -0.017283 (VIOLATED)
_0691_/A                                0.100000    0.117283   -0.017283 (VIOLATED)
_0692_/B                                0.100000    0.117282   -0.017282 (VIOLATED)
_0687_/S                                0.100000    0.117282   -0.017282 (VIOLATED)
_0689_/B                                0.100000    0.117282   -0.017282 (VIOLATED)
_1096_/Q                                0.100000    0.117282   -0.017282 (VIOLATED)
_0892_/S                                0.100000    0.117206   -0.017206 (VIOLATED)
max_cap11/X                             0.100000    0.117081   -0.017081 (VIOLATED)
_0540_/A                                0.100000    0.116798   -0.016798 (VIOLATED)
_0604_/A                                0.100000    0.116798   -0.016798 (VIOLATED)
_0605_/A1                               0.100000    0.116798   -0.016798 (VIOLATED)
_0607_/B2                               0.100000    0.116798   -0.016798 (VIOLATED)
_0608_/A                                0.100000    0.116798   -0.016798 (VIOLATED)
_0611_/A                                0.100000    0.116798   -0.016798 (VIOLATED)
_1068_/Q                                0.100000    0.116798   -0.016798 (VIOLATED)
_0563_/A                                0.100000    0.115530   -0.015530 (VIOLATED)
_1013_/A                                0.100000    0.115530   -0.015530 (VIOLATED)
_1014_/A                                0.100000    0.115530   -0.015530 (VIOLATED)
_1015_/A1                               0.100000    0.115530   -0.015530 (VIOLATED)
_1017_/A                                0.100000    0.115530   -0.015530 (VIOLATED)
_1381_/Q                                0.100000    0.115530   -0.015530 (VIOLATED)
_1024_/B                                0.100000    0.115413   -0.015413 (VIOLATED)
_1025_/C                                0.100000    0.115412   -0.015412 (VIOLATED)
_1020_/B                                0.100000    0.115412   -0.015412 (VIOLATED)
_1017_/X                                0.100000    0.115412   -0.015412 (VIOLATED)
_1019_/A                                0.100000    0.115412   -0.015412 (VIOLATED)
_1021_/C                                0.100000    0.115412   -0.015412 (VIOLATED)
_1022_/A2                               0.100000    0.115412   -0.015412 (VIOLATED)
_1021_/X                                0.100000    0.115412   -0.015412 (VIOLATED)
_1023_/A                                0.100000    0.115412   -0.015412 (VIOLATED)
_1026_/A2                               0.100000    0.115412   -0.015412 (VIOLATED)
_0635_/A                                0.100000    0.115373   -0.015373 (VIOLATED)
_0535_/A                                0.100000    0.115372   -0.015372 (VIOLATED)
_0631_/A1                               0.100000    0.115372   -0.015372 (VIOLATED)
_0630_/S                                0.100000    0.115372   -0.015372 (VIOLATED)
_0632_/A                                0.100000    0.115372   -0.015372 (VIOLATED)
_1076_/Q                                0.100000    0.115372   -0.015372 (VIOLATED)
_0700_/B                                0.100000    0.114738   -0.014738 (VIOLATED)
_0697_/A1                               0.100000    0.114738   -0.014738 (VIOLATED)
_0702_/A2                               0.100000    0.114738   -0.014738 (VIOLATED)
_0698_/A2                               0.100000    0.114738   -0.014738 (VIOLATED)
_1100_/Q                                0.100000    0.114738   -0.014738 (VIOLATED)
_0551_/A                                0.100000    0.114679   -0.014679 (VIOLATED)
_0686_/A                                0.100000    0.114678   -0.014678 (VIOLATED)
_0881_/A2                               0.100000    0.114677   -0.014677 (VIOLATED)
_0548_/Y                                0.100000    0.114676   -0.014676 (VIOLATED)
_0841_/B                                0.100000    0.114665   -0.014665 (VIOLATED)
rebuffer484/A                           0.100000    0.114664   -0.014664 (VIOLATED)
_0838_/X                                0.100000    0.114663   -0.014663 (VIOLATED)
rebuffer483/A                           0.100000    0.114663   -0.014663 (VIOLATED)
_0885_/S                                0.100000    0.113656   -0.013656 (VIOLATED)
_0886_/S                                0.100000    0.113652   -0.013652 (VIOLATED)
_0888_/S                                0.100000    0.113645   -0.013645 (VIOLATED)
_0970_/S                                0.100000    0.113605   -0.013605 (VIOLATED)
_0969_/S                                0.100000    0.113601   -0.013601 (VIOLATED)
_0966_/S                                0.100000    0.113574   -0.013574 (VIOLATED)
_0964_/S                                0.100000    0.113455   -0.013455 (VIOLATED)
_0963_/S                                0.100000    0.113442   -0.013442 (VIOLATED)
_0975_/S                                0.100000    0.113414   -0.013414 (VIOLATED)
_0984_/S                                0.100000    0.113310   -0.013310 (VIOLATED)
_0980_/S                                0.100000    0.113297   -0.013297 (VIOLATED)
_0981_/S                                0.100000    0.113286   -0.013286 (VIOLATED)
_0977_/S                                0.100000    0.113282   -0.013282 (VIOLATED)
_0955_/S                                0.100000    0.113244   -0.013244 (VIOLATED)
_0943_/S                                0.100000    0.113237   -0.013237 (VIOLATED)
_0944_/S                                0.100000    0.113235   -0.013235 (VIOLATED)
_0942_/S                                0.100000    0.113218   -0.013218 (VIOLATED)
_0946_/S                                0.100000    0.113217   -0.013217 (VIOLATED)
_0941_/S                                0.100000    0.113207   -0.013207 (VIOLATED)
_0940_/S                                0.100000    0.113205   -0.013205 (VIOLATED)
_0957_/S                                0.100000    0.113176   -0.013176 (VIOLATED)
_0939_/S                                0.100000    0.113148   -0.013148 (VIOLATED)
_0938_/S                                0.100000    0.113080   -0.013080 (VIOLATED)
_0959_/S                                0.100000    0.113008   -0.013008 (VIOLATED)
_0936_/S                                0.100000    0.113005   -0.013005 (VIOLATED)
_0961_/S                                0.100000    0.112893   -0.012893 (VIOLATED)
clone31/X                               0.100000    0.112836   -0.012836 (VIOLATED)
_0693_/A2                               0.100000    0.112351   -0.012351 (VIOLATED)
_0697_/A2                               0.100000    0.112348   -0.012348 (VIOLATED)
_0695_/A2                               0.100000    0.112348   -0.012348 (VIOLATED)
_0676_/B                                0.100000    0.112344   -0.012344 (VIOLATED)
_0705_/A2                               0.100000    0.112343   -0.012343 (VIOLATED)
_0677_/B                                0.100000    0.112343   -0.012343 (VIOLATED)
_0684_/B                                0.100000    0.112340   -0.012340 (VIOLATED)
_0682_/A                                0.100000    0.112339   -0.012339 (VIOLATED)
_0707_/B                                0.100000    0.112338   -0.012338 (VIOLATED)
_0703_/A                                0.100000    0.112336   -0.012336 (VIOLATED)
_0685_/C                                0.100000    0.112335   -0.012335 (VIOLATED)
_0881_/B1                               0.100000    0.112335   -0.012335 (VIOLATED)
_0668_/Y                                0.100000    0.112325   -0.012325 (VIOLATED)
_0574_/S                                0.100000    0.110268   -0.010268 (VIOLATED)
_0537_/A2                               0.100000    0.110268   -0.010268 (VIOLATED)
_0575_/A1                               0.100000    0.110268   -0.010268 (VIOLATED)
_0576_/A                                0.100000    0.110268   -0.010268 (VIOLATED)
_0580_/A                                0.100000    0.110268   -0.010268 (VIOLATED)
_1058_/Q                                0.100000    0.110268   -0.010268 (VIOLATED)
_0552_/A                                0.100000    0.108311   -0.008311 (VIOLATED)
_0837_/S                                0.100000    0.108311   -0.008311 (VIOLATED)
_0845_/A2                               0.100000    0.108311   -0.008311 (VIOLATED)
_1232_/Q                                0.100000    0.108311   -0.008311 (VIOLATED)
rebuffer485/A                           0.100000    0.108311   -0.008311 (VIOLATED)
_0614_/X                                0.100000    0.108251   -0.008251 (VIOLATED)
_0615_/B                                0.100000    0.108251   -0.008251 (VIOLATED)
_0616_/A_N                              0.100000    0.108251   -0.008251 (VIOLATED)
_0618_/A0                               0.100000    0.108251   -0.008251 (VIOLATED)
_0619_/C                                0.100000    0.108251   -0.008251 (VIOLATED)
_0620_/A3                               0.100000    0.108251   -0.008251 (VIOLATED)
_1046_/A3                               0.100000    0.107541   -0.007541 (VIOLATED)
_1038_/X                                0.100000    0.107541   -0.007541 (VIOLATED)
_1040_/A_N                              0.100000    0.107541   -0.007541 (VIOLATED)
_1041_/B                                0.100000    0.107541   -0.007541 (VIOLATED)
_1042_/B                                0.100000    0.107541   -0.007541 (VIOLATED)
_1045_/D                                0.100000    0.107541   -0.007541 (VIOLATED)
_0868_/A2                               0.100000    0.107332   -0.007332 (VIOLATED)
_0873_/A2                               0.100000    0.107332   -0.007332 (VIOLATED)
_0871_/B                                0.100000    0.107332   -0.007332 (VIOLATED)
_0869_/A2                               0.100000    0.107331   -0.007331 (VIOLATED)
_1244_/Q                                0.100000    0.107331   -0.007331 (VIOLATED)
_0867_/B1                               0.100000    0.103718   -0.003718 (VIOLATED)
_0866_/Y                                0.100000    0.103715   -0.003715 (VIOLATED)
_0547_/C                                0.100000    0.102831   -0.002831 (VIOLATED)
_0683_/B1                               0.100000    0.102829   -0.002829 (VIOLATED)
_1094_/Q                                0.100000    0.102829   -0.002829 (VIOLATED)
_0855_/C                                0.100000    0.102165   -0.002165 (VIOLATED)
_0847_/B                                0.100000    0.102162   -0.002162 (VIOLATED)
_1033_/B1                               0.100000    0.102117   -0.002117 (VIOLATED)
_0864_/A2                               0.100000    0.102115   -0.002115 (VIOLATED)
_0874_/A                                0.100000    0.102115   -0.002115 (VIOLATED)
clone29/Y                               0.100000    0.102115   -0.002115 (VIOLATED)
_0562_/C                                0.100000    0.101865   -0.001865 (VIOLATED)
_1028_/A                                0.100000    0.101865   -0.001865 (VIOLATED)
_1029_/A                                0.100000    0.101865   -0.001865 (VIOLATED)
_1030_/A1                               0.100000    0.101865   -0.001865 (VIOLATED)
_1388_/Q                                0.100000    0.101865   -0.001865 (VIOLATED)
_0586_/A2                               0.100000    0.101694   -0.001694 (VIOLATED)
_0539_/C                                0.100000    0.101694   -0.001694 (VIOLATED)
_0587_/B                                0.100000    0.101693   -0.001693 (VIOLATED)
_0585_/S                                0.100000    0.101693   -0.001693 (VIOLATED)
_1062_/Q                                0.100000    0.101693   -0.001693 (VIOLATED)
_0564_/A1                               0.100000    0.101234   -0.001234 (VIOLATED)
_1024_/A                                0.100000    0.101234   -0.001234 (VIOLATED)
_1025_/A                                0.100000    0.101234   -0.001234 (VIOLATED)
_1026_/A1                               0.100000    0.101234   -0.001234 (VIOLATED)
_1386_/Q                                0.100000    0.101234   -0.001234 (VIOLATED)
_0861_/Y                                0.100000    0.100951   -0.000951 (VIOLATED)
_1241_/D                                0.100000    0.100951   -0.000951 (VIOLATED)
_0863_/C                                0.100000    0.100305   -0.000305 (VIOLATED)
rebuffer832/A                           0.100000    0.100304   -0.000304 (VIOLATED)
rebuffer830/A                           0.100000    0.100303   -0.000303 (VIOLATED)
rebuffer18/A                            0.100000    0.100300   -0.000300 (VIOLATED)
rebuffer805/A                           0.100000    0.100295   -0.000295 (VIOLATED)
split3/A                                0.100000    0.100290   -0.000290 (VIOLATED)
rebuffer629/A                           0.100000    0.100284   -0.000284 (VIOLATED)
rebuffer804/A                           0.100000    0.100284   -0.000284 (VIOLATED)
_1248_/Q                                0.100000    0.100284   -0.000284 (VIOLATED)
_0538_/B                                0.100000    0.100084   -0.000084 (VIOLATED)
_0594_/B                                0.100000    0.100084   -0.000084 (VIOLATED)
_0597_/A1                               0.100000    0.100084   -0.000084 (VIOLATED)
_0599_/A1                               0.100000    0.100084   -0.000084 (VIOLATED)
_0600_/B                                0.100000    0.100084   -0.000084 (VIOLATED)
_1065_/Q                                0.100000    0.100084   -0.000084 (VIOLATED)



===========================================================================
report_parasitic_annotation -report_unannotated
============================================================================
Found 31 unannotated drivers.
 Systolic4x4_serial_io_16/HI
 clkload0/Y
 clkload1/Y
 clkload10/X
 clkload11/Y
 clkload12/X
 clkload13/Y
 clkload14/X
 clkload15/Y
 clkload16/Y
 clkload17/Y
 clkload18/Y
 clkload19/Y
 clkload2/Y
 clkload20/Y
 clkload21/Y
 clkload22/Y
 clkload23/Y
 clkload24/Y
 clkload25/Y
 clkload26/Y
 clkload27/Y
 clkload28/Y
 clkload29/Y
 clkload3/X
 clkload4/Y
 clkload5/X
 clkload6/Y
 clkload7/Y
 clkload8/Y
 clkload9/X
Found 0 partially unannotated drivers.

===========================================================================
max slew violation count 340
max fanout violation count 0
max cap violation count 0
============================================================================

===========================================================================
check_setup -verbose -unconstrained_endpoints -multiple_clock -no_clock -no_input_delay -loops -generated_clocks
===========================================================================
Warning: There are 6 input ports missing set_input_delay.
  A_in_frame_sync
  A_in_serial_data
  B_in_frame_sync
  B_in_serial_data
  rst_n
  start
Warning: There is 1 unconstrained endpoint.
  C_out_serial_data
