
===========================================================================
Clock Skew (Setup)
============================================================================
======================= nom_ff_n40C_1v95 Corner ===================================

Clock A_in_serial_clk
0.248988 source latency _1097_/CLK ^
-0.239491 target latency _1098_/CLK ^
0.000000 CRPR
--------------
0.009497 setup skew

Clock B_in_serial_clk
0.245986 source latency _1236_/CLK ^
-0.251685 target latency _1238_/CLK ^
0.000000 CRPR
--------------
-0.005699 setup skew

Clock clk
0.200169 source latency _1387_/CLK ^
-0.195527 target latency _1392_/CLK ^
0.100000 clock uncertainty
0.000000 CRPR
--------------
0.104642 setup skew

