
===========================================================================
Clock Skew (Hold)
============================================================================
======================= nom_ff_n40C_1v95 Corner ===================================

Clock A_in_serial_clk
0.344681 source latency _26533_/CLK ^
-0.364240 target latency _26532_/CLK ^
-0.100000 clock uncertainty
0.000000 CRPR
--------------
-0.119559 hold skew

Clock B_in_serial_clk
0.350980 source latency _27043_/CLK ^
-0.368621 target latency _29601_/CLK ^
-0.100000 clock uncertainty
0.000000 CRPR
--------------
-0.117640 hold skew

Clock clk
0.584312 source latency _28007_/CLK ^
-0.713071 target latency _28035_/CLK ^
-0.100000 clock uncertainty
0.000000 CRPR
--------------
-0.228759 hold skew

