
===========================================================================
Clock Skew (Hold)
============================================================================
======================= max_ff_n40C_1v95 Corner ===================================

Clock A_in_serial_clk
0.353793 source latency _26533_/CLK ^
-0.374840 target latency _26532_/CLK ^
-0.100000 clock uncertainty
0.000000 CRPR
--------------
-0.121048 hold skew

Clock B_in_serial_clk
0.361183 source latency _27043_/CLK ^
-0.378853 target latency _29601_/CLK ^
-0.100000 clock uncertainty
0.000000 CRPR
--------------
-0.117670 hold skew

Clock clk
0.619303 source latency _28007_/CLK ^
-0.750700 target latency _28035_/CLK ^
-0.100000 clock uncertainty
0.000000 CRPR
--------------
-0.231397 hold skew

