
===========================================================================
Clock Skew (Setup)
============================================================================
======================= max_ff_n40C_1v95 Corner ===================================

Clock A_in_serial_clk
0.365458 source latency _26464_/CLK ^
-0.344729 target latency _26964_/CLK ^
0.100000 clock uncertainty
0.000000 CRPR
--------------
0.120729 setup skew

Clock B_in_serial_clk
0.378853 source latency _29601_/CLK ^
-0.361280 target latency _26647_/CLK ^
0.100000 clock uncertainty
0.000000 CRPR
--------------
0.117573 setup skew

Clock clk
0.761591 source latency _27986_/CLK ^
-0.619303 target latency _28007_/CLK ^
0.100000 clock uncertainty
0.000000 CRPR
--------------
0.242288 setup skew

