Reading OpenROAD database at '/home/hp/openlane2/project1/runs/RUN_2025-09-14_22-17-56/24-openroad-ioplacement/Systolic4x4_serial_io.odb'…
Reading library file at '/home/hp/.volare/volare/sky130/versions/0fe599b2afb6708d281543108caf8310912f54af/sky130A/libs.ref/sky130_fd_sc_hd/lib/sky130_fd_sc_hd__tt_025C_1v80.lib'…
Reading design constraints file at 'constraints.sdc'…
[INFO] No information on clock propagation in input SDC file-- propagating all clocks.
[INFO] Setting RC values…
[INFO] Setting signal min routing layer to: met1 and clock min routing layer to met1. 
[INFO] Setting signal max routing layer to: met5 and clock max routing layer to met5. 
+ global_placement -density 0.618872 -timing_driven -routability_driven -pad_right 0 -pad_left 0 -init_wirelength_coef 0.25
[INFO GPL-0002] DBU: 1000
[INFO GPL-0003] SiteSize: (  0.460  2.720 ) um
[INFO GPL-0004] CoreBBox: (  5.520 10.880 ) ( 185.380 190.400 ) um
[INFO GPL-0006] NumInstances:              1964
[INFO GPL-0007] NumPlaceInstances:         1390
[INFO GPL-0008] NumFixedInstances:          574
[INFO GPL-0009] NumDummyInstances:            0
[INFO GPL-0010] NumNets:                   1399
[INFO GPL-0011] NumPins:                   3961
[INFO GPL-0012] DieBBox:  (  0.000  0.000 ) ( 191.040 201.760 ) um
[INFO GPL-0013] CoreBBox: (  5.520 10.880 ) ( 185.380 190.400 ) um
[INFO GPL-0016] CoreArea:             32288.467 um^2
[INFO GPL-0017] NonPlaceInstsArea:     1048.506 um^2
[INFO GPL-0018] PlaceInstsArea:       16200.538 um^2
[INFO GPL-0019] Util:                    51.858 %
[INFO GPL-0020] StdInstsArea:         16200.538 um^2
[INFO GPL-0021] MacroInstsArea:           0.000 um^2
[InitialPlace]  Iter: 1 CG residual: 0.00972285 HPWL: 17265634
[InitialPlace]  Iter: 2 CG residual: 0.00135946 HPWL: 13166088
[InitialPlace]  Iter: 3 CG residual: 0.00033460 HPWL: 13022458
[InitialPlace]  Iter: 4 CG residual: 0.00004417 HPWL: 13001595
[InitialPlace]  Iter: 5 CG residual: 0.00006745 HPWL: 13004336
[InitialPlace]  Iter: 6 CG residual: 0.00002450 HPWL: 13005856
[InitialPlace]  Iter: 7 CG residual: 0.00000840 HPWL: 13009341
[INFO GPL-0031] FillerInit:NumGCells:      1667
[INFO GPL-0032] FillerInit:NumGNets:       1399
[INFO GPL-0033] FillerInit:NumGPins:       3961
[INFO GPL-0023] TargetDensity:            0.619
[INFO GPL-0024] AvrgPlaceInstArea:       11.655 um^2
[INFO GPL-0025] IdealBinArea:            18.833 um^2
[INFO GPL-0026] IdealBinCnt:               1714
[INFO GPL-0027] TotalBinArea:         32288.467 um^2
[INFO GPL-0028] BinCnt:        32     32
[INFO GPL-0029] BinSize: (  5.621  5.610 )
[INFO GPL-0030] NumBins: 1024
[NesterovSolve] Iter:    1 overflow: 0.967 HPWL: 3460671
[NesterovSolve] Iter:   10 overflow: 0.955 HPWL: 3649608
[NesterovSolve] Iter:   20 overflow: 0.946 HPWL: 3709786
[NesterovSolve] Iter:   30 overflow: 0.934 HPWL: 3773571
[NesterovSolve] Iter:   40 overflow: 0.931 HPWL: 3842146
[NesterovSolve] Iter:   50 overflow: 0.924 HPWL: 3913717
[NesterovSolve] Iter:   60 overflow: 0.923 HPWL: 3977800
[NesterovSolve] Iter:   70 overflow: 0.918 HPWL: 4041055
[NesterovSolve] Iter:   80 overflow: 0.913 HPWL: 4099893
[NesterovSolve] Iter:   90 overflow: 0.910 HPWL: 4145406
[NesterovSolve] Iter:  100 overflow: 0.909 HPWL: 4172321
[NesterovSolve] Iter:  110 overflow: 0.909 HPWL: 4184617
[NesterovSolve] Iter:  120 overflow: 0.901 HPWL: 4185725
[NesterovSolve] Iter:  130 overflow: 0.898 HPWL: 4179057
[NesterovSolve] Iter:  140 overflow: 0.896 HPWL: 4165417
[NesterovSolve] Iter:  150 overflow: 0.898 HPWL: 4147909
[NesterovSolve] Iter:  160 overflow: 0.894 HPWL: 4135587
[NesterovSolve] Iter:  170 overflow: 0.888 HPWL: 4135949
[NesterovSolve] Iter:  180 overflow: 0.874 HPWL: 4160132
[NesterovSolve] Iter:  190 overflow: 0.839 HPWL: 4210837
[NesterovSolve] Iter:  200 overflow: 0.793 HPWL: 4274558
[INFO GPL-0100] Timing-driven: executing resizer for reweighting nets.
[INFO GPL-0101] Timing-driven: worst slack -5.4e-10
[INFO GPL-0103] Timing-driven: weighted 88 nets.
[NesterovSolve] Iter:  210 overflow: 0.751 HPWL: 4241051
[NesterovSolve] Iter:  220 overflow: 0.734 HPWL: 4364925
[NesterovSolve] Iter:  230 overflow: 0.700 HPWL: 4528550
[NesterovSolve] Iter:  240 overflow: 0.665 HPWL: 4751427
[INFO GPL-0100] Timing-driven: executing resizer for reweighting nets.
[INFO GPL-0101] Timing-driven: worst slack -5.8e-10
[INFO GPL-0103] Timing-driven: weighted 88 nets.
[NesterovSolve] Iter:  250 overflow: 0.615 HPWL: 4949806
[NesterovSolve] Snapshot saved at iter = 254
[NesterovSolve] Iter:  260 overflow: 0.583 HPWL: 5081522
[NesterovSolve] Iter:  270 overflow: 0.533 HPWL: 5254419
[NesterovSolve] Iter:  280 overflow: 0.497 HPWL: 5442470
[INFO GPL-0100] Timing-driven: executing resizer for reweighting nets.
[INFO GPL-0101] Timing-driven: worst slack -6.03e-10
[INFO GPL-0103] Timing-driven: weighted 88 nets.
[NesterovSolve] Iter:  290 overflow: 0.446 HPWL: 5645245
[NesterovSolve] Iter:  300 overflow: 0.400 HPWL: 5828044
[NesterovSolve] Iter:  310 overflow: 0.370 HPWL: 5990199
[NesterovSolve] Iter:  320 overflow: 0.346 HPWL: 6203544
[NesterovSolve] Iter:  330 overflow: 0.319 HPWL: 6369251
[NesterovSolve] Iter:  340 overflow: 0.300 HPWL: 6490204
[INFO GPL-0075] Routability numCall: 1 inflationIterCnt: 1 bloatIterCnt: 0
[INFO GPL-0036] TileBBox: (    0    0 ) ( 6900 6900 ) DBU
[INFO GPL-0038] TileCnt:      27   29
[INFO GPL-0040] NumTiles: 783
[INFO GPL-0081] TotalRouteOverflow: 0
[INFO GPL-0082] OverflowTileCnt: 0
[INFO GPL-0083] 0.5%RC: 0.7368779182434082
[INFO GPL-0084] 1.0%RC: 0.7216562405228615
[INFO GPL-0085] 2.0%RC: 0.6965562663972378
[INFO GPL-0086] 5.0%RC: 0.6451266542077064
[INFO GPL-0087] FinalRC: 0.72926706
[INFO GPL-0077] FinalRC lower than targetRC(1.01), routability not needed.
[INFO GPL-0100] Timing-driven: executing resizer for reweighting nets.
[INFO GPL-0101] Timing-driven: worst slack -6.36e-10
[INFO GPL-0103] Timing-driven: weighted 88 nets.
[NesterovSolve] Iter:  350 overflow: 0.275 HPWL: 6655356
[NesterovSolve] Iter:  360 overflow: 0.249 HPWL: 6797210
[NesterovSolve] Iter:  370 overflow: 0.226 HPWL: 6935679
[NesterovSolve] Iter:  380 overflow: 0.203 HPWL: 7055592
[INFO GPL-0100] Timing-driven: executing resizer for reweighting nets.
[INFO GPL-0101] Timing-driven: worst slack -6.52e-10
[INFO GPL-0103] Timing-driven: weighted 88 nets.
[NesterovSolve] Iter:  390 overflow: 0.180 HPWL: 7178663
[NesterovSolve] Iter:  400 overflow: 0.155 HPWL: 7302392
[INFO GPL-0100] Timing-driven: executing resizer for reweighting nets.
[INFO GPL-0101] Timing-driven: worst slack -6.66e-10
[INFO GPL-0103] Timing-driven: weighted 88 nets.
[NesterovSolve] Iter:  410 overflow: 0.132 HPWL: 7381852
[NesterovSolve] Iter:  420 overflow: 0.112 HPWL: 7493411
[NesterovSolve] Finished with Overflow: 0.098838
[INFO] Setting RC values…
Setting global connections for newly added cells…
[INFO] Setting global connections...
Updating metrics…
Cell type report:                       Count       Area
  Fill cell                               132     495.48
  Tap cell                                442     553.03
  Buffer                                    1       5.00
  Inverter                                 18      67.56
  Sequential cell                         347    9117.49
  Multi-Input combinational cell         1024    7010.47
  Total                                  1964   17249.04
Writing OpenROAD database to '/home/hp/openlane2/project1/runs/RUN_2025-09-14_22-17-56/27-openroad-globalplacement/Systolic4x4_serial_io.odb'…
Writing netlist to '/home/hp/openlane2/project1/runs/RUN_2025-09-14_22-17-56/27-openroad-globalplacement/Systolic4x4_serial_io.nl.v'…
Writing powered netlist to '/home/hp/openlane2/project1/runs/RUN_2025-09-14_22-17-56/27-openroad-globalplacement/Systolic4x4_serial_io.pnl.v'…
Writing layout to '/home/hp/openlane2/project1/runs/RUN_2025-09-14_22-17-56/27-openroad-globalplacement/Systolic4x4_serial_io.def'…
Writing timing constraints to '/home/hp/openlane2/project1/runs/RUN_2025-09-14_22-17-56/27-openroad-globalplacement/Systolic4x4_serial_io.sdc'…
