Reading OpenROAD database at '/home/hp/openlane2/project1/runs/RUN_2025-09-14_22-17-56/31-openroad-repairdesignpostgpl/Systolic4x4_serial_io.odb'…
Reading library file at '/home/hp/.volare/volare/sky130/versions/0fe599b2afb6708d281543108caf8310912f54af/sky130A/libs.ref/sky130_fd_sc_hd/lib/sky130_fd_sc_hd__tt_025C_1v80.lib'…
Reading design constraints file at 'constraints.sdc'…
[INFO] No information on clock propagation in input SDC file-- propagating all clocks.
Placement Analysis
---------------------------------
total displacement          0.0 u
average displacement        0.0 u
max displacement            0.0 u
original HPWL           10405.6 u
legalized HPWL          10815.8 u
delta HPWL                    4 %

[INFO DPL-0020] Mirrored 234 instances
[INFO DPL-0021] HPWL before           10815.8 u
[INFO DPL-0022] HPWL after            10405.6 u
[INFO DPL-0023] HPWL delta               -3.8 %
Setting global connections for newly added cells…
[INFO] Setting global connections...
Updating metrics…
Cell type report:                       Count       Area
  Fill cell                               132     495.48
  Tap cell                                442     553.03
  Buffer                                    1       5.00
  Clock buffer                              1       3.75
  Timing Repair Buffer                     14     195.19
  Inverter                                 18      67.56
  Sequential cell                         347    8698.34
  Multi-Input combinational cell          511    4620.68
  Total                                  1466   14639.04
Writing OpenROAD database to '/home/hp/openlane2/project1/runs/RUN_2025-09-14_22-17-56/33-openroad-detailedplacement/Systolic4x4_serial_io.odb'…
Writing netlist to '/home/hp/openlane2/project1/runs/RUN_2025-09-14_22-17-56/33-openroad-detailedplacement/Systolic4x4_serial_io.nl.v'…
Writing powered netlist to '/home/hp/openlane2/project1/runs/RUN_2025-09-14_22-17-56/33-openroad-detailedplacement/Systolic4x4_serial_io.pnl.v'…
Writing layout to '/home/hp/openlane2/project1/runs/RUN_2025-09-14_22-17-56/33-openroad-detailedplacement/Systolic4x4_serial_io.def'…
Writing timing constraints to '/home/hp/openlane2/project1/runs/RUN_2025-09-14_22-17-56/33-openroad-detailedplacement/Systolic4x4_serial_io.sdc'…
