Reading OpenROAD database at '/home/hp/openlane2/project1/runs/RUN_2025-09-14_22-17-56/18-openroad-tapendcapinsertion/Systolic4x4_serial_io.odb'…
Reading library file at '/home/hp/.volare/volare/sky130/versions/0fe599b2afb6708d281543108caf8310912f54af/sky130A/libs.ref/sky130_fd_sc_hd/lib/sky130_fd_sc_hd__tt_025C_1v80.lib'…
Reading design constraints file at 'constraints.sdc'…
[INFO] No information on clock propagation in input SDC file-- propagating all clocks.
[INFO] Setting global connections...
[INFO PDN-0001] Inserting grid: stdcell_grid
Setting global connections for newly added cells…
[INFO] Setting global connections...
Updating metrics…
Cell type report:                       Count       Area
  Fill cell                               132     495.48
  Tap cell                                442     553.03
  Buffer                                    1       5.00
  Inverter                                 18      67.56
  Sequential cell                         347    9117.49
  Multi-Input combinational cell         1024    7010.47
  Total                                  1964   17249.04
Writing OpenROAD database to '/home/hp/openlane2/project1/runs/RUN_2025-09-14_22-17-56/20-openroad-generatepdn/Systolic4x4_serial_io.odb'…
Writing netlist to '/home/hp/openlane2/project1/runs/RUN_2025-09-14_22-17-56/20-openroad-generatepdn/Systolic4x4_serial_io.nl.v'…
Writing powered netlist to '/home/hp/openlane2/project1/runs/RUN_2025-09-14_22-17-56/20-openroad-generatepdn/Systolic4x4_serial_io.pnl.v'…
Writing layout to '/home/hp/openlane2/project1/runs/RUN_2025-09-14_22-17-56/20-openroad-generatepdn/Systolic4x4_serial_io.def'…
Writing timing constraints to '/home/hp/openlane2/project1/runs/RUN_2025-09-14_22-17-56/20-openroad-generatepdn/Systolic4x4_serial_io.sdc'…
[INFO PSM-0040] All shapes on net VPWR are connected.
[INFO PSM-0040] All shapes on net VGND are connected.
