
===========================================================================
report_checks -unconstrained
===========================================================================
======================= nom_tt_025C_1v80 Corner ===================================

Startpoint: _1104_ (rising edge-triggered flip-flop clocked by A_in_serial_clk)
Endpoint: _1103_ (rising edge-triggered flip-flop clocked by A_in_serial_clk)
Path Group: A_in_serial_clk
Path Type: max

Fanout         Cap        Slew       Delay        Time   Description
---------------------------------------------------------------------------------------------
                                  0.000000    0.000000   clock A_in_serial_clk (rise edge)
                                  0.000000    0.000000   clock source latency
     1    0.019278    0.000000    0.000000    0.000000 ^ A_in_serial_clk (in)
                                                         A_in_serial_clk (net)
                      0.002555    0.001277    0.001277 ^ clkbuf_0_A_in_serial_clk/A (sky130_fd_sc_hd__clkbuf_16)
    16    0.091161    0.107239    0.163772    0.165050 ^ clkbuf_0_A_in_serial_clk/X (sky130_fd_sc_hd__clkbuf_16)
                                                         clknet_0_A_in_serial_clk (net)
                      0.107386    0.002708    0.167758 ^ clkbuf_4_10_0_A_in_serial_clk/A (sky130_fd_sc_hd__clkbuf_8)
    10    0.031205    0.068163    0.168853    0.336611 ^ clkbuf_4_10_0_A_in_serial_clk/X (sky130_fd_sc_hd__clkbuf_8)
                                                         clknet_4_10_0_A_in_serial_clk (net)
                      0.068169    0.000681    0.337292 ^ _1104_/CLK (sky130_fd_sc_hd__dfrtp_4)
     6    0.027679    0.089208    0.520246    0.857538 v _1104_/Q (sky130_fd_sc_hd__dfrtp_4)
                                                         deser_A.receiving (net)
                      0.089208    0.000582    0.858120 v max_cap13/A (sky130_fd_sc_hd__buf_12)
     2    0.005147    0.021763    0.134649    0.992769 v max_cap13/X (sky130_fd_sc_hd__buf_12)
                                                         net13 (net)
                      0.021763    0.000149    0.992919 v _0692_/A (sky130_fd_sc_hd__and4_1)
     2    0.008279    0.061434    0.159546    1.152464 v _0692_/X (sky130_fd_sc_hd__and4_1)
                                                         _0516_ (net)
                      0.061434    0.000257    1.152722 v _0700_/C (sky130_fd_sc_hd__and4_1)
     3    0.011619    0.073733    0.231212    1.383933 v _0700_/X (sky130_fd_sc_hd__and4_1)
                                                         _0521_ (net)
                      0.073734    0.000412    1.384345 v _0704_/B (sky130_fd_sc_hd__nand2_2)
     2    0.010491    0.072255    0.096821    1.481166 ^ _0704_/Y (sky130_fd_sc_hd__nand2_2)
                                                         _0524_ (net)
                      0.072256    0.000419    1.481585 ^ _0708_/S (sky130_fd_sc_hd__mux2_4)
     1    0.005310    0.053328    0.302047    1.783632 v _0708_/X (sky130_fd_sc_hd__mux2_4)
                                                         _0527_ (net)
                      0.053328    0.000141    1.783773 v _0709_/A (sky130_fd_sc_hd__inv_2)
     1    0.004026    0.027842    0.048112    1.831885 ^ _0709_/Y (sky130_fd_sc_hd__inv_2)
                                                         _0052_ (net)
                      0.027844    0.000149    1.832033 ^ _1103_/D (sky130_fd_sc_hd__dfrtp_1)
                                              1.832033   data arrival time

                                  2.000000    2.000000   clock A_in_serial_clk (rise edge)
                                  0.000000    2.000000   clock source latency
     1    0.019278    0.000000    0.000000    2.000000 ^ A_in_serial_clk (in)
                                                         A_in_serial_clk (net)
                      0.002555    0.001277    2.001277 ^ clkbuf_0_A_in_serial_clk/A (sky130_fd_sc_hd__clkbuf_16)
    16    0.091161    0.107239    0.163772    2.165050 ^ clkbuf_0_A_in_serial_clk/X (sky130_fd_sc_hd__clkbuf_16)
                                                         clknet_0_A_in_serial_clk (net)
                      0.107386    0.002701    2.167751 ^ clkbuf_4_11_0_A_in_serial_clk/A (sky130_fd_sc_hd__clkbuf_8)
    10    0.030157    0.066534    0.167501    2.335251 ^ clkbuf_4_11_0_A_in_serial_clk/X (sky130_fd_sc_hd__clkbuf_8)
                                                         clknet_4_11_0_A_in_serial_clk (net)
                      0.066547    0.000918    2.336169 ^ _1103_/CLK (sky130_fd_sc_hd__dfrtp_1)
                                  0.000000    2.336169   clock reconvergence pessimism
                                 -0.052650    2.283519   library setup time
                                              2.283519   data required time
---------------------------------------------------------------------------------------------
                                              2.283519   data required time
                                             -1.832033   data arrival time
---------------------------------------------------------------------------------------------
                                              0.451486   slack (MET)


Startpoint: _1248_ (rising edge-triggered flip-flop clocked by B_in_serial_clk)
Endpoint: _1334_ (rising edge-triggered flip-flop clocked by B_in_serial_clk)
Path Group: B_in_serial_clk
Path Type: max

Fanout         Cap        Slew       Delay        Time   Description
---------------------------------------------------------------------------------------------
                                  0.000000    0.000000   clock B_in_serial_clk (rise edge)
                                  0.000000    0.000000   clock source latency
     1    0.014455    0.000000    0.000000    0.000000 ^ B_in_serial_clk (in)
                                                         B_in_serial_clk (net)
                      0.001303    0.000652    0.000652 ^ clkbuf_0_B_in_serial_clk/A (sky130_fd_sc_hd__clkbuf_16)
    16    0.091789    0.108418    0.163381    0.164033 ^ clkbuf_0_B_in_serial_clk/X (sky130_fd_sc_hd__clkbuf_16)
                                                         clknet_0_B_in_serial_clk (net)
                      0.108593    0.003545    0.167578 ^ clkbuf_4_14_0_B_in_serial_clk/A (sky130_fd_sc_hd__clkbuf_8)
     8    0.034444    0.073197    0.173265    0.340843 ^ clkbuf_4_14_0_B_in_serial_clk/X (sky130_fd_sc_hd__clkbuf_8)
                                                         clknet_4_14_0_B_in_serial_clk (net)
                      0.073200    0.000609    0.341452 ^ _1248_/CLK (sky130_fd_sc_hd__dfrtp_4)
     8    0.033393    0.096902    0.531797    0.873249 v _1248_/Q (sky130_fd_sc_hd__dfrtp_4)
                                                         deser_B.receiving (net)
                      0.096903    0.000534    0.873783 v rebuffer629/A (sky130_fd_sc_hd__buf_2)
     1    0.009823    0.039080    0.156176    1.029959 v rebuffer629/X (sky130_fd_sc_hd__buf_2)
                                                         net645 (net)
                      0.039083    0.000364    1.030323 v max_cap11/A (sky130_fd_sc_hd__buf_12)
    24    0.113284    0.069396    0.160023    1.190347 v max_cap11/X (sky130_fd_sc_hd__buf_12)
                                                         net11 (net)
                      0.070947    0.008188    1.198535 v clone31/A (sky130_fd_sc_hd__clkbuf_16)
    26    0.116125    0.087453    0.210952    1.409487 v clone31/X (sky130_fd_sc_hd__clkbuf_16)
                                                         net47 (net)
                      0.087757    0.003551    1.413038 v _0966_/S (sky130_fd_sc_hd__mux2_1)
     1    0.003855    0.061020    0.327942    1.740980 v _0966_/X (sky130_fd_sc_hd__mux2_1)
                                                         _0281_ (net)
                      0.061020    0.000139    1.741119 v _1334_/D (sky130_fd_sc_hd__dfrtp_1)
                                              1.741119   data arrival time

                                  2.000000    2.000000   clock B_in_serial_clk (rise edge)
                                  0.000000    2.000000   clock source latency
     1    0.014455    0.000000    0.000000    2.000000 ^ B_in_serial_clk (in)
                                                         B_in_serial_clk (net)
                      0.001303    0.000652    2.000652 ^ clkbuf_0_B_in_serial_clk/A (sky130_fd_sc_hd__clkbuf_16)
    16    0.091789    0.108418    0.163381    2.164033 ^ clkbuf_0_B_in_serial_clk/X (sky130_fd_sc_hd__clkbuf_16)
                                                         clknet_0_B_in_serial_clk (net)
                      0.108530    0.002849    2.166881 ^ clkbuf_4_9_0_B_in_serial_clk/A (sky130_fd_sc_hd__clkbuf_8)
    10    0.034102    0.072660    0.172760    2.339642 ^ clkbuf_4_9_0_B_in_serial_clk/X (sky130_fd_sc_hd__clkbuf_8)
                                                         clknet_4_9_0_B_in_serial_clk (net)
                      0.072671    0.000894    2.340536 ^ _1334_/CLK (sky130_fd_sc_hd__dfrtp_1)
                                  0.000000    2.340536   clock reconvergence pessimism
                                 -0.114920    2.225616   library setup time
                                              2.225616   data required time
---------------------------------------------------------------------------------------------
                                              2.225616   data required time
                                             -1.741119   data arrival time
---------------------------------------------------------------------------------------------
                                              0.484497   slack (MET)


Startpoint: clk (clock source 'clk')
Endpoint: C_out_serial_clk (output port clocked by clk)
Path Group: clk
Path Type: max

Fanout         Cap        Slew       Delay        Time   Description
---------------------------------------------------------------------------------------------
                                  5.000000    5.000000   clock clk (fall edge)
                                  0.000000    5.000000   clock source latency
     1    0.012547    0.000000    0.000000    5.000000 v clk (in)
                                                         clk (net)
                      0.000974    0.000487    5.000487 v clkbuf_0_clk/A (sky130_fd_sc_hd__clkbuf_16)
     4    0.033286    0.042654    0.137053    5.137539 v clkbuf_0_clk/X (sky130_fd_sc_hd__clkbuf_16)
                                                         clknet_0_clk (net)
                      0.042669    0.001007    5.138546 v clkbuf_2_0__f_clk/A (sky130_fd_sc_hd__clkbuf_16)
    14    0.042032    0.047276    0.159689    5.298235 v clkbuf_2_0__f_clk/X (sky130_fd_sc_hd__clkbuf_16)
                                                         clknet_2_0__leaf_clk (net)
                      0.047334    0.001411    5.299646 v _1917_/A (sky130_fd_sc_hd__buf_2)
     1    0.003118    0.024049    0.115698    5.415344 v _1917_/X (sky130_fd_sc_hd__buf_2)
                                                         net8 (net)
                      0.024049    0.000104    5.415448 v output8/A (sky130_fd_sc_hd__buf_1)
     1    0.002018    0.022547    0.073869    5.489317 v output8/X (sky130_fd_sc_hd__buf_1)
                                                         C_out_serial_clk (net)
                      0.022547    0.000045    5.489362 v C_out_serial_clk (out)
                                              5.489362   data arrival time

                                 10.000000   10.000000   clock clk (rise edge)
                                  0.000000   10.000000   clock network delay (propagated)
                                 -0.100000    9.900001   clock uncertainty
                                  0.000000    9.900001   clock reconvergence pessimism
                                 -1.500000    8.400000   output external delay
                                              8.400000   data required time
---------------------------------------------------------------------------------------------
                                              8.400000   data required time
                                             -5.489362   data arrival time
---------------------------------------------------------------------------------------------
                                              2.910639   slack (MET)




===========================================================================
report_checks --slack_max -0.01
============================================================================
======================= nom_tt_025C_1v80 Corner ===================================

No paths found.


===========================================================================
 report_check_types -max_slew -max_cap -max_fanout -violators
============================================================================
======================= nom_tt_025C_1v80 Corner ===================================

max slew

Pin                                        Limit        Slew       Slack
------------------------------------------------------------------------
_0687_/A1                               0.100000    0.228624   -0.128624 (VIOLATED)
_1012_/A2                               0.100000    0.228624   -0.128624 (VIOLATED)
_0549_/Y                                0.100000    0.228624   -0.128624 (VIOLATED)
_0551_/B                                0.100000    0.228624   -0.128624 (VIOLATED)
_0666_/A1                               0.100000    0.228624   -0.128624 (VIOLATED)
_0628_/A                                0.100000    0.198622   -0.098622 (VIOLATED)
_0661_/B                                0.100000    0.198621   -0.098621 (VIOLATED)
_0615_/A                                0.100000    0.198621   -0.098621 (VIOLATED)
_0620_/B1                               0.100000    0.198621   -0.098621 (VIOLATED)
_0664_/B                                0.100000    0.198621   -0.098621 (VIOLATED)
_0582_/A                                0.100000    0.198619   -0.098619 (VIOLATED)
_0638_/B                                0.100000    0.198619   -0.098619 (VIOLATED)
_0577_/A                                0.100000    0.198618   -0.098618 (VIOLATED)
_0595_/A                                0.100000    0.198617   -0.098617 (VIOLATED)
_0572_/B                                0.100000    0.198617   -0.098617 (VIOLATED)
_0570_/X                                0.100000    0.198616   -0.098616 (VIOLATED)
_0695_/A1                               0.100000    0.186307   -0.086307 (VIOLATED)
_0696_/A1                               0.100000    0.186307   -0.086307 (VIOLATED)
_0697_/B2                               0.100000    0.186307   -0.086307 (VIOLATED)
_0698_/A1                               0.100000    0.186307   -0.086307 (VIOLATED)
_0700_/A                                0.100000    0.186307   -0.086307 (VIOLATED)
_0702_/A1                               0.100000    0.186307   -0.086307 (VIOLATED)
_1099_/Q                                0.100000    0.186307   -0.086307 (VIOLATED)
_0690_/B                                0.100000    0.184719   -0.084719 (VIOLATED)
_0688_/Y                                0.100000    0.184718   -0.084718 (VIOLATED)
_0541_/A                                0.100000    0.184111   -0.084111 (VIOLATED)
_0618_/S                                0.100000    0.184111   -0.084111 (VIOLATED)
_0619_/A                                0.100000    0.184111   -0.084111 (VIOLATED)
_0620_/A1                               0.100000    0.184111   -0.084111 (VIOLATED)
_0622_/A1                               0.100000    0.184111   -0.084111 (VIOLATED)
_0625_/A1                               0.100000    0.184111   -0.084111 (VIOLATED)
_0626_/A                                0.100000    0.184111   -0.084111 (VIOLATED)
_1072_/Q                                0.100000    0.184111   -0.084111 (VIOLATED)
_0866_/A1                               0.100000    0.181746   -0.081746 (VIOLATED)
_0867_/A1                               0.100000    0.181746   -0.081746 (VIOLATED)
_0868_/B2                               0.100000    0.181746   -0.081746 (VIOLATED)
_0869_/A1                               0.100000    0.181746   -0.081746 (VIOLATED)
_0871_/A                                0.100000    0.181746   -0.081746 (VIOLATED)
_0873_/A1                               0.100000    0.181746   -0.081746 (VIOLATED)
_1243_/Q                                0.100000    0.181746   -0.081746 (VIOLATED)
_0554_/B                                0.100000    0.180386   -0.080386 (VIOLATED)
_0851_/B1                               0.100000    0.180386   -0.080386 (VIOLATED)
_0852_/A1                               0.100000    0.180386   -0.080386 (VIOLATED)
_0854_/A3                               0.100000    0.180386   -0.080386 (VIOLATED)
_1237_/Q                                0.100000    0.180386   -0.080386 (VIOLATED)
_0547_/B                                0.100000    0.176472   -0.076472 (VIOLATED)
_0680_/A                                0.100000    0.176472   -0.076472 (VIOLATED)
_0681_/B1                               0.100000    0.176472   -0.076472 (VIOLATED)
_0683_/A3                               0.100000    0.176472   -0.076472 (VIOLATED)
_1093_/Q                                0.100000    0.176472   -0.076472 (VIOLATED)
_0620_/Y                                0.100000    0.173790   -0.073790 (VIOLATED)
_0623_/A                                0.100000    0.173790   -0.073790 (VIOLATED)
_0624_/A1                               0.100000    0.173790   -0.073790 (VIOLATED)
_0601_/X                                0.100000    0.173075   -0.073075 (VIOLATED)
_0602_/A                                0.100000    0.173075   -0.073075 (VIOLATED)
_0605_/S                                0.100000    0.173075   -0.073075 (VIOLATED)
_0607_/B1                               0.100000    0.173075   -0.073075 (VIOLATED)
_0616_/C                                0.100000    0.173075   -0.073075 (VIOLATED)
_0540_/A                                0.100000    0.163116   -0.063116 (VIOLATED)
_0604_/A                                0.100000    0.163116   -0.063116 (VIOLATED)
_0605_/A1                               0.100000    0.163116   -0.063116 (VIOLATED)
_0607_/B2                               0.100000    0.163116   -0.063116 (VIOLATED)
_0608_/A                                0.100000    0.163116   -0.063116 (VIOLATED)
_0611_/A                                0.100000    0.163116   -0.063116 (VIOLATED)
_1068_/Q                                0.100000    0.163116   -0.063116 (VIOLATED)
_0858_/S                                0.100000    0.162814   -0.062814 (VIOLATED)
_0859_/A2                               0.100000    0.162814   -0.062814 (VIOLATED)
_0860_/B                                0.100000    0.162814   -0.062814 (VIOLATED)
_0862_/A                                0.100000    0.162814   -0.062814 (VIOLATED)
_0863_/B                                0.100000    0.162814   -0.062814 (VIOLATED)
_1240_/Q                                0.100000    0.162814   -0.062814 (VIOLATED)
_0608_/C                                0.100000    0.160671   -0.060671 (VIOLATED)
_0627_/A                                0.100000    0.160671   -0.060671 (VIOLATED)
_0614_/A                                0.100000    0.160671   -0.060671 (VIOLATED)
_0601_/A                                0.100000    0.160671   -0.060671 (VIOLATED)
_0592_/B1                               0.100000    0.160670   -0.060670 (VIOLATED)
_0593_/A2                               0.100000    0.160670   -0.060670 (VIOLATED)
_0594_/C                                0.100000    0.160669   -0.060669 (VIOLATED)
_0589_/X                                0.100000    0.160669   -0.060669 (VIOLATED)
_0590_/A                                0.100000    0.160669   -0.060669 (VIOLATED)
_0653_/A                                0.100000    0.160669   -0.060669 (VIOLATED)
_0861_/Y                                0.100000    0.160126   -0.060126 (VIOLATED)
_1241_/D                                0.100000    0.160126   -0.060126 (VIOLATED)
_0622_/A2                               0.100000    0.158538   -0.058538 (VIOLATED)
_0625_/A4                               0.100000    0.158538   -0.058538 (VIOLATED)
_0631_/A2                               0.100000    0.158537   -0.058537 (VIOLATED)
_0621_/X                                0.100000    0.158537   -0.058537 (VIOLATED)
_0644_/A2                               0.100000    0.158537   -0.058537 (VIOLATED)
_0607_/Y                                0.100000    0.157780   -0.057780 (VIOLATED)
_0609_/A                                0.100000    0.157780   -0.057780 (VIOLATED)
_1017_/X                                0.100000    0.156154   -0.056154 (VIOLATED)
_1019_/A                                0.100000    0.156154   -0.056154 (VIOLATED)
_1020_/B                                0.100000    0.156154   -0.056154 (VIOLATED)
_1021_/C                                0.100000    0.156154   -0.056154 (VIOLATED)
_1022_/A2                               0.100000    0.156154   -0.056154 (VIOLATED)
_1025_/X                                0.100000    0.153847   -0.053847 (VIOLATED)
_1027_/A                                0.100000    0.153847   -0.053847 (VIOLATED)
_1028_/B                                0.100000    0.153847   -0.053847 (VIOLATED)
_1029_/C                                0.100000    0.153847   -0.053847 (VIOLATED)
_1030_/A2                               0.100000    0.153847   -0.053847 (VIOLATED)
_0697_/A1                               0.100000    0.148686   -0.048686 (VIOLATED)
_0698_/A2                               0.100000    0.148686   -0.048686 (VIOLATED)
_0700_/B                                0.100000    0.148686   -0.048686 (VIOLATED)
_0702_/A2                               0.100000    0.148686   -0.048686 (VIOLATED)
_1100_/Q                                0.100000    0.148686   -0.048686 (VIOLATED)
_1038_/X                                0.100000    0.148260   -0.048260 (VIOLATED)
_1040_/A_N                              0.100000    0.148260   -0.048260 (VIOLATED)
_1041_/B                                0.100000    0.148260   -0.048260 (VIOLATED)
_1042_/B                                0.100000    0.148260   -0.048260 (VIOLATED)
_1045_/D                                0.100000    0.148260   -0.048260 (VIOLATED)
_1046_/A3                               0.100000    0.148260   -0.048260 (VIOLATED)
_0538_/A                                0.100000    0.147589   -0.047589 (VIOLATED)
_0592_/A1                               0.100000    0.147589   -0.047589 (VIOLATED)
_0593_/A1                               0.100000    0.147589   -0.047589 (VIOLATED)
_0594_/A                                0.100000    0.147589   -0.047589 (VIOLATED)
_0596_/A                                0.100000    0.147589   -0.047589 (VIOLATED)
_0600_/A                                0.100000    0.147589   -0.047589 (VIOLATED)
_1064_/Q                                0.100000    0.147589   -0.047589 (VIOLATED)
_0551_/A                                0.100000    0.147527   -0.047527 (VIOLATED)
_0881_/A2                               0.100000    0.147527   -0.047527 (VIOLATED)
_0686_/A                                0.100000    0.147527   -0.047527 (VIOLATED)
_0548_/Y                                0.100000    0.147526   -0.047526 (VIOLATED)
_0653_/X                                0.100000    0.147362   -0.047362 (VIOLATED)
_0654_/B1_N                             0.100000    0.147362   -0.047362 (VIOLATED)
_0656_/B                                0.100000    0.147362   -0.047362 (VIOLATED)
_0657_/A1                               0.100000    0.147362   -0.047362 (VIOLATED)
_0659_/C                                0.100000    0.147362   -0.047362 (VIOLATED)
_0662_/D                                0.100000    0.147362   -0.047362 (VIOLATED)
_0541_/B                                0.100000    0.146944   -0.046944 (VIOLATED)
_0619_/B                                0.100000    0.146944   -0.046944 (VIOLATED)
_0620_/A2                               0.100000    0.146944   -0.046944 (VIOLATED)
_0622_/B1                               0.100000    0.146944   -0.046944 (VIOLATED)
_0625_/A2                               0.100000    0.146944   -0.046944 (VIOLATED)
_0626_/B                                0.100000    0.146944   -0.046944 (VIOLATED)
_1073_/Q                                0.100000    0.146944   -0.046944 (VIOLATED)
_0917_/S                                0.100000    0.144993   -0.044993 (VIOLATED)
_0908_/S                                0.100000    0.144991   -0.044991 (VIOLATED)
_0907_/S                                0.100000    0.144990   -0.044990 (VIOLATED)
_0928_/S                                0.100000    0.144957   -0.044957 (VIOLATED)
_0906_/S                                0.100000    0.144950   -0.044951 (VIOLATED)
_0927_/S                                0.100000    0.144941   -0.044941 (VIOLATED)
clone31/A                               0.100000    0.144920   -0.044921 (VIOLATED)
_0925_/S                                0.100000    0.144907   -0.044907 (VIOLATED)
_0913_/S                                0.100000    0.144880   -0.044880 (VIOLATED)
_0912_/S                                0.100000    0.144879   -0.044879 (VIOLATED)
_0914_/S                                0.100000    0.144878   -0.044878 (VIOLATED)
_0915_/S                                0.100000    0.144853   -0.044853 (VIOLATED)
_0916_/S                                0.100000    0.144835   -0.044835 (VIOLATED)
_0918_/S                                0.100000    0.144758   -0.044758 (VIOLATED)
_0919_/S                                0.100000    0.144757   -0.044757 (VIOLATED)
_0920_/S                                0.100000    0.144464   -0.044464 (VIOLATED)
_0945_/S                                0.100000    0.144390   -0.044390 (VIOLATED)
_0947_/S                                0.100000    0.144388   -0.044388 (VIOLATED)
_0948_/S                                0.100000    0.144372   -0.044372 (VIOLATED)
_0952_/S                                0.100000    0.144367   -0.044367 (VIOLATED)
_0951_/S                                0.100000    0.144354   -0.044354 (VIOLATED)
_0950_/S                                0.100000    0.144354   -0.044354 (VIOLATED)
_0949_/S                                0.100000    0.144338   -0.044338 (VIOLATED)
_0892_/S                                0.100000    0.144324   -0.044324 (VIOLATED)
_0937_/S                                0.100000    0.144301   -0.044301 (VIOLATED)
_0958_/S                                0.100000    0.144299   -0.044299 (VIOLATED)
max_cap10/A                             0.100000    0.144290   -0.044290 (VIOLATED)
_0903_/S                                0.100000    0.144249   -0.044249 (VIOLATED)
_0902_/S                                0.100000    0.144247   -0.044247 (VIOLATED)
_0899_/S                                0.100000    0.144246   -0.044246 (VIOLATED)
_0894_/S                                0.100000    0.144236   -0.044236 (VIOLATED)
_0897_/S                                0.100000    0.144228   -0.044228 (VIOLATED)
_0896_/S                                0.100000    0.144227   -0.044227 (VIOLATED)
_0956_/S                                0.100000    0.144216   -0.044216 (VIOLATED)
_0983_/S                                0.100000    0.144138   -0.044138 (VIOLATED)
_0982_/S                                0.100000    0.144131   -0.044131 (VIOLATED)
_0953_/S                                0.100000    0.144127   -0.044127 (VIOLATED)
_0954_/S                                0.100000    0.144105   -0.044105 (VIOLATED)
max_cap11/X                             0.100000    0.144090   -0.044090 (VIOLATED)
_0979_/S                                0.100000    0.144002   -0.044002 (VIOLATED)
_0978_/S                                0.100000    0.143991   -0.043991 (VIOLATED)
_0960_/S                                0.100000    0.143863   -0.043863 (VIOLATED)
_0962_/S                                0.100000    0.143859   -0.043859 (VIOLATED)
_0976_/S                                0.100000    0.143839   -0.043839 (VIOLATED)
_0974_/S                                0.100000    0.143688   -0.043688 (VIOLATED)
_0968_/S                                0.100000    0.143476   -0.043476 (VIOLATED)
_0965_/S                                0.100000    0.143392   -0.043392 (VIOLATED)
_0967_/S                                0.100000    0.143350   -0.043350 (VIOLATED)
_0887_/S                                0.100000    0.143309   -0.043309 (VIOLATED)
_0889_/S                                0.100000    0.143279   -0.043279 (VIOLATED)
_0890_/S                                0.100000    0.143276   -0.043276 (VIOLATED)
_1021_/X                                0.100000    0.143256   -0.043256 (VIOLATED)
_1023_/A                                0.100000    0.143256   -0.043256 (VIOLATED)
_1024_/B                                0.100000    0.143256   -0.043256 (VIOLATED)
_1025_/C                                0.100000    0.143256   -0.043256 (VIOLATED)
_1026_/A2                               0.100000    0.143256   -0.043256 (VIOLATED)
max_cap10/X                             0.100000    0.143235   -0.043235 (VIOLATED)
_0535_/A                                0.100000    0.142381   -0.042381 (VIOLATED)
_0630_/S                                0.100000    0.142381   -0.042381 (VIOLATED)
_0631_/A1                               0.100000    0.142381   -0.042381 (VIOLATED)
_0632_/A                                0.100000    0.142381   -0.042381 (VIOLATED)
_0635_/A                                0.100000    0.142381   -0.042381 (VIOLATED)
_1076_/Q                                0.100000    0.142381   -0.042381 (VIOLATED)
_0658_/B                                0.100000    0.141807   -0.041807 (VIOLATED)
_0655_/B                                0.100000    0.141806   -0.041806 (VIOLATED)
_0651_/B                                0.100000    0.141805   -0.041805 (VIOLATED)
_0648_/B                                0.100000    0.141801   -0.041801 (VIOLATED)
_0642_/B1                               0.100000    0.141801   -0.041801 (VIOLATED)
_0591_/A                                0.100000    0.141795   -0.041795 (VIOLATED)
_0634_/B                                0.100000    0.141791   -0.041791 (VIOLATED)
_0647_/A                                0.100000    0.141791   -0.041791 (VIOLATED)
_0633_/A                                0.100000    0.141790   -0.041790 (VIOLATED)
_0592_/A2                               0.100000    0.141788   -0.041788 (VIOLATED)
_0607_/A2                               0.100000    0.141785   -0.041785 (VIOLATED)
_0610_/A2                               0.100000    0.141785   -0.041785 (VIOLATED)
_0603_/A                                0.100000    0.141782   -0.041782 (VIOLATED)
_0604_/B                                0.100000    0.141780   -0.041780 (VIOLATED)
_0571_/Y                                0.100000    0.141775   -0.041775 (VIOLATED)
_0537_/A2                               0.100000    0.140680   -0.040680 (VIOLATED)
_0574_/S                                0.100000    0.140680   -0.040680 (VIOLATED)
_0575_/A1                               0.100000    0.140680   -0.040680 (VIOLATED)
_0576_/A                                0.100000    0.140680   -0.040680 (VIOLATED)
_0580_/A                                0.100000    0.140680   -0.040680 (VIOLATED)
_1058_/Q                                0.100000    0.140680   -0.040680 (VIOLATED)
_0613_/X                                0.100000    0.138775   -0.038775 (VIOLATED)
_0614_/B                                0.100000    0.138775   -0.038775 (VIOLATED)
_0621_/C                                0.100000    0.138775   -0.038775 (VIOLATED)
_0627_/B                                0.100000    0.138775   -0.038775 (VIOLATED)
_0641_/C                                0.100000    0.138775   -0.038775 (VIOLATED)
_0653_/B                                0.100000    0.138775   -0.038775 (VIOLATED)
_0614_/X                                0.100000    0.137825   -0.037825 (VIOLATED)
_0615_/B                                0.100000    0.137825   -0.037825 (VIOLATED)
_0616_/A_N                              0.100000    0.137825   -0.037825 (VIOLATED)
_0618_/A0                               0.100000    0.137825   -0.037825 (VIOLATED)
_0619_/C                                0.100000    0.137825   -0.037825 (VIOLATED)
_0620_/A3                               0.100000    0.137825   -0.037825 (VIOLATED)
_0868_/A2                               0.100000    0.137669   -0.037669 (VIOLATED)
_0869_/A2                               0.100000    0.137669   -0.037669 (VIOLATED)
_0871_/B                                0.100000    0.137669   -0.037669 (VIOLATED)
_0873_/A2                               0.100000    0.137669   -0.037669 (VIOLATED)
_1244_/Q                                0.100000    0.137669   -0.037669 (VIOLATED)
_0700_/X                                0.100000    0.137624   -0.037624 (VIOLATED)
_0704_/B                                0.100000    0.137624   -0.037624 (VIOLATED)
_0705_/B1                               0.100000    0.137624   -0.037624 (VIOLATED)
rebuffer23/A                            0.100000    0.137624   -0.037624 (VIOLATED)
_0687_/S                                0.100000    0.137341   -0.037341 (VIOLATED)
_0688_/A1                               0.100000    0.137341   -0.037341 (VIOLATED)
_0689_/B                                0.100000    0.137341   -0.037341 (VIOLATED)
_0691_/A                                0.100000    0.137341   -0.037341 (VIOLATED)
_0692_/B                                0.100000    0.137341   -0.037341 (VIOLATED)
_1096_/Q                                0.100000    0.137341   -0.037341 (VIOLATED)
_0563_/A                                0.100000    0.137245   -0.037245 (VIOLATED)
_1013_/A                                0.100000    0.137245   -0.037245 (VIOLATED)
_1014_/A                                0.100000    0.137245   -0.037245 (VIOLATED)
_1015_/A1                               0.100000    0.137245   -0.037245 (VIOLATED)
_1017_/A                                0.100000    0.137245   -0.037245 (VIOLATED)
_1381_/Q                                0.100000    0.137245   -0.037245 (VIOLATED)
_0944_/S                                0.100000    0.136289   -0.036289 (VIOLATED)
_0943_/S                                0.100000    0.136285   -0.036285 (VIOLATED)
_0946_/S                                0.100000    0.136274   -0.036274 (VIOLATED)
_0940_/S                                0.100000    0.136267   -0.036267 (VIOLATED)
_0939_/S                                0.100000    0.136267   -0.036267 (VIOLATED)
_0941_/S                                0.100000    0.136251   -0.036251 (VIOLATED)
_0942_/S                                0.100000    0.136240   -0.036240 (VIOLATED)
_0938_/S                                0.100000    0.136197   -0.036197 (VIOLATED)
_0959_/S                                0.100000    0.136139   -0.036139 (VIOLATED)
_0936_/S                                0.100000    0.136137   -0.036137 (VIOLATED)
_0984_/S                                0.100000    0.136134   -0.036134 (VIOLATED)
_0980_/S                                0.100000    0.136124   -0.036124 (VIOLATED)
_0981_/S                                0.100000    0.136120   -0.036120 (VIOLATED)
_0885_/S                                0.100000    0.136112   -0.036112 (VIOLATED)
_0886_/S                                0.100000    0.136102   -0.036102 (VIOLATED)
_0955_/S                                0.100000    0.136101   -0.036101 (VIOLATED)
_0888_/S                                0.100000    0.136099   -0.036099 (VIOLATED)
_0970_/S                                0.100000    0.136091   -0.036091 (VIOLATED)
_0969_/S                                0.100000    0.136090   -0.036090 (VIOLATED)
_0966_/S                                0.100000    0.136082   -0.036082 (VIOLATED)
_0957_/S                                0.100000    0.136080   -0.036080 (VIOLATED)
_0975_/S                                0.100000    0.136070   -0.036070 (VIOLATED)
_0977_/S                                0.100000    0.136069   -0.036069 (VIOLATED)
_0963_/S                                0.100000    0.136052   -0.036052 (VIOLATED)
_0964_/S                                0.100000    0.135948   -0.035948 (VIOLATED)
_0961_/S                                0.100000    0.135946   -0.035946 (VIOLATED)
clone31/X                               0.100000    0.135850   -0.035850 (VIOLATED)
_0695_/Y                                0.100000    0.134250   -0.034250 (VIOLATED)
_0696_/B1                               0.100000    0.134250   -0.034250 (VIOLATED)
_0534_/A                                0.100000    0.133714   -0.033714 (VIOLATED)
_0642_/A1                               0.100000    0.133714   -0.033714 (VIOLATED)
_0643_/A1                               0.100000    0.133714   -0.033714 (VIOLATED)
_0644_/A1                               0.100000    0.133714   -0.033714 (VIOLATED)
_0645_/A                                0.100000    0.133714   -0.033714 (VIOLATED)
_1080_/Q                                0.100000    0.133714   -0.033714 (VIOLATED)
_0851_/Y                                0.100000    0.133241   -0.033241 (VIOLATED)
_0853_/A                                0.100000    0.133241   -0.033241 (VIOLATED)
_0841_/B                                0.100000    0.132726   -0.032726 (VIOLATED)
_0838_/X                                0.100000    0.132726   -0.032726 (VIOLATED)
rebuffer483/A                           0.100000    0.132726   -0.032726 (VIOLATED)
rebuffer484/A                           0.100000    0.132726   -0.032726 (VIOLATED)
_0562_/C                                0.100000    0.132236   -0.032236 (VIOLATED)
_1028_/A                                0.100000    0.132236   -0.032236 (VIOLATED)
_1029_/A                                0.100000    0.132236   -0.032236 (VIOLATED)
_1030_/A1                               0.100000    0.132236   -0.032236 (VIOLATED)
_1388_/Q                                0.100000    0.132236   -0.032236 (VIOLATED)
_0617_/A2                               0.100000    0.131925   -0.031925 (VIOLATED)
_0618_/A1                               0.100000    0.131925   -0.031925 (VIOLATED)
_0615_/Y                                0.100000    0.131925   -0.031925 (VIOLATED)
_0595_/Y                                0.100000    0.131621   -0.031621 (VIOLATED)
_0597_/B1                               0.100000    0.131621   -0.031621 (VIOLATED)
_0598_/A1                               0.100000    0.131621   -0.031621 (VIOLATED)
_1027_/B                                0.100000    0.131549   -0.031549 (VIOLATED)
_1026_/Y                                0.100000    0.131549   -0.031549 (VIOLATED)
_0547_/C                                0.100000    0.131227   -0.031227 (VIOLATED)
_0683_/B1                               0.100000    0.131227   -0.031227 (VIOLATED)
_1094_/Q                                0.100000    0.131227   -0.031227 (VIOLATED)
_1045_/X                                0.100000    0.131023   -0.031023 (VIOLATED)
_1047_/A_N                              0.100000    0.131023   -0.031023 (VIOLATED)
_1048_/B                                0.100000    0.131023   -0.031023 (VIOLATED)
_1049_/C                                0.100000    0.131023   -0.031023 (VIOLATED)
_1050_/A2                               0.100000    0.131023   -0.031023 (VIOLATED)
clone831/A                              0.100000    0.130627   -0.030627 (VIOLATED)
rebuffer832/X                           0.100000    0.130626   -0.030626 (VIOLATED)
clone829/A                              0.100000    0.130615   -0.030615 (VIOLATED)
rebuffer830/X                           0.100000    0.130615   -0.030615 (VIOLATED)
_0693_/A2                               0.100000    0.129547   -0.029547 (VIOLATED)
_0697_/A2                               0.100000    0.129546   -0.029546 (VIOLATED)
_0695_/A2                               0.100000    0.129546   -0.029546 (VIOLATED)
_0705_/A2                               0.100000    0.129539   -0.029539 (VIOLATED)
_0676_/B                                0.100000    0.129537   -0.029537 (VIOLATED)
_0677_/B                                0.100000    0.129537   -0.029537 (VIOLATED)
_0703_/A                                0.100000    0.129537   -0.029537 (VIOLATED)
_0881_/B1                               0.100000    0.129537   -0.029537 (VIOLATED)
_0707_/B                                0.100000    0.129536   -0.029536 (VIOLATED)
_0682_/A                                0.100000    0.129535   -0.029535 (VIOLATED)
_0685_/C                                0.100000    0.129535   -0.029535 (VIOLATED)
_0684_/B                                0.100000    0.129534   -0.029534 (VIOLATED)
_0668_/Y                                0.100000    0.129528   -0.029528 (VIOLATED)
_0868_/Y                                0.100000    0.129424   -0.029424 (VIOLATED)
_0869_/B1                               0.100000    0.129424   -0.029424 (VIOLATED)
_0697_/Y                                0.100000    0.129248   -0.029248 (VIOLATED)
_0698_/B1                               0.100000    0.129248   -0.029248 (VIOLATED)
_1085_/D                                0.100000    0.129069   -0.029069 (VIOLATED)
_0660_/Y                                0.100000    0.129069   -0.029069 (VIOLATED)
_0552_/A                                0.100000    0.129006   -0.029006 (VIOLATED)
_0837_/S                                0.100000    0.129006   -0.029006 (VIOLATED)
_0845_/A2                               0.100000    0.129006   -0.029006 (VIOLATED)
_1232_/Q                                0.100000    0.129006   -0.029006 (VIOLATED)
rebuffer485/A                           0.100000    0.129006   -0.029006 (VIOLATED)
_0641_/X                                0.100000    0.128862   -0.028862 (VIOLATED)
_0642_/A2                               0.100000    0.128862   -0.028862 (VIOLATED)
_0643_/A2                               0.100000    0.128862   -0.028862 (VIOLATED)
_0646_/A                                0.100000    0.128862   -0.028862 (VIOLATED)
_0649_/B                                0.100000    0.128862   -0.028862 (VIOLATED)
_0863_/C                                0.100000    0.128854   -0.028854 (VIOLATED)
split3/A                                0.100000    0.128854   -0.028854 (VIOLATED)
rebuffer832/A                           0.100000    0.128854   -0.028854 (VIOLATED)
rebuffer18/A                            0.100000    0.128854   -0.028854 (VIOLATED)
rebuffer830/A                           0.100000    0.128854   -0.028854 (VIOLATED)
rebuffer805/A                           0.100000    0.128850   -0.028850 (VIOLATED)
rebuffer629/A                           0.100000    0.128849   -0.028849 (VIOLATED)
_1248_/Q                                0.100000    0.128849   -0.028849 (VIOLATED)
rebuffer804/A                           0.100000    0.128849   -0.028849 (VIOLATED)
_0554_/C                                0.100000    0.128549   -0.028549 (VIOLATED)
_0854_/B1                               0.100000    0.128549   -0.028549 (VIOLATED)
_1238_/Q                                0.100000    0.128549   -0.028549 (VIOLATED)
_0538_/B                                0.100000    0.127370   -0.027370 (VIOLATED)
_0594_/B                                0.100000    0.127370   -0.027370 (VIOLATED)
_0597_/A1                               0.100000    0.127370   -0.027370 (VIOLATED)
_0599_/A1                               0.100000    0.127370   -0.027370 (VIOLATED)
_0600_/B                                0.100000    0.127370   -0.027370 (VIOLATED)
_1065_/Q                                0.100000    0.127370   -0.027370 (VIOLATED)
_0539_/B                                0.100000    0.127352   -0.027352 (VIOLATED)
_0581_/A                                0.100000    0.127352   -0.027352 (VIOLATED)
_0584_/A1                               0.100000    0.127352   -0.027352 (VIOLATED)
_0586_/A1                               0.100000    0.127352   -0.027352 (VIOLATED)
_0587_/A                                0.100000    0.127352   -0.027352 (VIOLATED)
_1061_/Q                                0.100000    0.127352   -0.027352 (VIOLATED)
_0566_/A1                               0.100000    0.127247   -0.027247 (VIOLATED)
_0559_/Y                                0.100000    0.127247   -0.027247 (VIOLATED)
_0561_/B                                0.100000    0.127247   -0.027247 (VIOLATED)
_0555_/B                                0.100000    0.126449   -0.026449 (VIOLATED)
_0856_/C                                0.100000    0.126448   -0.026448 (VIOLATED)
_1239_/Q                                0.100000    0.126448   -0.026448 (VIOLATED)
_1099_/D                                0.100000    0.124895   -0.024895 (VIOLATED)
_0696_/Y                                0.100000    0.124895   -0.024895 (VIOLATED)
_0610_/Y                                0.100000    0.124258   -0.024258 (VIOLATED)
_0612_/B1                               0.100000    0.124258   -0.024258 (VIOLATED)
_0582_/Y                                0.100000    0.124202   -0.024202 (VIOLATED)
_0584_/B1                               0.100000    0.124202   -0.024202 (VIOLATED)
_0585_/A1                               0.100000    0.124202   -0.024202 (VIOLATED)
_1080_/D                                0.100000    0.123480   -0.023480 (VIOLATED)
_0643_/Y                                0.100000    0.123480   -0.023480 (VIOLATED)
_0564_/A1                               0.100000    0.123252   -0.023252 (VIOLATED)
_1024_/A                                0.100000    0.123252   -0.023252 (VIOLATED)
_1025_/A                                0.100000    0.123252   -0.023252 (VIOLATED)
_1026_/A1                               0.100000    0.123252   -0.023252 (VIOLATED)
_1386_/Q                                0.100000    0.123252   -0.023252 (VIOLATED)
_0627_/X                                0.100000    0.122947   -0.022947 (VIOLATED)
_0628_/B                                0.100000    0.122947   -0.022947 (VIOLATED)
_0630_/A0                               0.100000    0.122947   -0.022947 (VIOLATED)
_0632_/C                                0.100000    0.122947   -0.022947 (VIOLATED)
_0636_/A                                0.100000    0.122947   -0.022947 (VIOLATED)
_0864_/Y                                0.100000    0.122802   -0.022802 (VIOLATED)
_0865_/B                                0.100000    0.122802   -0.022802 (VIOLATED)
_1013_/B                                0.100000    0.122625   -0.022625 (VIOLATED)
output7/A                               0.100000    0.122624   -0.022624 (VIOLATED)
_1015_/A2                               0.100000    0.122623   -0.022623 (VIOLATED)
_1014_/C                                0.100000    0.122623   -0.022623 (VIOLATED)
_0531_/A                                0.100000    0.122623   -0.022623 (VIOLATED)
_1017_/D                                0.100000    0.122618   -0.022618 (VIOLATED)
_1034_/B                                0.100000    0.122617   -0.022617 (VIOLATED)
_1035_/B                                0.100000    0.122617   -0.022617 (VIOLATED)
_1039_/A2                               0.100000    0.122617   -0.022617 (VIOLATED)
_1038_/B                                0.100000    0.122616   -0.022616 (VIOLATED)
_1392_/Q                                0.100000    0.122616   -0.022616 (VIOLATED)
_0673_/A1                               0.100000    0.121940   -0.021940 (VIOLATED)
_0670_/Y                                0.100000    0.121939   -0.021939 (VIOLATED)
_0672_/A                                0.100000    0.121939   -0.021939 (VIOLATED)
_1055_/Y                                0.100000    0.120650   -0.020650 (VIOLATED)
_1402_/D                                0.100000    0.120650   -0.020650 (VIOLATED)
_0535_/B                                0.100000    0.120423   -0.020423 (VIOLATED)
_0631_/B1                               0.100000    0.120423   -0.020423 (VIOLATED)
_0632_/B                                0.100000    0.120423   -0.020423 (VIOLATED)
_0635_/B                                0.100000    0.120423   -0.020423 (VIOLATED)
_1077_/Q                                0.100000    0.120423   -0.020423 (VIOLATED)
_0866_/Y                                0.100000    0.120331   -0.020331 (VIOLATED)
_0867_/B1                               0.100000    0.120331   -0.020331 (VIOLATED)
_1028_/X                                0.100000    0.119580   -0.019580 (VIOLATED)
_1388_/D                                0.100000    0.119580   -0.019580 (VIOLATED)
_0577_/Y                                0.100000    0.119547   -0.019547 (VIOLATED)
_0578_/B                                0.100000    0.119547   -0.019547 (VIOLATED)
_0579_/A1                               0.100000    0.119547   -0.019547 (VIOLATED)
_0539_/C                                0.100000    0.119357   -0.019357 (VIOLATED)
_0585_/S                                0.100000    0.119357   -0.019357 (VIOLATED)
_0586_/A2                               0.100000    0.119357   -0.019357 (VIOLATED)
_0587_/B                                0.100000    0.119357   -0.019357 (VIOLATED)
_1062_/Q                                0.100000    0.119357   -0.019357 (VIOLATED)
_1050_/Y                                0.100000    0.119232   -0.019232 (VIOLATED)
_1051_/B                                0.100000    0.119232   -0.019232 (VIOLATED)
_0560_/X                                0.100000    0.119075   -0.019075 (VIOLATED)
_0575_/A2                               0.100000    0.119075   -0.019075 (VIOLATED)
_0583_/A                                0.100000    0.119075   -0.019075 (VIOLATED)
_0596_/B                                0.100000    0.119075   -0.019075 (VIOLATED)
_0621_/A                                0.100000    0.119075   -0.019075 (VIOLATED)
_0563_/D                                0.100000    0.118538   -0.018538 (VIOLATED)
_1020_/A                                0.100000    0.118538   -0.018538 (VIOLATED)
_1021_/A                                0.100000    0.118538   -0.018538 (VIOLATED)
_1022_/A1                               0.100000    0.118538   -0.018538 (VIOLATED)
_1384_/Q                                0.100000    0.118538   -0.018538 (VIOLATED)
_0608_/X                                0.100000    0.117798   -0.017798 (VIOLATED)
_0609_/B                                0.100000    0.117798   -0.017798 (VIOLATED)
_0610_/B1                               0.100000    0.117798   -0.017798 (VIOLATED)
_0612_/A2                               0.100000    0.117798   -0.017798 (VIOLATED)
_1037_/Y                                0.100000    0.117677   -0.017677 (VIOLATED)
_1394_/D                                0.100000    0.117677   -0.017677 (VIOLATED)
_0538_/C                                0.100000    0.117600   -0.017600 (VIOLATED)
_0598_/S                                0.100000    0.117600   -0.017600 (VIOLATED)
_0599_/A2                               0.100000    0.117600   -0.017600 (VIOLATED)
_0600_/C                                0.100000    0.117600   -0.017600 (VIOLATED)
_1066_/Q                                0.100000    0.117600   -0.017600 (VIOLATED)
_0541_/C                                0.100000    0.117521   -0.017521 (VIOLATED)
_0624_/S                                0.100000    0.117521   -0.017521 (VIOLATED)
_0625_/A3                               0.100000    0.117521   -0.017521 (VIOLATED)
_0626_/C                                0.100000    0.117521   -0.017521 (VIOLATED)
_1074_/Q                                0.100000    0.117521   -0.017521 (VIOLATED)
_0569_/X                                0.100000    0.116512   -0.016512 (VIOLATED)
_0572_/A                                0.100000    0.116512   -0.016512 (VIOLATED)
_0574_/A0                               0.100000    0.116512   -0.016512 (VIOLATED)
_0576_/C                                0.100000    0.116512   -0.016512 (VIOLATED)
_0581_/B                                0.100000    0.116512   -0.016512 (VIOLATED)
_0555_/A                                0.100000    0.116437   -0.016437 (VIOLATED)
_0855_/A                                0.100000    0.116437   -0.016437 (VIOLATED)
_0856_/B                                0.100000    0.116437   -0.016437 (VIOLATED)
_0554_/Y                                0.100000    0.116436   -0.016436 (VIOLATED)
_0847_/B                                0.100000    0.116268   -0.016268 (VIOLATED)
_0855_/C                                0.100000    0.116268   -0.016268 (VIOLATED)
_0864_/A2                               0.100000    0.116268   -0.016268 (VIOLATED)
_0874_/A                                0.100000    0.116268   -0.016268 (VIOLATED)
_1033_/B1                               0.100000    0.116268   -0.016268 (VIOLATED)
clone29/Y                               0.100000    0.116268   -0.016268 (VIOLATED)
_0716_/S                                0.100000    0.116073   -0.016073 (VIOLATED)
_0736_/S                                0.100000    0.116070   -0.016070 (VIOLATED)
_0737_/S                                0.100000    0.116068   -0.016068 (VIOLATED)
_0738_/S                                0.100000    0.116066   -0.016066 (VIOLATED)
_0739_/S                                0.100000    0.116049   -0.016049 (VIOLATED)
_0740_/S                                0.100000    0.116017   -0.016017 (VIOLATED)
_0713_/S                                0.100000    0.115983   -0.015983 (VIOLATED)
_0712_/S                                0.100000    0.115927   -0.015927 (VIOLATED)
_0710_/S                                0.100000    0.115922   -0.015922 (VIOLATED)
_0711_/S                                0.100000    0.115919   -0.015919 (VIOLATED)
_1011_/A                                0.100000    0.115916   -0.015916 (VIOLATED)
_0687_/A0                               0.100000    0.115894   -0.015894 (VIOLATED)
_0666_/A0                               0.100000    0.115870   -0.015870 (VIOLATED)
split1/X                                0.100000    0.115776   -0.015776 (VIOLATED)
_0546_/B                                0.100000    0.115611   -0.015611 (VIOLATED)
_0677_/A                                0.100000    0.115611   -0.015611 (VIOLATED)
_0678_/A0                               0.100000    0.115611   -0.015611 (VIOLATED)
_0681_/A3                               0.100000    0.115611   -0.015611 (VIOLATED)
_1092_/Q                                0.100000    0.115611   -0.015611 (VIOLATED)
_1082_/D                                0.100000    0.114787   -0.014787 (VIOLATED)
_0650_/Y                                0.100000    0.114787   -0.014787 (VIOLATED)
_0553_/A                                0.100000    0.114641   -0.014641 (VIOLATED)
_0848_/B                                0.100000    0.114641   -0.014641 (VIOLATED)
_0849_/A0                               0.100000    0.114641   -0.014641 (VIOLATED)
_1236_/Q                                0.100000    0.114641   -0.014641 (VIOLATED)
max_cap13/A                             0.100000    0.114169   -0.014169 (VIOLATED)
rebuffer6/A                             0.100000    0.114168   -0.014168 (VIOLATED)
_0550_/A                                0.100000    0.114168   -0.014168 (VIOLATED)
_0668_/A_N                              0.100000    0.114168   -0.014168 (VIOLATED)
_1104_/Q                                0.100000    0.114168   -0.014168 (VIOLATED)
rebuffer25/A                            0.100000    0.114168   -0.014168 (VIOLATED)
rebuffer802/A                           0.100000    0.114168   -0.014168 (VIOLATED)
_1013_/X                                0.100000    0.113968   -0.013968 (VIOLATED)
_1381_/D                                0.100000    0.113968   -0.013968 (VIOLATED)
_0859_/B1                               0.100000    0.113531   -0.013531 (VIOLATED)
_0860_/C                                0.100000    0.113531   -0.013531 (VIOLATED)
_0862_/B                                0.100000    0.113531   -0.013531 (VIOLATED)
_0863_/A                                0.100000    0.113531   -0.013531 (VIOLATED)
_1241_/Q                                0.100000    0.113531   -0.013531 (VIOLATED)
_0566_/S                                0.100000    0.113037   -0.013037 (VIOLATED)
_0567_/A2                               0.100000    0.113037   -0.013037 (VIOLATED)
_0568_/A                                0.100000    0.113037   -0.013037 (VIOLATED)
_0569_/B                                0.100000    0.113037   -0.013037 (VIOLATED)
_1056_/Q                                0.100000    0.113037   -0.013037 (VIOLATED)
_1044_/A                                0.100000    0.112825   -0.012825 (VIOLATED)
_1045_/B                                0.100000    0.112825   -0.012825 (VIOLATED)
_1046_/A2                               0.100000    0.112825   -0.012825 (VIOLATED)
_1397_/Q                                0.100000    0.112825   -0.012825 (VIOLATED)
_0693_/Y                                0.100000    0.112663   -0.012663 (VIOLATED)
_0694_/B                                0.100000    0.112663   -0.012663 (VIOLATED)
_0863_/X                                0.100000    0.112277   -0.012277 (VIOLATED)
_0865_/A                                0.100000    0.112277   -0.012277 (VIOLATED)
_0871_/C                                0.100000    0.112277   -0.012277 (VIOLATED)
rebuffer17/A                            0.100000    0.112277   -0.012277 (VIOLATED)
rebuffer800/A                           0.100000    0.112277   -0.012277 (VIOLATED)
_1022_/Y                                0.100000    0.112135   -0.012135 (VIOLATED)
_1023_/B                                0.100000    0.112135   -0.012135 (VIOLATED)
_0690_/Y                                0.100000    0.112117   -0.012117 (VIOLATED)
_1097_/D                                0.100000    0.112117   -0.012117 (VIOLATED)
_1391_/D                                0.100000    0.111985   -0.011985 (VIOLATED)
_1033_/Y                                0.100000    0.111985   -0.011985 (VIOLATED)
_1024_/X                                0.100000    0.111760   -0.011760 (VIOLATED)
_1386_/D                                0.100000    0.111760   -0.011760 (VIOLATED)
_1044_/Y                                0.100000    0.111201   -0.011201 (VIOLATED)
_1397_/D                                0.100000    0.111201   -0.011201 (VIOLATED)
_0536_/A                                0.100000    0.110998   -0.010998 (VIOLATED)
_0655_/A                                0.100000    0.110998   -0.010998 (VIOLATED)
_0656_/A                                0.100000    0.110998   -0.010998 (VIOLATED)
_0659_/A                                0.100000    0.110998   -0.010998 (VIOLATED)
_0662_/A                                0.100000    0.110998   -0.010998 (VIOLATED)
_1084_/Q                                0.100000    0.110998   -0.010998 (VIOLATED)
_0536_/B                                0.100000    0.110891   -0.010891 (VIOLATED)
_0658_/A                                0.100000    0.110891   -0.010891 (VIOLATED)
_0659_/B                                0.100000    0.110891   -0.010891 (VIOLATED)
_0662_/B                                0.100000    0.110891   -0.010891 (VIOLATED)
_1085_/Q                                0.100000    0.110891   -0.010891 (VIOLATED)
_0628_/Y                                0.100000    0.110837   -0.010837 (VIOLATED)
_0629_/B                                0.100000    0.110837   -0.010837 (VIOLATED)
_0630_/A1                               0.100000    0.110837   -0.010837 (VIOLATED)
_0641_/A                                0.100000    0.110695   -0.010695 (VIOLATED)
_0589_/A                                0.100000    0.110695   -0.010695 (VIOLATED)
_0567_/A1                               0.100000    0.110694   -0.010694 (VIOLATED)
_0566_/A0                               0.100000    0.110694   -0.010694 (VIOLATED)
_0569_/A                                0.100000    0.110694   -0.010694 (VIOLATED)
_0544_/B1                               0.100000    0.110694   -0.010694 (VIOLATED)
_0559_/B                                0.100000    0.110694   -0.010694 (VIOLATED)
_0570_/A_N                              0.100000    0.110693   -0.010693 (VIOLATED)
_0560_/B                                0.100000    0.110693   -0.010693 (VIOLATED)
_0571_/A_N                              0.100000    0.110692   -0.010692 (VIOLATED)
_1379_/Q                                0.100000    0.110692   -0.010692 (VIOLATED)
_0688_/B1                               0.100000    0.110204   -0.010204 (VIOLATED)
_0689_/C                                0.100000    0.110204   -0.010204 (VIOLATED)
_0691_/B                                0.100000    0.110204   -0.010204 (VIOLATED)
_0692_/C                                0.100000    0.110204   -0.010204 (VIOLATED)
_1097_/Q                                0.100000    0.110204   -0.010204 (VIOLATED)
_1048_/X                                0.100000    0.109506   -0.009506 (VIOLATED)
_1399_/D                                0.100000    0.109506   -0.009506 (VIOLATED)
_0540_/C                                0.100000    0.109442   -0.009442 (VIOLATED)
_0610_/A1                               0.100000    0.109442   -0.009442 (VIOLATED)
_0611_/C                                0.100000    0.109442   -0.009442 (VIOLATED)
_0612_/A1                               0.100000    0.109442   -0.009442 (VIOLATED)
_1070_/Q                                0.100000    0.109442   -0.009442 (VIOLATED)
_0572_/Y                                0.100000    0.108948   -0.008948 (VIOLATED)
_0573_/B                                0.100000    0.108948   -0.008948 (VIOLATED)
_0574_/A1                               0.100000    0.108948   -0.008948 (VIOLATED)
_1030_/Y                                0.100000    0.108875   -0.008875 (VIOLATED)
_1031_/B                                0.100000    0.108875   -0.008875 (VIOLATED)
clkbuf_4_4_0_B_in_serial_clk/A          0.100000    0.108640   -0.008640 (VIOLATED)
clkbuf_4_5_0_B_in_serial_clk/A          0.100000    0.108628   -0.008628 (VIOLATED)
clkbuf_4_7_0_B_in_serial_clk/A          0.100000    0.108608   -0.008608 (VIOLATED)
_0552_/B                                0.100000    0.108605   -0.008605 (VIOLATED)
_0840_/B                                0.100000    0.108605   -0.008605 (VIOLATED)
_0842_/B1                               0.100000    0.108605   -0.008605 (VIOLATED)
_1233_/Q                                0.100000    0.108605   -0.008605 (VIOLATED)
rebuffer489/A                           0.100000    0.108605   -0.008605 (VIOLATED)
clkbuf_4_1_0_B_in_serial_clk/A          0.100000    0.108595   -0.008595 (VIOLATED)
clkbuf_4_14_0_B_in_serial_clk/A         0.100000    0.108593   -0.008593 (VIOLATED)
clkbuf_4_0_0_B_in_serial_clk/A          0.100000    0.108592   -0.008592 (VIOLATED)
clkbuf_4_15_0_B_in_serial_clk/A         0.100000    0.108589   -0.008589 (VIOLATED)
clkbuf_4_2_0_B_in_serial_clk/A          0.100000    0.108582   -0.008582 (VIOLATED)
clkbuf_4_6_0_B_in_serial_clk/A          0.100000    0.108582   -0.008582 (VIOLATED)
clkbuf_4_13_0_B_in_serial_clk/A         0.100000    0.108573   -0.008573 (VIOLATED)
clkbuf_4_3_0_B_in_serial_clk/A          0.100000    0.108566   -0.008566 (VIOLATED)
clkbuf_4_11_0_B_in_serial_clk/A         0.100000    0.108558   -0.008558 (VIOLATED)
clkbuf_4_10_0_B_in_serial_clk/A         0.100000    0.108554   -0.008554 (VIOLATED)
clkbuf_4_12_0_B_in_serial_clk/A         0.100000    0.108533   -0.008533 (VIOLATED)
clkbuf_4_9_0_B_in_serial_clk/A          0.100000    0.108530   -0.008530 (VIOLATED)
clkbuf_4_8_0_B_in_serial_clk/A          0.100000    0.108520   -0.008520 (VIOLATED)
clkbuf_0_B_in_serial_clk/X              0.100000    0.108418   -0.008418 (VIOLATED)
_1020_/X                                0.100000    0.108047   -0.008047 (VIOLATED)
_1384_/D                                0.100000    0.108047   -0.008047 (VIOLATED)
_0540_/B                                0.100000    0.107888   -0.007888 (VIOLATED)
_0607_/A1                               0.100000    0.107888   -0.007888 (VIOLATED)
_0608_/B                                0.100000    0.107888   -0.007888 (VIOLATED)
_0611_/B                                0.100000    0.107888   -0.007888 (VIOLATED)
_1069_/Q                                0.100000    0.107888   -0.007888 (VIOLATED)
_0580_/X                                0.100000    0.107805   -0.007805 (VIOLATED)
_0581_/C                                0.100000    0.107805   -0.007805 (VIOLATED)
_0583_/C                                0.100000    0.107805   -0.007805 (VIOLATED)
_0588_/B                                0.100000    0.107805   -0.007805 (VIOLATED)
_0589_/C                                0.100000    0.107805   -0.007805 (VIOLATED)
_1037_/A                                0.100000    0.107515   -0.007515 (VIOLATED)
_1038_/C                                0.100000    0.107515   -0.007515 (VIOLATED)
_1039_/A3                               0.100000    0.107515   -0.007515 (VIOLATED)
_1394_/Q                                0.100000    0.107515   -0.007515 (VIOLATED)
clkbuf_4_5_0_A_in_serial_clk/A          0.100000    0.107422   -0.007422 (VIOLATED)
clkbuf_4_4_0_A_in_serial_clk/A          0.100000    0.107422   -0.007422 (VIOLATED)
clkbuf_4_7_0_A_in_serial_clk/A          0.100000    0.107406   -0.007406 (VIOLATED)
clkbuf_4_1_0_A_in_serial_clk/A          0.100000    0.107398   -0.007398 (VIOLATED)
clkbuf_4_0_0_A_in_serial_clk/A          0.100000    0.107395   -0.007395 (VIOLATED)
clkbuf_4_15_0_A_in_serial_clk/A         0.100000    0.107395   -0.007395 (VIOLATED)
clkbuf_4_14_0_A_in_serial_clk/A         0.100000    0.107395   -0.007395 (VIOLATED)
clkbuf_4_6_0_A_in_serial_clk/A          0.100000    0.107389   -0.007389 (VIOLATED)
clkbuf_4_10_0_A_in_serial_clk/A         0.100000    0.107386   -0.007386 (VIOLATED)
clkbuf_4_11_0_A_in_serial_clk/A         0.100000    0.107386   -0.007386 (VIOLATED)
clkbuf_4_13_0_A_in_serial_clk/A         0.100000    0.107380   -0.007380 (VIOLATED)
clkbuf_4_2_0_A_in_serial_clk/A          0.100000    0.107374   -0.007374 (VIOLATED)
clkbuf_4_8_0_A_in_serial_clk/A          0.100000    0.107372   -0.007372 (VIOLATED)
clkbuf_4_12_0_A_in_serial_clk/A         0.100000    0.107367   -0.007367 (VIOLATED)
clkbuf_4_3_0_A_in_serial_clk/A          0.100000    0.107363   -0.007363 (VIOLATED)
clkbuf_4_9_0_A_in_serial_clk/A          0.100000    0.107350   -0.007350 (VIOLATED)
clkbuf_0_A_in_serial_clk/X              0.100000    0.107239   -0.007239 (VIOLATED)
_0537_/A1                               0.100000    0.107214   -0.007214 (VIOLATED)
_0567_/B1                               0.100000    0.107214   -0.007214 (VIOLATED)
_0568_/B                                0.100000    0.107214   -0.007214 (VIOLATED)
_0569_/C                                0.100000    0.107214   -0.007214 (VIOLATED)
_1057_/Q                                0.100000    0.107214   -0.007214 (VIOLATED)
_1048_/A                                0.100000    0.107041   -0.007041 (VIOLATED)
_1049_/A                                0.100000    0.107041   -0.007041 (VIOLATED)
_1050_/A1                               0.100000    0.107041   -0.007041 (VIOLATED)
_1399_/Q                                0.100000    0.107041   -0.007041 (VIOLATED)
_0642_/Y                                0.100000    0.107022   -0.007022 (VIOLATED)
_0643_/B1                               0.100000    0.107022   -0.007022 (VIOLATED)
_1015_/Y                                0.100000    0.106882   -0.006882 (VIOLATED)
_1016_/B                                0.100000    0.106882   -0.006882 (VIOLATED)
_0537_/B1                               0.100000    0.106847   -0.006847 (VIOLATED)
_0575_/B1                               0.100000    0.106847   -0.006847 (VIOLATED)
_0576_/B                                0.100000    0.106847   -0.006847 (VIOLATED)
_0580_/B                                0.100000    0.106847   -0.006847 (VIOLATED)
_1059_/Q                                0.100000    0.106847   -0.006847 (VIOLATED)
_1041_/A                                0.100000    0.106483   -0.006483 (VIOLATED)
_1042_/A                                0.100000    0.106483   -0.006483 (VIOLATED)
_1045_/A                                0.100000    0.106483   -0.006483 (VIOLATED)
_1046_/A1                               0.100000    0.106483   -0.006483 (VIOLATED)
_1396_/Q                                0.100000    0.106483   -0.006483 (VIOLATED)
_0545_/X                                0.100000    0.106017   -0.006017 (VIOLATED)
_0546_/A                                0.100000    0.106017   -0.006017 (VIOLATED)
_0681_/A2                               0.100000    0.106017   -0.006017 (VIOLATED)
rebuffer481/A                           0.100000    0.106017   -0.006017 (VIOLATED)
_0568_/X                                0.100000    0.105323   -0.005323 (VIOLATED)
_0575_/A3                               0.100000    0.105323   -0.005323 (VIOLATED)
_0583_/B                                0.100000    0.105323   -0.005323 (VIOLATED)
_0588_/A                                0.100000    0.105323   -0.005323 (VIOLATED)
_0589_/B                                0.100000    0.105323   -0.005323 (VIOLATED)
_0878_/B                                0.100000    0.104683   -0.004683 (VIOLATED)
_0841_/Y                                0.100000    0.104683   -0.004683 (VIOLATED)
_0843_/A                                0.100000    0.104683   -0.004683 (VIOLATED)
_0844_/A1                               0.100000    0.104683   -0.004683 (VIOLATED)
_0876_/A2                               0.100000    0.104682   -0.004682 (VIOLATED)
_0856_/A                                0.100000    0.104680   -0.004680 (VIOLATED)
_0868_/A1                               0.100000    0.104680   -0.004680 (VIOLATED)
_0866_/A2                               0.100000    0.104680   -0.004680 (VIOLATED)
rebuffer721/A                           0.100000    0.104679   -0.004679 (VIOLATED)
_0839_/Y                                0.100000    0.104676   -0.004676 (VIOLATED)
_0692_/X                                0.100000    0.104646   -0.004646 (VIOLATED)
_0700_/C                                0.100000    0.104646   -0.004646 (VIOLATED)
rebuffer12/A                            0.100000    0.104646   -0.004646 (VIOLATED)
_0881_/Y                                0.100000    0.104579   -0.004579 (VIOLATED)
_1249_/D                                0.100000    0.104579   -0.004579 (VIOLATED)
_0529_/A                                0.100000    0.104245   -0.004245 (VIOLATED)
_0536_/C                                0.100000    0.104245   -0.004245 (VIOLATED)
_0662_/C                                0.100000    0.104245   -0.004245 (VIOLATED)
_1086_/Q                                0.100000    0.104245   -0.004245 (VIOLATED)
_0871_/X                                0.100000    0.103744   -0.003744 (VIOLATED)
_0875_/B                                0.100000    0.103744   -0.003744 (VIOLATED)
rebuffer26/A                            0.100000    0.103744   -0.003744 (VIOLATED)
rebuffer27/A                            0.100000    0.103744   -0.003744 (VIOLATED)
_1032_/X                                0.100000    0.103456   -0.003456 (VIOLATED)
_1390_/D                                0.100000    0.103456   -0.003456 (VIOLATED)
_1029_/X                                0.100000    0.102734   -0.002734 (VIOLATED)
_1031_/A                                0.100000    0.102734   -0.002734 (VIOLATED)
_1032_/B                                0.100000    0.102734   -0.002734 (VIOLATED)
_0626_/X                                0.100000    0.102712   -0.002712 (VIOLATED)
_0627_/C                                0.100000    0.102712   -0.002712 (VIOLATED)
_0631_/A3                               0.100000    0.102712   -0.002712 (VIOLATED)
_0640_/B                                0.100000    0.102712   -0.002712 (VIOLATED)
_1034_/A                                0.100000    0.102417   -0.002417 (VIOLATED)
_1035_/A                                0.100000    0.102417   -0.002417 (VIOLATED)
_1038_/A                                0.100000    0.102417   -0.002417 (VIOLATED)
_1039_/A1                               0.100000    0.102417   -0.002417 (VIOLATED)
_1393_/Q                                0.100000    0.102417   -0.002417 (VIOLATED)
_0592_/Y                                0.100000    0.102066   -0.002066 (VIOLATED)
_0593_/B1                               0.100000    0.102066   -0.002066 (VIOLATED)
_0640_/X                                0.100000    0.101551   -0.001551 (VIOLATED)
_0641_/D                                0.100000    0.101551   -0.001551 (VIOLATED)
_0644_/A3                               0.100000    0.101551   -0.001551 (VIOLATED)
_0653_/C                                0.100000    0.101551   -0.001551 (VIOLATED)
_0593_/Y                                0.100000    0.101411   -0.001411 (VIOLATED)
_1064_/D                                0.100000    0.101411   -0.001411 (VIOLATED)
_0867_/Y                                0.100000    0.100738   -0.000738 (VIOLATED)
_1243_/D                                0.100000    0.100738   -0.000738 (VIOLATED)
_0534_/C                                0.100000    0.100638   -0.000638 (VIOLATED)
_0648_/A                                0.100000    0.100638   -0.000638 (VIOLATED)
_0649_/A                                0.100000    0.100638   -0.000638 (VIOLATED)
_0652_/A                                0.100000    0.100638   -0.000638 (VIOLATED)
_1082_/Q                                0.100000    0.100638   -0.000638 (VIOLATED)



===========================================================================
report_parasitic_annotation -report_unannotated
============================================================================
Found 31 unannotated drivers.
 Systolic4x4_serial_io_16/HI
 clkload0/Y
 clkload1/Y
 clkload10/X
 clkload11/Y
 clkload12/X
 clkload13/Y
 clkload14/X
 clkload15/Y
 clkload16/Y
 clkload17/Y
 clkload18/Y
 clkload19/Y
 clkload2/Y
 clkload20/Y
 clkload21/Y
 clkload22/Y
 clkload23/Y
 clkload24/Y
 clkload25/Y
 clkload26/Y
 clkload27/Y
 clkload28/Y
 clkload29/Y
 clkload3/X
 clkload4/Y
 clkload5/X
 clkload6/Y
 clkload7/Y
 clkload8/Y
 clkload9/X
Found 0 partially unannotated drivers.

===========================================================================
max slew violation count 720
Writing metric design__max_slew_violation__count__corner:nom_tt_025C_1v80: 720
max fanout violation count 0
Writing metric design__max_fanout_violation__count__corner:nom_tt_025C_1v80: 0
max cap violation count 0
Writing metric design__max_cap_violation__count__corner:nom_tt_025C_1v80: 0
============================================================================

===========================================================================
check_setup -verbose -unconstrained_endpoints -multiple_clock -no_clock -no_input_delay -loops -generated_clocks
===========================================================================
Warning: There are 6 input ports missing set_input_delay.
  A_in_frame_sync
  A_in_serial_data
  B_in_frame_sync
  B_in_serial_data
  rst_n
  start
Warning: There is 1 unconstrained endpoint.
  C_out_serial_data
