Clock: clk
Sources: clk 
Generated: no
Virtual: yes
Propagated: no
Period: 100.000000

===========================================================================
report_clock_properties
============================================================================
Clock                   Period          Waveform
----------------------------------------------------
clk                 100.000000    0.000000  5.000000

===========================================================================
report_clock_latency
============================================================================
Clock clk
rise -> rise
    min     max
0.000000 0.000000 source latency
0.830290         network latency _28007_/CLK
        1.062826 network latency _29195_/CLK
---------------
0.830290 1.062826 latency
        0.232536 skew

fall -> fall
    min     max
0.000000 0.000000 source latency
0.751415         network latency _28007_/CLK
        0.963179 network latency _29195_/CLK
---------------
0.751415 0.963179 latency
        0.211764 skew



===========================================================================
report_clock_min_period
============================================================================
clk period_min = 5.92 fmax = 168.91
Clock: A_in_serial_clk
Sources: A_in_serial_clk 
Generated: no
Virtual: yes
Propagated: no
Period: 20.000000

===========================================================================
report_clock_properties
============================================================================
Clock                   Period          Waveform
----------------------------------------------------
A_in_serial_clk      20.000000    0.000000  1.000000

===========================================================================
report_clock_latency
============================================================================
Clock A_in_serial_clk
rise -> rise
    min     max
0.000000 0.000000 source latency
0.485682         network latency _26299_/CLK
        0.525263 network latency _26226_/CLK
---------------
0.485682 0.525263 latency
        0.039580 skew

fall -> fall
    min     max
0.000000 0.000000 source latency
0.496790         network latency _26299_/CLK
        0.525184 network latency _26226_/CLK
---------------
0.496790 0.525184 latency
        0.028395 skew



===========================================================================
report_clock_min_period
============================================================================
A_in_serial_clk period_min = 3.13 fmax = 319.75
Clock: B_in_serial_clk
Sources: B_in_serial_clk 
Generated: no
Virtual: yes
Propagated: no
Period: 20.000000

===========================================================================
report_clock_properties
============================================================================
Clock                   Period          Waveform
----------------------------------------------------
B_in_serial_clk      20.000000    0.000000  1.000000

===========================================================================
report_clock_latency
============================================================================
Clock B_in_serial_clk
rise -> rise
    min     max
0.000000 0.000000 source latency
0.503224         network latency _26617_/CLK
        0.528380 network latency _26600_/CLK
---------------
0.503224 0.528380 latency
        0.025156 skew

fall -> fall
    min     max
0.000000 0.000000 source latency
0.509158         network latency _26617_/CLK
        0.527100 network latency _26600_/CLK
---------------
0.509158 0.527100 latency
        0.017942 skew



===========================================================================
report_clock_min_period
============================================================================
B_in_serial_clk period_min = 3.17 fmax = 315.45
