                                                                       Cells by Function                                                                        
┏━━━━━━━━━━━━━━━━━━━━━━━━━━━━━━━━━━━━━━━━━━━━━━━━━━━━━━━━━━━━━━━━━━━━━━━━━━━━━━━━━━━━━━━━━━━━━━━━━━━━━━━━━━━━━━━━━━━━━━━━━━━━━━━━━┳━━━━━━━━━━━━━━━━━━━━━━━━━━━━┓
┃ Cell Function                                                                                                                   ┃ Count                      ┃
┡━━━━━━━━━━━━━━━━━━━━━━━━━━━━━━━━━━━━━━━━━━━━━━━━━━━━━━━━━━━━━━━━━━━━━━━━━━━━━━━━━━━━━━━━━━━━━━━━━━━━━━━━━━━━━━━━━━━━━━━━━━━━━━━━━╇━━━━━━━━━━━━━━━━━━━━━━━━━━━━┩
│ sky130_ef_sc_hd__decap                                                                                                          │ 637                        │
│ sky130_fd_sc_hd__a21boi                                                                                                         │ 1                          │
│ sky130_fd_sc_hd__a21o                                                                                                           │ 7                          │
│ sky130_fd_sc_hd__a21oi                                                                                                          │ 21                         │
│ sky130_fd_sc_hd__a221o                                                                                                          │ 2                          │
│ sky130_fd_sc_hd__a22oi                                                                                                          │ 3                          │
│ sky130_fd_sc_hd__a31o                                                                                                           │ 13                         │
│ sky130_fd_sc_hd__a31oi                                                                                                          │ 1                          │
│ sky130_fd_sc_hd__a41o                                                                                                           │ 6                          │
│ sky130_fd_sc_hd__and2                                                                                                           │ 21                         │
│ sky130_fd_sc_hd__and2b                                                                                                          │ 5                          │
│ sky130_fd_sc_hd__and3                                                                                                           │ 43                         │
│ sky130_fd_sc_hd__and3b                                                                                                          │ 1                          │
│ sky130_fd_sc_hd__and4                                                                                                           │ 17                         │
│ sky130_fd_sc_hd__and4b                                                                                                          │ 1                          │
│ sky130_fd_sc_hd__buf                                                                                                            │ 43                         │
│ sky130_fd_sc_hd__bufinv                                                                                                         │ 7                          │
│ sky130_fd_sc_hd__clkbuf                                                                                                         │ 72                         │
│ sky130_fd_sc_hd__clkinv                                                                                                         │ 8                          │
│ sky130_fd_sc_hd__clkinvlp                                                                                                       │ 4                          │
│ sky130_fd_sc_hd__conb                                                                                                           │ 1                          │
│ sky130_fd_sc_hd__decap                                                                                                          │ 833                        │
│ sky130_fd_sc_hd__dfrtp                                                                                                          │ 347                        │
│ sky130_fd_sc_hd__diode                                                                                                          │ 9                          │
│ sky130_fd_sc_hd__dlygate4sd1                                                                                                    │ 14                         │
│ sky130_fd_sc_hd__dlymetal6s2s                                                                                                   │ 12                         │
│ sky130_fd_sc_hd__dlymetal6s4s                                                                                                   │ 1                          │
│ sky130_fd_sc_hd__fill                                                                                                           │ 546                        │
│ sky130_fd_sc_hd__inv                                                                                                            │ 23                         │
│ sky130_fd_sc_hd__mux2                                                                                                           │ 276                        │
│ sky130_fd_sc_hd__nand2                                                                                                          │ 18                         │
│ sky130_fd_sc_hd__nand2b                                                                                                         │ 4                          │
│ sky130_fd_sc_hd__nand3                                                                                                          │ 2                          │
│ sky130_fd_sc_hd__nand4                                                                                                          │ 2                          │
│ sky130_fd_sc_hd__nor2                                                                                                           │ 30                         │
│ sky130_fd_sc_hd__nor3                                                                                                           │ 2                          │
│ sky130_fd_sc_hd__o21a                                                                                                           │ 4                          │
│ sky130_fd_sc_hd__o21ai                                                                                                          │ 3                          │
│ sky130_fd_sc_hd__o21ba                                                                                                          │ 1                          │
│ sky130_fd_sc_hd__o31a                                                                                                           │ 1                          │
│ sky130_fd_sc_hd__or2                                                                                                            │ 8                          │
│ sky130_fd_sc_hd__or3                                                                                                            │ 1                          │
│ sky130_fd_sc_hd__or4                                                                                                            │ 8                          │
│ sky130_fd_sc_hd__tapvpwrvgnd                                                                                                    │ 442                        │
│ sky130_fd_sc_hd__xnor2                                                                                                          │ 3                          │
│ sky130_fd_sc_hd__xor2                                                                                                           │ 6                          │
└─────────────────────────────────────────────────────────────────────────────────────────────────────────────────────────────────┴────────────────────────────┘
