                                                                        Cells by Master                                                                         
┏━━━━━━━━━━━━━━━━━━━━━━━━━━━━━━━━━━━━━━━━━━━━━━━━━━━━━━━━━━━━━━━━━━━━━━━━━━━━━━━━━━━━━━━━━━━━━━━━━━━━━━━━━━━━━━━━━━━━━━━━━━━━━━━━━━┳━━━━━━━━━━━━━━━━━━━━━━━━━━━┓
┃ Cell                                                                                                                             ┃ Count                     ┃
┡━━━━━━━━━━━━━━━━━━━━━━━━━━━━━━━━━━━━━━━━━━━━━━━━━━━━━━━━━━━━━━━━━━━━━━━━━━━━━━━━━━━━━━━━━━━━━━━━━━━━━━━━━━━━━━━━━━━━━━━━━━━━━━━━━━╇━━━━━━━━━━━━━━━━━━━━━━━━━━━┩
│ sky130_ef_sc_hd__decap_12                                                                                                        │ 637                       │
│ sky130_fd_sc_hd__a21boi_1                                                                                                        │ 1                         │
│ sky130_fd_sc_hd__a21o_1                                                                                                          │ 7                         │
│ sky130_fd_sc_hd__a21oi_1                                                                                                         │ 20                        │
│ sky130_fd_sc_hd__a21oi_2                                                                                                         │ 1                         │
│ sky130_fd_sc_hd__a221o_1                                                                                                         │ 2                         │
│ sky130_fd_sc_hd__a22oi_1                                                                                                         │ 1                         │
│ sky130_fd_sc_hd__a22oi_2                                                                                                         │ 2                         │
│ sky130_fd_sc_hd__a31o_1                                                                                                          │ 13                        │
│ sky130_fd_sc_hd__a31oi_1                                                                                                         │ 1                         │
│ sky130_fd_sc_hd__a41o_1                                                                                                          │ 6                         │
│ sky130_fd_sc_hd__and2_1                                                                                                          │ 17                        │
│ sky130_fd_sc_hd__and2_4                                                                                                          │ 4                         │
│ sky130_fd_sc_hd__and2b_1                                                                                                         │ 4                         │
│ sky130_fd_sc_hd__and2b_2                                                                                                         │ 1                         │
│ sky130_fd_sc_hd__and3_1                                                                                                          │ 43                        │
│ sky130_fd_sc_hd__and3b_1                                                                                                         │ 1                         │
│ sky130_fd_sc_hd__and4_1                                                                                                          │ 16                        │
│ sky130_fd_sc_hd__and4_2                                                                                                          │ 1                         │
│ sky130_fd_sc_hd__and4b_1                                                                                                         │ 1                         │
│ sky130_fd_sc_hd__buf_1                                                                                                           │ 8                         │
│ sky130_fd_sc_hd__buf_12                                                                                                          │ 11                        │
│ sky130_fd_sc_hd__buf_2                                                                                                           │ 4                         │
│ sky130_fd_sc_hd__buf_4                                                                                                           │ 1                         │
│ sky130_fd_sc_hd__buf_6                                                                                                           │ 9                         │
│ sky130_fd_sc_hd__buf_8                                                                                                           │ 10                        │
│ sky130_fd_sc_hd__bufinv_16                                                                                                       │ 7                         │
│ sky130_fd_sc_hd__clkbuf_1                                                                                                        │ 3                         │
│ sky130_fd_sc_hd__clkbuf_16                                                                                                       │ 21                        │
│ sky130_fd_sc_hd__clkbuf_2                                                                                                        │ 10                        │
│ sky130_fd_sc_hd__clkbuf_4                                                                                                        │ 2                         │
│ sky130_fd_sc_hd__clkbuf_8                                                                                                        │ 36                        │
│ sky130_fd_sc_hd__clkinv_2                                                                                                        │ 5                         │
│ sky130_fd_sc_hd__clkinv_4                                                                                                        │ 3                         │
│ sky130_fd_sc_hd__clkinvlp_4                                                                                                      │ 4                         │
│ sky130_fd_sc_hd__conb_1                                                                                                          │ 1                         │
│ sky130_fd_sc_hd__decap_3                                                                                                         │ 286                       │
│ sky130_fd_sc_hd__decap_4                                                                                                         │ 188                       │
│ sky130_fd_sc_hd__decap_6                                                                                                         │ 184                       │
│ sky130_fd_sc_hd__decap_8                                                                                                         │ 175                       │
│ sky130_fd_sc_hd__dfrtp_1                                                                                                         │ 343                       │
│ sky130_fd_sc_hd__dfrtp_4                                                                                                         │ 4                         │
│ sky130_fd_sc_hd__diode_2                                                                                                         │ 9                         │
│ sky130_fd_sc_hd__dlygate4sd1_1                                                                                                   │ 14                        │
│ sky130_fd_sc_hd__dlymetal6s2s_1                                                                                                  │ 12                        │
│ sky130_fd_sc_hd__dlymetal6s4s_1                                                                                                  │ 1                         │
│ sky130_fd_sc_hd__fill_1                                                                                                          │ 387                       │
│ sky130_fd_sc_hd__fill_2                                                                                                          │ 159                       │
│ sky130_fd_sc_hd__inv_2                                                                                                           │ 18                        │
│ sky130_fd_sc_hd__inv_4                                                                                                           │ 1                         │
│ sky130_fd_sc_hd__inv_6                                                                                                           │ 4                         │
│ sky130_fd_sc_hd__mux2_1                                                                                                          │ 157                       │
│ sky130_fd_sc_hd__mux2_2                                                                                                          │ 20                        │
│ sky130_fd_sc_hd__mux2_4                                                                                                          │ 99                        │
│ sky130_fd_sc_hd__nand2_1                                                                                                         │ 14                        │
│ sky130_fd_sc_hd__nand2_2                                                                                                         │ 4                         │
│ sky130_fd_sc_hd__nand2b_2                                                                                                        │ 1                         │
│ sky130_fd_sc_hd__nand2b_4                                                                                                        │ 3                         │
│ sky130_fd_sc_hd__nand3_1                                                                                                         │ 2                         │
│ sky130_fd_sc_hd__nand4_4                                                                                                         │ 2                         │
│ sky130_fd_sc_hd__nor2_1                                                                                                          │ 26                        │
│ sky130_fd_sc_hd__nor2_2                                                                                                          │ 2                         │
│ sky130_fd_sc_hd__nor2_4                                                                                                          │ 1                         │
│ sky130_fd_sc_hd__nor2_8                                                                                                          │ 1                         │
│ sky130_fd_sc_hd__nor3_1                                                                                                          │ 1                         │
│ sky130_fd_sc_hd__nor3_2                                                                                                          │ 1                         │
│ sky130_fd_sc_hd__o21a_1                                                                                                          │ 4                         │
│ sky130_fd_sc_hd__o21ai_1                                                                                                         │ 3                         │
│ sky130_fd_sc_hd__o21ba_1                                                                                                         │ 1                         │
│ sky130_fd_sc_hd__o31a_1                                                                                                          │ 1                         │
│ sky130_fd_sc_hd__or2_1                                                                                                           │ 4                         │
│ sky130_fd_sc_hd__or2_4                                                                                                           │ 4                         │
│ sky130_fd_sc_hd__or3_1                                                                                                           │ 1                         │
│ sky130_fd_sc_hd__or4_1                                                                                                           │ 8                         │
│ sky130_fd_sc_hd__tapvpwrvgnd_1                                                                                                   │ 442                       │
│ sky130_fd_sc_hd__xnor2_1                                                                                                         │ 3                         │
│ sky130_fd_sc_hd__xor2_1                                                                                                          │ 6                         │
└──────────────────────────────────────────────────────────────────────────────────────────────────────────────────────────────────┴───────────────────────────┘
