
===========================================================================
Clock Skew (Hold)
============================================================================
======================= min_ss_100C_1v60 Corner ===================================

Clock A_in_serial_clk
0.845587 source latency _26330_/CLK ^
-0.882163 target latency _26891_/CLK ^
-0.100000 clock uncertainty
0.000000 CRPR
--------------
-0.136576 hold skew

Clock B_in_serial_clk
0.856214 source latency _27043_/CLK ^
-0.889618 target latency _29601_/CLK ^
-0.100000 clock uncertainty
0.000000 CRPR
--------------
-0.133404 hold skew

Clock clk
1.334028 source latency _28007_/CLK ^
-1.661281 target latency _28035_/CLK ^
-0.100000 clock uncertainty
0.000000 CRPR
--------------
-0.427253 hold skew

