
===========================================================================
Clock Skew (Hold)
============================================================================
======================= nom_ss_100C_1v60 Corner ===================================

Clock A_in_serial_clk
0.000000 source latency _1088_/CLK ^
0.000000 target latency _1088_/CLK ^
0.000000 CRPR
--------------
0.000000 hold skew

Clock B_in_serial_clk
0.000000 source latency _1232_/CLK ^
0.000000 target latency _1232_/CLK ^
0.000000 CRPR
--------------
0.000000 hold skew

Clock clk
0.000000 source latency _1056_/CLK ^
0.000000 target latency _1056_/CLK ^
-0.100000 clock uncertainty
0.000000 CRPR
--------------
-0.100000 hold skew

