Reading timing models for corner nom_tt_025C_1v80…
Reading timing library for the 'nom_tt_025C_1v80' corner at '/home/hp/.volare/volare/sky130/versions/0fe599b2afb6708d281543108caf8310912f54af/sky130A/libs.ref/sky130_fd_sc_hd/lib/sky130_fd_sc_hd__tt_025C_1v80.lib'…
Reading timing models for corner nom_ff_n40C_1v95…
Reading timing library for the 'nom_ff_n40C_1v95' corner at '/home/hp/.volare/volare/sky130/versions/0fe599b2afb6708d281543108caf8310912f54af/sky130A/libs.ref/sky130_fd_sc_hd/lib/sky130_fd_sc_hd__ff_n40C_1v95.lib'…
Reading timing models for corner nom_ss_100C_1v60…
Reading timing library for the 'nom_ss_100C_1v60' corner at '/home/hp/.volare/volare/sky130/versions/0fe599b2afb6708d281543108caf8310912f54af/sky130A/libs.ref/sky130_fd_sc_hd/lib/sky130_fd_sc_hd__ss_100C_1v60.lib'…
Reading OpenROAD database at '/home/hp/openlane2/project1/runs/RUN_2025-09-14_22-17-56/27-openroad-globalplacement/Systolic4x4_serial_io.odb'…
Reading design constraints file at 'constraints.sdc'…
[INFO] No information on clock propagation in input SDC file-- propagating all clocks.
[INFO] Setting RC values…
[INFO RSZ-0027] Inserted 6 input buffers.
[INFO RSZ-0028] Inserted 3 output buffers.
[INFO RSZ-0058] Using max wire length 6335um.
Iteration | Resized | Buffers | Nets repaired | Remaining
---------------------------------------------------------
        0 |       0 |       0 |             0 |      1922
      100 |      79 |       0 |             0 |      1822
      200 |     166 |       0 |             0 |      1722
      300 |     191 |       0 |             0 |      1622
      400 |     197 |       0 |             0 |      1522
      500 |     210 |       0 |             0 |      1422
      600 |     297 |       0 |             0 |      1322
      700 |     397 |       2 |             1 |      1222
      800 |     497 |       2 |             1 |      1122
      900 |     583 |       6 |             3 |      1022
     1000 |     583 |       6 |             3 |       922
     1100 |     583 |       6 |             3 |       822
     1200 |     583 |       6 |             3 |       722
     1300 |     583 |       6 |             3 |       622
     1400 |     583 |       6 |             3 |       522
     1500 |     583 |       6 |             3 |       422
     1600 |     583 |       6 |             3 |       322
     1700 |     583 |       6 |             3 |       222
     1800 |     583 |       6 |             3 |       122
     1900 |     583 |       6 |             3 |        22
    final |     583 |       6 |             3 |         0
---------------------------------------------------------
[INFO RSZ-0034] Found 3 slew violations.
[INFO RSZ-0036] Found 3 capacitance violations.
[INFO RSZ-0038] Inserted 6 buffers in 3 nets.
[INFO RSZ-0039] Resized 583 instances.
[INFO RSZ-0042] Inserted 1 tie sky130_fd_sc_hd__conb_1 instances.
Placement Analysis
---------------------------------
total displacement       2287.0 u
average displacement        1.6 u
max displacement            9.1 u
original HPWL            8289.3 u
legalized HPWL          10815.8 u
delta HPWL                   30 %

[INFO DPL-0020] Mirrored 234 instances
[INFO DPL-0021] HPWL before           10815.8 u
[INFO DPL-0022] HPWL after            10405.6 u
[INFO DPL-0023] HPWL delta               -3.8 %
[INFO] Setting RC values…
Setting global connections for newly added cells…
[INFO] Setting global connections...
Updating metrics…
Cell type report:                       Count       Area
  Fill cell                               132     495.48
  Tap cell                                442     553.03
  Buffer                                    1       5.00
  Clock buffer                              1       3.75
  Timing Repair Buffer                     14     195.19
  Inverter                                 18      67.56
  Sequential cell                         347    8698.34
  Multi-Input combinational cell          511    4620.68
  Total                                  1466   14639.04
Writing OpenROAD database to '/home/hp/openlane2/project1/runs/RUN_2025-09-14_22-17-56/31-openroad-repairdesignpostgpl/Systolic4x4_serial_io.odb'…
Writing netlist to '/home/hp/openlane2/project1/runs/RUN_2025-09-14_22-17-56/31-openroad-repairdesignpostgpl/Systolic4x4_serial_io.nl.v'…
Writing powered netlist to '/home/hp/openlane2/project1/runs/RUN_2025-09-14_22-17-56/31-openroad-repairdesignpostgpl/Systolic4x4_serial_io.pnl.v'…
Writing layout to '/home/hp/openlane2/project1/runs/RUN_2025-09-14_22-17-56/31-openroad-repairdesignpostgpl/Systolic4x4_serial_io.def'…
Writing timing constraints to '/home/hp/openlane2/project1/runs/RUN_2025-09-14_22-17-56/31-openroad-repairdesignpostgpl/Systolic4x4_serial_io.sdc'…
