
===========================================================================
report_checks -unconstrained
===========================================================================
======================= nom_tt_025C_1v80 Corner ===================================

Startpoint: _1104_ (rising edge-triggered flip-flop clocked by A_in_serial_clk)
Endpoint: _1103_ (rising edge-triggered flip-flop clocked by A_in_serial_clk)
Path Group: A_in_serial_clk
Path Type: max

Fanout         Cap        Slew       Delay        Time   Description
---------------------------------------------------------------------------------------------
                      0.000000    0.000000    0.000000   clock A_in_serial_clk (rise edge)
                                  0.000000    0.000000   clock network delay (ideal)
                      0.000000    0.000000    0.000000 ^ _1104_/CLK (sky130_fd_sc_hd__dfrtp_2)
   139    0.474361    2.212438    1.840242    1.840242 ^ _1104_/Q (sky130_fd_sc_hd__dfrtp_2)
                                                         deser_A.receiving (net)
                      2.212438    0.000000    1.840242 ^ _0692_/A (sky130_fd_sc_hd__and4_2)
     6    0.022938    0.178696    0.640255    2.480497 ^ _0692_/X (sky130_fd_sc_hd__and4_2)
                                                         _0516_ (net)
                      0.178696    0.000000    2.480497 ^ _0700_/D (sky130_fd_sc_hd__and4_2)
     3    0.011827    0.095889    0.286909    2.767406 ^ _0700_/X (sky130_fd_sc_hd__and4_2)
                                                         _0521_ (net)
                      0.095889    0.000000    2.767406 ^ _0704_/B (sky130_fd_sc_hd__nand2_2)
     2    0.004703    0.035821    0.060971    2.828377 v _0704_/Y (sky130_fd_sc_hd__nand2_2)
                                                         _0524_ (net)
                      0.035821    0.000000    2.828377 v _0708_/S (sky130_fd_sc_hd__mux2_1)
     1    0.004276    0.064735    0.312313    3.140690 v _0708_/X (sky130_fd_sc_hd__mux2_1)
                                                         _0527_ (net)
                      0.064735    0.000000    3.140690 v _0709_/A (sky130_fd_sc_hd__inv_2)
     1    0.002005    0.024605    0.044130    3.184819 ^ _0709_/Y (sky130_fd_sc_hd__inv_2)
                                                         _0052_ (net)
                      0.024605    0.000000    3.184819 ^ _1103_/D (sky130_fd_sc_hd__dfrtp_2)
                                              3.184819   data arrival time

                      0.000000    2.000000    2.000000   clock A_in_serial_clk (rise edge)
                                  0.000000    2.000000   clock network delay (ideal)
                                  0.000000    2.000000   clock reconvergence pessimism
                                              2.000000 ^ _1103_/CLK (sky130_fd_sc_hd__dfrtp_2)
                                 -0.065546    1.934454   library setup time
                                              1.934454   data required time
---------------------------------------------------------------------------------------------
                                              1.934454   data required time
                                             -3.184819   data arrival time
---------------------------------------------------------------------------------------------
                                             -1.250366   slack (VIOLATED)


Startpoint: _1248_ (rising edge-triggered flip-flop clocked by B_in_serial_clk)
Endpoint: _1247_ (rising edge-triggered flip-flop clocked by B_in_serial_clk)
Path Group: B_in_serial_clk
Path Type: max

Fanout         Cap        Slew       Delay        Time   Description
---------------------------------------------------------------------------------------------
                      0.000000    0.000000    0.000000   clock B_in_serial_clk (rise edge)
                                  0.000000    0.000000   clock network delay (ideal)
                      0.000000    0.000000    0.000000 ^ _1248_/CLK (sky130_fd_sc_hd__dfrtp_2)
   139    0.474361    2.212438    1.840242    1.840242 ^ _1248_/Q (sky130_fd_sc_hd__dfrtp_2)
                                                         deser_B.receiving (net)
                      2.212438    0.000000    1.840242 ^ _0863_/A (sky130_fd_sc_hd__and4_2)
     6    0.022938    0.178696    0.640255    2.480497 ^ _0863_/X (sky130_fd_sc_hd__and4_2)
                                                         _0363_ (net)
                      0.178696    0.000000    2.480497 ^ _0871_/D (sky130_fd_sc_hd__and4_2)
     3    0.011827    0.095889    0.286909    2.767406 ^ _0871_/X (sky130_fd_sc_hd__and4_2)
                                                         _0368_ (net)
                      0.095889    0.000000    2.767406 ^ _0875_/B (sky130_fd_sc_hd__nand2_2)
     2    0.004703    0.035821    0.060971    2.828377 v _0875_/Y (sky130_fd_sc_hd__nand2_2)
                                                         _0371_ (net)
                      0.035821    0.000000    2.828377 v _0879_/S (sky130_fd_sc_hd__mux2_1)
     1    0.004276    0.064727    0.312313    3.140690 v _0879_/X (sky130_fd_sc_hd__mux2_1)
                                                         _0374_ (net)
                      0.064727    0.000000    3.140690 v _0880_/A (sky130_fd_sc_hd__inv_2)
     1    0.002005    0.024603    0.044128    3.184817 ^ _0880_/Y (sky130_fd_sc_hd__inv_2)
                                                         _0195_ (net)
                      0.024603    0.000000    3.184817 ^ _1247_/D (sky130_fd_sc_hd__dfrtp_2)
                                              3.184817   data arrival time

                      0.000000    2.000000    2.000000   clock B_in_serial_clk (rise edge)
                                  0.000000    2.000000   clock network delay (ideal)
                                  0.000000    2.000000   clock reconvergence pessimism
                                              2.000000 ^ _1247_/CLK (sky130_fd_sc_hd__dfrtp_2)
                                 -0.065546    1.934454   library setup time
                                              1.934454   data required time
---------------------------------------------------------------------------------------------
                                              1.934454   data required time
                                             -3.184817   data arrival time
---------------------------------------------------------------------------------------------
                                             -1.250363   slack (VIOLATED)


Startpoint: clk (clock source 'clk')
Endpoint: C_out_serial_clk (output port clocked by clk)
Path Group: clk
Path Type: max

Fanout         Cap        Slew       Delay        Time   Description
---------------------------------------------------------------------------------------------
                      0.000000    5.000000    5.000000   clock clk (fall edge)
    56    0.096302    0.000000    0.000000    5.000000 v clk (in)
                                                         clk (net)
                      0.000000    0.000000    5.000000 v _1917_/A (sky130_fd_sc_hd__buf_2)
     1    0.000000    0.016607    0.082874    5.082874 v _1917_/X (sky130_fd_sc_hd__buf_2)
                                                         C_out_serial_clk (net)
                      0.016607    0.000000    5.082874 v C_out_serial_clk (out)
                                              5.082874   data arrival time

                      0.000000   10.000000   10.000000   clock clk (rise edge)
                                  0.000000   10.000000   clock network delay (ideal)
                                 -0.100000    9.900001   clock uncertainty
                                  0.000000    9.900001   clock reconvergence pessimism
                                 -1.500000    8.400000   output external delay
                                              8.400000   data required time
---------------------------------------------------------------------------------------------
                                              8.400000   data required time
                                             -5.082874   data arrival time
---------------------------------------------------------------------------------------------
                                              3.317126   slack (MET)




===========================================================================
report_checks --slack_max -0.01
============================================================================
======================= nom_tt_025C_1v80 Corner ===================================

Startpoint: _1104_ (rising edge-triggered flip-flop clocked by A_in_serial_clk)
Endpoint: _1103_ (rising edge-triggered flip-flop clocked by A_in_serial_clk)
Path Group: A_in_serial_clk
Path Type: max

Fanout         Cap        Slew       Delay        Time   Description
---------------------------------------------------------------------------------------------
                      0.000000    0.000000    0.000000   clock A_in_serial_clk (rise edge)
                                  0.000000    0.000000   clock network delay (ideal)
                      0.000000    0.000000    0.000000 ^ _1104_/CLK (sky130_fd_sc_hd__dfrtp_2)
   139    0.474361    2.212438    1.840242    1.840242 ^ _1104_/Q (sky130_fd_sc_hd__dfrtp_2)
                                                         deser_A.receiving (net)
                      2.212438    0.000000    1.840242 ^ _0692_/A (sky130_fd_sc_hd__and4_2)
     6    0.022938    0.178696    0.640255    2.480497 ^ _0692_/X (sky130_fd_sc_hd__and4_2)
                                                         _0516_ (net)
                      0.178696    0.000000    2.480497 ^ _0700_/D (sky130_fd_sc_hd__and4_2)
     3    0.011827    0.095889    0.286909    2.767406 ^ _0700_/X (sky130_fd_sc_hd__and4_2)
                                                         _0521_ (net)
                      0.095889    0.000000    2.767406 ^ _0704_/B (sky130_fd_sc_hd__nand2_2)
     2    0.004703    0.035821    0.060971    2.828377 v _0704_/Y (sky130_fd_sc_hd__nand2_2)
                                                         _0524_ (net)
                      0.035821    0.000000    2.828377 v _0708_/S (sky130_fd_sc_hd__mux2_1)
     1    0.004276    0.064735    0.312313    3.140690 v _0708_/X (sky130_fd_sc_hd__mux2_1)
                                                         _0527_ (net)
                      0.064735    0.000000    3.140690 v _0709_/A (sky130_fd_sc_hd__inv_2)
     1    0.002005    0.024605    0.044130    3.184819 ^ _0709_/Y (sky130_fd_sc_hd__inv_2)
                                                         _0052_ (net)
                      0.024605    0.000000    3.184819 ^ _1103_/D (sky130_fd_sc_hd__dfrtp_2)
                                              3.184819   data arrival time

                      0.000000    2.000000    2.000000   clock A_in_serial_clk (rise edge)
                                  0.000000    2.000000   clock network delay (ideal)
                                  0.000000    2.000000   clock reconvergence pessimism
                                              2.000000 ^ _1103_/CLK (sky130_fd_sc_hd__dfrtp_2)
                                 -0.065546    1.934454   library setup time
                                              1.934454   data required time
---------------------------------------------------------------------------------------------
                                              1.934454   data required time
                                             -3.184819   data arrival time
---------------------------------------------------------------------------------------------
                                             -1.250366   slack (VIOLATED)


Startpoint: _1248_ (rising edge-triggered flip-flop clocked by B_in_serial_clk)
Endpoint: _1247_ (rising edge-triggered flip-flop clocked by B_in_serial_clk)
Path Group: B_in_serial_clk
Path Type: max

Fanout         Cap        Slew       Delay        Time   Description
---------------------------------------------------------------------------------------------
                      0.000000    0.000000    0.000000   clock B_in_serial_clk (rise edge)
                                  0.000000    0.000000   clock network delay (ideal)
                      0.000000    0.000000    0.000000 ^ _1248_/CLK (sky130_fd_sc_hd__dfrtp_2)
   139    0.474361    2.212438    1.840242    1.840242 ^ _1248_/Q (sky130_fd_sc_hd__dfrtp_2)
                                                         deser_B.receiving (net)
                      2.212438    0.000000    1.840242 ^ _0863_/A (sky130_fd_sc_hd__and4_2)
     6    0.022938    0.178696    0.640255    2.480497 ^ _0863_/X (sky130_fd_sc_hd__and4_2)
                                                         _0363_ (net)
                      0.178696    0.000000    2.480497 ^ _0871_/D (sky130_fd_sc_hd__and4_2)
     3    0.011827    0.095889    0.286909    2.767406 ^ _0871_/X (sky130_fd_sc_hd__and4_2)
                                                         _0368_ (net)
                      0.095889    0.000000    2.767406 ^ _0875_/B (sky130_fd_sc_hd__nand2_2)
     2    0.004703    0.035821    0.060971    2.828377 v _0875_/Y (sky130_fd_sc_hd__nand2_2)
                                                         _0371_ (net)
                      0.035821    0.000000    2.828377 v _0879_/S (sky130_fd_sc_hd__mux2_1)
     1    0.004276    0.064727    0.312313    3.140690 v _0879_/X (sky130_fd_sc_hd__mux2_1)
                                                         _0374_ (net)
                      0.064727    0.000000    3.140690 v _0880_/A (sky130_fd_sc_hd__inv_2)
     1    0.002005    0.024603    0.044128    3.184817 ^ _0880_/Y (sky130_fd_sc_hd__inv_2)
                                                         _0195_ (net)
                      0.024603    0.000000    3.184817 ^ _1247_/D (sky130_fd_sc_hd__dfrtp_2)
                                              3.184817   data arrival time

                      0.000000    2.000000    2.000000   clock B_in_serial_clk (rise edge)
                                  0.000000    2.000000   clock network delay (ideal)
                                  0.000000    2.000000   clock reconvergence pessimism
                                              2.000000 ^ _1247_/CLK (sky130_fd_sc_hd__dfrtp_2)
                                 -0.065546    1.934454   library setup time
                                              1.934454   data required time
---------------------------------------------------------------------------------------------
                                              1.934454   data required time
                                             -3.184817   data arrival time
---------------------------------------------------------------------------------------------
                                             -1.250363   slack (VIOLATED)




===========================================================================
 report_check_types -max_slew -max_cap -max_fanout -violators
============================================================================
======================= nom_tt_025C_1v80 Corner ===================================

max slew

Pin                                        Limit        Slew       Slack
------------------------------------------------------------------------
_0547_/A                                0.100000    2.212438   -2.112438 (VIOLATED)
_0549_/B                                0.100000    2.212438   -2.112438 (VIOLATED)
_0550_/B                                0.100000    2.212438   -2.112438 (VIOLATED)
_0554_/A                                0.100000    2.212438   -2.112438 (VIOLATED)
_0556_/B                                0.100000    2.212438   -2.112438 (VIOLATED)
_0557_/B                                0.100000    2.212438   -2.112438 (VIOLATED)
_0666_/A0                               0.100000    2.212438   -2.112438 (VIOLATED)
_0667_/A_N                              0.100000    2.212438   -2.112438 (VIOLATED)
_0668_/A_N                              0.100000    2.212438   -2.112438 (VIOLATED)
_0669_/A                                0.100000    2.212438   -2.112438 (VIOLATED)
_0675_/A                                0.100000    2.212438   -2.112438 (VIOLATED)
_0687_/A0                               0.100000    2.212438   -2.112438 (VIOLATED)
_0689_/A                                0.100000    2.212438   -2.112438 (VIOLATED)
_0692_/A                                0.100000    2.212438   -2.112438 (VIOLATED)
_0710_/S                                0.100000    2.212438   -2.112438 (VIOLATED)
_0711_/S                                0.100000    2.212438   -2.112438 (VIOLATED)
_0712_/S                                0.100000    2.212438   -2.112438 (VIOLATED)
_0713_/S                                0.100000    2.212438   -2.112438 (VIOLATED)
_0714_/S                                0.100000    2.212438   -2.112438 (VIOLATED)
_0715_/S                                0.100000    2.212438   -2.112438 (VIOLATED)
_0716_/S                                0.100000    2.212438   -2.112438 (VIOLATED)
_0717_/S                                0.100000    2.212438   -2.112438 (VIOLATED)
_0718_/S                                0.100000    2.212438   -2.112438 (VIOLATED)
_0719_/S                                0.100000    2.212438   -2.112438 (VIOLATED)
_0720_/S                                0.100000    2.212438   -2.112438 (VIOLATED)
_0721_/S                                0.100000    2.212438   -2.112438 (VIOLATED)
_0722_/S                                0.100000    2.212438   -2.112438 (VIOLATED)
_0723_/S                                0.100000    2.212438   -2.112438 (VIOLATED)
_0724_/S                                0.100000    2.212438   -2.112438 (VIOLATED)
_0725_/S                                0.100000    2.212438   -2.112438 (VIOLATED)
_0726_/S                                0.100000    2.212438   -2.112438 (VIOLATED)
_0727_/S                                0.100000    2.212438   -2.112438 (VIOLATED)
_0728_/S                                0.100000    2.212438   -2.112438 (VIOLATED)
_0729_/S                                0.100000    2.212438   -2.112438 (VIOLATED)
_0730_/S                                0.100000    2.212438   -2.112438 (VIOLATED)
_0731_/S                                0.100000    2.212438   -2.112438 (VIOLATED)
_0732_/S                                0.100000    2.212438   -2.112438 (VIOLATED)
_0733_/S                                0.100000    2.212438   -2.112438 (VIOLATED)
_0734_/S                                0.100000    2.212438   -2.112438 (VIOLATED)
_0735_/S                                0.100000    2.212438   -2.112438 (VIOLATED)
_0736_/S                                0.100000    2.212438   -2.112438 (VIOLATED)
_0737_/S                                0.100000    2.212438   -2.112438 (VIOLATED)
_0738_/S                                0.100000    2.212438   -2.112438 (VIOLATED)
_0739_/S                                0.100000    2.212438   -2.112438 (VIOLATED)
_0740_/S                                0.100000    2.212438   -2.112438 (VIOLATED)
_0741_/S                                0.100000    2.212438   -2.112438 (VIOLATED)
_0742_/S                                0.100000    2.212438   -2.112438 (VIOLATED)
_0743_/S                                0.100000    2.212438   -2.112438 (VIOLATED)
_0744_/S                                0.100000    2.212438   -2.112438 (VIOLATED)
_0745_/S                                0.100000    2.212438   -2.112438 (VIOLATED)
_0746_/S                                0.100000    2.212438   -2.112438 (VIOLATED)
_0747_/S                                0.100000    2.212438   -2.112438 (VIOLATED)
_0748_/S                                0.100000    2.212438   -2.112438 (VIOLATED)
_0749_/S                                0.100000    2.212438   -2.112438 (VIOLATED)
_0750_/S                                0.100000    2.212438   -2.112438 (VIOLATED)
_0751_/S                                0.100000    2.212438   -2.112438 (VIOLATED)
_0752_/S                                0.100000    2.212438   -2.112438 (VIOLATED)
_0753_/S                                0.100000    2.212438   -2.112438 (VIOLATED)
_0754_/S                                0.100000    2.212438   -2.112438 (VIOLATED)
_0755_/S                                0.100000    2.212438   -2.112438 (VIOLATED)
_0756_/S                                0.100000    2.212438   -2.112438 (VIOLATED)
_0757_/S                                0.100000    2.212438   -2.112438 (VIOLATED)
_0758_/S                                0.100000    2.212438   -2.112438 (VIOLATED)
_0759_/S                                0.100000    2.212438   -2.112438 (VIOLATED)
_0760_/S                                0.100000    2.212438   -2.112438 (VIOLATED)
_0761_/S                                0.100000    2.212438   -2.112438 (VIOLATED)
_0762_/S                                0.100000    2.212438   -2.112438 (VIOLATED)
_0763_/S                                0.100000    2.212438   -2.112438 (VIOLATED)
_0764_/S                                0.100000    2.212438   -2.112438 (VIOLATED)
_0765_/S                                0.100000    2.212438   -2.112438 (VIOLATED)
_0766_/S                                0.100000    2.212438   -2.112438 (VIOLATED)
_0767_/S                                0.100000    2.212438   -2.112438 (VIOLATED)
_0768_/S                                0.100000    2.212438   -2.112438 (VIOLATED)
_0769_/S                                0.100000    2.212438   -2.112438 (VIOLATED)
_0770_/S                                0.100000    2.212438   -2.112438 (VIOLATED)
_0771_/S                                0.100000    2.212438   -2.112438 (VIOLATED)
_0772_/S                                0.100000    2.212438   -2.112438 (VIOLATED)
_0773_/S                                0.100000    2.212438   -2.112438 (VIOLATED)
_0774_/S                                0.100000    2.212438   -2.112438 (VIOLATED)
_0775_/S                                0.100000    2.212438   -2.112438 (VIOLATED)
_0776_/S                                0.100000    2.212438   -2.112438 (VIOLATED)
_0777_/S                                0.100000    2.212438   -2.112438 (VIOLATED)
_0778_/S                                0.100000    2.212438   -2.112438 (VIOLATED)
_0779_/S                                0.100000    2.212438   -2.112438 (VIOLATED)
_0780_/S                                0.100000    2.212438   -2.112438 (VIOLATED)
_0781_/S                                0.100000    2.212438   -2.112438 (VIOLATED)
_0782_/S                                0.100000    2.212438   -2.112438 (VIOLATED)
_0783_/S                                0.100000    2.212438   -2.112438 (VIOLATED)
_0784_/S                                0.100000    2.212438   -2.112438 (VIOLATED)
_0785_/S                                0.100000    2.212438   -2.112438 (VIOLATED)
_0786_/S                                0.100000    2.212438   -2.112438 (VIOLATED)
_0787_/S                                0.100000    2.212438   -2.112438 (VIOLATED)
_0788_/S                                0.100000    2.212438   -2.112438 (VIOLATED)
_0789_/S                                0.100000    2.212438   -2.112438 (VIOLATED)
_0790_/S                                0.100000    2.212438   -2.112438 (VIOLATED)
_0791_/S                                0.100000    2.212438   -2.112438 (VIOLATED)
_0792_/S                                0.100000    2.212438   -2.112438 (VIOLATED)
_0793_/S                                0.100000    2.212438   -2.112438 (VIOLATED)
_0794_/S                                0.100000    2.212438   -2.112438 (VIOLATED)
_0795_/S                                0.100000    2.212438   -2.112438 (VIOLATED)
_0796_/S                                0.100000    2.212438   -2.112438 (VIOLATED)
_0797_/S                                0.100000    2.212438   -2.112438 (VIOLATED)
_0798_/S                                0.100000    2.212438   -2.112438 (VIOLATED)
_0799_/S                                0.100000    2.212438   -2.112438 (VIOLATED)
_0800_/S                                0.100000    2.212438   -2.112438 (VIOLATED)
_0801_/S                                0.100000    2.212438   -2.112438 (VIOLATED)
_0802_/S                                0.100000    2.212438   -2.112438 (VIOLATED)
_0803_/S                                0.100000    2.212438   -2.112438 (VIOLATED)
_0804_/S                                0.100000    2.212438   -2.112438 (VIOLATED)
_0805_/S                                0.100000    2.212438   -2.112438 (VIOLATED)
_0806_/S                                0.100000    2.212438   -2.112438 (VIOLATED)
_0807_/S                                0.100000    2.212438   -2.112438 (VIOLATED)
_0808_/S                                0.100000    2.212438   -2.112438 (VIOLATED)
_0809_/S                                0.100000    2.212438   -2.112438 (VIOLATED)
_0810_/S                                0.100000    2.212438   -2.112438 (VIOLATED)
_0811_/S                                0.100000    2.212438   -2.112438 (VIOLATED)
_0812_/S                                0.100000    2.212438   -2.112438 (VIOLATED)
_0813_/S                                0.100000    2.212438   -2.112438 (VIOLATED)
_0814_/S                                0.100000    2.212438   -2.112438 (VIOLATED)
_0815_/S                                0.100000    2.212438   -2.112438 (VIOLATED)
_0816_/S                                0.100000    2.212438   -2.112438 (VIOLATED)
_0817_/S                                0.100000    2.212438   -2.112438 (VIOLATED)
_0818_/S                                0.100000    2.212438   -2.112438 (VIOLATED)
_0819_/S                                0.100000    2.212438   -2.112438 (VIOLATED)
_0820_/S                                0.100000    2.212438   -2.112438 (VIOLATED)
_0821_/S                                0.100000    2.212438   -2.112438 (VIOLATED)
_0822_/S                                0.100000    2.212438   -2.112438 (VIOLATED)
_0823_/S                                0.100000    2.212438   -2.112438 (VIOLATED)
_0824_/S                                0.100000    2.212438   -2.112438 (VIOLATED)
_0825_/S                                0.100000    2.212438   -2.112438 (VIOLATED)
_0826_/S                                0.100000    2.212438   -2.112438 (VIOLATED)
_0827_/S                                0.100000    2.212438   -2.112438 (VIOLATED)
_0828_/S                                0.100000    2.212438   -2.112438 (VIOLATED)
_0829_/S                                0.100000    2.212438   -2.112438 (VIOLATED)
_0830_/S                                0.100000    2.212438   -2.112438 (VIOLATED)
_0831_/S                                0.100000    2.212438   -2.112438 (VIOLATED)
_0832_/S                                0.100000    2.212438   -2.112438 (VIOLATED)
_0833_/S                                0.100000    2.212438   -2.112438 (VIOLATED)
_0834_/S                                0.100000    2.212438   -2.112438 (VIOLATED)
_0835_/S                                0.100000    2.212438   -2.112438 (VIOLATED)
_0836_/S                                0.100000    2.212438   -2.112438 (VIOLATED)
_0837_/A0                               0.100000    2.212438   -2.112438 (VIOLATED)
_0838_/A_N                              0.100000    2.212438   -2.112438 (VIOLATED)
_0839_/A_N                              0.100000    2.212438   -2.112438 (VIOLATED)
_0840_/A                                0.100000    2.212438   -2.112438 (VIOLATED)
_0846_/A                                0.100000    2.212438   -2.112438 (VIOLATED)
_0858_/A0                               0.100000    2.212438   -2.112438 (VIOLATED)
_0860_/A                                0.100000    2.212438   -2.112438 (VIOLATED)
_0863_/A                                0.100000    2.212438   -2.112438 (VIOLATED)
_0882_/S                                0.100000    2.212438   -2.112438 (VIOLATED)
_0883_/S                                0.100000    2.212438   -2.112438 (VIOLATED)
_0884_/S                                0.100000    2.212438   -2.112438 (VIOLATED)
_0885_/S                                0.100000    2.212438   -2.112438 (VIOLATED)
_0886_/S                                0.100000    2.212438   -2.112438 (VIOLATED)
_0887_/S                                0.100000    2.212438   -2.112438 (VIOLATED)
_0888_/S                                0.100000    2.212438   -2.112438 (VIOLATED)
_0889_/S                                0.100000    2.212438   -2.112438 (VIOLATED)
_0890_/S                                0.100000    2.212438   -2.112438 (VIOLATED)
_0891_/S                                0.100000    2.212438   -2.112438 (VIOLATED)
_0892_/S                                0.100000    2.212438   -2.112438 (VIOLATED)
_0893_/S                                0.100000    2.212438   -2.112438 (VIOLATED)
_0894_/S                                0.100000    2.212438   -2.112438 (VIOLATED)
_0895_/S                                0.100000    2.212438   -2.112438 (VIOLATED)
_0896_/S                                0.100000    2.212438   -2.112438 (VIOLATED)
_0897_/S                                0.100000    2.212438   -2.112438 (VIOLATED)
_0898_/S                                0.100000    2.212438   -2.112438 (VIOLATED)
_0899_/S                                0.100000    2.212438   -2.112438 (VIOLATED)
_0900_/S                                0.100000    2.212438   -2.112438 (VIOLATED)
_0901_/S                                0.100000    2.212438   -2.112438 (VIOLATED)
_0902_/S                                0.100000    2.212438   -2.112438 (VIOLATED)
_0903_/S                                0.100000    2.212438   -2.112438 (VIOLATED)
_0904_/S                                0.100000    2.212438   -2.112438 (VIOLATED)
_0905_/S                                0.100000    2.212438   -2.112438 (VIOLATED)
_0906_/S                                0.100000    2.212438   -2.112438 (VIOLATED)
_0907_/S                                0.100000    2.212438   -2.112438 (VIOLATED)
_0908_/S                                0.100000    2.212438   -2.112438 (VIOLATED)
_0909_/S                                0.100000    2.212438   -2.112438 (VIOLATED)
_0910_/S                                0.100000    2.212438   -2.112438 (VIOLATED)
_0911_/S                                0.100000    2.212438   -2.112438 (VIOLATED)
_0912_/S                                0.100000    2.212438   -2.112438 (VIOLATED)
_0913_/S                                0.100000    2.212438   -2.112438 (VIOLATED)
_0914_/S                                0.100000    2.212438   -2.112438 (VIOLATED)
_0915_/S                                0.100000    2.212438   -2.112438 (VIOLATED)
_0916_/S                                0.100000    2.212438   -2.112438 (VIOLATED)
_0917_/S                                0.100000    2.212438   -2.112438 (VIOLATED)
_0918_/S                                0.100000    2.212438   -2.112438 (VIOLATED)
_0919_/S                                0.100000    2.212438   -2.112438 (VIOLATED)
_0920_/S                                0.100000    2.212438   -2.112438 (VIOLATED)
_0921_/S                                0.100000    2.212438   -2.112438 (VIOLATED)
_0922_/S                                0.100000    2.212438   -2.112438 (VIOLATED)
_0923_/S                                0.100000    2.212438   -2.112438 (VIOLATED)
_0924_/S                                0.100000    2.212438   -2.112438 (VIOLATED)
_0925_/S                                0.100000    2.212438   -2.112438 (VIOLATED)
_0926_/S                                0.100000    2.212438   -2.112438 (VIOLATED)
_0927_/S                                0.100000    2.212438   -2.112438 (VIOLATED)
_0928_/S                                0.100000    2.212438   -2.112438 (VIOLATED)
_0929_/S                                0.100000    2.212438   -2.112438 (VIOLATED)
_0930_/S                                0.100000    2.212438   -2.112438 (VIOLATED)
_0931_/S                                0.100000    2.212438   -2.112438 (VIOLATED)
_0932_/S                                0.100000    2.212438   -2.112438 (VIOLATED)
_0933_/S                                0.100000    2.212438   -2.112438 (VIOLATED)
_0934_/S                                0.100000    2.212438   -2.112438 (VIOLATED)
_0935_/S                                0.100000    2.212438   -2.112438 (VIOLATED)
_0936_/S                                0.100000    2.212438   -2.112438 (VIOLATED)
_0937_/S                                0.100000    2.212438   -2.112438 (VIOLATED)
_0938_/S                                0.100000    2.212438   -2.112438 (VIOLATED)
_0939_/S                                0.100000    2.212438   -2.112438 (VIOLATED)
_0940_/S                                0.100000    2.212438   -2.112438 (VIOLATED)
_0941_/S                                0.100000    2.212438   -2.112438 (VIOLATED)
_0942_/S                                0.100000    2.212438   -2.112438 (VIOLATED)
_0943_/S                                0.100000    2.212438   -2.112438 (VIOLATED)
_0944_/S                                0.100000    2.212438   -2.112438 (VIOLATED)
_0945_/S                                0.100000    2.212438   -2.112438 (VIOLATED)
_0946_/S                                0.100000    2.212438   -2.112438 (VIOLATED)
_0947_/S                                0.100000    2.212438   -2.112438 (VIOLATED)
_0948_/S                                0.100000    2.212438   -2.112438 (VIOLATED)
_0949_/S                                0.100000    2.212438   -2.112438 (VIOLATED)
_0950_/S                                0.100000    2.212438   -2.112438 (VIOLATED)
_0951_/S                                0.100000    2.212438   -2.112438 (VIOLATED)
_0952_/S                                0.100000    2.212438   -2.112438 (VIOLATED)
_0953_/S                                0.100000    2.212438   -2.112438 (VIOLATED)
_0954_/S                                0.100000    2.212438   -2.112438 (VIOLATED)
_0955_/S                                0.100000    2.212438   -2.112438 (VIOLATED)
_0956_/S                                0.100000    2.212438   -2.112438 (VIOLATED)
_0957_/S                                0.100000    2.212438   -2.112438 (VIOLATED)
_0958_/S                                0.100000    2.212438   -2.112438 (VIOLATED)
_0959_/S                                0.100000    2.212438   -2.112438 (VIOLATED)
_0960_/S                                0.100000    2.212438   -2.112438 (VIOLATED)
_0961_/S                                0.100000    2.212438   -2.112438 (VIOLATED)
_0962_/S                                0.100000    2.212438   -2.112438 (VIOLATED)
_0963_/S                                0.100000    2.212438   -2.112438 (VIOLATED)
_0964_/S                                0.100000    2.212438   -2.112438 (VIOLATED)
_0965_/S                                0.100000    2.212438   -2.112438 (VIOLATED)
_0966_/S                                0.100000    2.212438   -2.112438 (VIOLATED)
_0967_/S                                0.100000    2.212438   -2.112438 (VIOLATED)
_0968_/S                                0.100000    2.212438   -2.112438 (VIOLATED)
_0969_/S                                0.100000    2.212438   -2.112438 (VIOLATED)
_0970_/S                                0.100000    2.212438   -2.112438 (VIOLATED)
_0971_/S                                0.100000    2.212438   -2.112438 (VIOLATED)
_0972_/S                                0.100000    2.212438   -2.112438 (VIOLATED)
_0973_/S                                0.100000    2.212438   -2.112438 (VIOLATED)
_0974_/S                                0.100000    2.212438   -2.112438 (VIOLATED)
_0975_/S                                0.100000    2.212438   -2.112438 (VIOLATED)
_0976_/S                                0.100000    2.212438   -2.112438 (VIOLATED)
_0977_/S                                0.100000    2.212438   -2.112438 (VIOLATED)
_0978_/S                                0.100000    2.212438   -2.112438 (VIOLATED)
_0979_/S                                0.100000    2.212438   -2.112438 (VIOLATED)
_0980_/S                                0.100000    2.212438   -2.112438 (VIOLATED)
_0981_/S                                0.100000    2.212438   -2.112438 (VIOLATED)
_0982_/S                                0.100000    2.212438   -2.112438 (VIOLATED)
_0983_/S                                0.100000    2.212438   -2.112438 (VIOLATED)
_0984_/S                                0.100000    2.212438   -2.112438 (VIOLATED)
_0985_/S                                0.100000    2.212438   -2.112438 (VIOLATED)
_0986_/S                                0.100000    2.212438   -2.112438 (VIOLATED)
_0987_/S                                0.100000    2.212438   -2.112438 (VIOLATED)
_0988_/S                                0.100000    2.212438   -2.112438 (VIOLATED)
_0989_/S                                0.100000    2.212438   -2.112438 (VIOLATED)
_0990_/S                                0.100000    2.212438   -2.112438 (VIOLATED)
_0991_/S                                0.100000    2.212438   -2.112438 (VIOLATED)
_0992_/S                                0.100000    2.212438   -2.112438 (VIOLATED)
_0993_/S                                0.100000    2.212438   -2.112438 (VIOLATED)
_0994_/S                                0.100000    2.212438   -2.112438 (VIOLATED)
_0995_/S                                0.100000    2.212438   -2.112438 (VIOLATED)
_0996_/S                                0.100000    2.212438   -2.112438 (VIOLATED)
_0997_/S                                0.100000    2.212438   -2.112438 (VIOLATED)
_0998_/S                                0.100000    2.212438   -2.112438 (VIOLATED)
_0999_/S                                0.100000    2.212438   -2.112438 (VIOLATED)
_1000_/S                                0.100000    2.212438   -2.112438 (VIOLATED)
_1001_/S                                0.100000    2.212438   -2.112438 (VIOLATED)
_1002_/S                                0.100000    2.212438   -2.112438 (VIOLATED)
_1003_/S                                0.100000    2.212438   -2.112438 (VIOLATED)
_1004_/S                                0.100000    2.212438   -2.112438 (VIOLATED)
_1005_/S                                0.100000    2.212438   -2.112438 (VIOLATED)
_1006_/S                                0.100000    2.212438   -2.112438 (VIOLATED)
_1007_/S                                0.100000    2.212438   -2.112438 (VIOLATED)
_1008_/S                                0.100000    2.212438   -2.112438 (VIOLATED)
_1009_/A                                0.100000    2.212438   -2.112438 (VIOLATED)
_1011_/A                                0.100000    2.212438   -2.112438 (VIOLATED)
_1104_/Q                                0.100000    2.212438   -2.112438 (VIOLATED)
_1248_/Q                                0.100000    2.212438   -2.112438 (VIOLATED)
_0547_/Y                                0.100000    0.369665   -0.269665 (VIOLATED)
_0548_/B                                0.100000    0.369665   -0.269665 (VIOLATED)
_0554_/Y                                0.100000    0.369665   -0.269665 (VIOLATED)
_0555_/B                                0.100000    0.369665   -0.269665 (VIOLATED)
_0684_/A                                0.100000    0.369665   -0.269665 (VIOLATED)
_0685_/B                                0.100000    0.369665   -0.269665 (VIOLATED)
_0855_/A                                0.100000    0.369665   -0.269665 (VIOLATED)
_0856_/B                                0.100000    0.369665   -0.269665 (VIOLATED)
_0549_/Y                                0.100000    0.291810   -0.191810 (VIOLATED)
_0551_/B                                0.100000    0.291810   -0.191810 (VIOLATED)
_0556_/Y                                0.100000    0.291810   -0.191810 (VIOLATED)
_0558_/B                                0.100000    0.291810   -0.191810 (VIOLATED)
_0666_/A1                               0.100000    0.291810   -0.191810 (VIOLATED)
_0687_/A1                               0.100000    0.291810   -0.191810 (VIOLATED)
_0837_/A1                               0.100000    0.291810   -0.191810 (VIOLATED)
_0858_/A1                               0.100000    0.291810   -0.191810 (VIOLATED)
_1010_/A2                               0.100000    0.291810   -0.191810 (VIOLATED)
_1012_/A2                               0.100000    0.291810   -0.191810 (VIOLATED)
_0675_/Y                                0.100000    0.259876   -0.159876 (VIOLATED)
_0676_/C                                0.100000    0.259876   -0.159876 (VIOLATED)
_0678_/S                                0.100000    0.259876   -0.159876 (VIOLATED)
_0846_/Y                                0.100000    0.259876   -0.159876 (VIOLATED)
_0847_/C                                0.100000    0.259876   -0.159876 (VIOLATED)
_0849_/S                                0.100000    0.259876   -0.159876 (VIOLATED)
_0571_/Y                                0.100000    0.258943   -0.158943 (VIOLATED)
_0591_/A                                0.100000    0.258943   -0.158943 (VIOLATED)
_0592_/A2                               0.100000    0.258943   -0.158943 (VIOLATED)
_0603_/A                                0.100000    0.258943   -0.158943 (VIOLATED)
_0604_/B                                0.100000    0.258943   -0.158943 (VIOLATED)
_0607_/A2                               0.100000    0.258943   -0.158943 (VIOLATED)
_0610_/A2                               0.100000    0.258943   -0.158943 (VIOLATED)
_0633_/A                                0.100000    0.258943   -0.158943 (VIOLATED)
_0634_/B                                0.100000    0.258943   -0.158943 (VIOLATED)
_0642_/B1                               0.100000    0.258943   -0.158943 (VIOLATED)
_0647_/A                                0.100000    0.258943   -0.158943 (VIOLATED)
_0648_/B                                0.100000    0.258943   -0.158943 (VIOLATED)
_0651_/B                                0.100000    0.258943   -0.158943 (VIOLATED)
_0655_/B                                0.100000    0.258943   -0.158943 (VIOLATED)
_0658_/B                                0.100000    0.258943   -0.158943 (VIOLATED)
_0570_/X                                0.100000    0.237954   -0.137954 (VIOLATED)
_0572_/B                                0.100000    0.237954   -0.137954 (VIOLATED)
_0577_/A                                0.100000    0.237954   -0.137954 (VIOLATED)
_0582_/A                                0.100000    0.237954   -0.137954 (VIOLATED)
_0595_/A                                0.100000    0.237954   -0.137954 (VIOLATED)
_0615_/A                                0.100000    0.237954   -0.137954 (VIOLATED)
_0620_/B1                               0.100000    0.237954   -0.137954 (VIOLATED)
_0628_/A                                0.100000    0.237954   -0.137954 (VIOLATED)
_0638_/B                                0.100000    0.237954   -0.137954 (VIOLATED)
_0661_/B                                0.100000    0.237954   -0.137954 (VIOLATED)
_0664_/B                                0.100000    0.237954   -0.137954 (VIOLATED)
_0668_/Y                                0.100000    0.228364   -0.128364 (VIOLATED)
_0676_/A                                0.100000    0.228364   -0.128364 (VIOLATED)
_0677_/B                                0.100000    0.228364   -0.128364 (VIOLATED)
_0682_/A                                0.100000    0.228364   -0.128364 (VIOLATED)
_0684_/B                                0.100000    0.228364   -0.128364 (VIOLATED)
_0685_/C                                0.100000    0.228364   -0.128364 (VIOLATED)
_0693_/A2                               0.100000    0.228364   -0.128364 (VIOLATED)
_0695_/A2                               0.100000    0.228364   -0.128364 (VIOLATED)
_0697_/A2                               0.100000    0.228364   -0.128364 (VIOLATED)
_0703_/A                                0.100000    0.228364   -0.128364 (VIOLATED)
_0705_/A2                               0.100000    0.228364   -0.128364 (VIOLATED)
_0707_/B                                0.100000    0.228364   -0.128364 (VIOLATED)
_0881_/B1                               0.100000    0.228364   -0.128364 (VIOLATED)
_0839_/Y                                0.100000    0.221015   -0.121015 (VIOLATED)
_0847_/A                                0.100000    0.221015   -0.121015 (VIOLATED)
_0848_/B                                0.100000    0.221015   -0.121015 (VIOLATED)
_0855_/B                                0.100000    0.221015   -0.121015 (VIOLATED)
_0856_/C                                0.100000    0.221015   -0.121015 (VIOLATED)
_0864_/A2                               0.100000    0.221015   -0.121015 (VIOLATED)
_0866_/A2                               0.100000    0.221015   -0.121015 (VIOLATED)
_0868_/A2                               0.100000    0.221015   -0.121015 (VIOLATED)
_0874_/A                                0.100000    0.221015   -0.121015 (VIOLATED)
_0876_/A2                               0.100000    0.221015   -0.121015 (VIOLATED)
_0878_/B                                0.100000    0.221015   -0.121015 (VIOLATED)
_1033_/B1                               0.100000    0.221015   -0.121015 (VIOLATED)
_0548_/Y                                0.100000    0.181988   -0.081988 (VIOLATED)
_0551_/A                                0.100000    0.181988   -0.081988 (VIOLATED)
_0555_/Y                                0.100000    0.181988   -0.081988 (VIOLATED)
_0558_/A                                0.100000    0.181988   -0.081988 (VIOLATED)
_0686_/A                                0.100000    0.181988   -0.081988 (VIOLATED)
_0857_/A                                0.100000    0.181988   -0.081988 (VIOLATED)
_0881_/A2                               0.100000    0.181988   -0.081988 (VIOLATED)
_1033_/A2                               0.100000    0.181988   -0.081988 (VIOLATED)
_0692_/X                                0.100000    0.178696   -0.078696 (VIOLATED)
_0694_/A                                0.100000    0.178696   -0.078696 (VIOLATED)
_0695_/B1                               0.100000    0.178696   -0.078696 (VIOLATED)
_0696_/A2                               0.100000    0.178696   -0.078696 (VIOLATED)
_0697_/B1                               0.100000    0.178696   -0.078696 (VIOLATED)
_0698_/A3                               0.100000    0.178696   -0.078696 (VIOLATED)
_0700_/D                                0.100000    0.178696   -0.078696 (VIOLATED)
_0863_/X                                0.100000    0.178696   -0.078696 (VIOLATED)
_0865_/A                                0.100000    0.178696   -0.078696 (VIOLATED)
_0866_/B1                               0.100000    0.178696   -0.078696 (VIOLATED)
_0867_/A2                               0.100000    0.178696   -0.078696 (VIOLATED)
_0868_/B1                               0.100000    0.178696   -0.078696 (VIOLATED)
_0869_/A3                               0.100000    0.178696   -0.078696 (VIOLATED)
_0871_/D                                0.100000    0.178696   -0.078696 (VIOLATED)
C_out_frame_sync                        0.100000    0.163494   -0.063494 (VIOLATED)
_0531_/A                                0.100000    0.163494   -0.063494 (VIOLATED)
_1013_/B                                0.100000    0.163494   -0.063494 (VIOLATED)
_1014_/C                                0.100000    0.163494   -0.063494 (VIOLATED)
_1015_/A2                               0.100000    0.163494   -0.063494 (VIOLATED)
_1017_/D                                0.100000    0.163494   -0.063494 (VIOLATED)
_1034_/B                                0.100000    0.163494   -0.063494 (VIOLATED)
_1035_/B                                0.100000    0.163494   -0.063494 (VIOLATED)
_1038_/B                                0.100000    0.163494   -0.063494 (VIOLATED)
_1039_/A2                               0.100000    0.163494   -0.063494 (VIOLATED)
_1392_/Q                                0.100000    0.163494   -0.063494 (VIOLATED)
_0557_/X                                0.100000    0.156481   -0.056481 (VIOLATED)
_0842_/A2                               0.100000    0.156481   -0.056481 (VIOLATED)
_0845_/A4                               0.100000    0.156481   -0.056481 (VIOLATED)
_0851_/A2                               0.100000    0.156481   -0.056481 (VIOLATED)
_0852_/A3                               0.100000    0.156481   -0.056481 (VIOLATED)
_0854_/A3                               0.100000    0.156481   -0.056481 (VIOLATED)
_0859_/A2                               0.100000    0.156481   -0.056481 (VIOLATED)
_0873_/A3                               0.100000    0.156481   -0.056481 (VIOLATED)
_0550_/X                                0.100000    0.155297   -0.055297 (VIOLATED)
_0671_/A2                               0.100000    0.155297   -0.055297 (VIOLATED)
_0674_/A4                               0.100000    0.155297   -0.055297 (VIOLATED)
_0680_/C                                0.100000    0.155297   -0.055297 (VIOLATED)
_0681_/A3                               0.100000    0.155297   -0.055297 (VIOLATED)
_0683_/A3                               0.100000    0.155297   -0.055297 (VIOLATED)
_0688_/A2                               0.100000    0.155297   -0.055297 (VIOLATED)
_0702_/A3                               0.100000    0.155297   -0.055297 (VIOLATED)
_0589_/X                                0.100000    0.148828   -0.048828 (VIOLATED)
_0590_/A                                0.100000    0.148828   -0.048828 (VIOLATED)
_0592_/B1                               0.100000    0.148828   -0.048828 (VIOLATED)
_0593_/A2                               0.100000    0.148828   -0.048828 (VIOLATED)
_0594_/C                                0.100000    0.148828   -0.048828 (VIOLATED)
_0601_/A                                0.100000    0.148828   -0.048828 (VIOLATED)
_0608_/C                                0.100000    0.148828   -0.048828 (VIOLATED)
_0614_/A                                0.100000    0.148828   -0.048828 (VIOLATED)
_0627_/A                                0.100000    0.148828   -0.048828 (VIOLATED)
_0653_/A                                0.100000    0.148828   -0.048828 (VIOLATED)
_0607_/Y                                0.100000    0.142193   -0.042193 (VIOLATED)
_0609_/A                                0.100000    0.142193   -0.042193 (VIOLATED)
_1017_/X                                0.100000    0.131962   -0.031962 (VIOLATED)
_1019_/A                                0.100000    0.131962   -0.031962 (VIOLATED)
_1020_/B                                0.100000    0.131962   -0.031962 (VIOLATED)
_1021_/C                                0.100000    0.131962   -0.031962 (VIOLATED)
_1022_/A2                               0.100000    0.131962   -0.031962 (VIOLATED)
_0620_/Y                                0.100000    0.125355   -0.025355 (VIOLATED)
_0623_/A                                0.100000    0.125355   -0.025355 (VIOLATED)
_0624_/A1                               0.100000    0.125355   -0.025355 (VIOLATED)
_0689_/X                                0.100000    0.120663   -0.020663 (VIOLATED)
_0690_/C                                0.100000    0.120663   -0.020663 (VIOLATED)
_0693_/B1                               0.100000    0.120663   -0.020663 (VIOLATED)
_0860_/X                                0.100000    0.120663   -0.020663 (VIOLATED)
_0861_/C                                0.100000    0.120663   -0.020663 (VIOLATED)
_0864_/B1                               0.100000    0.120663   -0.020663 (VIOLATED)
_1021_/X                                0.100000    0.120380   -0.020380 (VIOLATED)
_1023_/A                                0.100000    0.120380   -0.020380 (VIOLATED)
_1024_/B                                0.100000    0.120380   -0.020380 (VIOLATED)
_1025_/C                                0.100000    0.120380   -0.020380 (VIOLATED)
_1026_/A2                               0.100000    0.120380   -0.020380 (VIOLATED)
_1025_/X                                0.100000    0.120320   -0.020320 (VIOLATED)
_1027_/A                                0.100000    0.120320   -0.020320 (VIOLATED)
_1028_/B                                0.100000    0.120320   -0.020320 (VIOLATED)
_1029_/C                                0.100000    0.120320   -0.020320 (VIOLATED)
_1030_/A2                               0.100000    0.120320   -0.020320 (VIOLATED)
_0697_/Y                                0.100000    0.118819   -0.018819 (VIOLATED)
_0698_/B1                               0.100000    0.118819   -0.018819 (VIOLATED)
_0868_/Y                                0.100000    0.118616   -0.018616 (VIOLATED)
_0869_/B1                               0.100000    0.118616   -0.018616 (VIOLATED)
_1045_/X                                0.100000    0.118236   -0.018236 (VIOLATED)
_1047_/A_N                              0.100000    0.118236   -0.018236 (VIOLATED)
_1048_/B                                0.100000    0.118236   -0.018236 (VIOLATED)
_1049_/C                                0.100000    0.118236   -0.018236 (VIOLATED)
_1050_/A2                               0.100000    0.118236   -0.018236 (VIOLATED)
_0544_/B1                               0.100000    0.114920   -0.014920 (VIOLATED)
_0559_/B                                0.100000    0.114920   -0.014920 (VIOLATED)
_0560_/B                                0.100000    0.114920   -0.014920 (VIOLATED)
_0566_/A0                               0.100000    0.114920   -0.014920 (VIOLATED)
_0567_/A1                               0.100000    0.114920   -0.014920 (VIOLATED)
_0569_/A                                0.100000    0.114920   -0.014920 (VIOLATED)
_0570_/A_N                              0.100000    0.114920   -0.014920 (VIOLATED)
_0571_/A_N                              0.100000    0.114920   -0.014920 (VIOLATED)
_0589_/A                                0.100000    0.114920   -0.014920 (VIOLATED)
_0641_/A                                0.100000    0.114920   -0.014920 (VIOLATED)
_1379_/Q                                0.100000    0.114920   -0.014920 (VIOLATED)
_0695_/A1                               0.100000    0.114390   -0.014390 (VIOLATED)
_0696_/A1                               0.100000    0.114390   -0.014390 (VIOLATED)
_0697_/B2                               0.100000    0.114390   -0.014390 (VIOLATED)
_0698_/A1                               0.100000    0.114390   -0.014390 (VIOLATED)
_0700_/A                                0.100000    0.114390   -0.014390 (VIOLATED)
_0702_/A1                               0.100000    0.114390   -0.014390 (VIOLATED)
_0866_/A1                               0.100000    0.114390   -0.014390 (VIOLATED)
_0867_/A1                               0.100000    0.114390   -0.014390 (VIOLATED)
_0868_/B2                               0.100000    0.114390   -0.014390 (VIOLATED)
_0869_/A1                               0.100000    0.114390   -0.014390 (VIOLATED)
_0871_/A                                0.100000    0.114390   -0.014390 (VIOLATED)
_0873_/A1                               0.100000    0.114390   -0.014390 (VIOLATED)
_1099_/Q                                0.100000    0.114390   -0.014390 (VIOLATED)
_1243_/Q                                0.100000    0.114390   -0.014390 (VIOLATED)
_0641_/X                                0.100000    0.114248   -0.014248 (VIOLATED)
_0642_/A2                               0.100000    0.114248   -0.014248 (VIOLATED)
_0643_/A2                               0.100000    0.114248   -0.014248 (VIOLATED)
_0646_/A                                0.100000    0.114248   -0.014248 (VIOLATED)
_0649_/B                                0.100000    0.114248   -0.014248 (VIOLATED)
_0669_/X                                0.100000    0.109230   -0.009230 (VIOLATED)
_0670_/B                                0.100000    0.109230   -0.009230 (VIOLATED)
_0673_/A0                               0.100000    0.109230   -0.009230 (VIOLATED)
_0840_/X                                0.100000    0.109230   -0.009230 (VIOLATED)
_0841_/B                                0.100000    0.109230   -0.009230 (VIOLATED)
_0844_/A0                               0.100000    0.109230   -0.009230 (VIOLATED)
_0608_/X                                0.100000    0.108061   -0.008061 (VIOLATED)
_0609_/B                                0.100000    0.108061   -0.008061 (VIOLATED)
_0610_/B1                               0.100000    0.108061   -0.008061 (VIOLATED)
_0612_/A2                               0.100000    0.108061   -0.008061 (VIOLATED)
_0563_/A                                0.100000    0.107260   -0.007260 (VIOLATED)
_1013_/A                                0.100000    0.107260   -0.007260 (VIOLATED)
_1014_/A                                0.100000    0.107260   -0.007260 (VIOLATED)
_1015_/A1                               0.100000    0.107260   -0.007260 (VIOLATED)
_1017_/A                                0.100000    0.107260   -0.007260 (VIOLATED)
_1381_/Q                                0.100000    0.107260   -0.007260 (VIOLATED)
_0592_/Y                                0.100000    0.105198   -0.005198 (VIOLATED)
_0593_/B1                               0.100000    0.105198   -0.005198 (VIOLATED)
_0610_/Y                                0.100000    0.105198   -0.005198 (VIOLATED)
_0612_/B1                               0.100000    0.105198   -0.005198 (VIOLATED)
_0693_/Y                                0.100000    0.104613   -0.004613 (VIOLATED)
_0694_/B                                0.100000    0.104613   -0.004613 (VIOLATED)
_0642_/Y                                0.100000    0.104407   -0.004407 (VIOLATED)
_0643_/B1                               0.100000    0.104407   -0.004407 (VIOLATED)
_0564_/A1                               0.100000    0.104322   -0.004322 (VIOLATED)
_1024_/A                                0.100000    0.104322   -0.004322 (VIOLATED)
_1025_/A                                0.100000    0.104322   -0.004322 (VIOLATED)
_1026_/A1                               0.100000    0.104322   -0.004322 (VIOLATED)
_1386_/Q                                0.100000    0.104322   -0.004322 (VIOLATED)
_0864_/Y                                0.100000    0.104297   -0.004297 (VIOLATED)
_0865_/B                                0.100000    0.104297   -0.004297 (VIOLATED)
_0695_/Y                                0.100000    0.104274   -0.004274 (VIOLATED)
_0696_/B1                               0.100000    0.104274   -0.004274 (VIOLATED)
_0866_/Y                                0.100000    0.103957   -0.003957 (VIOLATED)
_0867_/B1                               0.100000    0.103957   -0.003957 (VIOLATED)
_0861_/Y                                0.100000    0.103673   -0.003673 (VIOLATED)
_1241_/D                                0.100000    0.103673   -0.003673 (VIOLATED)
_0690_/Y                                0.100000    0.103631   -0.003631 (VIOLATED)
_1097_/D                                0.100000    0.103631   -0.003631 (VIOLATED)
_0559_/Y                                0.100000    0.102564   -0.002564 (VIOLATED)
_0561_/B                                0.100000    0.102564   -0.002564 (VIOLATED)
_0566_/A1                               0.100000    0.102564   -0.002564 (VIOLATED)
_0541_/A                                0.100000    0.102424   -0.002424 (VIOLATED)
_0618_/S                                0.100000    0.102424   -0.002424 (VIOLATED)
_0619_/A                                0.100000    0.102424   -0.002424 (VIOLATED)
_0620_/A1                               0.100000    0.102424   -0.002424 (VIOLATED)
_0622_/A1                               0.100000    0.102424   -0.002424 (VIOLATED)
_0625_/A1                               0.100000    0.102424   -0.002424 (VIOLATED)
_0626_/A                                0.100000    0.102424   -0.002424 (VIOLATED)
_1072_/Q                                0.100000    0.102424   -0.002424 (VIOLATED)
_0627_/X                                0.100000    0.102055   -0.002055 (VIOLATED)
_0628_/B                                0.100000    0.102055   -0.002055 (VIOLATED)
_0630_/A0                               0.100000    0.102055   -0.002055 (VIOLATED)
_0632_/C                                0.100000    0.102055   -0.002055 (VIOLATED)
_0636_/A                                0.100000    0.102055   -0.002055 (VIOLATED)
_1015_/Y                                0.100000    0.101503   -0.001503 (VIOLATED)
_1016_/B                                0.100000    0.101503   -0.001503 (VIOLATED)
_1022_/Y                                0.100000    0.101459   -0.001459 (VIOLATED)
_1023_/B                                0.100000    0.101459   -0.001459 (VIOLATED)
_1026_/Y                                0.100000    0.101457   -0.001457 (VIOLATED)
_1027_/B                                0.100000    0.101457   -0.001457 (VIOLATED)
_1030_/Y                                0.100000    0.101457   -0.001457 (VIOLATED)
_1031_/B                                0.100000    0.101457   -0.001457 (VIOLATED)
_1050_/Y                                0.100000    0.101450   -0.001450 (VIOLATED)
_1051_/B                                0.100000    0.101450   -0.001450 (VIOLATED)
_0562_/C                                0.100000    0.101109   -0.001109 (VIOLATED)
_1028_/A                                0.100000    0.101109   -0.001109 (VIOLATED)
_1029_/A                                0.100000    0.101109   -0.001109 (VIOLATED)
_1030_/A1                               0.100000    0.101109   -0.001109 (VIOLATED)
_1388_/Q                                0.100000    0.101109   -0.001109 (VIOLATED)
_0563_/D                                0.100000    0.101105   -0.001105 (VIOLATED)
_1020_/A                                0.100000    0.101105   -0.001105 (VIOLATED)
_1021_/A                                0.100000    0.101105   -0.001105 (VIOLATED)
_1022_/A1                               0.100000    0.101105   -0.001105 (VIOLATED)
_1384_/Q                                0.100000    0.101105   -0.001105 (VIOLATED)
_0859_/Y                                0.100000    0.100842   -0.000842 (VIOLATED)
_0861_/B                                0.100000    0.100842   -0.000842 (VIOLATED)
_0688_/Y                                0.100000    0.100841   -0.000841 (VIOLATED)
_0690_/B                                0.100000    0.100841   -0.000841 (VIOLATED)
_0851_/Y                                0.100000    0.100166   -0.000166 (VIOLATED)
_0853_/A                                0.100000    0.100166   -0.000166 (VIOLATED)

max capacitance

Pin                                        Limit         Cap       Slack
------------------------------------------------------------------------
_1104_/Q                                0.322276    0.474361   -0.152085 (VIOLATED)
_1248_/Q                                0.322276    0.474361   -0.152085 (VIOLATED)



===========================================================================
report_parasitic_annotation -report_unannotated
============================================================================
Found 1913 unannotated drivers.
 A_in_frame_sync
 A_in_serial_clk
 A_in_serial_data
 B_in_frame_sync
 B_in_serial_clk
 B_in_serial_data
 clk
 rst_n
 start
 _0528_/Y
 _0529_/Y
 _0530_/Y
 _0531_/Y
 _0532_/Y
 _0533_/Y
 _0534_/X
 _0535_/X
 _0536_/X
 _0537_/X
 _0538_/X
 _0539_/X
 _0540_/X
 _0541_/X
 _0542_/X
 _0543_/X
 _0544_/X
 _0545_/X
 _0546_/X
 _0547_/Y
 _0548_/Y
 _0549_/Y
 _0550_/X
 _0551_/Y
 _0552_/X
 _0553_/X
 _0554_/Y
 _0555_/Y
 _0556_/Y
 _0557_/X
 _0558_/Y
 _0559_/Y
 _0560_/X
 _0561_/Y
 _0562_/X
 _0563_/X
 _0564_/X
 _0565_/Y
 _0566_/X
 _0567_/X
 _0568_/X
 _0569_/X
 _0570_/X
 _0571_/Y
 _0572_/Y
 _0573_/X
 _0574_/X
 _0575_/X
 _0576_/X
 _0577_/Y
 _0578_/X
 _0579_/X
 _0580_/X
 _0581_/X
 _0582_/Y
 _0583_/X
 _0584_/X
 _0585_/X
 _0586_/X
 _0587_/X
 _0588_/X
 _0589_/X
 _0590_/Y
 _0591_/X
 _0592_/Y
 _0593_/Y
 _0594_/X
 _0595_/Y
 _0596_/X
 _0597_/X
 _0598_/X
 _0599_/X
 _0600_/X
 _0601_/X
 _0602_/Y
 _0603_/X
 _0604_/Y
 _0605_/X
 _0606_/Y
 _0607_/Y
 _0608_/X
 _0609_/Y
 _0610_/Y
 _0611_/X
 _0612_/Y
 _0613_/X
 _0614_/X
 _0615_/Y
 _0616_/X
 _0617_/X
 _0618_/X
 _0619_/X
 _0620_/Y
 _0621_/X
 _0622_/X
 _0623_/X
 _0624_/X
 _0625_/X
 _0626_/X
 _0627_/X
 _0628_/Y
 _0629_/X
 _0630_/X
 _0631_/X
 _0632_/Y
 _0633_/X
 _0634_/Y
 _0635_/X
 _0636_/Y
 _0637_/Y
 _0638_/Y
 _0639_/X
 _0640_/X
 _0641_/X
 _0642_/Y
 _0643_/Y
 _0644_/X
 _0645_/X
 _0646_/Y
 _0647_/X
 _0648_/Y
 _0649_/X
 _0650_/Y
 _0651_/X
 _0652_/X
 _0653_/X
 _0654_/X
 _0655_/X
 _0656_/Y
 _0657_/X
 _0658_/Y
 _0659_/X
 _0660_/Y
 _0661_/Y
 _0662_/X
 _0663_/X
 _0664_/Y
 _0665_/X
 _0666_/X
 _0667_/X
 _0668_/Y
 _0669_/X
 _0670_/Y
 _0671_/X
 _0672_/X
 _0673_/X
 _0674_/X
 _0675_/Y
 _0676_/X
 _0677_/Y
 _0678_/X
 _0679_/Y
 _0680_/Y
 _0681_/X
 _0682_/X
 _0683_/X
 _0684_/X
 _0685_/X
 _0686_/X
 _0687_/X
 _0688_/Y
 _0689_/X
 _0690_/Y
 _0691_/X
 _0692_/X
 _0693_/Y
 _0694_/Y
 _0695_/Y
 _0696_/Y
 _0697_/Y
 _0698_/X
 _0699_/Y
 _0700_/X
 _0701_/Y
 _0702_/X
 _0703_/X
 _0704_/Y
 _0705_/X
 _0706_/X
 _0707_/Y
 _0708_/X
 _0709_/Y
 _0710_/X
 _0711_/X
 _0712_/X
 _0713_/X
 _0714_/X
 _0715_/X
 _0716_/X
 _0717_/X
 _0718_/X
 _0719_/X
 _0720_/X
 _0721_/X
 _0722_/X
 _0723_/X
 _0724_/X
 _0725_/X
 _0726_/X
 _0727_/X
 _0728_/X
 _0729_/X
 _0730_/X
 _0731_/X
 _0732_/X
 _0733_/X
 _0734_/X
 _0735_/X
 _0736_/X
 _0737_/X
 _0738_/X
 _0739_/X
 _0740_/X
 _0741_/X
 _0742_/X
 _0743_/X
 _0744_/X
 _0745_/X
 _0746_/X
 _0747_/X
 _0748_/X
 _0749_/X
 _0750_/X
 _0751_/X
 _0752_/X
 _0753_/X
 _0754_/X
 _0755_/X
 _0756_/X
 _0757_/X
 _0758_/X
 _0759_/X
 _0760_/X
 _0761_/X
 _0762_/X
 _0763_/X
 _0764_/X
 _0765_/X
 _0766_/X
 _0767_/X
 _0768_/X
 _0769_/X
 _0770_/X
 _0771_/X
 _0772_/X
 _0773_/X
 _0774_/X
 _0775_/X
 _0776_/X
 _0777_/X
 _0778_/X
 _0779_/X
 _0780_/X
 _0781_/X
 _0782_/X
 _0783_/X
 _0784_/X
 _0785_/X
 _0786_/X
 _0787_/X
 _0788_/X
 _0789_/X
 _0790_/X
 _0791_/X
 _0792_/X
 _0793_/X
 _0794_/X
 _0795_/X
 _0796_/X
 _0797_/X
 _0798_/X
 _0799_/X
 _0800_/X
 _0801_/X
 _0802_/X
 _0803_/X
 _0804_/X
 _0805_/X
 _0806_/X
 _0807_/X
 _0808_/X
 _0809_/X
 _0810_/X
 _0811_/X
 _0812_/X
 _0813_/X
 _0814_/X
 _0815_/X
 _0816_/X
 _0817_/X
 _0818_/X
 _0819_/X
 _0820_/X
 _0821_/X
 _0822_/X
 _0823_/X
 _0824_/X
 _0825_/X
 _0826_/X
 _0827_/X
 _0828_/X
 _0829_/X
 _0830_/X
 _0831_/X
 _0832_/X
 _0833_/X
 _0834_/X
 _0835_/X
 _0836_/X
 _0837_/X
 _0838_/X
 _0839_/Y
 _0840_/X
 _0841_/Y
 _0842_/X
 _0843_/X
 _0844_/X
 _0845_/X
 _0846_/Y
 _0847_/X
 _0848_/Y
 _0849_/X
 _0850_/Y
 _0851_/Y
 _0852_/X
 _0853_/Y
 _0854_/X
 _0855_/X
 _0856_/X
 _0857_/X
 _0858_/X
 _0859_/Y
 _0860_/X
 _0861_/Y
 _0862_/X
 _0863_/X
 _0864_/Y
 _0865_/Y
 _0866_/Y
 _0867_/Y
 _0868_/Y
 _0869_/X
 _0870_/Y
 _0871_/X
 _0872_/Y
 _0873_/X
 _0874_/X
 _0875_/Y
 _0876_/X
 _0877_/X
 _0878_/Y
 _0879_/X
 _0880_/Y
 _0881_/Y
 _0882_/X
 _0883_/X
 _0884_/X
 _0885_/X
 _0886_/X
 _0887_/X
 _0888_/X
 _0889_/X
 _0890_/X
 _0891_/X
 _0892_/X
 _0893_/X
 _0894_/X
 _0895_/X
 _0896_/X
 _0897_/X
 _0898_/X
 _0899_/X
 _0900_/X
 _0901_/X
 _0902_/X
 _0903_/X
 _0904_/X
 _0905_/X
 _0906_/X
 _0907_/X
 _0908_/X
 _0909_/X
 _0910_/X
 _0911_/X
 _0912_/X
 _0913_/X
 _0914_/X
 _0915_/X
 _0916_/X
 _0917_/X
 _0918_/X
 _0919_/X
 _0920_/X
 _0921_/X
 _0922_/X
 _0923_/X
 _0924_/X
 _0925_/X
 _0926_/X
 _0927_/X
 _0928_/X
 _0929_/X
 _0930_/X
 _0931_/X
 _0932_/X
 _0933_/X
 _0934_/X
 _0935_/X
 _0936_/X
 _0937_/X
 _0938_/X
 _0939_/X
 _0940_/X
 _0941_/X
 _0942_/X
 _0943_/X
 _0944_/X
 _0945_/X
 _0946_/X
 _0947_/X
 _0948_/X
 _0949_/X
 _0950_/X
 _0951_/X
 _0952_/X
 _0953_/X
 _0954_/X
 _0955_/X
 _0956_/X
 _0957_/X
 _0958_/X
 _0959_/X
 _0960_/X
 _0961_/X
 _0962_/X
 _0963_/X
 _0964_/X
 _0965_/X
 _0966_/X
 _0967_/X
 _0968_/X
 _0969_/X
 _0970_/X
 _0971_/X
 _0972_/X
 _0973_/X
 _0974_/X
 _0975_/X
 _0976_/X
 _0977_/X
 _0978_/X
 _0979_/X
 _0980_/X
 _0981_/X
 _0982_/X
 _0983_/X
 _0984_/X
 _0985_/X
 _0986_/X
 _0987_/X
 _0988_/X
 _0989_/X
 _0990_/X
 _0991_/X
 _0992_/X
 _0993_/X
 _0994_/X
 _0995_/X
 _0996_/X
 _0997_/X
 _0998_/X
 _0999_/X
 _1000_/X
 _1001_/X
 _1002_/X
 _1003_/X
 _1004_/X
 _1005_/X
 _1006_/X
 _1007_/X
 _1008_/X
 _1009_/X
 _1010_/X
 _1011_/X
 _1012_/X
 _1013_/X
 _1014_/X
 _1015_/Y
 _1016_/Y
 _1017_/X
 _1018_/Y
 _1019_/Y
 _1020_/X
 _1021_/X
 _1022_/Y
 _1023_/Y
 _1024_/X
 _1025_/X
 _1026_/Y
 _1027_/Y
 _1028_/X
 _1029_/X
 _1030_/Y
 _1031_/Y
 _1032_/X
 _1033_/Y
 _1034_/Y
 _1035_/X
 _1036_/X
 _1037_/Y
 _1038_/X
 _1039_/X
 _1040_/X
 _1041_/Y
 _1042_/X
 _1043_/X
 _1044_/Y
 _1045_/X
 _1046_/X
 _1047_/X
 _1048_/X
 _1049_/X
 _1050_/Y
 _1051_/Y
 _1052_/Y
 _1053_/X
 _1054_/X
 _1055_/Y
 _1056_/Q
 _1057_/Q
 _1058_/Q
 _1059_/Q
 _1060_/Q
 _1061_/Q
 _1062_/Q
 _1063_/Q
 _1064_/Q
 _1065_/Q
 _1066_/Q
 _1067_/Q
 _1068_/Q
 _1069_/Q
 _1070_/Q
 _1071_/Q
 _1072_/Q
 _1073_/Q
 _1074_/Q
 _1075_/Q
 _1076_/Q
 _1077_/Q
 _1078_/Q
 _1079_/Q
 _1080_/Q
 _1081_/Q
 _1082_/Q
 _1083_/Q
 _1084_/Q
 _1085_/Q
 _1086_/Q
 _1087_/Q
 _1088_/Q
 _1089_/Q
 _1090_/Q
 _1091_/Q
 _1092_/Q
 _1093_/Q
 _1094_/Q
 _1095_/Q
 _1096_/Q
 _1097_/Q
 _1098_/Q
 _1099_/Q
 _1100_/Q
 _1101_/Q
 _1102_/Q
 _1103_/Q
 _1104_/Q
 _1105_/Q
 _1106_/Q
 _1107_/Q
 _1108_/Q
 _1109_/Q
 _1110_/Q
 _1111_/Q
 _1112_/Q
 _1113_/Q
 _1114_/Q
 _1115_/Q
 _1116_/Q
 _1117_/Q
 _1118_/Q
 _1119_/Q
 _1120_/Q
 _1121_/Q
 _1122_/Q
 _1123_/Q
 _1124_/Q
 _1125_/Q
 _1126_/Q
 _1127_/Q
 _1128_/Q
 _1129_/Q
 _1130_/Q
 _1131_/Q
 _1132_/Q
 _1133_/Q
 _1134_/Q
 _1135_/Q
 _1136_/Q
 _1137_/Q
 _1138_/Q
 _1139_/Q
 _1140_/Q
 _1141_/Q
 _1142_/Q
 _1143_/Q
 _1144_/Q
 _1145_/Q
 _1146_/Q
 _1147_/Q
 _1148_/Q
 _1149_/Q
 _1150_/Q
 _1151_/Q
 _1152_/Q
 _1153_/Q
 _1154_/Q
 _1155_/Q
 _1156_/Q
 _1157_/Q
 _1158_/Q
 _1159_/Q
 _1160_/Q
 _1161_/Q
 _1162_/Q
 _1163_/Q
 _1164_/Q
 _1165_/Q
 _1166_/Q
 _1167_/Q
 _1168_/Q
 _1169_/Q
 _1170_/Q
 _1171_/Q
 _1172_/Q
 _1173_/Q
 _1174_/Q
 _1175_/Q
 _1176_/Q
 _1177_/Q
 _1178_/Q
 _1179_/Q
 _1180_/Q
 _1181_/Q
 _1182_/Q
 _1183_/Q
 _1184_/Q
 _1185_/Q
 _1186_/Q
 _1187_/Q
 _1188_/Q
 _1189_/Q
 _1190_/Q
 _1191_/Q
 _1192_/Q
 _1193_/Q
 _1194_/Q
 _1195_/Q
 _1196_/Q
 _1197_/Q
 _1198_/Q
 _1199_/Q
 _1200_/Q
 _1201_/Q
 _1202_/Q
 _1203_/Q
 _1204_/Q
 _1205_/Q
 _1206_/Q
 _1207_/Q
 _1208_/Q
 _1209_/Q
 _1210_/Q
 _1211_/Q
 _1212_/Q
 _1213_/Q
 _1214_/Q
 _1215_/Q
 _1216_/Q
 _1217_/Q
 _1218_/Q
 _1219_/Q
 _1220_/Q
 _1221_/Q
 _1222_/Q
 _1223_/Q
 _1224_/Q
 _1225_/Q
 _1226_/Q
 _1227_/Q
 _1228_/Q
 _1229_/Q
 _1230_/Q
 _1231_/Q
 _1232_/Q
 _1233_/Q
 _1234_/Q
 _1235_/Q
 _1236_/Q
 _1237_/Q
 _1238_/Q
 _1239_/Q
 _1240_/Q
 _1241_/Q
 _1242_/Q
 _1243_/Q
 _1244_/Q
 _1245_/Q
 _1246_/Q
 _1247_/Q
 _1248_/Q
 _1249_/Q
 _1250_/Q
 _1251_/Q
 _1252_/Q
 _1253_/Q
 _1254_/Q
 _1255_/Q
 _1256_/Q
 _1257_/Q
 _1258_/Q
 _1259_/Q
 _1260_/Q
 _1261_/Q
 _1262_/Q
 _1263_/Q
 _1264_/Q
 _1265_/Q
 _1266_/Q
 _1267_/Q
 _1268_/Q
 _1269_/Q
 _1270_/Q
 _1271_/Q
 _1272_/Q
 _1273_/Q
 _1274_/Q
 _1275_/Q
 _1276_/Q
 _1277_/Q
 _1278_/Q
 _1279_/Q
 _1280_/Q
 _1281_/Q
 _1282_/Q
 _1283_/Q
 _1284_/Q
 _1285_/Q
 _1286_/Q
 _1287_/Q
 _1288_/Q
 _1289_/Q
 _1290_/Q
 _1291_/Q
 _1292_/Q
 _1293_/Q
 _1294_/Q
 _1295_/Q
 _1296_/Q
 _1297_/Q
 _1298_/Q
 _1299_/Q
 _1300_/Q
 _1301_/Q
 _1302_/Q
 _1303_/Q
 _1304_/Q
 _1305_/Q
 _1306_/Q
 _1307_/Q
 _1308_/Q
 _1309_/Q
 _1310_/Q
 _1311_/Q
 _1312_/Q
 _1313_/Q
 _1314_/Q
 _1315_/Q
 _1316_/Q
 _1317_/Q
 _1318_/Q
 _1319_/Q
 _1320_/Q
 _1321_/Q
 _1322_/Q
 _1323_/Q
 _1324_/Q
 _1325_/Q
 _1326_/Q
 _1327_/Q
 _1328_/Q
 _1329_/Q
 _1330_/Q
 _1331_/Q
 _1332_/Q
 _1333_/Q
 _1334_/Q
 _1335_/Q
 _1336_/Q
 _1337_/Q
 _1338_/Q
 _1339_/Q
 _1340_/Q
 _1341_/Q
 _1342_/Q
 _1343_/Q
 _1344_/Q
 _1345_/Q
 _1346_/Q
 _1347_/Q
 _1348_/Q
 _1349_/Q
 _1350_/Q
 _1351_/Q
 _1352_/Q
 _1353_/Q
 _1354_/Q
 _1355_/Q
 _1356_/Q
 _1357_/Q
 _1358_/Q
 _1359_/Q
 _1360_/Q
 _1361_/Q
 _1362_/Q
 _1363_/Q
 _1364_/Q
 _1365_/Q
 _1366_/Q
 _1367_/Q
 _1368_/Q
 _1369_/Q
 _1370_/Q
 _1371_/Q
 _1372_/Q
 _1373_/Q
 _1374_/Q
 _1375_/Q
 _1376_/Q
 _1377_/Q
 _1378_/Q
 _1379_/Q
 _1380_/Q
 _1381_/Q
 _1382_/Q
 _1383_/Q
 _1384_/Q
 _1385_/Q
 _1386_/Q
 _1387_/Q
 _1388_/Q
 _1389_/Q
 _1390_/Q
 _1391_/Q
 _1392_/Q
 _1393_/Q
 _1394_/Q
 _1395_/Q
 _1396_/Q
 _1397_/Q
 _1398_/Q
 _1399_/Q
 _1400_/Q
 _1401_/Q
 _1402_/Q
 _1403_/HI
 _1403_/LO
 _1404_/HI
 _1404_/LO
 _1405_/HI
 _1405_/LO
 _1406_/HI
 _1406_/LO
 _1407_/HI
 _1407_/LO
 _1408_/HI
 _1408_/LO
 _1409_/HI
 _1409_/LO
 _1410_/HI
 _1410_/LO
 _1411_/HI
 _1411_/LO
 _1412_/HI
 _1412_/LO
 _1413_/HI
 _1413_/LO
 _1414_/HI
 _1414_/LO
 _1415_/HI
 _1415_/LO
 _1416_/HI
 _1416_/LO
 _1417_/HI
 _1417_/LO
 _1418_/HI
 _1418_/LO
 _1419_/HI
 _1419_/LO
 _1420_/HI
 _1420_/LO
 _1421_/HI
 _1421_/LO
 _1422_/HI
 _1422_/LO
 _1423_/HI
 _1423_/LO
 _1424_/HI
 _1424_/LO
 _1425_/HI
 _1425_/LO
 _1426_/HI
 _1426_/LO
 _1427_/HI
 _1427_/LO
 _1428_/HI
 _1428_/LO
 _1429_/HI
 _1429_/LO
 _1430_/HI
 _1430_/LO
 _1431_/HI
 _1431_/LO
 _1432_/HI
 _1432_/LO
 _1433_/HI
 _1433_/LO
 _1434_/HI
 _1434_/LO
 _1435_/HI
 _1435_/LO
 _1436_/HI
 _1436_/LO
 _1437_/HI
 _1437_/LO
 _1438_/HI
 _1438_/LO
 _1439_/HI
 _1439_/LO
 _1440_/HI
 _1440_/LO
 _1441_/HI
 _1441_/LO
 _1442_/HI
 _1442_/LO
 _1443_/HI
 _1443_/LO
 _1444_/HI
 _1444_/LO
 _1445_/HI
 _1445_/LO
 _1446_/HI
 _1446_/LO
 _1447_/HI
 _1447_/LO
 _1448_/HI
 _1448_/LO
 _1449_/HI
 _1449_/LO
 _1450_/HI
 _1450_/LO
 _1451_/HI
 _1451_/LO
 _1452_/HI
 _1452_/LO
 _1453_/HI
 _1453_/LO
 _1454_/HI
 _1454_/LO
 _1455_/HI
 _1455_/LO
 _1456_/HI
 _1456_/LO
 _1457_/HI
 _1457_/LO
 _1458_/HI
 _1458_/LO
 _1459_/HI
 _1459_/LO
 _1460_/HI
 _1460_/LO
 _1461_/HI
 _1461_/LO
 _1462_/HI
 _1462_/LO
 _1463_/HI
 _1463_/LO
 _1464_/HI
 _1464_/LO
 _1465_/HI
 _1465_/LO
 _1466_/HI
 _1466_/LO
 _1467_/HI
 _1467_/LO
 _1468_/HI
 _1468_/LO
 _1469_/HI
 _1469_/LO
 _1470_/HI
 _1470_/LO
 _1471_/HI
 _1471_/LO
 _1472_/HI
 _1472_/LO
 _1473_/HI
 _1473_/LO
 _1474_/HI
 _1474_/LO
 _1475_/HI
 _1475_/LO
 _1476_/HI
 _1476_/LO
 _1477_/HI
 _1477_/LO
 _1478_/HI
 _1478_/LO
 _1479_/HI
 _1479_/LO
 _1480_/HI
 _1480_/LO
 _1481_/HI
 _1481_/LO
 _1482_/HI
 _1482_/LO
 _1483_/HI
 _1483_/LO
 _1484_/HI
 _1484_/LO
 _1485_/HI
 _1485_/LO
 _1486_/HI
 _1486_/LO
 _1487_/HI
 _1487_/LO
 _1488_/HI
 _1488_/LO
 _1489_/HI
 _1489_/LO
 _1490_/HI
 _1490_/LO
 _1491_/HI
 _1491_/LO
 _1492_/HI
 _1492_/LO
 _1493_/HI
 _1493_/LO
 _1494_/HI
 _1494_/LO
 _1495_/HI
 _1495_/LO
 _1496_/HI
 _1496_/LO
 _1497_/HI
 _1497_/LO
 _1498_/HI
 _1498_/LO
 _1499_/HI
 _1499_/LO
 _1500_/HI
 _1500_/LO
 _1501_/HI
 _1501_/LO
 _1502_/HI
 _1502_/LO
 _1503_/HI
 _1503_/LO
 _1504_/HI
 _1504_/LO
 _1505_/HI
 _1505_/LO
 _1506_/HI
 _1506_/LO
 _1507_/HI
 _1507_/LO
 _1508_/HI
 _1508_/LO
 _1509_/HI
 _1509_/LO
 _1510_/HI
 _1510_/LO
 _1511_/HI
 _1511_/LO
 _1512_/HI
 _1512_/LO
 _1513_/HI
 _1513_/LO
 _1514_/HI
 _1514_/LO
 _1515_/HI
 _1515_/LO
 _1516_/HI
 _1516_/LO
 _1517_/HI
 _1517_/LO
 _1518_/HI
 _1518_/LO
 _1519_/HI
 _1519_/LO
 _1520_/HI
 _1520_/LO
 _1521_/HI
 _1521_/LO
 _1522_/HI
 _1522_/LO
 _1523_/HI
 _1523_/LO
 _1524_/HI
 _1524_/LO
 _1525_/HI
 _1525_/LO
 _1526_/HI
 _1526_/LO
 _1527_/HI
 _1527_/LO
 _1528_/HI
 _1528_/LO
 _1529_/HI
 _1529_/LO
 _1530_/HI
 _1530_/LO
 _1531_/HI
 _1531_/LO
 _1532_/HI
 _1532_/LO
 _1533_/HI
 _1533_/LO
 _1534_/HI
 _1534_/LO
 _1535_/HI
 _1535_/LO
 _1536_/HI
 _1536_/LO
 _1537_/HI
 _1537_/LO
 _1538_/HI
 _1538_/LO
 _1539_/HI
 _1539_/LO
 _1540_/HI
 _1540_/LO
 _1541_/HI
 _1541_/LO
 _1542_/HI
 _1542_/LO
 _1543_/HI
 _1543_/LO
 _1544_/HI
 _1544_/LO
 _1545_/HI
 _1545_/LO
 _1546_/HI
 _1546_/LO
 _1547_/HI
 _1547_/LO
 _1548_/HI
 _1548_/LO
 _1549_/HI
 _1549_/LO
 _1550_/HI
 _1550_/LO
 _1551_/HI
 _1551_/LO
 _1552_/HI
 _1552_/LO
 _1553_/HI
 _1553_/LO
 _1554_/HI
 _1554_/LO
 _1555_/HI
 _1555_/LO
 _1556_/HI
 _1556_/LO
 _1557_/HI
 _1557_/LO
 _1558_/HI
 _1558_/LO
 _1559_/HI
 _1559_/LO
 _1560_/HI
 _1560_/LO
 _1561_/HI
 _1561_/LO
 _1562_/HI
 _1562_/LO
 _1563_/HI
 _1563_/LO
 _1564_/HI
 _1564_/LO
 _1565_/HI
 _1565_/LO
 _1566_/HI
 _1566_/LO
 _1567_/HI
 _1567_/LO
 _1568_/HI
 _1568_/LO
 _1569_/HI
 _1569_/LO
 _1570_/HI
 _1570_/LO
 _1571_/HI
 _1571_/LO
 _1572_/HI
 _1572_/LO
 _1573_/HI
 _1573_/LO
 _1574_/HI
 _1574_/LO
 _1575_/HI
 _1575_/LO
 _1576_/HI
 _1576_/LO
 _1577_/HI
 _1577_/LO
 _1578_/HI
 _1578_/LO
 _1579_/HI
 _1579_/LO
 _1580_/HI
 _1580_/LO
 _1581_/HI
 _1581_/LO
 _1582_/HI
 _1582_/LO
 _1583_/HI
 _1583_/LO
 _1584_/HI
 _1584_/LO
 _1585_/HI
 _1585_/LO
 _1586_/HI
 _1586_/LO
 _1587_/HI
 _1587_/LO
 _1588_/HI
 _1588_/LO
 _1589_/HI
 _1589_/LO
 _1590_/HI
 _1590_/LO
 _1591_/HI
 _1591_/LO
 _1592_/HI
 _1592_/LO
 _1593_/HI
 _1593_/LO
 _1594_/HI
 _1594_/LO
 _1595_/HI
 _1595_/LO
 _1596_/HI
 _1596_/LO
 _1597_/HI
 _1597_/LO
 _1598_/HI
 _1598_/LO
 _1599_/HI
 _1599_/LO
 _1600_/HI
 _1600_/LO
 _1601_/HI
 _1601_/LO
 _1602_/HI
 _1602_/LO
 _1603_/HI
 _1603_/LO
 _1604_/HI
 _1604_/LO
 _1605_/HI
 _1605_/LO
 _1606_/HI
 _1606_/LO
 _1607_/HI
 _1607_/LO
 _1608_/HI
 _1608_/LO
 _1609_/HI
 _1609_/LO
 _1610_/HI
 _1610_/LO
 _1611_/HI
 _1611_/LO
 _1612_/HI
 _1612_/LO
 _1613_/HI
 _1613_/LO
 _1614_/HI
 _1614_/LO
 _1615_/HI
 _1615_/LO
 _1616_/HI
 _1616_/LO
 _1617_/HI
 _1617_/LO
 _1618_/HI
 _1618_/LO
 _1619_/HI
 _1619_/LO
 _1620_/HI
 _1620_/LO
 _1621_/HI
 _1621_/LO
 _1622_/HI
 _1622_/LO
 _1623_/HI
 _1623_/LO
 _1624_/HI
 _1624_/LO
 _1625_/HI
 _1625_/LO
 _1626_/HI
 _1626_/LO
 _1627_/HI
 _1627_/LO
 _1628_/HI
 _1628_/LO
 _1629_/HI
 _1629_/LO
 _1630_/HI
 _1630_/LO
 _1631_/HI
 _1631_/LO
 _1632_/HI
 _1632_/LO
 _1633_/HI
 _1633_/LO
 _1634_/HI
 _1634_/LO
 _1635_/HI
 _1635_/LO
 _1636_/HI
 _1636_/LO
 _1637_/HI
 _1637_/LO
 _1638_/HI
 _1638_/LO
 _1639_/HI
 _1639_/LO
 _1640_/HI
 _1640_/LO
 _1641_/HI
 _1641_/LO
 _1642_/HI
 _1642_/LO
 _1643_/HI
 _1643_/LO
 _1644_/HI
 _1644_/LO
 _1645_/HI
 _1645_/LO
 _1646_/HI
 _1646_/LO
 _1647_/HI
 _1647_/LO
 _1648_/HI
 _1648_/LO
 _1649_/HI
 _1649_/LO
 _1650_/HI
 _1650_/LO
 _1651_/HI
 _1651_/LO
 _1652_/HI
 _1652_/LO
 _1653_/HI
 _1653_/LO
 _1654_/HI
 _1654_/LO
 _1655_/HI
 _1655_/LO
 _1656_/HI
 _1656_/LO
 _1657_/HI
 _1657_/LO
 _1658_/HI
 _1658_/LO
 _1659_/HI
 _1659_/LO
 _1660_/HI
 _1660_/LO
 _1661_/HI
 _1661_/LO
 _1662_/HI
 _1662_/LO
 _1663_/HI
 _1663_/LO
 _1664_/HI
 _1664_/LO
 _1665_/HI
 _1665_/LO
 _1666_/HI
 _1666_/LO
 _1667_/HI
 _1667_/LO
 _1668_/HI
 _1668_/LO
 _1669_/HI
 _1669_/LO
 _1670_/HI
 _1670_/LO
 _1671_/HI
 _1671_/LO
 _1672_/HI
 _1672_/LO
 _1673_/HI
 _1673_/LO
 _1674_/HI
 _1674_/LO
 _1675_/HI
 _1675_/LO
 _1676_/HI
 _1676_/LO
 _1677_/HI
 _1677_/LO
 _1678_/HI
 _1678_/LO
 _1679_/HI
 _1679_/LO
 _1680_/HI
 _1680_/LO
 _1681_/HI
 _1681_/LO
 _1682_/HI
 _1682_/LO
 _1683_/HI
 _1683_/LO
 _1684_/HI
 _1684_/LO
 _1685_/HI
 _1685_/LO
 _1686_/HI
 _1686_/LO
 _1687_/HI
 _1687_/LO
 _1688_/HI
 _1688_/LO
 _1689_/HI
 _1689_/LO
 _1690_/HI
 _1690_/LO
 _1691_/HI
 _1691_/LO
 _1692_/HI
 _1692_/LO
 _1693_/HI
 _1693_/LO
 _1694_/HI
 _1694_/LO
 _1695_/HI
 _1695_/LO
 _1696_/HI
 _1696_/LO
 _1697_/HI
 _1697_/LO
 _1698_/HI
 _1698_/LO
 _1699_/HI
 _1699_/LO
 _1700_/HI
 _1700_/LO
 _1701_/HI
 _1701_/LO
 _1702_/HI
 _1702_/LO
 _1703_/HI
 _1703_/LO
 _1704_/HI
 _1704_/LO
 _1705_/HI
 _1705_/LO
 _1706_/HI
 _1706_/LO
 _1707_/HI
 _1707_/LO
 _1708_/HI
 _1708_/LO
 _1709_/HI
 _1709_/LO
 _1710_/HI
 _1710_/LO
 _1711_/HI
 _1711_/LO
 _1712_/HI
 _1712_/LO
 _1713_/HI
 _1713_/LO
 _1714_/HI
 _1714_/LO
 _1715_/HI
 _1715_/LO
 _1716_/HI
 _1716_/LO
 _1717_/HI
 _1717_/LO
 _1718_/HI
 _1718_/LO
 _1719_/HI
 _1719_/LO
 _1720_/HI
 _1720_/LO
 _1721_/HI
 _1721_/LO
 _1722_/HI
 _1722_/LO
 _1723_/HI
 _1723_/LO
 _1724_/HI
 _1724_/LO
 _1725_/HI
 _1725_/LO
 _1726_/HI
 _1726_/LO
 _1727_/HI
 _1727_/LO
 _1728_/HI
 _1728_/LO
 _1729_/HI
 _1729_/LO
 _1730_/HI
 _1730_/LO
 _1731_/HI
 _1731_/LO
 _1732_/HI
 _1732_/LO
 _1733_/HI
 _1733_/LO
 _1734_/HI
 _1734_/LO
 _1735_/HI
 _1735_/LO
 _1736_/HI
 _1736_/LO
 _1737_/HI
 _1737_/LO
 _1738_/HI
 _1738_/LO
 _1739_/HI
 _1739_/LO
 _1740_/HI
 _1740_/LO
 _1741_/HI
 _1741_/LO
 _1742_/HI
 _1742_/LO
 _1743_/HI
 _1743_/LO
 _1744_/HI
 _1744_/LO
 _1745_/HI
 _1745_/LO
 _1746_/HI
 _1746_/LO
 _1747_/HI
 _1747_/LO
 _1748_/HI
 _1748_/LO
 _1749_/HI
 _1749_/LO
 _1750_/HI
 _1750_/LO
 _1751_/HI
 _1751_/LO
 _1752_/HI
 _1752_/LO
 _1753_/HI
 _1753_/LO
 _1754_/HI
 _1754_/LO
 _1755_/HI
 _1755_/LO
 _1756_/HI
 _1756_/LO
 _1757_/HI
 _1757_/LO
 _1758_/HI
 _1758_/LO
 _1759_/HI
 _1759_/LO
 _1760_/HI
 _1760_/LO
 _1761_/HI
 _1761_/LO
 _1762_/HI
 _1762_/LO
 _1763_/HI
 _1763_/LO
 _1764_/HI
 _1764_/LO
 _1765_/HI
 _1765_/LO
 _1766_/HI
 _1766_/LO
 _1767_/HI
 _1767_/LO
 _1768_/HI
 _1768_/LO
 _1769_/HI
 _1769_/LO
 _1770_/HI
 _1770_/LO
 _1771_/HI
 _1771_/LO
 _1772_/HI
 _1772_/LO
 _1773_/HI
 _1773_/LO
 _1774_/HI
 _1774_/LO
 _1775_/HI
 _1775_/LO
 _1776_/HI
 _1776_/LO
 _1777_/HI
 _1777_/LO
 _1778_/HI
 _1778_/LO
 _1779_/HI
 _1779_/LO
 _1780_/HI
 _1780_/LO
 _1781_/HI
 _1781_/LO
 _1782_/HI
 _1782_/LO
 _1783_/HI
 _1783_/LO
 _1784_/HI
 _1784_/LO
 _1785_/HI
 _1785_/LO
 _1786_/HI
 _1786_/LO
 _1787_/HI
 _1787_/LO
 _1788_/HI
 _1788_/LO
 _1789_/HI
 _1789_/LO
 _1790_/HI
 _1790_/LO
 _1791_/HI
 _1791_/LO
 _1792_/HI
 _1792_/LO
 _1793_/HI
 _1793_/LO
 _1794_/HI
 _1794_/LO
 _1795_/HI
 _1795_/LO
 _1796_/HI
 _1796_/LO
 _1797_/HI
 _1797_/LO
 _1798_/HI
 _1798_/LO
 _1799_/HI
 _1799_/LO
 _1800_/HI
 _1800_/LO
 _1801_/HI
 _1801_/LO
 _1802_/HI
 _1802_/LO
 _1803_/HI
 _1803_/LO
 _1804_/HI
 _1804_/LO
 _1805_/HI
 _1805_/LO
 _1806_/HI
 _1806_/LO
 _1807_/HI
 _1807_/LO
 _1808_/HI
 _1808_/LO
 _1809_/HI
 _1809_/LO
 _1810_/HI
 _1810_/LO
 _1811_/HI
 _1811_/LO
 _1812_/HI
 _1812_/LO
 _1813_/HI
 _1813_/LO
 _1814_/HI
 _1814_/LO
 _1815_/HI
 _1815_/LO
 _1816_/HI
 _1816_/LO
 _1817_/HI
 _1817_/LO
 _1818_/HI
 _1818_/LO
 _1819_/HI
 _1819_/LO
 _1820_/HI
 _1820_/LO
 _1821_/HI
 _1821_/LO
 _1822_/HI
 _1822_/LO
 _1823_/HI
 _1823_/LO
 _1824_/HI
 _1824_/LO
 _1825_/HI
 _1825_/LO
 _1826_/HI
 _1826_/LO
 _1827_/HI
 _1827_/LO
 _1828_/HI
 _1828_/LO
 _1829_/HI
 _1829_/LO
 _1830_/HI
 _1830_/LO
 _1831_/HI
 _1831_/LO
 _1832_/HI
 _1832_/LO
 _1833_/HI
 _1833_/LO
 _1834_/HI
 _1834_/LO
 _1835_/HI
 _1835_/LO
 _1836_/HI
 _1836_/LO
 _1837_/HI
 _1837_/LO
 _1838_/HI
 _1838_/LO
 _1839_/HI
 _1839_/LO
 _1840_/HI
 _1840_/LO
 _1841_/HI
 _1841_/LO
 _1842_/HI
 _1842_/LO
 _1843_/HI
 _1843_/LO
 _1844_/HI
 _1844_/LO
 _1845_/HI
 _1845_/LO
 _1846_/HI
 _1846_/LO
 _1847_/HI
 _1847_/LO
 _1848_/HI
 _1848_/LO
 _1849_/HI
 _1849_/LO
 _1850_/HI
 _1850_/LO
 _1851_/HI
 _1851_/LO
 _1852_/HI
 _1852_/LO
 _1853_/HI
 _1853_/LO
 _1854_/HI
 _1854_/LO
 _1855_/HI
 _1855_/LO
 _1856_/HI
 _1856_/LO
 _1857_/HI
 _1857_/LO
 _1858_/HI
 _1858_/LO
 _1859_/HI
 _1859_/LO
 _1860_/HI
 _1860_/LO
 _1861_/HI
 _1861_/LO
 _1862_/HI
 _1862_/LO
 _1863_/HI
 _1863_/LO
 _1864_/HI
 _1864_/LO
 _1865_/HI
 _1865_/LO
 _1866_/HI
 _1866_/LO
 _1867_/HI
 _1867_/LO
 _1868_/HI
 _1868_/LO
 _1869_/HI
 _1869_/LO
 _1870_/HI
 _1870_/LO
 _1871_/HI
 _1871_/LO
 _1872_/HI
 _1872_/LO
 _1873_/HI
 _1873_/LO
 _1874_/HI
 _1874_/LO
 _1875_/HI
 _1875_/LO
 _1876_/HI
 _1876_/LO
 _1877_/HI
 _1877_/LO
 _1878_/HI
 _1878_/LO
 _1879_/HI
 _1879_/LO
 _1880_/HI
 _1880_/LO
 _1881_/HI
 _1881_/LO
 _1882_/HI
 _1882_/LO
 _1883_/HI
 _1883_/LO
 _1884_/HI
 _1884_/LO
 _1885_/HI
 _1885_/LO
 _1886_/HI
 _1886_/LO
 _1887_/HI
 _1887_/LO
 _1888_/HI
 _1888_/LO
 _1889_/HI
 _1889_/LO
 _1890_/HI
 _1890_/LO
 _1891_/HI
 _1891_/LO
 _1892_/HI
 _1892_/LO
 _1893_/HI
 _1893_/LO
 _1894_/HI
 _1894_/LO
 _1895_/HI
 _1895_/LO
 _1896_/HI
 _1896_/LO
 _1897_/HI
 _1897_/LO
 _1898_/HI
 _1898_/LO
 _1899_/HI
 _1899_/LO
 _1900_/HI
 _1900_/LO
 _1901_/HI
 _1901_/LO
 _1902_/HI
 _1902_/LO
 _1903_/HI
 _1903_/LO
 _1904_/HI
 _1904_/LO
 _1905_/HI
 _1905_/LO
 _1906_/HI
 _1906_/LO
 _1907_/HI
 _1907_/LO
 _1908_/HI
 _1908_/LO
 _1909_/HI
 _1909_/LO
 _1910_/HI
 _1910_/LO
 _1911_/HI
 _1911_/LO
 _1912_/HI
 _1912_/LO
 _1913_/HI
 _1913_/LO
 _1914_/HI
 _1914_/LO
 _1915_/HI
 _1915_/LO
 _1916_/HI
 _1916_/LO
 _1917_/X
Found 0 partially unannotated drivers.

===========================================================================
max slew violation count 560
max fanout violation count 0
max cap violation count 2
============================================================================

===========================================================================
check_setup -verbose -unconstrained_endpoints -multiple_clock -no_clock -no_input_delay -loops -generated_clocks
===========================================================================
Warning: There are 6 input ports missing set_input_delay.
  A_in_frame_sync
  A_in_serial_data
  B_in_frame_sync
  B_in_serial_data
  rst_n
  start
Warning: There is 1 unconstrained endpoint.
  C_out_serial_data
