
===========================================================================
Clock Skew (Setup)
============================================================================
======================= nom_tt_025C_1v80 Corner ===================================

Clock A_in_serial_clk
0.000000 source latency _1088_/CLK ^
0.000000 target latency _1088_/CLK ^
0.000000 CRPR
--------------
0.000000 setup skew

Clock B_in_serial_clk
0.000000 source latency _1232_/CLK ^
0.000000 target latency _1232_/CLK ^
0.000000 CRPR
--------------
0.000000 setup skew

Clock clk
0.000000 source latency _1056_/CLK ^
0.000000 target latency _1056_/CLK ^
0.100000 clock uncertainty
0.000000 CRPR
--------------
0.100000 setup skew

