
===========================================================================
report_checks -unconstrained
===========================================================================
======================= max_tt_025C_1v80 Corner ===================================

Startpoint: _1104_ (rising edge-triggered flip-flop clocked by A_in_serial_clk)
Endpoint: _1103_ (rising edge-triggered flip-flop clocked by A_in_serial_clk)
Path Group: A_in_serial_clk
Path Type: max

Fanout         Cap        Slew       Delay        Time   Description
---------------------------------------------------------------------------------------------
                                  0.000000    0.000000   clock A_in_serial_clk (rise edge)
                                  0.000000    0.000000   clock source latency
     1    0.023781    0.000000    0.000000    0.000000 ^ A_in_serial_clk (in)
                                                         A_in_serial_clk (net)
                      0.003849    0.001924    0.001924 ^ clkbuf_0_A_in_serial_clk/A (sky130_fd_sc_hd__clkbuf_16)
    16    0.109442    0.123339    0.175053    0.176978 ^ clkbuf_0_A_in_serial_clk/X (sky130_fd_sc_hd__clkbuf_16)
                                                         clknet_0_A_in_serial_clk (net)
                      0.123835    0.006262    0.183240 ^ clkbuf_4_10_0_A_in_serial_clk/A (sky130_fd_sc_hd__clkbuf_8)
    10    0.035507    0.075128    0.179172    0.362412 ^ clkbuf_4_10_0_A_in_serial_clk/X (sky130_fd_sc_hd__clkbuf_8)
                                                         clknet_4_10_0_A_in_serial_clk (net)
                      0.075166    0.001619    0.364031 ^ _1104_/CLK (sky130_fd_sc_hd__dfrtp_4)
     6    0.027480    0.089209    0.521914    0.885944 v _1104_/Q (sky130_fd_sc_hd__dfrtp_4)
                                                         deser_A.receiving (net)
                      0.089226    0.001865    0.887810 v max_cap13/A (sky130_fd_sc_hd__buf_12)
     2    0.005306    0.021855    0.134775    1.022585 v max_cap13/X (sky130_fd_sc_hd__buf_12)
                                                         net13 (net)
                      0.021856    0.000278    1.022863 v _0692_/A (sky130_fd_sc_hd__and4_1)
     2    0.010276    0.068459    0.167417    1.190281 v _0692_/X (sky130_fd_sc_hd__and4_1)
                                                         _0516_ (net)
                      0.068469    0.000821    1.191101 v _0700_/C (sky130_fd_sc_hd__and4_1)
     3    0.011134    0.071915    0.232390    1.423492 v _0700_/X (sky130_fd_sc_hd__and4_1)
                                                         _0521_ (net)
                      0.071921    0.000721    1.424213 v _0704_/B (sky130_fd_sc_hd__nand2_2)
     2    0.010544    0.072355    0.096043    1.520255 ^ _0704_/Y (sky130_fd_sc_hd__nand2_2)
                                                         _0524_ (net)
                      0.072363    0.000749    1.521005 ^ _0708_/S (sky130_fd_sc_hd__mux2_4)
     1    0.005322    0.053355    0.302086    1.823091 v _0708_/X (sky130_fd_sc_hd__mux2_4)
                                                         _0527_ (net)
                      0.053355    0.000249    1.823339 v _0709_/A (sky130_fd_sc_hd__inv_2)
     1    0.003622    0.026601    0.046597    1.869936 ^ _0709_/Y (sky130_fd_sc_hd__inv_2)
                                                         _0052_ (net)
                      0.026614    0.000270    1.870207 ^ _1103_/D (sky130_fd_sc_hd__dfrtp_1)
                                              1.870207   data arrival time

                                  2.000000    2.000000   clock A_in_serial_clk (rise edge)
                                  0.000000    2.000000   clock source latency
     1    0.023781    0.000000    0.000000    2.000000 ^ A_in_serial_clk (in)
                                                         A_in_serial_clk (net)
                      0.003849    0.001924    2.001925 ^ clkbuf_0_A_in_serial_clk/A (sky130_fd_sc_hd__clkbuf_16)
    16    0.109442    0.123339    0.175053    2.176978 ^ clkbuf_0_A_in_serial_clk/X (sky130_fd_sc_hd__clkbuf_16)
                                                         clknet_0_A_in_serial_clk (net)
                      0.123859    0.006410    2.183388 ^ clkbuf_4_11_0_A_in_serial_clk/A (sky130_fd_sc_hd__clkbuf_8)
    10    0.031128    0.068073    0.174493    2.357881 ^ clkbuf_4_11_0_A_in_serial_clk/X (sky130_fd_sc_hd__clkbuf_8)
                                                         clknet_4_11_0_A_in_serial_clk (net)
                      0.068099    0.001246    2.359127 ^ _1103_/CLK (sky130_fd_sc_hd__dfrtp_1)
                                  0.000000    2.359127   clock reconvergence pessimism
                                 -0.052136    2.306990   library setup time
                                              2.306990   data required time
---------------------------------------------------------------------------------------------
                                              2.306990   data required time
                                             -1.870207   data arrival time
---------------------------------------------------------------------------------------------
                                              0.436784   slack (MET)


Startpoint: _1248_ (rising edge-triggered flip-flop clocked by B_in_serial_clk)
Endpoint: _1245_ (rising edge-triggered flip-flop clocked by B_in_serial_clk)
Path Group: B_in_serial_clk
Path Type: max

Fanout         Cap        Slew       Delay        Time   Description
---------------------------------------------------------------------------------------------
                                  0.000000    0.000000   clock B_in_serial_clk (rise edge)
                                  0.000000    0.000000   clock source latency
     1    0.018451    0.000000    0.000000    0.000000 ^ B_in_serial_clk (in)
                                                         B_in_serial_clk (net)
                      0.001977    0.000989    0.000989 ^ clkbuf_0_B_in_serial_clk/A (sky130_fd_sc_hd__clkbuf_16)
    16    0.107825    0.121855    0.173376    0.174364 ^ clkbuf_0_B_in_serial_clk/X (sky130_fd_sc_hd__clkbuf_16)
                                                         clknet_0_B_in_serial_clk (net)
                      0.122546    0.007309    0.181674 ^ clkbuf_4_14_0_B_in_serial_clk/A (sky130_fd_sc_hd__clkbuf_8)
     8    0.036083    0.076010    0.179635    0.361309 ^ clkbuf_4_14_0_B_in_serial_clk/X (sky130_fd_sc_hd__clkbuf_8)
                                                         clknet_4_14_0_B_in_serial_clk (net)
                      0.076076    0.002019    0.363328 ^ _1248_/CLK (sky130_fd_sc_hd__dfrtp_4)
     8    0.040885    0.141695    0.491808    0.855136 ^ _1248_/Q (sky130_fd_sc_hd__dfrtp_4)
                                                         deser_B.receiving (net)
                      0.141773    0.003054    0.858191 ^ _0863_/C (sky130_fd_sc_hd__and4_1)
     4    0.010680    0.120924    0.260163    1.118354 ^ _0863_/X (sky130_fd_sc_hd__and4_1)
                                                         _0363_ (net)
                      0.120924    0.000560    1.118913 ^ _0871_/C (sky130_fd_sc_hd__and4_1)
     3    0.008703    0.104579    0.241877    1.360790 ^ _0871_/X (sky130_fd_sc_hd__and4_1)
                                                         _0368_ (net)
                      0.104579    0.000551    1.361341 ^ rebuffer26/A (sky130_fd_sc_hd__dlygate4sd1_1)
     1    0.010251    0.106915    0.255666    1.617007 ^ rebuffer26/X (sky130_fd_sc_hd__dlygate4sd1_1)
                                                         net42 (net)
                      0.106919    0.000834    1.617841 ^ _0872_/A (sky130_fd_sc_hd__inv_2)
     1    0.006348    0.032260    0.046531    1.664372 v _0872_/Y (sky130_fd_sc_hd__inv_2)
                                                         _0369_ (net)
                      0.032284    0.000470    1.664842 v _0874_/B (sky130_fd_sc_hd__and3_1)
     1    0.004988    0.046069    0.164277    1.829118 v _0874_/X (sky130_fd_sc_hd__and3_1)
                                                         _0193_ (net)
                      0.046071    0.000351    1.829470 v _1245_/D (sky130_fd_sc_hd__dfrtp_1)
                                              1.829470   data arrival time

                                  2.000000    2.000000   clock B_in_serial_clk (rise edge)
                                  0.000000    2.000000   clock source latency
     1    0.018451    0.000000    0.000000    2.000000 ^ B_in_serial_clk (in)
                                                         B_in_serial_clk (net)
                      0.001977    0.000989    2.000988 ^ clkbuf_0_B_in_serial_clk/A (sky130_fd_sc_hd__clkbuf_16)
    16    0.107825    0.121855    0.173376    2.174364 ^ clkbuf_0_B_in_serial_clk/X (sky130_fd_sc_hd__clkbuf_16)
                                                         clknet_0_B_in_serial_clk (net)
                      0.122518    0.007162    2.181526 ^ clkbuf_4_15_0_B_in_serial_clk/A (sky130_fd_sc_hd__clkbuf_8)
     9    0.040378    0.082784    0.184444    2.365971 ^ clkbuf_4_15_0_B_in_serial_clk/X (sky130_fd_sc_hd__clkbuf_8)
                                                         clknet_4_15_0_B_in_serial_clk (net)
                      0.082929    0.002119    2.368090 ^ _1245_/CLK (sky130_fd_sc_hd__dfrtp_1)
                                  0.000000    2.368090   clock reconvergence pessimism
                                 -0.106061    2.262029   library setup time
                                              2.262029   data required time
---------------------------------------------------------------------------------------------
                                              2.262029   data required time
                                             -1.829470   data arrival time
---------------------------------------------------------------------------------------------
                                              0.432560   slack (MET)


Startpoint: clk (clock source 'clk')
Endpoint: C_out_serial_clk (output port clocked by clk)
Path Group: clk
Path Type: max

Fanout         Cap        Slew       Delay        Time   Description
---------------------------------------------------------------------------------------------
                                  5.000000    5.000000   clock clk (fall edge)
                                  0.000000    5.000000   clock source latency
     1    0.015690    0.000000    0.000000    5.000000 v clk (in)
                                                         clk (net)
                      0.001623    0.000811    5.000812 v clkbuf_0_clk/A (sky130_fd_sc_hd__clkbuf_16)
     4    0.035772    0.043965    0.138245    5.139057 v clkbuf_0_clk/X (sky130_fd_sc_hd__clkbuf_16)
                                                         clknet_0_clk (net)
                      0.044088    0.002183    5.141240 v clkbuf_2_0__f_clk/A (sky130_fd_sc_hd__clkbuf_16)
    14    0.044880    0.048995    0.161281    5.302521 v clkbuf_2_0__f_clk/X (sky130_fd_sc_hd__clkbuf_16)
                                                         clknet_2_0__leaf_clk (net)
                      0.049408    0.003178    5.305699 v _1917_/A (sky130_fd_sc_hd__buf_2)
     1    0.002636    0.022992    0.114820    5.420519 v _1917_/X (sky130_fd_sc_hd__buf_2)
                                                         net8 (net)
                      0.022992    0.000179    5.420698 v output8/A (sky130_fd_sc_hd__buf_1)
     1    0.000670    0.015771    0.065340    5.486038 v output8/X (sky130_fd_sc_hd__buf_1)
                                                         C_out_serial_clk (net)
                      0.015771    0.000020    5.486058 v C_out_serial_clk (out)
                                              5.486058   data arrival time

                                 10.000000   10.000000   clock clk (rise edge)
                                  0.000000   10.000000   clock network delay (propagated)
                                 -0.100000    9.900001   clock uncertainty
                                  0.000000    9.900001   clock reconvergence pessimism
                                 -1.500000    8.400000   output external delay
                                              8.400000   data required time
---------------------------------------------------------------------------------------------
                                              8.400000   data required time
                                             -5.486058   data arrival time
---------------------------------------------------------------------------------------------
                                              2.913942   slack (MET)




===========================================================================
report_checks --slack_max -0.01
============================================================================
======================= max_tt_025C_1v80 Corner ===================================

No paths found.


===========================================================================
 report_check_types -max_slew -max_cap -max_fanout -violators
============================================================================
======================= max_tt_025C_1v80 Corner ===================================

max slew

Pin                                        Limit        Slew       Slack
------------------------------------------------------------------------
_1012_/A2                               0.100000    0.246289   -0.146289 (VIOLATED)
_0666_/A1                               0.100000    0.246289   -0.146289 (VIOLATED)
_0687_/A1                               0.100000    0.246288   -0.146288 (VIOLATED)
_0551_/B                                0.100000    0.246287   -0.146287 (VIOLATED)
_0549_/Y                                0.100000    0.246286   -0.146286 (VIOLATED)
_0664_/B                                0.100000    0.237994   -0.137994 (VIOLATED)
_0661_/B                                0.100000    0.237991   -0.137991 (VIOLATED)
_0628_/A                                0.100000    0.237882   -0.137882 (VIOLATED)
_0582_/A                                0.100000    0.237880   -0.137880 (VIOLATED)
_0615_/A                                0.100000    0.237879   -0.137880 (VIOLATED)
_0620_/B1                               0.100000    0.237877   -0.137877 (VIOLATED)
_0577_/A                                0.100000    0.237868   -0.137868 (VIOLATED)
_0638_/B                                0.100000    0.237867   -0.137867 (VIOLATED)
_0572_/B                                0.100000    0.237858   -0.137858 (VIOLATED)
_0595_/A                                0.100000    0.237855   -0.137855 (VIOLATED)
_0570_/X                                0.100000    0.237845   -0.137845 (VIOLATED)
_0690_/B                                0.100000    0.202995   -0.102995 (VIOLATED)
_0688_/Y                                0.100000    0.202992   -0.102992 (VIOLATED)
_0696_/A1                               0.100000    0.201158   -0.101158 (VIOLATED)
_0697_/B2                               0.100000    0.201158   -0.101158 (VIOLATED)
_0700_/A                                0.100000    0.201158   -0.101158 (VIOLATED)
_0702_/A1                               0.100000    0.201158   -0.101158 (VIOLATED)
_0695_/A1                               0.100000    0.201158   -0.101158 (VIOLATED)
_0698_/A1                               0.100000    0.201155   -0.101155 (VIOLATED)
_1099_/Q                                0.100000    0.201155   -0.101155 (VIOLATED)
_0868_/B2                               0.100000    0.200590   -0.100590 (VIOLATED)
_0873_/A1                               0.100000    0.200589   -0.100589 (VIOLATED)
_0871_/A                                0.100000    0.200589   -0.100589 (VIOLATED)
_0869_/A1                               0.100000    0.200588   -0.100588 (VIOLATED)
_0867_/A1                               0.100000    0.200587   -0.100587 (VIOLATED)
_0866_/A1                               0.100000    0.200587   -0.100587 (VIOLATED)
_1243_/Q                                0.100000    0.200587   -0.100587 (VIOLATED)
_0622_/A2                               0.100000    0.198077   -0.098077 (VIOLATED)
_0625_/A4                               0.100000    0.198075   -0.098075 (VIOLATED)
_0631_/A2                               0.100000    0.198071   -0.098071 (VIOLATED)
_0644_/A2                               0.100000    0.198069   -0.098069 (VIOLATED)
_0621_/X                                0.100000    0.198066   -0.098066 (VIOLATED)
_0618_/S                                0.100000    0.188565   -0.088565 (VIOLATED)
_0625_/A1                               0.100000    0.188563   -0.088563 (VIOLATED)
_0541_/A                                0.100000    0.188562   -0.088562 (VIOLATED)
_0620_/A1                               0.100000    0.188562   -0.088562 (VIOLATED)
_0622_/A1                               0.100000    0.188562   -0.088562 (VIOLATED)
_0626_/A                                0.100000    0.188562   -0.088562 (VIOLATED)
_0619_/A                                0.100000    0.188561   -0.088561 (VIOLATED)
_1072_/Q                                0.100000    0.188559   -0.088559 (VIOLATED)
_0605_/S                                0.100000    0.185896   -0.085896 (VIOLATED)
_0607_/B1                               0.100000    0.185895   -0.085895 (VIOLATED)
_0602_/A                                0.100000    0.185892   -0.085892 (VIOLATED)
_0601_/X                                0.100000    0.185889   -0.085889 (VIOLATED)
_0616_/C                                0.100000    0.185889   -0.085889 (VIOLATED)
_0547_/B                                0.100000    0.183976   -0.083976 (VIOLATED)
_0680_/A                                0.100000    0.183976   -0.083976 (VIOLATED)
_0681_/B1                               0.100000    0.183975   -0.083975 (VIOLATED)
_0683_/A3                               0.100000    0.183974   -0.083974 (VIOLATED)
_1093_/Q                                0.100000    0.183972   -0.083972 (VIOLATED)
_0854_/A3                               0.100000    0.183536   -0.083536 (VIOLATED)
_0554_/B                                0.100000    0.183536   -0.083536 (VIOLATED)
_0852_/A1                               0.100000    0.183531   -0.083531 (VIOLATED)
_0851_/B1                               0.100000    0.183531   -0.083531 (VIOLATED)
_1237_/Q                                0.100000    0.183529   -0.083529 (VIOLATED)
_0858_/S                                0.100000    0.182948   -0.082948 (VIOLATED)
_0859_/A2                               0.100000    0.182946   -0.082946 (VIOLATED)
_0860_/B                                0.100000    0.182937   -0.082937 (VIOLATED)
_0863_/B                                0.100000    0.182937   -0.082937 (VIOLATED)
_0862_/A                                0.100000    0.182933   -0.082933 (VIOLATED)
_1240_/Q                                0.100000    0.182932   -0.082932 (VIOLATED)
clone829/A                              0.100000    0.177801   -0.077801 (VIOLATED)
rebuffer830/X                           0.100000    0.177788   -0.077788 (VIOLATED)
_0608_/C                                0.100000    0.176415   -0.076415 (VIOLATED)
_0627_/A                                0.100000    0.176415   -0.076415 (VIOLATED)
_0614_/A                                0.100000    0.176413   -0.076413 (VIOLATED)
_0592_/B1                               0.100000    0.176413   -0.076413 (VIOLATED)
_0593_/A2                               0.100000    0.176413   -0.076413 (VIOLATED)
_0601_/A                                0.100000    0.176412   -0.076412 (VIOLATED)
_0594_/C                                0.100000    0.176409   -0.076409 (VIOLATED)
_0653_/A                                0.100000    0.176402   -0.076402 (VIOLATED)
_0590_/A                                0.100000    0.176401   -0.076401 (VIOLATED)
_0589_/X                                0.100000    0.176400   -0.076400 (VIOLATED)
clone831/A                              0.100000    0.173270   -0.073270 (VIOLATED)
rebuffer832/X                           0.100000    0.173261   -0.073261 (VIOLATED)
_0655_/B                                0.100000    0.169448   -0.069448 (VIOLATED)
_0658_/B                                0.100000    0.169448   -0.069448 (VIOLATED)
_0651_/B                                0.100000    0.169436   -0.069436 (VIOLATED)
_0648_/B                                0.100000    0.169432   -0.069432 (VIOLATED)
_0642_/B1                               0.100000    0.169405   -0.069405 (VIOLATED)
_0591_/A                                0.100000    0.169363   -0.069363 (VIOLATED)
_0634_/B                                0.100000    0.169346   -0.069346 (VIOLATED)
_0647_/A                                0.100000    0.169343   -0.069343 (VIOLATED)
_0633_/A                                0.100000    0.169335   -0.069335 (VIOLATED)
_0592_/A2                               0.100000    0.169333   -0.069333 (VIOLATED)
_0603_/A                                0.100000    0.169306   -0.069306 (VIOLATED)
_0610_/A2                               0.100000    0.169272   -0.069272 (VIOLATED)
_0607_/A2                               0.100000    0.169272   -0.069272 (VIOLATED)
_0604_/B                                0.100000    0.169268   -0.069268 (VIOLATED)
_0571_/Y                                0.100000    0.169217   -0.069217 (VIOLATED)
_1028_/B                                0.100000    0.167482   -0.067482 (VIOLATED)
_1030_/A2                               0.100000    0.167481   -0.067481 (VIOLATED)
_1029_/C                                0.100000    0.167477   -0.067477 (VIOLATED)
_1027_/A                                0.100000    0.167475   -0.067475 (VIOLATED)
_1025_/X                                0.100000    0.167474   -0.067474 (VIOLATED)
_0538_/A                                0.100000    0.165779   -0.065779 (VIOLATED)
_0592_/A1                               0.100000    0.165779   -0.065779 (VIOLATED)
_0593_/A1                               0.100000    0.165778   -0.065778 (VIOLATED)
_0596_/A                                0.100000    0.165778   -0.065778 (VIOLATED)
_0600_/A                                0.100000    0.165778   -0.065778 (VIOLATED)
_0594_/A                                0.100000    0.165778   -0.065778 (VIOLATED)
_1064_/Q                                0.100000    0.165775   -0.065775 (VIOLATED)
_0621_/C                                0.100000    0.164215   -0.064215 (VIOLATED)
_0641_/C                                0.100000    0.164214   -0.064214 (VIOLATED)
_0653_/B                                0.100000    0.164214   -0.064214 (VIOLATED)
_0627_/B                                0.100000    0.164204   -0.064204 (VIOLATED)
_0614_/B                                0.100000    0.164197   -0.064197 (VIOLATED)
_0613_/X                                0.100000    0.164194   -0.064194 (VIOLATED)
_0551_/A                                0.100000    0.164140   -0.064140 (VIOLATED)
_0686_/A                                0.100000    0.164138   -0.064138 (VIOLATED)
_0881_/A2                               0.100000    0.164136   -0.064136 (VIOLATED)
_0548_/Y                                0.100000    0.164132   -0.064132 (VIOLATED)
_0662_/D                                0.100000    0.163782   -0.063782 (VIOLATED)
_0656_/B                                0.100000    0.163781   -0.063781 (VIOLATED)
_0659_/C                                0.100000    0.163780   -0.063780 (VIOLATED)
_0657_/A1                               0.100000    0.163780   -0.063780 (VIOLATED)
_0653_/X                                0.100000    0.163779   -0.063779 (VIOLATED)
_0654_/B1_N                             0.100000    0.163779   -0.063779 (VIOLATED)
_0953_/S                                0.100000    0.163232   -0.063232 (VIOLATED)
_0952_/S                                0.100000    0.163222   -0.063222 (VIOLATED)
_0945_/S                                0.100000    0.163199   -0.063199 (VIOLATED)
_0950_/S                                0.100000    0.163183   -0.063183 (VIOLATED)
_0947_/S                                0.100000    0.163175   -0.063175 (VIOLATED)
_0948_/S                                0.100000    0.163152   -0.063152 (VIOLATED)
_0951_/S                                0.100000    0.163040   -0.063040 (VIOLATED)
_0623_/A                                0.100000    0.163034   -0.063034 (VIOLATED)
_0624_/A1                               0.100000    0.163034   -0.063034 (VIOLATED)
_0620_/Y                                0.100000    0.163034   -0.063034 (VIOLATED)
_0949_/S                                0.100000    0.162995   -0.062995 (VIOLATED)
_0937_/S                                0.100000    0.162614   -0.062614 (VIOLATED)
_0958_/S                                0.100000    0.162501   -0.062501 (VIOLATED)
_0983_/S                                0.100000    0.162430   -0.062430 (VIOLATED)
_0982_/S                                0.100000    0.162402   -0.062402 (VIOLATED)
_0956_/S                                0.100000    0.162392   -0.062392 (VIOLATED)
_0954_/S                                0.100000    0.162271   -0.062271 (VIOLATED)
_0979_/S                                0.100000    0.161475   -0.061475 (VIOLATED)
_0978_/S                                0.100000    0.161413   -0.061413 (VIOLATED)
_1020_/B                                0.100000    0.161054   -0.061054 (VIOLATED)
_1019_/A                                0.100000    0.161052   -0.061052 (VIOLATED)
_1022_/A2                               0.100000    0.161051   -0.061051 (VIOLATED)
_1021_/C                                0.100000    0.161050   -0.061050 (VIOLATED)
_1017_/X                                0.100000    0.161050   -0.061050 (VIOLATED)
_0609_/A                                0.100000    0.160804   -0.060804 (VIOLATED)
_0607_/Y                                0.100000    0.160804   -0.060804 (VIOLATED)
_0541_/B                                0.100000    0.160216   -0.060216 (VIOLATED)
_0625_/A2                               0.100000    0.160216   -0.060216 (VIOLATED)
_0626_/B                                0.100000    0.160216   -0.060216 (VIOLATED)
_0622_/B1                               0.100000    0.160212   -0.060212 (VIOLATED)
_0620_/A2                               0.100000    0.160208   -0.060208 (VIOLATED)
_0619_/B                                0.100000    0.160202   -0.060202 (VIOLATED)
_1073_/Q                                0.100000    0.160199   -0.060199 (VIOLATED)
_0960_/S                                0.100000    0.160099   -0.060099 (VIOLATED)
_0962_/S                                0.100000    0.160084   -0.060084 (VIOLATED)
_0976_/S                                0.100000    0.160021   -0.060021 (VIOLATED)
_0974_/S                                0.100000    0.159621   -0.059621 (VIOLATED)
_0925_/S                                0.100000    0.158598   -0.058598 (VIOLATED)
_0927_/S                                0.100000    0.158552   -0.058552 (VIOLATED)
_0906_/S                                0.100000    0.158528   -0.058528 (VIOLATED)
clone31/A                               0.100000    0.158512   -0.058512 (VIOLATED)
_0907_/S                                0.100000    0.158500   -0.058500 (VIOLATED)
_0928_/S                                0.100000    0.158490   -0.058490 (VIOLATED)
_0968_/S                                0.100000    0.158479   -0.058479 (VIOLATED)
_0915_/S                                0.100000    0.158443   -0.058443 (VIOLATED)
_0912_/S                                0.100000    0.158429   -0.058429 (VIOLATED)
_0967_/S                                0.100000    0.158374   -0.058374 (VIOLATED)
_0841_/B                                0.100000    0.158330   -0.058330 (VIOLATED)
rebuffer484/A                           0.100000    0.158324   -0.058324 (VIOLATED)
rebuffer483/A                           0.100000    0.158322   -0.058322 (VIOLATED)
_0838_/X                                0.100000    0.158319   -0.058319 (VIOLATED)
_0913_/S                                0.100000    0.158241   -0.058241 (VIOLATED)
_0908_/S                                0.100000    0.158225   -0.058225 (VIOLATED)
_0914_/S                                0.100000    0.158196   -0.058196 (VIOLATED)
_0917_/S                                0.100000    0.157987   -0.057987 (VIOLATED)
_0916_/S                                0.100000    0.157819   -0.057819 (VIOLATED)
_0965_/S                                0.100000    0.157816   -0.057816 (VIOLATED)
_1024_/B                                0.100000    0.157541   -0.057541 (VIOLATED)
_1025_/C                                0.100000    0.157537   -0.057537 (VIOLATED)
_1026_/A2                               0.100000    0.157533   -0.057533 (VIOLATED)
_1023_/A                                0.100000    0.157533   -0.057533 (VIOLATED)
_0889_/S                                0.100000    0.157532   -0.057532 (VIOLATED)
_1021_/X                                0.100000    0.157530   -0.057530 (VIOLATED)
_0688_/A1                               0.100000    0.157224   -0.057224 (VIOLATED)
_0691_/A                                0.100000    0.157222   -0.057222 (VIOLATED)
_0692_/B                                0.100000    0.157217   -0.057217 (VIOLATED)
_0689_/B                                0.100000    0.157213   -0.057213 (VIOLATED)
_0687_/S                                0.100000    0.157212   -0.057212 (VIOLATED)
_1096_/Q                                0.100000    0.157211   -0.057211 (VIOLATED)
_0918_/S                                0.100000    0.157145   -0.057145 (VIOLATED)
_0887_/S                                0.100000    0.156994   -0.056994 (VIOLATED)
_0919_/S                                0.100000    0.156983   -0.056983 (VIOLATED)
_0890_/S                                0.100000    0.156942   -0.056942 (VIOLATED)
max_cap10/X                             0.100000    0.156831   -0.056831 (VIOLATED)
_0697_/A1                               0.100000    0.156090   -0.056090 (VIOLATED)
_0700_/B                                0.100000    0.156090   -0.056090 (VIOLATED)
_0702_/A2                               0.100000    0.156089   -0.056089 (VIOLATED)
_0698_/A2                               0.100000    0.156088   -0.056088 (VIOLATED)
_1100_/Q                                0.100000    0.156086   -0.056086 (VIOLATED)
_0920_/S                                0.100000    0.156069   -0.056069 (VIOLATED)
_0611_/A                                0.100000    0.155532   -0.055532 (VIOLATED)
_0608_/A                                0.100000    0.155532   -0.055532 (VIOLATED)
_0604_/A                                0.100000    0.155531   -0.055531 (VIOLATED)
_0540_/A                                0.100000    0.155531   -0.055531 (VIOLATED)
_0605_/A1                               0.100000    0.155531   -0.055531 (VIOLATED)
_0607_/B2                               0.100000    0.155531   -0.055531 (VIOLATED)
_1068_/Q                                0.100000    0.155531   -0.055531 (VIOLATED)
_0903_/S                                0.100000    0.155523   -0.055523 (VIOLATED)
_0899_/S                                0.100000    0.155519   -0.055519 (VIOLATED)
_0902_/S                                0.100000    0.155491   -0.055491 (VIOLATED)
_1013_/A                                0.100000    0.155373   -0.055373 (VIOLATED)
_1015_/A1                               0.100000    0.155371   -0.055371 (VIOLATED)
_0563_/A                                0.100000    0.155371   -0.055371 (VIOLATED)
_1017_/A                                0.100000    0.155371   -0.055371 (VIOLATED)
_1014_/A                                0.100000    0.155370   -0.055370 (VIOLATED)
_1381_/Q                                0.100000    0.155369   -0.055369 (VIOLATED)
_0897_/S                                0.100000    0.155328   -0.055328 (VIOLATED)
_0896_/S                                0.100000    0.155260   -0.055260 (VIOLATED)
_0635_/A                                0.100000    0.155205   -0.055205 (VIOLATED)
_0535_/A                                0.100000    0.155205   -0.055205 (VIOLATED)
_0631_/A1                               0.100000    0.155205   -0.055205 (VIOLATED)
_0632_/A                                0.100000    0.155200   -0.055200 (VIOLATED)
_0630_/S                                0.100000    0.155200   -0.055200 (VIOLATED)
_1076_/Q                                0.100000    0.155198   -0.055198 (VIOLATED)
max_cap10/A                             0.100000    0.155191   -0.055191 (VIOLATED)
_0894_/S                                0.100000    0.155092   -0.055092 (VIOLATED)
_0892_/S                                0.100000    0.154705   -0.054705 (VIOLATED)
max_cap11/X                             0.100000    0.154310   -0.054310 (VIOLATED)
_0693_/A2                               0.100000    0.151982   -0.051982 (VIOLATED)
_0697_/A2                               0.100000    0.151976   -0.051976 (VIOLATED)
_0695_/A2                               0.100000    0.151972   -0.051972 (VIOLATED)
_0677_/B                                0.100000    0.151959   -0.051959 (VIOLATED)
_0676_/B                                0.100000    0.151959   -0.051959 (VIOLATED)
_0705_/A2                               0.100000    0.151957   -0.051957 (VIOLATED)
_0684_/B                                0.100000    0.151952   -0.051952 (VIOLATED)
_0682_/A                                0.100000    0.151944   -0.051944 (VIOLATED)
_0707_/B                                0.100000    0.151936   -0.051936 (VIOLATED)
_0703_/A                                0.100000    0.151931   -0.051931 (VIOLATED)
_0881_/B1                               0.100000    0.151928   -0.051928 (VIOLATED)
_0685_/C                                0.100000    0.151928   -0.051928 (VIOLATED)
_0668_/Y                                0.100000    0.151886   -0.051886 (VIOLATED)
_0885_/S                                0.100000    0.149357   -0.049357 (VIOLATED)
_0886_/S                                0.100000    0.149347   -0.049348 (VIOLATED)
_0888_/S                                0.100000    0.149334   -0.049334 (VIOLATED)
_0970_/S                                0.100000    0.149255   -0.049255 (VIOLATED)
_0969_/S                                0.100000    0.149246   -0.049246 (VIOLATED)
_0966_/S                                0.100000    0.149134   -0.049134 (VIOLATED)
_0964_/S                                0.100000    0.148854   -0.048854 (VIOLATED)
_0963_/S                                0.100000    0.148805   -0.048805 (VIOLATED)
_0975_/S                                0.100000    0.148735   -0.048735 (VIOLATED)
_0977_/S                                0.100000    0.148318   -0.048318 (VIOLATED)
_0984_/S                                0.100000    0.148263   -0.048263 (VIOLATED)
_0980_/S                                0.100000    0.148242   -0.048242 (VIOLATED)
_1046_/A3                               0.100000    0.148241   -0.048241 (VIOLATED)
_1041_/B                                0.100000    0.148240   -0.048240 (VIOLATED)
_1045_/D                                0.100000    0.148240   -0.048240 (VIOLATED)
_1042_/B                                0.100000    0.148239   -0.048239 (VIOLATED)
_1040_/A_N                              0.100000    0.148237   -0.048237 (VIOLATED)
_1038_/X                                0.100000    0.148237   -0.048237 (VIOLATED)
_0981_/S                                0.100000    0.148215   -0.048215 (VIOLATED)
_0943_/S                                0.100000    0.148093   -0.048093 (VIOLATED)
_0944_/S                                0.100000    0.148088   -0.048088 (VIOLATED)
_0955_/S                                0.100000    0.148077   -0.048077 (VIOLATED)
_0942_/S                                0.100000    0.148027   -0.048027 (VIOLATED)
_0946_/S                                0.100000    0.148008   -0.048008 (VIOLATED)
_0941_/S                                0.100000    0.147984   -0.047984 (VIOLATED)
_0940_/S                                0.100000    0.147980   -0.047980 (VIOLATED)
_0957_/S                                0.100000    0.147829   -0.047829 (VIOLATED)
_0939_/S                                0.100000    0.147729   -0.047729 (VIOLATED)
_0938_/S                                0.100000    0.147448   -0.047448 (VIOLATED)
_1241_/D                                0.100000    0.147411   -0.047411 (VIOLATED)
_0861_/Y                                0.100000    0.147411   -0.047411 (VIOLATED)
_0936_/S                                0.100000    0.147220   -0.047220 (VIOLATED)
_0959_/S                                0.100000    0.147147   -0.047147 (VIOLATED)
_0574_/S                                0.100000    0.147123   -0.047123 (VIOLATED)
_0580_/A                                0.100000    0.147123   -0.047123 (VIOLATED)
_0575_/A1                               0.100000    0.147122   -0.047122 (VIOLATED)
_0537_/A2                               0.100000    0.147122   -0.047122 (VIOLATED)
_0576_/A                                0.100000    0.147120   -0.047120 (VIOLATED)
_1058_/Q                                0.100000    0.147120   -0.047120 (VIOLATED)
_0961_/S                                0.100000    0.146726   -0.046726 (VIOLATED)
_0868_/A2                               0.100000    0.146701   -0.046701 (VIOLATED)
_0873_/A2                               0.100000    0.146699   -0.046699 (VIOLATED)
_0871_/B                                0.100000    0.146698   -0.046698 (VIOLATED)
_0869_/A2                               0.100000    0.146696   -0.046696 (VIOLATED)
_1244_/Q                                0.100000    0.146690   -0.046690 (VIOLATED)
clone31/X                               0.100000    0.146438   -0.046438 (VIOLATED)
_0619_/C                                0.100000    0.145999   -0.045999 (VIOLATED)
_0620_/A3                               0.100000    0.145998   -0.045998 (VIOLATED)
_0615_/B                                0.100000    0.145998   -0.045998 (VIOLATED)
_0618_/A0                               0.100000    0.145998   -0.045998 (VIOLATED)
_0614_/X                                0.100000    0.145997   -0.045997 (VIOLATED)
_0616_/A_N                              0.100000    0.145997   -0.045997 (VIOLATED)
_0845_/A2                               0.100000    0.144466   -0.044466 (VIOLATED)
_0837_/S                                0.100000    0.144465   -0.044465 (VIOLATED)
_0552_/A                                0.100000    0.144465   -0.044465 (VIOLATED)
_1232_/Q                                0.100000    0.144465   -0.044465 (VIOLATED)
rebuffer485/A                           0.100000    0.144465   -0.044465 (VIOLATED)
_0866_/Y                                0.100000    0.143252   -0.043252 (VIOLATED)
_0867_/B1                               0.100000    0.143252   -0.043252 (VIOLATED)
_0868_/Y                                0.100000    0.141993   -0.041993 (VIOLATED)
_0869_/B1                               0.100000    0.141993   -0.041993 (VIOLATED)
_0863_/C                                0.100000    0.141773   -0.041773 (VIOLATED)
rebuffer832/A                           0.100000    0.141771   -0.041771 (VIOLATED)
rebuffer830/A                           0.100000    0.141766   -0.041766 (VIOLATED)
rebuffer18/A                            0.100000    0.141764   -0.041764 (VIOLATED)
rebuffer805/A                           0.100000    0.141742   -0.041742 (VIOLATED)
split3/A                                0.100000    0.141727   -0.041727 (VIOLATED)
rebuffer629/A                           0.100000    0.141702   -0.041702 (VIOLATED)
rebuffer804/A                           0.100000    0.141702   -0.041702 (VIOLATED)
_1248_/Q                                0.100000    0.141695   -0.041695 (VIOLATED)
_0855_/C                                0.100000    0.141330   -0.041330 (VIOLATED)
_0847_/B                                0.100000    0.141324   -0.041324 (VIOLATED)
_1033_/B1                               0.100000    0.141313   -0.041313 (VIOLATED)
_0864_/A2                               0.100000    0.141298   -0.041298 (VIOLATED)
_0874_/A                                0.100000    0.141297   -0.041297 (VIOLATED)
clone29/Y                               0.100000    0.141231   -0.041231 (VIOLATED)
_0547_/C                                0.100000    0.140028   -0.040028 (VIOLATED)
_0683_/B1                               0.100000    0.140019   -0.040019 (VIOLATED)
_1094_/Q                                0.100000    0.140015   -0.040015 (VIOLATED)
_1030_/A1                               0.100000    0.138487   -0.038487 (VIOLATED)
_0562_/C                                0.100000    0.138486   -0.038486 (VIOLATED)
_1028_/A                                0.100000    0.138485   -0.038485 (VIOLATED)
_1029_/A                                0.100000    0.138485   -0.038485 (VIOLATED)
_1388_/Q                                0.100000    0.138483   -0.038483 (VIOLATED)
_0595_/Y                                0.100000    0.138076   -0.038076 (VIOLATED)
_0597_/B1                               0.100000    0.138076   -0.038076 (VIOLATED)
_0598_/A1                               0.100000    0.138076   -0.038076 (VIOLATED)
_0564_/A1                               0.100000    0.137431   -0.037431 (VIOLATED)
_1026_/A1                               0.100000    0.137429   -0.037429 (VIOLATED)
_1025_/A                                0.100000    0.137429   -0.037429 (VIOLATED)
_1024_/A                                0.100000    0.137429   -0.037429 (VIOLATED)
_1386_/Q                                0.100000    0.137429   -0.037429 (VIOLATED)
_0586_/A2                               0.100000    0.137040   -0.037040 (VIOLATED)
_0539_/C                                0.100000    0.137039   -0.037039 (VIOLATED)
_0587_/B                                0.100000    0.137036   -0.037036 (VIOLATED)
_0585_/S                                0.100000    0.137035   -0.037035 (VIOLATED)
_1062_/Q                                0.100000    0.137032   -0.037032 (VIOLATED)
_0646_/A                                0.100000    0.136544   -0.036544 (VIOLATED)
_0642_/A2                               0.100000    0.136544   -0.036544 (VIOLATED)
_0643_/A2                               0.100000    0.136543   -0.036543 (VIOLATED)
_0641_/X                                0.100000    0.136543   -0.036543 (VIOLATED)
_0649_/B                                0.100000    0.136543   -0.036543 (VIOLATED)
_1026_/Y                                0.100000    0.136127   -0.036127 (VIOLATED)
_1027_/B                                0.100000    0.136127   -0.036127 (VIOLATED)
_0599_/A1                               0.100000    0.135848   -0.035848 (VIOLATED)
_0600_/B                                0.100000    0.135847   -0.035847 (VIOLATED)
_0594_/B                                0.100000    0.135847   -0.035847 (VIOLATED)
_0538_/B                                0.100000    0.135846   -0.035846 (VIOLATED)
_0597_/A1                               0.100000    0.135845   -0.035845 (VIOLATED)
_1065_/Q                                0.100000    0.135844   -0.035844 (VIOLATED)
_0842_/B1                               0.100000    0.135836   -0.035836 (VIOLATED)
_0840_/B                                0.100000    0.135836   -0.035836 (VIOLATED)
_0552_/B                                0.100000    0.135836   -0.035836 (VIOLATED)
_1233_/Q                                0.100000    0.135835   -0.035835 (VIOLATED)
rebuffer489/A                           0.100000    0.135835   -0.035835 (VIOLATED)
_0621_/A                                0.100000    0.134550   -0.034550 (VIOLATED)
_0596_/B                                0.100000    0.134549   -0.034549 (VIOLATED)
_0583_/A                                0.100000    0.134545   -0.034545 (VIOLATED)
_0575_/A2                               0.100000    0.134544   -0.034544 (VIOLATED)
_0560_/X                                0.100000    0.134542   -0.034542 (VIOLATED)
_0853_/A                                0.100000    0.133754   -0.033754 (VIOLATED)
_0851_/Y                                0.100000    0.133754   -0.033754 (VIOLATED)
_0704_/B                                0.100000    0.133624   -0.033624 (VIOLATED)
rebuffer23/A                            0.100000    0.133624   -0.033624 (VIOLATED)
_0705_/B1                               0.100000    0.133624   -0.033624 (VIOLATED)
_0700_/X                                0.100000    0.133622   -0.033622 (VIOLATED)
_0716_/S                                0.100000    0.133291   -0.033291 (VIOLATED)
_0736_/S                                0.100000    0.133280   -0.033280 (VIOLATED)
_0738_/S                                0.100000    0.133276   -0.033276 (VIOLATED)
_0737_/S                                0.100000    0.133272   -0.033272 (VIOLATED)
_0739_/S                                0.100000    0.133243   -0.033243 (VIOLATED)
_0740_/S                                0.100000    0.133170   -0.033170 (VIOLATED)
_0712_/S                                0.100000    0.132846   -0.032846 (VIOLATED)
_0710_/S                                0.100000    0.132688   -0.032688 (VIOLATED)
_1048_/B                                0.100000    0.132603   -0.032603 (VIOLATED)
_1050_/A2                               0.100000    0.132602   -0.032602 (VIOLATED)
_1049_/C                                0.100000    0.132602   -0.032602 (VIOLATED)
_1045_/X                                0.100000    0.132601   -0.032601 (VIOLATED)
_1047_/A_N                              0.100000    0.132601   -0.032601 (VIOLATED)
_0711_/S                                0.100000    0.132456   -0.032456 (VIOLATED)
_0713_/S                                0.100000    0.132436   -0.032436 (VIOLATED)
_1011_/A                                0.100000    0.132436   -0.032436 (VIOLATED)
_0687_/A0                               0.100000    0.132419   -0.032419 (VIOLATED)
_0666_/A0                               0.100000    0.132352   -0.032352 (VIOLATED)
_0582_/Y                                0.100000    0.132337   -0.032337 (VIOLATED)
_0584_/B1                               0.100000    0.132337   -0.032337 (VIOLATED)
_0585_/A1                               0.100000    0.132337   -0.032337 (VIOLATED)
split1/X                                0.100000    0.131985   -0.031985 (VIOLATED)
_0698_/B1                               0.100000    0.130504   -0.030504 (VIOLATED)
_0697_/Y                                0.100000    0.130503   -0.030503 (VIOLATED)
_0586_/A1                               0.100000    0.130127   -0.030127 (VIOLATED)
_0581_/A                                0.100000    0.130126   -0.030126 (VIOLATED)
_0584_/A1                               0.100000    0.130126   -0.030126 (VIOLATED)
_0539_/B                                0.100000    0.130126   -0.030126 (VIOLATED)
_0587_/A                                0.100000    0.130126   -0.030126 (VIOLATED)
_1061_/Q                                0.100000    0.130125   -0.030125 (VIOLATED)
_0678_/A0                               0.100000    0.129203   -0.029203 (VIOLATED)
_0677_/A                                0.100000    0.129203   -0.029203 (VIOLATED)
_0546_/B                                0.100000    0.129202   -0.029202 (VIOLATED)
_0681_/A3                               0.100000    0.129202   -0.029202 (VIOLATED)
_1092_/Q                                0.100000    0.129201   -0.029201 (VIOLATED)
_0554_/C                                0.100000    0.129186   -0.029186 (VIOLATED)
_0854_/B1                               0.100000    0.129182   -0.029182 (VIOLATED)
_1238_/Q                                0.100000    0.129181   -0.029181 (VIOLATED)
_0628_/B                                0.100000    0.128352   -0.028352 (VIOLATED)
_0627_/X                                0.100000    0.128351   -0.028351 (VIOLATED)
_0630_/A0                               0.100000    0.128351   -0.028351 (VIOLATED)
_0632_/C                                0.100000    0.128351   -0.028351 (VIOLATED)
_0636_/A                                0.100000    0.128351   -0.028351 (VIOLATED)
_0612_/A2                               0.100000    0.127850   -0.027850 (VIOLATED)
_0609_/B                                0.100000    0.127850   -0.027850 (VIOLATED)
_0610_/B1                               0.100000    0.127850   -0.027850 (VIOLATED)
_0608_/X                                0.100000    0.127849   -0.027849 (VIOLATED)
output7/A                               0.100000    0.125704   -0.025704 (VIOLATED)
_1013_/B                                0.100000    0.125701   -0.025701 (VIOLATED)
_1015_/A2                               0.100000    0.125694   -0.025694 (VIOLATED)
_0531_/A                                0.100000    0.125686   -0.025686 (VIOLATED)
_1017_/D                                0.100000    0.125674   -0.025674 (VIOLATED)
_1014_/C                                0.100000    0.125668   -0.025668 (VIOLATED)
_1035_/B                                0.100000    0.125653   -0.025653 (VIOLATED)
_1034_/B                                0.100000    0.125651   -0.025651 (VIOLATED)
_1038_/B                                0.100000    0.125641   -0.025641 (VIOLATED)
_1039_/A2                               0.100000    0.125629   -0.025629 (VIOLATED)
_1392_/Q                                0.100000    0.125606   -0.025606 (VIOLATED)
_1020_/A                                0.100000    0.125396   -0.025396 (VIOLATED)
_1022_/A1                               0.100000    0.125395   -0.025395 (VIOLATED)
_0563_/D                                0.100000    0.125395   -0.025395 (VIOLATED)
_1021_/A                                0.100000    0.125394   -0.025394 (VIOLATED)
_1384_/Q                                0.100000    0.125394   -0.025394 (VIOLATED)
_0555_/A                                0.100000    0.124236   -0.024236 (VIOLATED)
_0855_/A                                0.100000    0.124236   -0.024236 (VIOLATED)
_0856_/B                                0.100000    0.124233   -0.024233 (VIOLATED)
_0554_/Y                                0.100000    0.124231   -0.024231 (VIOLATED)
clkbuf_4_4_0_A_in_serial_clk/A          0.100000    0.124144   -0.024144 (VIOLATED)
clkbuf_4_5_0_A_in_serial_clk/A          0.100000    0.124109   -0.024109 (VIOLATED)
clkbuf_4_1_0_A_in_serial_clk/A          0.100000    0.124102   -0.024102 (VIOLATED)
clkbuf_4_14_0_A_in_serial_clk/A         0.100000    0.124072   -0.024072 (VIOLATED)
clkbuf_4_15_0_A_in_serial_clk/A         0.100000    0.124071   -0.024071 (VIOLATED)
clkbuf_4_0_0_A_in_serial_clk/A          0.100000    0.124056   -0.024056 (VIOLATED)
clkbuf_4_6_0_A_in_serial_clk/A          0.100000    0.124038   -0.024038 (VIOLATED)
clkbuf_4_7_0_A_in_serial_clk/A          0.100000    0.124023   -0.024023 (VIOLATED)
_0643_/A1                               0.100000    0.124010   -0.024010 (VIOLATED)
_0642_/A1                               0.100000    0.124009   -0.024009 (VIOLATED)
_0534_/A                                0.100000    0.124009   -0.024009 (VIOLATED)
_0644_/A1                               0.100000    0.124009   -0.024009 (VIOLATED)
_0645_/A                                0.100000    0.124009   -0.024009 (VIOLATED)
_1080_/Q                                0.100000    0.124009   -0.024009 (VIOLATED)
clkbuf_4_2_0_A_in_serial_clk/A          0.100000    0.123986   -0.023986 (VIOLATED)
clkbuf_4_13_0_A_in_serial_clk/A         0.100000    0.123920   -0.023920 (VIOLATED)
clkbuf_4_3_0_A_in_serial_clk/A          0.100000    0.123861   -0.023861 (VIOLATED)
clkbuf_4_11_0_A_in_serial_clk/A         0.100000    0.123859   -0.023859 (VIOLATED)
clkbuf_4_10_0_A_in_serial_clk/A         0.100000    0.123835   -0.023835 (VIOLATED)
clkbuf_4_12_0_A_in_serial_clk/A         0.100000    0.123831   -0.023831 (VIOLATED)
clkbuf_4_8_0_A_in_serial_clk/A          0.100000    0.123790   -0.023790 (VIOLATED)
clkbuf_4_9_0_A_in_serial_clk/A          0.100000    0.123663   -0.023663 (VIOLATED)
_0555_/B                                0.100000    0.123632   -0.023632 (VIOLATED)
_0856_/C                                0.100000    0.123630   -0.023630 (VIOLATED)
_1239_/Q                                0.100000    0.123628   -0.023628 (VIOLATED)
_0628_/Y                                0.100000    0.123479   -0.023479 (VIOLATED)
_0629_/B                                0.100000    0.123479   -0.023479 (VIOLATED)
_0630_/A1                               0.100000    0.123479   -0.023479 (VIOLATED)
clkbuf_0_A_in_serial_clk/X              0.100000    0.123339   -0.023339 (VIOLATED)
_0534_/C                                0.100000    0.122882   -0.022882 (VIOLATED)
_0648_/A                                0.100000    0.122881   -0.022881 (VIOLATED)
_0649_/A                                0.100000    0.122881   -0.022881 (VIOLATED)
_0652_/A                                0.100000    0.122881   -0.022881 (VIOLATED)
_1082_/Q                                0.100000    0.122879   -0.022879 (VIOLATED)
clkbuf_4_4_0_B_in_serial_clk/A          0.100000    0.122721   -0.022721 (VIOLATED)
clkbuf_4_5_0_B_in_serial_clk/A          0.100000    0.122701   -0.022701 (VIOLATED)
clkbuf_4_14_0_B_in_serial_clk/A         0.100000    0.122546   -0.022546 (VIOLATED)
clkbuf_4_15_0_B_in_serial_clk/A         0.100000    0.122518   -0.022518 (VIOLATED)
clkbuf_4_7_0_B_in_serial_clk/A          0.100000    0.122506   -0.022506 (VIOLATED)
clkbuf_4_13_0_B_in_serial_clk/A         0.100000    0.122473   -0.022473 (VIOLATED)
clkbuf_4_1_0_B_in_serial_clk/A          0.100000    0.122456   -0.022456 (VIOLATED)
clkbuf_4_0_0_B_in_serial_clk/A          0.100000    0.122450   -0.022450 (VIOLATED)
clkbuf_4_2_0_B_in_serial_clk/A          0.100000    0.122395   -0.022395 (VIOLATED)
clkbuf_4_6_0_B_in_serial_clk/A          0.100000    0.122385   -0.022385 (VIOLATED)
clkbuf_4_10_0_B_in_serial_clk/A         0.100000    0.122365   -0.022365 (VIOLATED)
clkbuf_4_11_0_B_in_serial_clk/A         0.100000    0.122364   -0.022364 (VIOLATED)
clkbuf_4_12_0_B_in_serial_clk/A         0.100000    0.122313   -0.022313 (VIOLATED)
clkbuf_4_8_0_B_in_serial_clk/A          0.100000    0.122297   -0.022297 (VIOLATED)
clkbuf_4_3_0_B_in_serial_clk/A          0.100000    0.122293   -0.022293 (VIOLATED)
clkbuf_4_9_0_B_in_serial_clk/A          0.100000    0.122289   -0.022289 (VIOLATED)
_0700_/C                                0.100000    0.121900   -0.021900 (VIOLATED)
rebuffer12/A                            0.100000    0.121898   -0.021898 (VIOLATED)
_0692_/X                                0.100000    0.121896   -0.021896 (VIOLATED)
clkbuf_0_B_in_serial_clk/X              0.100000    0.121855   -0.021855 (VIOLATED)
_0696_/B1                               0.100000    0.121491   -0.021491 (VIOLATED)
_0695_/Y                                0.100000    0.121491   -0.021491 (VIOLATED)
_0878_/B                                0.100000    0.121306   -0.021306 (VIOLATED)
_0559_/Y                                0.100000    0.121305   -0.021305 (VIOLATED)
_0561_/B                                0.100000    0.121305   -0.021305 (VIOLATED)
_0566_/A1                               0.100000    0.121305   -0.021305 (VIOLATED)
_0876_/A2                               0.100000    0.121295   -0.021295 (VIOLATED)
_0866_/A2                               0.100000    0.121288   -0.021288 (VIOLATED)
_0868_/A1                               0.100000    0.121270   -0.021270 (VIOLATED)
rebuffer721/A                           0.100000    0.121251   -0.021251 (VIOLATED)
_0856_/A                                0.100000    0.121248   -0.021248 (VIOLATED)
_0839_/Y                                0.100000    0.121159   -0.021159 (VIOLATED)
_0871_/C                                0.100000    0.120924   -0.020924 (VIOLATED)
rebuffer17/A                            0.100000    0.120924   -0.020924 (VIOLATED)
_0865_/A                                0.100000    0.120924   -0.020924 (VIOLATED)
rebuffer800/A                           0.100000    0.120924   -0.020924 (VIOLATED)
_0863_/X                                0.100000    0.120924   -0.020924 (VIOLATED)
_0673_/A1                               0.100000    0.120675   -0.020675 (VIOLATED)
_0672_/A                                0.100000    0.120675   -0.020675 (VIOLATED)
_0670_/Y                                0.100000    0.120674   -0.020674 (VIOLATED)
_0859_/B1                               0.100000    0.120054   -0.020054 (VIOLATED)
_0862_/B                                0.100000    0.120051   -0.020051 (VIOLATED)
_0860_/C                                0.100000    0.120049   -0.020049 (VIOLATED)
_0863_/A                                0.100000    0.120048   -0.020048 (VIOLATED)
_1241_/Q                                0.100000    0.120046   -0.020046 (VIOLATED)
_0631_/B1                               0.100000    0.120038   -0.020038 (VIOLATED)
_0535_/B                                0.100000    0.120038   -0.020038 (VIOLATED)
_0635_/B                                0.100000    0.120038   -0.020038 (VIOLATED)
_0632_/B                                0.100000    0.120037   -0.020037 (VIOLATED)
_1077_/Q                                0.100000    0.120036   -0.020036 (VIOLATED)
_0689_/C                                0.100000    0.119977   -0.019977 (VIOLATED)
_0692_/C                                0.100000    0.119977   -0.019977 (VIOLATED)
_0688_/B1                               0.100000    0.119977   -0.019977 (VIOLATED)
_0691_/B                                0.100000    0.119977   -0.019977 (VIOLATED)
_1097_/Q                                0.100000    0.119977   -0.019977 (VIOLATED)
_1085_/D                                0.100000    0.119904   -0.019904 (VIOLATED)
_0660_/Y                                0.100000    0.119904   -0.019904 (VIOLATED)
_0598_/S                                0.100000    0.119618   -0.019618 (VIOLATED)
_0599_/A2                               0.100000    0.119617   -0.019617 (VIOLATED)
_0600_/C                                0.100000    0.119617   -0.019617 (VIOLATED)
_0538_/C                                0.100000    0.119616   -0.019616 (VIOLATED)
_1066_/Q                                0.100000    0.119616   -0.019616 (VIOLATED)
_0865_/B                                0.100000    0.119481   -0.019481 (VIOLATED)
_0864_/Y                                0.100000    0.119481   -0.019481 (VIOLATED)
_0611_/C                                0.100000    0.118919   -0.018919 (VIOLATED)
_0540_/C                                0.100000    0.118919   -0.018919 (VIOLATED)
_0610_/A1                               0.100000    0.118919   -0.018919 (VIOLATED)
_0612_/A1                               0.100000    0.118917   -0.018917 (VIOLATED)
_1070_/Q                                0.100000    0.118917   -0.018917 (VIOLATED)
_0544_/B1                               0.100000    0.118912   -0.018912 (VIOLATED)
_0641_/A                                0.100000    0.118912   -0.018912 (VIOLATED)
_0567_/A1                               0.100000    0.118901   -0.018901 (VIOLATED)
_0569_/A                                0.100000    0.118898   -0.018898 (VIOLATED)
_0589_/A                                0.100000    0.118895   -0.018895 (VIOLATED)
_0559_/B                                0.100000    0.118892   -0.018892 (VIOLATED)
_0566_/A0                               0.100000    0.118890   -0.018890 (VIOLATED)
_0570_/A_N                              0.100000    0.118889   -0.018889 (VIOLATED)
_0560_/B                                0.100000    0.118882   -0.018882 (VIOLATED)
_0571_/A_N                              0.100000    0.118873   -0.018873 (VIOLATED)
_1379_/Q                                0.100000    0.118856   -0.018856 (VIOLATED)
_0581_/B                                0.100000    0.118845   -0.018845 (VIOLATED)
_0576_/C                                0.100000    0.118844   -0.018844 (VIOLATED)
_0572_/A                                0.100000    0.118844   -0.018844 (VIOLATED)
_0574_/A0                               0.100000    0.118844   -0.018844 (VIOLATED)
_0569_/X                                0.100000    0.118843   -0.018843 (VIOLATED)
_0588_/A                                0.100000    0.118709   -0.018709 (VIOLATED)
_0589_/B                                0.100000    0.118709   -0.018709 (VIOLATED)
_0583_/B                                0.100000    0.118708   -0.018708 (VIOLATED)
_0575_/A3                               0.100000    0.118708   -0.018708 (VIOLATED)
_0568_/X                                0.100000    0.118707   -0.018707 (VIOLATED)
_0541_/C                                0.100000    0.118202   -0.018202 (VIOLATED)
_0626_/C                                0.100000    0.118202   -0.018202 (VIOLATED)
_0624_/S                                0.100000    0.118201   -0.018201 (VIOLATED)
_0625_/A3                               0.100000    0.118201   -0.018201 (VIOLATED)
_1074_/Q                                0.100000    0.118200   -0.018200 (VIOLATED)
_0615_/Y                                0.100000    0.118064   -0.018064 (VIOLATED)
_0617_/A2                               0.100000    0.118064   -0.018064 (VIOLATED)
_0618_/A1                               0.100000    0.118064   -0.018064 (VIOLATED)
_0577_/Y                                0.100000    0.117864   -0.017864 (VIOLATED)
_0578_/B                                0.100000    0.117864   -0.017864 (VIOLATED)
_0579_/A1                               0.100000    0.117864   -0.017864 (VIOLATED)
_0612_/B1                               0.100000    0.117044   -0.017044 (VIOLATED)
_0610_/Y                                0.100000    0.117044   -0.017044 (VIOLATED)
_0690_/Y                                0.100000    0.116850   -0.016850 (VIOLATED)
_1097_/D                                0.100000    0.116850   -0.016850 (VIOLATED)
_1045_/B                                0.100000    0.115867   -0.015867 (VIOLATED)
_1046_/A2                               0.100000    0.115866   -0.015866 (VIOLATED)
_1044_/A                                0.100000    0.115866   -0.015866 (VIOLATED)
_1397_/Q                                0.100000    0.115866   -0.015866 (VIOLATED)
_1031_/B                                0.100000    0.115788   -0.015788 (VIOLATED)
_1030_/Y                                0.100000    0.115788   -0.015788 (VIOLATED)
_1386_/D                                0.100000    0.115607   -0.015607 (VIOLATED)
_1024_/X                                0.100000    0.115607   -0.015607 (VIOLATED)
_1051_/B                                0.100000    0.114988   -0.014988 (VIOLATED)
_1050_/Y                                0.100000    0.114988   -0.014988 (VIOLATED)
_1402_/D                                0.100000    0.114497   -0.014497 (VIOLATED)
_1055_/Y                                0.100000    0.114497   -0.014497 (VIOLATED)
_1391_/D                                0.100000    0.114367   -0.014367 (VIOLATED)
_1033_/Y                                0.100000    0.114367   -0.014367 (VIOLATED)
_0656_/A                                0.100000    0.114254   -0.014254 (VIOLATED)
_0655_/A                                0.100000    0.114253   -0.014253 (VIOLATED)
_0659_/A                                0.100000    0.114253   -0.014253 (VIOLATED)
_0662_/A                                0.100000    0.114253   -0.014253 (VIOLATED)
_0536_/A                                0.100000    0.114252   -0.014252 (VIOLATED)
_1084_/Q                                0.100000    0.114252   -0.014252 (VIOLATED)
max_cap13/A                             0.100000    0.113734   -0.013734 (VIOLATED)
rebuffer25/A                            0.100000    0.113730   -0.013730 (VIOLATED)
rebuffer6/A                             0.100000    0.113728   -0.013728 (VIOLATED)
_0668_/A_N                              0.100000    0.113719   -0.013719 (VIOLATED)
rebuffer802/A                           0.100000    0.113718   -0.013718 (VIOLATED)
_0550_/A                                0.100000    0.113708   -0.013708 (VIOLATED)
_1104_/Q                                0.100000    0.113693   -0.013693 (VIOLATED)
_1039_/A3                               0.100000    0.113640   -0.013640 (VIOLATED)
_1037_/A                                0.100000    0.113640   -0.013640 (VIOLATED)
_1038_/C                                0.100000    0.113640   -0.013640 (VIOLATED)
_1394_/Q                                0.100000    0.113640   -0.013640 (VIOLATED)
_0558_/B                                0.100000    0.113327   -0.013327 (VIOLATED)
_1010_/A1                               0.100000    0.113326   -0.013326 (VIOLATED)
_0837_/A1                               0.100000    0.113326   -0.013326 (VIOLATED)
_0858_/A1                               0.100000    0.113326   -0.013326 (VIOLATED)
_0556_/Y                                0.100000    0.113322   -0.013322 (VIOLATED)
_0536_/B                                0.100000    0.112570   -0.012570 (VIOLATED)
_0662_/B                                0.100000    0.112570   -0.012570 (VIOLATED)
_0659_/B                                0.100000    0.112567   -0.012567 (VIOLATED)
_0658_/A                                0.100000    0.112567   -0.012567 (VIOLATED)
_1085_/Q                                0.100000    0.112566   -0.012566 (VIOLATED)
_0567_/A2                               0.100000    0.111968   -0.011968 (VIOLATED)
_0566_/S                                0.100000    0.111967   -0.011967 (VIOLATED)
_0569_/B                                0.100000    0.111967   -0.011967 (VIOLATED)
_0568_/A                                0.100000    0.111967   -0.011967 (VIOLATED)
_1056_/Q                                0.100000    0.111966   -0.011966 (VIOLATED)
_0553_/A                                0.100000    0.111721   -0.011721 (VIOLATED)
_0848_/B                                0.100000    0.111721   -0.011721 (VIOLATED)
_0849_/A0                               0.100000    0.111720   -0.011720 (VIOLATED)
_1236_/Q                                0.100000    0.111718   -0.011718 (VIOLATED)
_1381_/D                                0.100000    0.111704   -0.011704 (VIOLATED)
_1013_/X                                0.100000    0.111704   -0.011704 (VIOLATED)
_1394_/D                                0.100000    0.111584   -0.011584 (VIOLATED)
_1037_/Y                                0.100000    0.111584   -0.011584 (VIOLATED)
_0537_/B1                               0.100000    0.110841   -0.010841 (VIOLATED)
_0580_/B                                0.100000    0.110839   -0.010839 (VIOLATED)
_0575_/B1                               0.100000    0.110839   -0.010839 (VIOLATED)
_0576_/B                                0.100000    0.110838   -0.010838 (VIOLATED)
_1059_/Q                                0.100000    0.110837   -0.010837 (VIOLATED)
_0821_/S                                0.100000    0.110829   -0.010829 (VIOLATED)
_0751_/S                                0.100000    0.110779   -0.010779 (VIOLATED)
_0818_/S                                0.100000    0.110761   -0.010761 (VIOLATED)
_0641_/D                                0.100000    0.110744   -0.010744 (VIOLATED)
_0653_/C                                0.100000    0.110744   -0.010744 (VIOLATED)
_0644_/A3                               0.100000    0.110743   -0.010743 (VIOLATED)
_0640_/X                                0.100000    0.110742   -0.010742 (VIOLATED)
_0813_/S                                0.100000    0.110676   -0.010676 (VIOLATED)
_0811_/S                                0.100000    0.110663   -0.010663 (VIOLATED)
_0809_/S                                0.100000    0.110544   -0.010544 (VIOLATED)
_0611_/B                                0.100000    0.110419   -0.010419 (VIOLATED)
_0540_/B                                0.100000    0.110419   -0.010419 (VIOLATED)
_0608_/B                                0.100000    0.110418   -0.010418 (VIOLATED)
_0607_/A1                               0.100000    0.110418   -0.010418 (VIOLATED)
_1069_/Q                                0.100000    0.110418   -0.010418 (VIOLATED)
_0804_/S                                0.100000    0.110119   -0.010119 (VIOLATED)
_1080_/D                                0.100000    0.110067   -0.010067 (VIOLATED)
_0643_/Y                                0.100000    0.110067   -0.010067 (VIOLATED)
_0803_/S                                0.100000    0.109938   -0.009938 (VIOLATED)
_0826_/S                                0.100000    0.109550   -0.009550 (VIOLATED)
_0546_/A                                0.100000    0.109346   -0.009346 (VIOLATED)
_0681_/A2                               0.100000    0.109345   -0.009345 (VIOLATED)
rebuffer481/A                           0.100000    0.109344   -0.009344 (VIOLATED)
_0545_/X                                0.100000    0.109343   -0.009343 (VIOLATED)
_0792_/S                                0.100000    0.108993   -0.008993 (VIOLATED)
_0748_/S                                0.100000    0.108928   -0.008928 (VIOLATED)
_0747_/S                                0.100000    0.108926   -0.008926 (VIOLATED)
_0745_/S                                0.100000    0.108867   -0.008867 (VIOLATED)
_0833_/S                                0.100000    0.108675   -0.008675 (VIOLATED)
_0829_/S                                0.100000    0.108656   -0.008656 (VIOLATED)
_0744_/S                                0.100000    0.108604   -0.008604 (VIOLATED)
_0539_/A                                0.100000    0.108454   -0.008454 (VIOLATED)
_0579_/S                                0.100000    0.108453   -0.008453 (VIOLATED)
_0580_/C                                0.100000    0.108452   -0.008452 (VIOLATED)
_1060_/Q                                0.100000    0.108447   -0.008447 (VIOLATED)
max_cap12/X                             0.100000    0.108348   -0.008348 (VIOLATED)
_0544_/X                                0.100000    0.108134   -0.008134 (VIOLATED)
_0561_/A                                0.100000    0.108134   -0.008134 (VIOLATED)
_1380_/D                                0.100000    0.108134   -0.008134 (VIOLATED)
_1016_/B                                0.100000    0.108131   -0.008131 (VIOLATED)
_1015_/Y                                0.100000    0.108131   -0.008131 (VIOLATED)
_0844_/A1                               0.100000    0.107542   -0.007542 (VIOLATED)
_0843_/A                                0.100000    0.107542   -0.007542 (VIOLATED)
_0841_/Y                                0.100000    0.107541   -0.007541 (VIOLATED)
_0588_/B                                0.100000    0.107352   -0.007352 (VIOLATED)
_0589_/C                                0.100000    0.107352   -0.007352 (VIOLATED)
_0581_/C                                0.100000    0.107352   -0.007352 (VIOLATED)
_0583_/C                                0.100000    0.107352   -0.007352 (VIOLATED)
_0580_/X                                0.100000    0.107352   -0.007352 (VIOLATED)
_0842_/A1                               0.100000    0.107176   -0.007176 (VIOLATED)
_0845_/A1                               0.100000    0.107170   -0.007170 (VIOLATED)
_0852_/A3                               0.100000    0.107136   -0.007136 (VIOLATED)
_0854_/A1                               0.100000    0.107127   -0.007127 (VIOLATED)
_0873_/A3                               0.100000    0.107095   -0.007095 (VIOLATED)
_0851_/A2                               0.100000    0.107051   -0.007051 (VIOLATED)
_0859_/A1                               0.100000    0.107039   -0.007039 (VIOLATED)
_0557_/X                                0.100000    0.107022   -0.007022 (VIOLATED)
_0872_/A                                0.100000    0.106919   -0.006919 (VIOLATED)
rebuffer26/X                            0.100000    0.106915   -0.006915 (VIOLATED)
_1397_/D                                0.100000    0.106783   -0.006783 (VIOLATED)
_1044_/Y                                0.100000    0.106783   -0.006783 (VIOLATED)
_0861_/C                                0.100000    0.106204   -0.006204 (VIOLATED)
_0864_/B1                               0.100000    0.106204   -0.006204 (VIOLATED)
_0860_/X                                0.100000    0.106203   -0.006203 (VIOLATED)
_1048_/A                                0.100000    0.106168   -0.006168 (VIOLATED)
_1050_/A1                               0.100000    0.106167   -0.006167 (VIOLATED)
_1049_/A                                0.100000    0.106167   -0.006167 (VIOLATED)
_1399_/Q                                0.100000    0.106166   -0.006166 (VIOLATED)
_1082_/D                                0.100000    0.106082   -0.006082 (VIOLATED)
_0650_/Y                                0.100000    0.106082   -0.006082 (VIOLATED)
_0631_/A3                               0.100000    0.105982   -0.005982 (VIOLATED)
_0640_/B                                0.100000    0.105982   -0.005982 (VIOLATED)
_0627_/C                                0.100000    0.105981   -0.005981 (VIOLATED)
_0626_/X                                0.100000    0.105981   -0.005981 (VIOLATED)
_0572_/Y                                0.100000    0.105923   -0.005923 (VIOLATED)
_0573_/B                                0.100000    0.105923   -0.005923 (VIOLATED)
_0574_/A1                               0.100000    0.105923   -0.005923 (VIOLATED)
_0879_/S                                0.100000    0.105770   -0.005770 (VIOLATED)
_0877_/A                                0.100000    0.105760   -0.005760 (VIOLATED)
_0875_/Y                                0.100000    0.105755   -0.005755 (VIOLATED)
_1390_/D                                0.100000    0.105633   -0.005633 (VIOLATED)
_1032_/X                                0.100000    0.105633   -0.005633 (VIOLATED)
_0694_/B                                0.100000    0.105483   -0.005483 (VIOLATED)
_0693_/Y                                0.100000    0.105482   -0.005482 (VIOLATED)
_1078_/D                                0.100000    0.105163   -0.005163 (VIOLATED)
_0637_/Y                                0.100000    0.105163   -0.005163 (VIOLATED)
_1028_/X                                0.100000    0.105045   -0.005045 (VIOLATED)
_1388_/D                                0.100000    0.105045   -0.005045 (VIOLATED)
_0536_/C                                0.100000    0.104777   -0.004777 (VIOLATED)
_0529_/A                                0.100000    0.104777   -0.004777 (VIOLATED)
_0662_/C                                0.100000    0.104777   -0.004777 (VIOLATED)
_1086_/Q                                0.100000    0.104777   -0.004777 (VIOLATED)
_1070_/D                                0.100000    0.104748   -0.004748 (VIOLATED)
_0612_/Y                                0.100000    0.104748   -0.004748 (VIOLATED)
_0875_/B                                0.100000    0.104580   -0.004580 (VIOLATED)
rebuffer27/A                            0.100000    0.104580   -0.004580 (VIOLATED)
rebuffer26/A                            0.100000    0.104579   -0.004579 (VIOLATED)
_0871_/X                                0.100000    0.104579   -0.004579 (VIOLATED)
_1020_/X                                0.100000    0.104543   -0.004543 (VIOLATED)
_1384_/D                                0.100000    0.104543   -0.004543 (VIOLATED)
_1048_/X                                0.100000    0.103870   -0.003870 (VIOLATED)
_1399_/D                                0.100000    0.103870   -0.003870 (VIOLATED)
_1035_/A                                0.100000    0.103723   -0.003723 (VIOLATED)
_1039_/A1                               0.100000    0.103723   -0.003723 (VIOLATED)
_1034_/A                                0.100000    0.103722   -0.003722 (VIOLATED)
_1038_/A                                0.100000    0.103722   -0.003722 (VIOLATED)
_1393_/Q                                0.100000    0.103720   -0.003720 (VIOLATED)
_0841_/A                                0.100000    0.103708   -0.003708 (VIOLATED)
_0840_/X                                0.100000    0.103707   -0.003707 (VIOLATED)
_0844_/A0                               0.100000    0.103707   -0.003707 (VIOLATED)
_0564_/A2                               0.100000    0.103450   -0.003450 (VIOLATED)
_1022_/B1                               0.100000    0.103449   -0.003449 (VIOLATED)
_1021_/B                                0.100000    0.103449   -0.003449 (VIOLATED)
_1385_/Q                                0.100000    0.103448   -0.003448 (VIOLATED)
_0567_/B1                               0.100000    0.103212   -0.003212 (VIOLATED)
_0537_/A1                               0.100000    0.103211   -0.003211 (VIOLATED)
_0569_/C                                0.100000    0.103211   -0.003211 (VIOLATED)
_0568_/B                                0.100000    0.103210   -0.003210 (VIOLATED)
_1057_/Q                                0.100000    0.103210   -0.003210 (VIOLATED)
_1249_/D                                0.100000    0.102311   -0.002311 (VIOLATED)
_0881_/Y                                0.100000    0.102311   -0.002311 (VIOLATED)
_0593_/B1                               0.100000    0.102232   -0.002232 (VIOLATED)
_0592_/Y                                0.100000    0.102232   -0.002232 (VIOLATED)
_0675_/A                                0.100000    0.102137   -0.002137 (VIOLATED)
rebuffer5/X                             0.100000    0.102134   -0.002134 (VIOLATED)
_1023_/B                                0.100000    0.102022   -0.002022 (VIOLATED)
_1022_/Y                                0.100000    0.102022   -0.002022 (VIOLATED)
_0608_/D                                0.100000    0.101944   -0.001944 (VIOLATED)
_0613_/B                                0.100000    0.101944   -0.001944 (VIOLATED)
_0601_/B                                0.100000    0.101943   -0.001943 (VIOLATED)
_0600_/X                                0.100000    0.101943   -0.001943 (VIOLATED)
_1099_/D                                0.100000    0.101810   -0.001810 (VIOLATED)
_0696_/Y                                0.100000    0.101810   -0.001810 (VIOLATED)
_0704_/A                                0.100000    0.101648   -0.001648 (VIOLATED)
_0705_/A1                               0.100000    0.101648   -0.001648 (VIOLATED)
_1102_/Q                                0.100000    0.101645   -0.001645 (VIOLATED)
_0563_/B                                0.100000    0.101084   -0.001084 (VIOLATED)
_1017_/B                                0.100000    0.101083   -0.001083 (VIOLATED)
_1014_/B                                0.100000    0.101082   -0.001082 (VIOLATED)
_1015_/B1                               0.100000    0.101080   -0.001080 (VIOLATED)
_1382_/Q                                0.100000    0.101078   -0.001078 (VIOLATED)



===========================================================================
report_parasitic_annotation -report_unannotated
============================================================================
Found 31 unannotated drivers.
 Systolic4x4_serial_io_16/HI
 clkload0/Y
 clkload1/Y
 clkload10/X
 clkload11/Y
 clkload12/X
 clkload13/Y
 clkload14/X
 clkload15/Y
 clkload16/Y
 clkload17/Y
 clkload18/Y
 clkload19/Y
 clkload2/Y
 clkload20/Y
 clkload21/Y
 clkload22/Y
 clkload23/Y
 clkload24/Y
 clkload25/Y
 clkload26/Y
 clkload27/Y
 clkload28/Y
 clkload29/Y
 clkload3/X
 clkload4/Y
 clkload5/X
 clkload6/Y
 clkload7/Y
 clkload8/Y
 clkload9/X
Found 0 partially unannotated drivers.

===========================================================================
max slew violation count 776
max fanout violation count 0
max cap violation count 0
============================================================================

===========================================================================
check_setup -verbose -unconstrained_endpoints -multiple_clock -no_clock -no_input_delay -loops -generated_clocks
===========================================================================
Warning: There are 6 input ports missing set_input_delay.
  A_in_frame_sync
  A_in_serial_data
  B_in_frame_sync
  B_in_serial_data
  rst_n
  start
Warning: There is 1 unconstrained endpoint.
  C_out_serial_data
