Clock: clk
Sources: clk 
Generated: no
Virtual: yes
Propagated: no
Period: 10.000000

===========================================================================
report_clock_properties
============================================================================
Clock                   Period          Waveform
----------------------------------------------------
clk                  10.000000    0.000000  5.000000

===========================================================================
report_clock_latency
============================================================================
Clock clk
rise -> rise
    min     max
0.000000 0.000000 source latency
0.283076         network latency _1392_/CLK
        0.290145 network latency _1396_/CLK
---------------
0.283076 0.290145 latency
        0.007069 skew

fall -> fall
    min     max
0.000000 0.000000 source latency
0.304528         network latency _1392_/CLK
        0.309937 network latency _1396_/CLK
---------------
0.304528 0.309937 latency
        0.005409 skew



===========================================================================
report_clock_min_period
============================================================================
clk period_min = 2.08 fmax = 479.78
Clock: A_in_serial_clk
Sources: A_in_serial_clk 
Generated: no
Virtual: yes
Propagated: no
Period: 2.000000

===========================================================================
report_clock_properties
============================================================================
Clock                   Period          Waveform
----------------------------------------------------
A_in_serial_clk       2.000000    0.000000  1.000000

===========================================================================
report_clock_latency
============================================================================
Clock A_in_serial_clk
rise -> rise
    min     max
0.000000 0.000000 source latency
0.350274         network latency _1098_/CLK
        0.365437 network latency _1089_/CLK
---------------
0.350274 0.365437 latency
        0.015163 skew

fall -> fall
    min     max
0.000000 0.000000 source latency
0.346375         network latency _1098_/CLK
        0.358116 network latency _1200_/CLK
---------------
0.346375 0.358116 latency
        0.011740 skew



===========================================================================
report_clock_min_period
============================================================================
A_in_serial_clk period_min = 1.56 fmax = 639.71
Clock: B_in_serial_clk
Sources: B_in_serial_clk 
Generated: no
Virtual: yes
Propagated: no
Period: 2.000000

===========================================================================
report_clock_properties
============================================================================
Clock                   Period          Waveform
----------------------------------------------------
B_in_serial_clk       2.000000    0.000000  1.000000

===========================================================================
report_clock_latency
============================================================================
Clock B_in_serial_clk
rise -> rise
    min     max
0.000000 0.000000 source latency
0.357886         network latency _1329_/CLK
        0.369743 network latency _1244_/CLK
---------------
0.357886 0.369743 latency
        0.011856 skew

fall -> fall
    min     max
0.000000 0.000000 source latency
0.350947         network latency _1329_/CLK
        0.359930 network latency _1244_/CLK
---------------
0.350947 0.359930 latency
        0.008983 skew



===========================================================================
report_clock_min_period
============================================================================
B_in_serial_clk period_min = 1.57 fmax = 637.98
