
===========================================================================
Clock Skew (Hold)
============================================================================
======================= max_tt_025C_1v80 Corner ===================================

Clock A_in_serial_clk
0.364462 source latency _1097_/CLK ^
-0.350274 target latency _1098_/CLK ^
0.000000 CRPR
--------------
0.014189 hold skew

Clock B_in_serial_clk
0.359514 source latency _1236_/CLK ^
-0.369667 target latency _1238_/CLK ^
0.000000 CRPR
--------------
-0.010153 hold skew

Clock clk
0.283076 source latency _1392_/CLK ^
-0.290145 target latency _1396_/CLK ^
-0.100000 clock uncertainty
0.000000 CRPR
--------------
-0.107069 hold skew

