Reading OpenROAD database at '/home/hp/openlane2/project2/runs/RUN_2025-09-26_17-01-24/31-openroad-repairdesignpostgpl/Systolic4x4_serial_io.odb'…
Reading library file at '/home/hp/.volare/volare/sky130/versions/0fe599b2afb6708d281543108caf8310912f54af/sky130A/libs.ref/sky130_fd_sc_hd/lib/sky130_fd_sc_hd__tt_025C_1v80.lib'…
Reading design constraints file at 'constraints.sdc'…
[INFO] No information on clock propagation in input SDC file-- propagating all clocks.
Placement Analysis
---------------------------------
total displacement          0.0 u
average displacement        0.0 u
max displacement            0.0 u
original HPWL          263019.0 u
legalized HPWL         271548.2 u
delta HPWL                    3 %

[INFO DPL-0020] Mirrored 4688 instances
[INFO DPL-0021] HPWL before          271548.2 u
[INFO DPL-0022] HPWL after           263019.0 u
[INFO DPL-0023] HPWL delta               -3.1 %
Setting global connections for newly added cells…
[INFO] Setting global connections...
Updating metrics…
Cell type report:                       Count       Area
  Fill cell                               486    1824.25
  Tap cell                               6247    7816.25
  Buffer                                    1       5.00
  Clock buffer                              1       3.75
  Timing Repair Buffer                    152    2688.83
  Inverter                                287    1129.83
  Sequential cell                        3496   86845.79
  Multi-Input combinational cell        12814  102080.40
  Total                                 23484  202394.11
Writing OpenROAD database to '/home/hp/openlane2/project2/runs/RUN_2025-09-26_17-01-24/33-openroad-detailedplacement/Systolic4x4_serial_io.odb'…
Writing netlist to '/home/hp/openlane2/project2/runs/RUN_2025-09-26_17-01-24/33-openroad-detailedplacement/Systolic4x4_serial_io.nl.v'…
Writing powered netlist to '/home/hp/openlane2/project2/runs/RUN_2025-09-26_17-01-24/33-openroad-detailedplacement/Systolic4x4_serial_io.pnl.v'…
Writing layout to '/home/hp/openlane2/project2/runs/RUN_2025-09-26_17-01-24/33-openroad-detailedplacement/Systolic4x4_serial_io.def'…
Writing timing constraints to '/home/hp/openlane2/project2/runs/RUN_2025-09-26_17-01-24/33-openroad-detailedplacement/Systolic4x4_serial_io.sdc'…
