
Magic 8.3 revision 489 - Compiled on Thu Aug 22 13:45:15 UTC 2024.
Starting magic under Tcl interpreter
Using the terminal as the console.
Using NULL graphics device.
Processing system .magicrc file
Sourcing design .magicrc for technology sky130A ...
2 Magic internal units = 1 Lambda
Input style sky130(): scaleFactor=2, multiplier=2
The following types are not handled by extraction and will be treated as non-electrical types:
    ubm 
Scaled tech values by 2 / 1 to match internal grid scaling
Loading sky130A Device Generator Menu ...
Loading "/nix/store/pqqzrmrn6azxjkzi6ayasvqgz1mvpcnm-python3-3.11.9-env/lib/python3.11/site-packages/openlane/scripts/magic/wrapper.tcl" from command line.
> gds read /home/hp/.volare/volare/sky130/versions/0fe599b2afb6708d281543108caf8310912f54af/sky130A/libs.ref/sky130_fd_sc_hd/gds/sky130_fd_sc_hd.gds
Warning: Calma reading is not undoable!  I hope that's OK.
Library written using GDS-II Release 3.0
Library name: sky130_fd_sc_hd
Reading "sky130_fd_sc_hd__or4bb_4".
Reading "sky130_fd_sc_hd__probe_p_8".
Reading "sky130_fd_sc_hd__probec_p_8".
Reading "sky130_fd_sc_hd__sdfbbn_1".
Reading "sky130_fd_sc_hd__sdfsbp_2".
Reading "sky130_fd_sc_hd__sdfsbp_1".
Reading "sky130_fd_sc_hd__sdfrtp_4".
Reading "sky130_fd_sc_hd__sdfrtp_2".
Reading "sky130_fd_sc_hd__sdfrtp_1".
Reading "sky130_fd_sc_hd__sdfrtn_1".
Reading "sky130_fd_sc_hd__sdfrbp_2".
Reading "sky130_fd_sc_hd__sdfrbp_1".
Reading "sky130_fd_sc_hd__sdfbbp_1".
Reading "sky130_fd_sc_hd__sdfbbn_2".
Reading "sky130_fd_sc_hd__sdfstp_1".
Reading "sky130_fd_sc_hd__sdfstp_2".
Reading "sky130_fd_sc_hd__sdfstp_4".
Reading "sky130_fd_sc_hd__sdfxbp_1".
Reading "sky130_fd_sc_hd__sdfxbp_2".
Reading "sky130_fd_sc_hd__sdfxtp_1".
Reading "sky130_fd_sc_hd__sdfxtp_2".
Reading "sky130_fd_sc_hd__sdfxtp_4".
Reading "sky130_fd_sc_hd__sdlclkp_1".
Reading "sky130_fd_sc_hd__sdlclkp_2".
Reading "sky130_fd_sc_hd__sdlclkp_4".
Reading "sky130_fd_sc_hd__sedfxbp_1".
Reading "sky130_fd_sc_hd__sedfxbp_2".
Reading "sky130_fd_sc_hd__sedfxtp_1".
Reading "sky130_fd_sc_hd__sedfxtp_2".
Reading "sky130_fd_sc_hd__sedfxtp_4".
Reading "sky130_fd_sc_hd__tap_1".
Reading "sky130_fd_sc_hd__tap_2".
Reading "sky130_fd_sc_hd__xor2_1".
Reading "sky130_fd_sc_hd__xnor3_4".
Reading "sky130_fd_sc_hd__xnor3_2".
Reading "sky130_fd_sc_hd__xnor3_1".
Reading "sky130_fd_sc_hd__xnor2_4".
Reading "sky130_fd_sc_hd__xnor2_2".
Reading "sky130_fd_sc_hd__xnor2_1".
Reading "sky130_fd_sc_hd__tapvpwrvgnd_1".
Reading "sky130_fd_sc_hd__tapvgnd_1".
Reading "sky130_fd_sc_hd__tapvgnd2_1".
Reading "sky130_fd_sc_hd__xor2_2".
Reading "sky130_fd_sc_hd__xor2_4".
Reading "sky130_fd_sc_hd__xor3_1".
Reading "sky130_fd_sc_hd__xor3_2".
Reading "sky130_fd_sc_hd__xor3_4".
Reading "sky130_fd_sc_hd__o41a_4".
Reading "sky130_fd_sc_hd__o41ai_1".
Reading "sky130_fd_sc_hd__o41ai_2".
Reading "sky130_fd_sc_hd__o41ai_4".
Reading "sky130_fd_sc_hd__o211a_1".
Reading "sky130_fd_sc_hd__o211a_2".
Reading "sky130_fd_sc_hd__o211a_4".
Reading "sky130_fd_sc_hd__o211ai_1".
Reading "sky130_fd_sc_hd__o211ai_2".
Reading "sky130_fd_sc_hd__o211ai_4".
Reading "sky130_fd_sc_hd__o221a_1".
Reading "sky130_fd_sc_hd__o221a_2".
Reading "sky130_fd_sc_hd__o221a_4".
Reading "sky130_fd_sc_hd__o221ai_1".
Reading "sky130_fd_sc_hd__o221ai_2".
Reading "sky130_fd_sc_hd__o221ai_4".
Reading "sky130_fd_sc_hd__o2111a_4".
Reading "sky130_fd_sc_hd__o2111a_2".
Reading "sky130_fd_sc_hd__o2111a_1".
Reading "sky130_fd_sc_hd__o311ai_4".
Reading "sky130_fd_sc_hd__o311ai_2".
Reading "sky130_fd_sc_hd__o311ai_1".
Reading "sky130_fd_sc_hd__o311ai_0".
Reading "sky130_fd_sc_hd__o311a_4".
Reading "sky130_fd_sc_hd__o311a_2".
Reading "sky130_fd_sc_hd__o311a_1".
Reading "sky130_fd_sc_hd__o2111ai_1".
Reading "sky130_fd_sc_hd__o2111ai_2".
Reading "sky130_fd_sc_hd__o2111ai_4".
Reading "sky130_fd_sc_hd__or2_0".
Reading "sky130_fd_sc_hd__or2_1".
Reading "sky130_fd_sc_hd__or2_2".
Reading "sky130_fd_sc_hd__or2_4".
Reading "sky130_fd_sc_hd__or2b_1".
Reading "sky130_fd_sc_hd__or2b_2".
Reading "sky130_fd_sc_hd__or2b_4".
Reading "sky130_fd_sc_hd__or3_1".
Reading "sky130_fd_sc_hd__or3_2".
Reading "sky130_fd_sc_hd__or3_4".
Reading "sky130_fd_sc_hd__or3b_1".
Reading "sky130_fd_sc_hd__or3b_2".
Reading "sky130_fd_sc_hd__or3b_4".
Reading "sky130_fd_sc_hd__or4_1".
Reading "sky130_fd_sc_hd__or4_2".
Reading "sky130_fd_sc_hd__or4_4".
Reading "sky130_fd_sc_hd__or4b_1".
Reading "sky130_fd_sc_hd__or4b_2".
Reading "sky130_fd_sc_hd__or4b_4".
Reading "sky130_fd_sc_hd__or4bb_1".
Reading "sky130_fd_sc_hd__or4bb_2".
Reading "sky130_fd_sc_hd__nor3b_2".
Reading "sky130_fd_sc_hd__nor3b_4".
Reading "sky130_fd_sc_hd__nor4_1".
Reading "sky130_fd_sc_hd__nor4_2".
Reading "sky130_fd_sc_hd__nor4_4".
Reading "sky130_fd_sc_hd__nor4b_1".
Reading "sky130_fd_sc_hd__nor4b_2".
Reading "sky130_fd_sc_hd__nor4b_4".
Reading "sky130_fd_sc_hd__nor4bb_1".
Reading "sky130_fd_sc_hd__nor4bb_2".
Reading "sky130_fd_sc_hd__nor4bb_4".
Moving label "k" from mvpsubdiff to ndiff in cell sky130_fd_sc_hd__nor4bb_4.
Reading "sky130_fd_sc_hd__o2bb2a_1".
Reading "sky130_fd_sc_hd__o2bb2a_2".
Reading "sky130_fd_sc_hd__o2bb2a_4".
Reading "sky130_fd_sc_hd__o2bb2ai_1".
Reading "sky130_fd_sc_hd__o2bb2ai_2".
Reading "sky130_fd_sc_hd__o2bb2ai_4".
Reading "sky130_fd_sc_hd__o21a_1".
Reading "sky130_fd_sc_hd__o21a_2".
Reading "sky130_fd_sc_hd__o21ai_2".
Reading "sky130_fd_sc_hd__o21ai_1".
Reading "sky130_fd_sc_hd__o21ai_0".
Reading "sky130_fd_sc_hd__o21a_4".
Reading "sky130_fd_sc_hd__o21ba_2".
Reading "sky130_fd_sc_hd__o21ba_1".
Reading "sky130_fd_sc_hd__o21ai_4".
Reading "sky130_fd_sc_hd__o21bai_2".
Reading "sky130_fd_sc_hd__o21bai_1".
Reading "sky130_fd_sc_hd__o21ba_4".
Reading "sky130_fd_sc_hd__o21bai_4".
Reading "sky130_fd_sc_hd__o22a_1".
Reading "sky130_fd_sc_hd__o22a_2".
Reading "sky130_fd_sc_hd__o22a_4".
Reading "sky130_fd_sc_hd__o22ai_1".
Reading "sky130_fd_sc_hd__o22ai_2".
Reading "sky130_fd_sc_hd__o22ai_4".
Reading "sky130_fd_sc_hd__o31a_1".
Reading "sky130_fd_sc_hd__o31a_2".
Reading "sky130_fd_sc_hd__o31a_4".
Reading "sky130_fd_sc_hd__o31ai_1".
Reading "sky130_fd_sc_hd__o31ai_2".
Reading "sky130_fd_sc_hd__o31ai_4".
Reading "sky130_fd_sc_hd__o32a_1".
Reading "sky130_fd_sc_hd__o32a_2".
Reading "sky130_fd_sc_hd__o32a_4".
Reading "sky130_fd_sc_hd__o32ai_1".
Reading "sky130_fd_sc_hd__o32ai_2".
Reading "sky130_fd_sc_hd__o32ai_4".
Reading "sky130_fd_sc_hd__o41a_1".
Reading "sky130_fd_sc_hd__o41a_2".
Reading "sky130_fd_sc_hd__lpflow_lsbuf_lh_hl_isowell_tap_1".
CIF file read warning: CIF style sky130(): units rescaled by factor of 5 / 1
Reading "sky130_fd_sc_hd__lpflow_lsbuf_lh_hl_isowell_tap_2".
Reading "sky130_fd_sc_hd__lpflow_lsbuf_lh_hl_isowell_tap_4".
Reading "sky130_fd_sc_hd__lpflow_lsbuf_lh_isowell_4".
Reading "sky130_fd_sc_hd__lpflow_lsbuf_lh_isowell_tap_1".
Reading "sky130_fd_sc_hd__lpflow_lsbuf_lh_isowell_tap_2".
Reading "sky130_fd_sc_hd__lpflow_lsbuf_lh_isowell_tap_4".
Reading "sky130_fd_sc_hd__nor2_2".
Reading "sky130_fd_sc_hd__nand2_2".
Reading "sky130_fd_sc_hd__inv_2".
Reading "sky130_fd_sc_hd__conb_1".
Reading "sky130_fd_sc_hd__macro_sparecell".
Reading "sky130_fd_sc_hd__maj3_1".
Reading "sky130_fd_sc_hd__maj3_2".
Reading "sky130_fd_sc_hd__maj3_4".
Reading "sky130_fd_sc_hd__mux2_1".
Reading "sky130_fd_sc_hd__mux2_2".
Reading "sky130_fd_sc_hd__mux2_4".
Reading "sky130_fd_sc_hd__mux2_8".
Reading "sky130_fd_sc_hd__mux2i_1".
Reading "sky130_fd_sc_hd__mux2i_2".
Reading "sky130_fd_sc_hd__nand2_1".
Reading "sky130_fd_sc_hd__nand2_4".
Reading "sky130_fd_sc_hd__nand2_8".
Reading "sky130_fd_sc_hd__nand2b_1".
Reading "sky130_fd_sc_hd__mux2i_4".
Reading "sky130_fd_sc_hd__mux4_1".
Reading "sky130_fd_sc_hd__mux4_2".
Reading "sky130_fd_sc_hd__mux4_4".
Reading "sky130_fd_sc_hd__nand2b_2".
Reading "sky130_fd_sc_hd__nand2b_4".
Reading "sky130_fd_sc_hd__nand3_1".
Reading "sky130_fd_sc_hd__nand3_2".
Reading "sky130_fd_sc_hd__nand3_4".
Reading "sky130_fd_sc_hd__nand3b_1".
Reading "sky130_fd_sc_hd__nand3b_2".
Reading "sky130_fd_sc_hd__nand3b_4".
Reading "sky130_fd_sc_hd__nand4_1".
Reading "sky130_fd_sc_hd__nand4_2".
Reading "sky130_fd_sc_hd__nand4_4".
Reading "sky130_fd_sc_hd__nand4b_1".
Reading "sky130_fd_sc_hd__nand4b_2".
Reading "sky130_fd_sc_hd__nand4b_4".
Reading "sky130_fd_sc_hd__nand4bb_1".
Reading "sky130_fd_sc_hd__nand4bb_2".
Reading "sky130_fd_sc_hd__nand4bb_4".
Reading "sky130_fd_sc_hd__nor2_1".
Reading "sky130_fd_sc_hd__nor2_4".
Reading "sky130_fd_sc_hd__nor2_8".
Reading "sky130_fd_sc_hd__nor2b_1".
Reading "sky130_fd_sc_hd__nor2b_2".
Reading "sky130_fd_sc_hd__nor2b_4".
Reading "sky130_fd_sc_hd__nor3_1".
Reading "sky130_fd_sc_hd__nor3_2".
Reading "sky130_fd_sc_hd__nor3_4".
Reading "sky130_fd_sc_hd__nor3b_1".
Reading "sky130_fd_sc_hd__einvp_1".
Reading "sky130_fd_sc_hd__einvp_2".
Reading "sky130_fd_sc_hd__einvp_4".
Reading "sky130_fd_sc_hd__einvp_8".
Reading "sky130_fd_sc_hd__fa_1".
Reading "sky130_fd_sc_hd__fa_2".
Reading "sky130_fd_sc_hd__fa_4".
Reading "sky130_fd_sc_hd__fah_1".
Reading "sky130_fd_sc_hd__fahcin_1".
Reading "sky130_fd_sc_hd__fahcon_1".
Reading "sky130_fd_sc_hd__fill_1".
Reading "sky130_fd_sc_hd__fill_2".
Reading "sky130_fd_sc_hd__fill_4".
Reading "sky130_fd_sc_hd__fill_8".
Reading "sky130_fd_sc_hd__ha_1".
Reading "sky130_fd_sc_hd__ha_2".
Reading "sky130_fd_sc_hd__ha_4".
Reading "sky130_fd_sc_hd__inv_1".
Reading "sky130_fd_sc_hd__inv_16".
Reading "sky130_fd_sc_hd__inv_12".
Reading "sky130_fd_sc_hd__inv_8".
Reading "sky130_fd_sc_hd__inv_6".
Reading "sky130_fd_sc_hd__inv_4".
Reading "sky130_fd_sc_hd__lpflow_clkbufkapwr_4".
Reading "sky130_fd_sc_hd__lpflow_clkbufkapwr_2".
Reading "sky130_fd_sc_hd__lpflow_clkbufkapwr_1".
Reading "sky130_fd_sc_hd__lpflow_bleeder_1".
Reading "sky130_fd_sc_hd__lpflow_clkbufkapwr_8".
Reading "sky130_fd_sc_hd__lpflow_clkbufkapwr_16".
Reading "sky130_fd_sc_hd__lpflow_clkinvkapwr_1".
Reading "sky130_fd_sc_hd__lpflow_clkinvkapwr_2".
Reading "sky130_fd_sc_hd__lpflow_clkinvkapwr_4".
Reading "sky130_fd_sc_hd__lpflow_clkinvkapwr_8".
Reading "sky130_fd_sc_hd__lpflow_clkinvkapwr_16".
Reading "sky130_fd_sc_hd__lpflow_decapkapwr_3".
Reading "sky130_fd_sc_hd__lpflow_decapkapwr_4".
Reading "sky130_fd_sc_hd__lpflow_decapkapwr_6".
Reading "sky130_fd_sc_hd__lpflow_inputiso0n_1".
Reading "sky130_fd_sc_hd__lpflow_decapkapwr_12".
Reading "sky130_fd_sc_hd__lpflow_decapkapwr_8".
Reading "sky130_fd_sc_hd__lpflow_inputisolatch_1".
Reading "sky130_fd_sc_hd__lpflow_inputiso1p_1".
Reading "sky130_fd_sc_hd__lpflow_inputiso1n_1".
Reading "sky130_fd_sc_hd__lpflow_inputiso0p_1".
Reading "sky130_fd_sc_hd__lpflow_isobufsrc_4".
Reading "sky130_fd_sc_hd__lpflow_isobufsrc_2".
Reading "sky130_fd_sc_hd__lpflow_isobufsrc_1".
Reading "sky130_fd_sc_hd__lpflow_isobufsrc_8".
Reading "sky130_fd_sc_hd__lpflow_isobufsrc_16".
Reading "sky130_fd_sc_hd__lpflow_isobufsrckapwr_16".
Reading "sky130_fd_sc_hd__dfrtp_2".
Reading "sky130_fd_sc_hd__dfrtp_4".
Reading "sky130_fd_sc_hd__dfsbp_1".
Reading "sky130_fd_sc_hd__dfsbp_2".
Reading "sky130_fd_sc_hd__dfstp_1".
Reading "sky130_fd_sc_hd__dfstp_2".
Reading "sky130_fd_sc_hd__dfstp_4".
Reading "sky130_fd_sc_hd__dfxbp_1".
Reading "sky130_fd_sc_hd__dfxbp_2".
Reading "sky130_fd_sc_hd__dfxtp_1".
Reading "sky130_fd_sc_hd__dfxtp_2".
Reading "sky130_fd_sc_hd__dfxtp_4".
Reading "sky130_fd_sc_hd__diode_2".
Reading "sky130_fd_sc_hd__dlclkp_1".
Reading "sky130_fd_sc_hd__dlclkp_2".
Reading "sky130_fd_sc_hd__dlclkp_4".
Reading "sky130_fd_sc_hd__dlrbn_1".
Reading "sky130_fd_sc_hd__dlrbp_1".
Reading "sky130_fd_sc_hd__dlrtn_1".
Reading "sky130_fd_sc_hd__dlrtn_2".
Reading "sky130_fd_sc_hd__dlrbn_2".
Reading "sky130_fd_sc_hd__dlrbp_2".
Reading "sky130_fd_sc_hd__dlrtn_4".
Reading "sky130_fd_sc_hd__dlrtp_1".
Reading "sky130_fd_sc_hd__dlrtp_2".
Reading "sky130_fd_sc_hd__dlrtp_4".
Reading "sky130_fd_sc_hd__dlxbn_1".
Reading "sky130_fd_sc_hd__dlxbn_2".
Reading "sky130_fd_sc_hd__dlxbp_1".
Reading "sky130_fd_sc_hd__dlxtn_1".
Reading "sky130_fd_sc_hd__dlxtn_2".
Reading "sky130_fd_sc_hd__dlxtn_4".
Reading "sky130_fd_sc_hd__dlxtp_1".
Reading "sky130_fd_sc_hd__dlygate4sd1_1".
Reading "sky130_fd_sc_hd__dlygate4sd2_1".
Reading "sky130_fd_sc_hd__dlygate4sd3_1".
Reading "sky130_fd_sc_hd__dlymetal6s2s_1".
Reading "sky130_fd_sc_hd__dlymetal6s4s_1".
Reading "sky130_fd_sc_hd__dlymetal6s6s_1".
Reading "sky130_fd_sc_hd__ebufn_1".
Reading "sky130_fd_sc_hd__ebufn_2".
Reading "sky130_fd_sc_hd__ebufn_4".
Reading "sky130_fd_sc_hd__einvn_0".
Reading "sky130_fd_sc_hd__einvn_1".
Reading "sky130_fd_sc_hd__einvn_2".
Reading "sky130_fd_sc_hd__einvn_4".
Reading "sky130_fd_sc_hd__ebufn_8".
Reading "sky130_fd_sc_hd__edfxbp_1".
Reading "sky130_fd_sc_hd__edfxtp_1".
Reading "sky130_fd_sc_hd__einvn_8".
Reading "sky130_fd_sc_hd__and4_4".
Reading "sky130_fd_sc_hd__and4b_1".
Reading "sky130_fd_sc_hd__and4b_2".
Reading "sky130_fd_sc_hd__and4b_4".
Reading "sky130_fd_sc_hd__and4bb_1".
Reading "sky130_fd_sc_hd__and4bb_2".
Reading "sky130_fd_sc_hd__and4bb_4".
Reading "sky130_fd_sc_hd__buf_1".
Reading "sky130_fd_sc_hd__buf_2".
Reading "sky130_fd_sc_hd__buf_4".
Reading "sky130_fd_sc_hd__buf_6".
Reading "sky130_fd_sc_hd__buf_8".
Reading "sky130_fd_sc_hd__buf_12".
Reading "sky130_fd_sc_hd__buf_16".
Reading "sky130_fd_sc_hd__bufbuf_8".
Reading "sky130_fd_sc_hd__clkdlybuf4s15_2".
Reading "sky130_fd_sc_hd__clkdlybuf4s15_1".
Reading "sky130_fd_sc_hd__clkbuf_16".
Reading "sky130_fd_sc_hd__clkbuf_8".
Reading "sky130_fd_sc_hd__clkbuf_4".
Reading "sky130_fd_sc_hd__clkbuf_2".
Reading "sky130_fd_sc_hd__clkbuf_1".
Reading "sky130_fd_sc_hd__bufinv_16".
Reading "sky130_fd_sc_hd__bufinv_8".
Reading "sky130_fd_sc_hd__bufbuf_16".
Reading "sky130_fd_sc_hd__clkdlybuf4s18_1".
Reading "sky130_fd_sc_hd__clkdlybuf4s18_2".
Reading "sky130_fd_sc_hd__clkdlybuf4s25_1".
Reading "sky130_fd_sc_hd__clkdlybuf4s25_2".
Reading "sky130_fd_sc_hd__clkdlybuf4s50_1".
Reading "sky130_fd_sc_hd__clkdlybuf4s50_2".
Reading "sky130_fd_sc_hd__clkinv_1".
Reading "sky130_fd_sc_hd__clkinv_2".
Reading "sky130_fd_sc_hd__clkinv_4".
Reading "sky130_fd_sc_hd__dfbbn_1".
Reading "sky130_fd_sc_hd__decap_12".
Reading "sky130_fd_sc_hd__decap_8".
Reading "sky130_fd_sc_hd__decap_6".
Reading "sky130_fd_sc_hd__decap_4".
Reading "sky130_fd_sc_hd__decap_3".
Reading "sky130_fd_sc_hd__clkinvlp_4".
Reading "sky130_fd_sc_hd__clkinvlp_2".
Reading "sky130_fd_sc_hd__clkinv_16".
Reading "sky130_fd_sc_hd__clkinv_8".
Reading "sky130_fd_sc_hd__dfbbn_2".
Reading "sky130_fd_sc_hd__dfbbp_1".
Reading "sky130_fd_sc_hd__dfrbp_1".
Reading "sky130_fd_sc_hd__dfrbp_2".
Reading "sky130_fd_sc_hd__dfrtn_1".
Reading "sky130_fd_sc_hd__dfrtp_1".
Reading "sky130_fd_sc_hd__a32oi_1".
Reading "sky130_fd_sc_hd__a32oi_2".
Reading "sky130_fd_sc_hd__a32oi_4".
Reading "sky130_fd_sc_hd__a41o_1".
Reading "sky130_fd_sc_hd__a41o_2".
Reading "sky130_fd_sc_hd__a41o_4".
Reading "sky130_fd_sc_hd__a41oi_1".
Reading "sky130_fd_sc_hd__a41oi_2".
Reading "sky130_fd_sc_hd__a41oi_4".
Reading "sky130_fd_sc_hd__a221o_4".
Reading "sky130_fd_sc_hd__a221o_2".
Reading "sky130_fd_sc_hd__a221oi_1".
Reading "sky130_fd_sc_hd__a211oi_2".
Reading "sky130_fd_sc_hd__a211oi_1".
Reading "sky130_fd_sc_hd__a211o_4".
Reading "sky130_fd_sc_hd__a211o_2".
Reading "sky130_fd_sc_hd__a211o_1".
Reading "sky130_fd_sc_hd__a221o_1".
Reading "sky130_fd_sc_hd__a211oi_4".
Reading "sky130_fd_sc_hd__a221oi_2".
Reading "sky130_fd_sc_hd__a221oi_4".
Reading "sky130_fd_sc_hd__a222oi_1".
Reading "sky130_fd_sc_hd__a311o_1".
Reading "sky130_fd_sc_hd__a311o_2".
Reading "sky130_fd_sc_hd__a311o_4".
Reading "sky130_fd_sc_hd__a311oi_1".
Reading "sky130_fd_sc_hd__a311oi_2".
Reading "sky130_fd_sc_hd__a311oi_4".
Reading "sky130_fd_sc_hd__a2111o_1".
Reading "sky130_fd_sc_hd__a2111o_2".
Reading "sky130_fd_sc_hd__a2111o_4".
Reading "sky130_fd_sc_hd__a2111oi_0".
Reading "sky130_fd_sc_hd__a2111oi_1".
CIF file read warning: Input off lambda grid by 2/5; snapped to grid.
Reading "sky130_fd_sc_hd__a2111oi_2".
Reading "sky130_fd_sc_hd__a2111oi_4".
Reading "sky130_fd_sc_hd__and2_0".
Reading "sky130_fd_sc_hd__and2_1".
Reading "sky130_fd_sc_hd__and2b_1".
Reading "sky130_fd_sc_hd__and2_4".
Reading "sky130_fd_sc_hd__and2_2".
Reading "sky130_fd_sc_hd__and2b_4".
Reading "sky130_fd_sc_hd__and2b_2".
Reading "sky130_fd_sc_hd__and3_4".
Reading "sky130_fd_sc_hd__and3_2".
Reading "sky130_fd_sc_hd__and3_1".
Reading "sky130_fd_sc_hd__and3b_2".
Reading "sky130_fd_sc_hd__and3b_1".
Reading "sky130_fd_sc_hd__and3b_4".
Reading "sky130_fd_sc_hd__and4_1".
Reading "sky130_fd_sc_hd__and4_2".
Reading "sky130_ef_sc_hd__decap_12".
Reading "sky130_ef_sc_hd__fill_4".
Reading "sky130_ef_sc_hd__fill_8".
Reading "sky130_ef_sc_hd__fill_12".
Reading "sky130_fd_sc_hd__a2bb2o_1".
Reading "sky130_fd_sc_hd__a2bb2o_2".
Reading "sky130_fd_sc_hd__a2bb2o_4".
Reading "sky130_fd_sc_hd__a2bb2oi_1".
Reading "sky130_fd_sc_hd__a2bb2oi_2".
Reading "sky130_fd_sc_hd__a2bb2oi_4".
Reading "sky130_fd_sc_hd__a21bo_1".
Reading "sky130_fd_sc_hd__a21bo_2".
Reading "sky130_fd_sc_hd__a21bo_4".
Reading "sky130_fd_sc_hd__a21boi_0".
Reading "sky130_fd_sc_hd__a21boi_1".
Reading "sky130_fd_sc_hd__a21boi_2".
Reading "sky130_fd_sc_hd__a21boi_4".
Reading "sky130_fd_sc_hd__a21o_1".
Reading "sky130_fd_sc_hd__a21o_2".
Reading "sky130_fd_sc_hd__a22o_1".
Reading "sky130_fd_sc_hd__a21oi_4".
Reading "sky130_fd_sc_hd__a21oi_2".
Reading "sky130_fd_sc_hd__a22oi_2".
Reading "sky130_fd_sc_hd__a22oi_1".
Reading "sky130_fd_sc_hd__a22o_4".
Reading "sky130_fd_sc_hd__a22o_2".
Reading "sky130_fd_sc_hd__a22oi_4".
Reading "sky130_fd_sc_hd__a21oi_1".
Reading "sky130_fd_sc_hd__a21o_4".
Reading "sky130_fd_sc_hd__a31o_1".
Reading "sky130_fd_sc_hd__a31o_2".
Reading "sky130_fd_sc_hd__a31o_4".
Reading "sky130_fd_sc_hd__a31oi_1".
Reading "sky130_fd_sc_hd__a31oi_2".
Reading "sky130_fd_sc_hd__a31oi_4".
Reading "sky130_fd_sc_hd__a32o_1".
Reading "sky130_fd_sc_hd__a32o_2".
Reading "sky130_fd_sc_hd__a32o_4".
Cell (NEWCELL) couldn't be read
No such file or directory
Creating new cell
> lef read /home/hp/.volare/volare/sky130/versions/0fe599b2afb6708d281543108caf8310912f54af/sky130A/libs.ref/sky130_fd_sc_hd/techlef/sky130_fd_sc_hd__nom.tlef
Reading LEF data from file /home/hp/.volare/volare/sky130/versions/0fe599b2afb6708d281543108caf8310912f54af/sky130A/libs.ref/sky130_fd_sc_hd/techlef/sky130_fd_sc_hd__nom.tlef.
This action cannot be undone.
LEF read, Line 82 (Message): Unknown keyword "ANTENNAMODEL" in LEF file; ignoring.
LEF read, Line 83 (Message): Unknown keyword "ANTENNADIFFSIDEAREARATIO" in LEF file; ignoring.
LEF read, Line 116 (Message): Unknown keyword "MINENCLOSEDAREA" in LEF file; ignoring.
LEF read, Line 118 (Message): Unknown keyword "ANTENNAMODEL" in LEF file; ignoring.
LEF read, Line 119 (Message): Unknown keyword "ANTENNADIFFSIDEAREARATIO" in LEF file; ignoring.
LEF read, Line 125 (Message): Unknown keyword "MAXIMUMDENSITY" in LEF file; ignoring.
LEF read, Line 126 (Message): Unknown keyword "DENSITYCHECKWINDOW" in LEF file; ignoring.
LEF read, Line 127 (Message): Unknown keyword "DENSITYCHECKSTEP" in LEF file; ignoring.
LEF read, Line 160 (Message): Unknown keyword "MINENCLOSEDAREA" in LEF file; ignoring.
LEF read, Line 168 (Message): Unknown keyword "ANTENNAMODEL" in LEF file; ignoring.
LEF read, Line 169 (Message): Unknown keyword "ANTENNADIFFSIDEAREARATIO" in LEF file; ignoring.
LEF read, Line 171 (Message): Unknown keyword "MAXIMUMDENSITY" in LEF file; ignoring.
LEF read, Line 172 (Message): Unknown keyword "DENSITYCHECKWINDOW" in LEF file; ignoring.
LEF read, Line 173 (Message): Unknown keyword "DENSITYCHECKSTEP" in LEF file; ignoring.
LEF read, Line 210 (Message): Unknown keyword "ANTENNAMODEL" in LEF file; ignoring.
LEF read, Line 211 (Message): Unknown keyword "ANTENNADIFFSIDEAREARATIO" in LEF file; ignoring.
LEF read, Line 213 (Message): Unknown keyword "MAXIMUMDENSITY" in LEF file; ignoring.
LEF read, Line 214 (Message): Unknown keyword "DENSITYCHECKWINDOW" in LEF file; ignoring.
LEF read, Line 215 (Message): Unknown keyword "DENSITYCHECKSTEP" in LEF file; ignoring.
LEF read, Line 252 (Message): Unknown keyword "ANTENNAMODEL" in LEF file; ignoring.
LEF read, Line 253 (Message): Unknown keyword "ANTENNADIFFSIDEAREARATIO" in LEF file; ignoring.
LEF read, Line 255 (Message): Unknown keyword "MAXIMUMDENSITY" in LEF file; ignoring.
LEF read, Line 256 (Message): Unknown keyword "DENSITYCHECKWINDOW" in LEF file; ignoring.
LEF read, Line 257 (Message): Unknown keyword "DENSITYCHECKSTEP" in LEF file; ignoring.
LEF read, Line 294 (Message): Unknown keyword "ANTENNAMODEL" in LEF file; ignoring.
LEF read, Line 295 (Message): Unknown keyword "ANTENNADIFFSIDEAREARATIO" in LEF file; ignoring.
LEF read: Processed 801 lines.
> def read /home/hp/openlane2/project2/runs/RUN_2025-09-26_17-01-24/52-odb-cellfrequencytables/Systolic4x4_serial_io.def -noblockage -labels
Reading DEF data from file /home/hp/openlane2/project2/runs/RUN_2025-09-26_17-01-24/52-odb-cellfrequencytables/Systolic4x4_serial_io.def.
This action cannot be undone.
  Processed 4 vias total.
  Processed 52756 subcell instances total.
  Processed 15 pins total.
  Processed 2 special nets total.
  Processed 17218 nets total.
DEF read: Processed 324959 lines.
Moving label "A_in\[124\]" from metal2 to via1 in cell Systolic4x4_serial_io.
Moving label "A_in\[61\]" from metal2 to via1 in cell Systolic4x4_serial_io.
Moving label "C_out\[313\]" from metal2 to via1 in cell Systolic4x4_serial_io.
Moving label "C_out\[316\]" from metal2 to via1 in cell Systolic4x4_serial_io.
Moving label "C_out\[34\]" from metal2 to via1 in cell Systolic4x4_serial_io.
Moving label "C_out\[366\]" from metal2 to via1 in cell Systolic4x4_serial_io.
Moving label "C_out\[394\]" from metal2 to via1 in cell Systolic4x4_serial_io.
Moving label "_00006_" from metal1 to via1 in cell Systolic4x4_serial_io.
Moving label "_00223_" from metal1 to via1 in cell Systolic4x4_serial_io.
Moving label "_00305_" from metal1 to via1 in cell Systolic4x4_serial_io.
Moving label "_00615_" from metal1 to via1 in cell Systolic4x4_serial_io.
Moving label "_00633_" from metal1 to via1 in cell Systolic4x4_serial_io.
Moving label "_00750_" from metal1 to via1 in cell Systolic4x4_serial_io.
Moving label "_00877_" from metal1 to via1 in cell Systolic4x4_serial_io.
Moving label "_00960_" from metal1 to via1 in cell Systolic4x4_serial_io.
Moving label "_01079_" from metal2 to via1 in cell Systolic4x4_serial_io.
Moving label "_01172_" from metal1 to via1 in cell Systolic4x4_serial_io.
Moving label "_01295_" from metal1 to via1 in cell Systolic4x4_serial_io.
Moving label "_01389_" from metal1 to via1 in cell Systolic4x4_serial_io.
Moving label "_01507_" from metal1 to via1 in cell Systolic4x4_serial_io.
Moving label "_01626_" from metal1 to via1 in cell Systolic4x4_serial_io.
Moving label "_01720_" from metal1 to via1 in cell Systolic4x4_serial_io.
Moving label "_01966_" from metal1 to via1 in cell Systolic4x4_serial_io.
Moving label "_01972_" from metal1 to via1 in cell Systolic4x4_serial_io.
Moving label "_01977_" from metal1 to via1 in cell Systolic4x4_serial_io.
Moving label "_01978_" from metal1 to via1 in cell Systolic4x4_serial_io.
Moving label "_01981_" from metal1 to via1 in cell Systolic4x4_serial_io.
Moving label "_01991_" from metal1 to via1 in cell Systolic4x4_serial_io.
Moving label "_01999_" from metal1 to via1 in cell Systolic4x4_serial_io.
Moving label "_02012_" from metal1 to via1 in cell Systolic4x4_serial_io.
Moving label "_02014_" from metal1 to via1 in cell Systolic4x4_serial_io.
Moving label "_02019_" from metal1 to via1 in cell Systolic4x4_serial_io.
Moving label "_02021_" from metal1 to via1 in cell Systolic4x4_serial_io.
Moving label "_02042_" from metal1 to via1 in cell Systolic4x4_serial_io.
Moving label "_02043_" from metal1 to via1 in cell Systolic4x4_serial_io.
Moving label "_02047_" from metal1 to via1 in cell Systolic4x4_serial_io.
Moving label "_02049_" from metal1 to via1 in cell Systolic4x4_serial_io.
Moving label "_02056_" from metal1 to via1 in cell Systolic4x4_serial_io.
Moving label "_02061_" from metal1 to viali in cell Systolic4x4_serial_io.
Moving label "_02065_" from metal1 to via1 in cell Systolic4x4_serial_io.
Moving label "_02068_" from metal1 to via1 in cell Systolic4x4_serial_io.
Moving label "_02072_" from metal1 to via1 in cell Systolic4x4_serial_io.
Moving label "_02077_" from metal1 to via1 in cell Systolic4x4_serial_io.
Moving label "_02089_" from metal1 to via1 in cell Systolic4x4_serial_io.
Moving label "_02098_" from metal1 to viali in cell Systolic4x4_serial_io.
Moving label "_02099_" from metal1 to via1 in cell Systolic4x4_serial_io.
Moving label "_02103_" from metal1 to via1 in cell Systolic4x4_serial_io.
Moving label "_02108_" from metal1 to via1 in cell Systolic4x4_serial_io.
Moving label "_02112_" from metal1 to viali in cell Systolic4x4_serial_io.
Moving label "_02114_" from metal1 to viali in cell Systolic4x4_serial_io.
Moving label "_02134_" from metal1 to via1 in cell Systolic4x4_serial_io.
Moving label "_02143_" from metal1 to via1 in cell Systolic4x4_serial_io.
Moving label "_02146_" from metal1 to via1 in cell Systolic4x4_serial_io.
Moving label "_02161_" from metal1 to via1 in cell Systolic4x4_serial_io.
Moving label "_02166_" from metal1 to via1 in cell Systolic4x4_serial_io.
Moving label "_02168_" from metal1 to via1 in cell Systolic4x4_serial_io.
Moving label "_02180_" from metal1 to via1 in cell Systolic4x4_serial_io.
Moving label "_02194_" from metal1 to via1 in cell Systolic4x4_serial_io.
Moving label "_02197_" from metal1 to via1 in cell Systolic4x4_serial_io.
Moving label "_02201_" from metal1 to viali in cell Systolic4x4_serial_io.
Moving label "_02210_" from metal1 to via1 in cell Systolic4x4_serial_io.
Moving label "_02215_" from metal1 to via1 in cell Systolic4x4_serial_io.
Moving label "_02216_" from metal1 to via1 in cell Systolic4x4_serial_io.
Moving label "_02222_" from metal1 to via1 in cell Systolic4x4_serial_io.
Moving label "_02223_" from metal1 to via1 in cell Systolic4x4_serial_io.
Moving label "_02224_" from metal1 to via1 in cell Systolic4x4_serial_io.
Moving label "_02225_" from metal1 to via1 in cell Systolic4x4_serial_io.
Moving label "_02240_" from metal1 to via1 in cell Systolic4x4_serial_io.
Moving label "_02488_" from metal1 to via1 in cell Systolic4x4_serial_io.
Moving label "_02541_" from metal1 to via1 in cell Systolic4x4_serial_io.
Moving label "_02640_" from metal1 to via1 in cell Systolic4x4_serial_io.
Moving label "_02735_" from metal1 to via1 in cell Systolic4x4_serial_io.
Moving label "_02765_" from metal1 to via1 in cell Systolic4x4_serial_io.
Moving label "_02782_" from metal1 to via1 in cell Systolic4x4_serial_io.
Moving label "_02785_" from metal1 to via1 in cell Systolic4x4_serial_io.
Moving label "_02873_" from metal1 to via1 in cell Systolic4x4_serial_io.
Moving label "_03287_" from metal1 to via1 in cell Systolic4x4_serial_io.
Moving label "_03301_" from metal1 to via1 in cell Systolic4x4_serial_io.
Moving label "_03398_" from metal1 to via1 in cell Systolic4x4_serial_io.
Moving label "_03478_" from metal1 to via1 in cell Systolic4x4_serial_io.
Moving label "_03486_" from metal1 to via1 in cell Systolic4x4_serial_io.
Moving label "_03502_" from metal1 to viali in cell Systolic4x4_serial_io.
Moving label "_03530_" from metal2 to via2 in cell Systolic4x4_serial_io.
Moving label "_03569_" from metal1 to viali in cell Systolic4x4_serial_io.
Moving label "_03577_" from metal1 to viali in cell Systolic4x4_serial_io.
Moving label "_03582_" from metal1 to via1 in cell Systolic4x4_serial_io.
Moving label "_03592_" from metal1 to via1 in cell Systolic4x4_serial_io.
Moving label "_03594_" from metal1 to via1 in cell Systolic4x4_serial_io.
Moving label "_03617_" from metal2 to via1 in cell Systolic4x4_serial_io.
Moving label "_03700_" from metal1 to via1 in cell Systolic4x4_serial_io.
Moving label "_03751_" from metal2 to via1 in cell Systolic4x4_serial_io.
Moving label "_03756_" from metal1 to viali in cell Systolic4x4_serial_io.
Moving label "_03802_" from metal2 to via2 in cell Systolic4x4_serial_io.
Moving label "_03803_" from metal2 to via2 in cell Systolic4x4_serial_io.
Moving label "_03814_" from metal1 to viali in cell Systolic4x4_serial_io.
Moving label "_03935_" from metal2 to via1 in cell Systolic4x4_serial_io.
Moving label "_03955_" from metal1 to via1 in cell Systolic4x4_serial_io.
Moving label "_03967_" from metal1 to via1 in cell Systolic4x4_serial_io.
Moving label "_03983_" from metal1 to via1 in cell Systolic4x4_serial_io.
Moving label "_04046_" from metal1 to viali in cell Systolic4x4_serial_io.
Moving label "_04073_" from metal1 to viali in cell Systolic4x4_serial_io.
Moving label "_04110_" from metal1 to via1 in cell Systolic4x4_serial_io.
Moving label "_04159_" from metal1 to via1 in cell Systolic4x4_serial_io.
Moving label "_04256_" from metal2 to via1 in cell Systolic4x4_serial_io.
Moving label "_04325_" from metal1 to via1 in cell Systolic4x4_serial_io.
Moving label "_04355_" from metal1 to via1 in cell Systolic4x4_serial_io.
Moving label "_04474_" from metal1 to via1 in cell Systolic4x4_serial_io.
Moving label "_04505_" from metal1 to via1 in cell Systolic4x4_serial_io.
Moving label "_04573_" from metal2 to via2 in cell Systolic4x4_serial_io.
Moving label "_04616_" from metal1 to viali in cell Systolic4x4_serial_io.
Moving label "_04625_" from metal1 to via1 in cell Systolic4x4_serial_io.
Moving label "_04628_" from metal1 to via1 in cell Systolic4x4_serial_io.
Moving label "_04728_" from metal1 to via1 in cell Systolic4x4_serial_io.
Moving label "_04746_" from metal1 to via1 in cell Systolic4x4_serial_io.
Moving label "_04782_" from metal1 to via1 in cell Systolic4x4_serial_io.
Moving label "_04810_" from metal1 to viali in cell Systolic4x4_serial_io.
Moving label "_04831_" from metal1 to via1 in cell Systolic4x4_serial_io.
Moving label "_04849_" from metal1 to viali in cell Systolic4x4_serial_io.
Moving label "_04995_" from metal1 to viali in cell Systolic4x4_serial_io.
Moving label "_05064_" from metal1 to via1 in cell Systolic4x4_serial_io.
Moving label "_05073_" from metal1 to viali in cell Systolic4x4_serial_io.
Moving label "_05146_" from metal1 to viali in cell Systolic4x4_serial_io.
Moving label "_05156_" from metal1 to viali in cell Systolic4x4_serial_io.
Moving label "_05208_" from metal1 to via1 in cell Systolic4x4_serial_io.
Moving label "_05241_" from metal1 to via1 in cell Systolic4x4_serial_io.
Moving label "_05434_" from metal1 to viali in cell Systolic4x4_serial_io.
Moving label "_05448_" from metal1 to via1 in cell Systolic4x4_serial_io.
Moving label "_05462_" from metal1 to via1 in cell Systolic4x4_serial_io.
Moving label "_05510_" from metal2 to via2 in cell Systolic4x4_serial_io.
Moving label "_05575_" from metal1 to via1 in cell Systolic4x4_serial_io.
Moving label "_05578_" from metal1 to via1 in cell Systolic4x4_serial_io.
Moving label "_05642_" from metal1 to via1 in cell Systolic4x4_serial_io.
Moving label "_05645_" from metal1 to via1 in cell Systolic4x4_serial_io.
Moving label "_05647_" from metal2 to via1 in cell Systolic4x4_serial_io.
Moving label "_05681_" from metal1 to via1 in cell Systolic4x4_serial_io.
Moving label "_05721_" from metal2 to via1 in cell Systolic4x4_serial_io.
Moving label "_05740_" from metal2 to via1 in cell Systolic4x4_serial_io.
Moving label "_05752_" from metal1 to via1 in cell Systolic4x4_serial_io.
Moving label "_05770_" from metal1 to viali in cell Systolic4x4_serial_io.
Moving label "_05782_" from metal1 to viali in cell Systolic4x4_serial_io.
Moving label "_05785_" from metal1 to via1 in cell Systolic4x4_serial_io.
Moving label "_05846_" from metal1 to viali in cell Systolic4x4_serial_io.
Moving label "_05984_" from metal2 to via2 in cell Systolic4x4_serial_io.
Moving label "_05990_" from metal1 to via1 in cell Systolic4x4_serial_io.
Moving label "_06071_" from metal1 to viali in cell Systolic4x4_serial_io.
Moving label "_06106_" from metal2 to via1 in cell Systolic4x4_serial_io.
Moving label "_06148_" from metal1 to via1 in cell Systolic4x4_serial_io.
Moving label "_06151_" from metal1 to via1 in cell Systolic4x4_serial_io.
Moving label "_06200_" from metal1 to viali in cell Systolic4x4_serial_io.
Moving label "_06327_" from metal1 to viali in cell Systolic4x4_serial_io.
Moving label "_06381_" from metal1 to via1 in cell Systolic4x4_serial_io.
Moving label "_06416_" from metal1 to viali in cell Systolic4x4_serial_io.
Moving label "_06439_" from metal1 to via1 in cell Systolic4x4_serial_io.
Moving label "_06445_" from metal1 to viali in cell Systolic4x4_serial_io.
Moving label "_06457_" from metal1 to via1 in cell Systolic4x4_serial_io.
Moving label "_06490_" from metal1 to viali in cell Systolic4x4_serial_io.
Moving label "_06496_" from metal1 to viali in cell Systolic4x4_serial_io.
Moving label "_06569_" from metal2 to via2 in cell Systolic4x4_serial_io.
Moving label "_06670_" from metal1 to via1 in cell Systolic4x4_serial_io.
Moving label "_06685_" from metal1 to via1 in cell Systolic4x4_serial_io.
Moving label "_06730_" from metal2 to via1 in cell Systolic4x4_serial_io.
Moving label "_06779_" from metal1 to viali in cell Systolic4x4_serial_io.
Moving label "_06797_" from metal1 to via1 in cell Systolic4x4_serial_io.
Moving label "_06846_" from metal1 to via1 in cell Systolic4x4_serial_io.
Moving label "_06869_" from metal2 to via2 in cell Systolic4x4_serial_io.
Moving label "_06952_" from metal1 to viali in cell Systolic4x4_serial_io.
Moving label "_06953_" from metal1 to viali in cell Systolic4x4_serial_io.
Moving label "_06983_" from metal1 to via1 in cell Systolic4x4_serial_io.
Moving label "_07004_" from metal1 to via1 in cell Systolic4x4_serial_io.
Moving label "_07088_" from metal1 to viali in cell Systolic4x4_serial_io.
Moving label "_07165_" from metal2 to via1 in cell Systolic4x4_serial_io.
Moving label "_07198_" from metal2 to via2 in cell Systolic4x4_serial_io.
Moving label "_07205_" from metal1 to via1 in cell Systolic4x4_serial_io.
Moving label "_07231_" from metal1 to via1 in cell Systolic4x4_serial_io.
Moving label "_07238_" from metal2 to via2 in cell Systolic4x4_serial_io.
Moving label "_07311_" from metal1 to viali in cell Systolic4x4_serial_io.
Moving label "_07315_" from metal1 to viali in cell Systolic4x4_serial_io.
Moving label "_07323_" from metal2 to via1 in cell Systolic4x4_serial_io.
Moving label "_07351_" from metal1 to via1 in cell Systolic4x4_serial_io.
Moving label "_07355_" from metal1 to via1 in cell Systolic4x4_serial_io.
Moving label "_07373_" from metal1 to viali in cell Systolic4x4_serial_io.
Moving label "_07415_" from metal1 to via1 in cell Systolic4x4_serial_io.
Moving label "_07437_" from metal1 to via1 in cell Systolic4x4_serial_io.
Moving label "_07463_" from metal1 to via1 in cell Systolic4x4_serial_io.
Moving label "_07468_" from metal1 to via1 in cell Systolic4x4_serial_io.
Moving label "_07586_" from metal1 to via1 in cell Systolic4x4_serial_io.
Moving label "_07640_" from metal2 to via2 in cell Systolic4x4_serial_io.
Moving label "_07686_" from metal2 to via2 in cell Systolic4x4_serial_io.
Moving label "_07797_" from metal1 to via1 in cell Systolic4x4_serial_io.
Moving label "_07811_" from metal1 to viali in cell Systolic4x4_serial_io.
Moving label "_07836_" from metal1 to via1 in cell Systolic4x4_serial_io.
Moving label "_07865_" from metal1 to viali in cell Systolic4x4_serial_io.
Moving label "_07873_" from metal1 to via1 in cell Systolic4x4_serial_io.
Moving label "_07884_" from metal1 to via1 in cell Systolic4x4_serial_io.
Moving label "_07901_" from metal1 to via1 in cell Systolic4x4_serial_io.
Moving label "_07959_" from metal1 to via1 in cell Systolic4x4_serial_io.
Moving label "_08026_" from metal1 to via1 in cell Systolic4x4_serial_io.
Moving label "_08046_" from metal1 to viali in cell Systolic4x4_serial_io.
Moving label "_08078_" from metal1 to via1 in cell Systolic4x4_serial_io.
Moving label "_08210_" from metal1 to via1 in cell Systolic4x4_serial_io.
Moving label "_08265_" from metal2 to via2 in cell Systolic4x4_serial_io.
Moving label "_08299_" from metal1 to via1 in cell Systolic4x4_serial_io.
Moving label "_08419_" from metal1 to via1 in cell Systolic4x4_serial_io.
Moving label "_08457_" from metal1 to via1 in cell Systolic4x4_serial_io.
Moving label "_08463_" from metal1 to via1 in cell Systolic4x4_serial_io.
Moving label "_08491_" from metal1 to via1 in cell Systolic4x4_serial_io.
Moving label "_08494_" from metal1 to viali in cell Systolic4x4_serial_io.
Moving label "_08502_" from metal1 to viali in cell Systolic4x4_serial_io.
Moving label "_08530_" from metal1 to viali in cell Systolic4x4_serial_io.
Moving label "_08561_" from metal1 to viali in cell Systolic4x4_serial_io.
Moving label "_08645_" from metal1 to via1 in cell Systolic4x4_serial_io.
Moving label "_08716_" from metal1 to via1 in cell Systolic4x4_serial_io.
Moving label "_08733_" from metal2 to via1 in cell Systolic4x4_serial_io.
Moving label "_08752_" from metal1 to via1 in cell Systolic4x4_serial_io.
Moving label "_08803_" from metal1 to viali in cell Systolic4x4_serial_io.
Moving label "_08918_" from metal2 to via2 in cell Systolic4x4_serial_io.
Moving label "_08974_" from metal1 to via1 in cell Systolic4x4_serial_io.
Moving label "_09042_" from metal1 to via1 in cell Systolic4x4_serial_io.
Moving label "_09051_" from metal1 to viali in cell Systolic4x4_serial_io.
Moving label "_09074_" from metal1 to viali in cell Systolic4x4_serial_io.
Moving label "_09266_" from metal1 to via1 in cell Systolic4x4_serial_io.
Moving label "_09278_" from metal1 to via1 in cell Systolic4x4_serial_io.
Moving label "_09322_" from metal2 to via1 in cell Systolic4x4_serial_io.
Moving label "_09420_" from metal1 to via1 in cell Systolic4x4_serial_io.
Moving label "_09508_" from metal1 to via1 in cell Systolic4x4_serial_io.
Moving label "_09544_" from metal1 to via1 in cell Systolic4x4_serial_io.
Moving label "_09600_" from metal2 to via1 in cell Systolic4x4_serial_io.
Moving label "_09607_" from metal1 to viali in cell Systolic4x4_serial_io.
Moving label "_09646_" from metal1 to via1 in cell Systolic4x4_serial_io.
Moving label "_09663_" from metal2 to via2 in cell Systolic4x4_serial_io.
Moving label "_09675_" from metal2 to via1 in cell Systolic4x4_serial_io.
Moving label "_09728_" from metal1 to via1 in cell Systolic4x4_serial_io.
Moving label "_09757_" from metal1 to viali in cell Systolic4x4_serial_io.
Moving label "_09758_" from metal1 to viali in cell Systolic4x4_serial_io.
Moving label "_09763_" from metal1 to via1 in cell Systolic4x4_serial_io.
Moving label "_09775_" from metal1 to via1 in cell Systolic4x4_serial_io.
Moving label "_09780_" from metal2 to via2 in cell Systolic4x4_serial_io.
Moving label "_09785_" from metal2 to via2 in cell Systolic4x4_serial_io.
Moving label "_09810_" from metal1 to via1 in cell Systolic4x4_serial_io.
Moving label "_09814_" from metal1 to via1 in cell Systolic4x4_serial_io.
Moving label "_09957_" from metal1 to via1 in cell Systolic4x4_serial_io.
Moving label "_10053_" from metal1 to via1 in cell Systolic4x4_serial_io.
Moving label "_10082_" from metal1 to viali in cell Systolic4x4_serial_io.
Moving label "_10184_" from metal1 to viali in cell Systolic4x4_serial_io.
Moving label "_10261_" from metal1 to via1 in cell Systolic4x4_serial_io.
Moving label "_10324_" from metal1 to via1 in cell Systolic4x4_serial_io.
Moving label "_10375_" from metal1 to via1 in cell Systolic4x4_serial_io.
Moving label "_10384_" from metal2 to via1 in cell Systolic4x4_serial_io.
Moving label "_10701_" from metal2 to via2 in cell Systolic4x4_serial_io.
Moving label "_10754_" from metal2 to via1 in cell Systolic4x4_serial_io.
Moving label "_10830_" from metal1 to viali in cell Systolic4x4_serial_io.
Moving label "_10898_" from metal2 to via2 in cell Systolic4x4_serial_io.
Moving label "_11012_" from metal1 to viali in cell Systolic4x4_serial_io.
Moving label "_11058_" from metal2 to via2 in cell Systolic4x4_serial_io.
Moving label "_11132_" from metal1 to via1 in cell Systolic4x4_serial_io.
Moving label "_11136_" from metal1 to viali in cell Systolic4x4_serial_io.
Moving label "_11202_" from metal1 to via1 in cell Systolic4x4_serial_io.
Moving label "_11279_" from metal2 to via1 in cell Systolic4x4_serial_io.
Moving label "_11319_" from metal1 to via1 in cell Systolic4x4_serial_io.
Moving label "_11340_" from metal1 to viali in cell Systolic4x4_serial_io.
Moving label "_11345_" from metal2 to via1 in cell Systolic4x4_serial_io.
Moving label "_11350_" from metal2 to via2 in cell Systolic4x4_serial_io.
Moving label "_11356_" from metal2 to via1 in cell Systolic4x4_serial_io.
Moving label "_11379_" from metal1 to viali in cell Systolic4x4_serial_io.
Moving label "_11470_" from metal2 to via1 in cell Systolic4x4_serial_io.
Moving label "_11573_" from metal1 to via1 in cell Systolic4x4_serial_io.
Moving label "_11574_" from metal1 to via1 in cell Systolic4x4_serial_io.
Moving label "_11612_" from metal1 to via1 in cell Systolic4x4_serial_io.
Moving label "_11717_" from metal1 to viali in cell Systolic4x4_serial_io.
Moving label "_11819_" from metal2 to via1 in cell Systolic4x4_serial_io.
Moving label "_11850_" from metal2 to via1 in cell Systolic4x4_serial_io.
Moving label "_11883_" from metal2 to via2 in cell Systolic4x4_serial_io.
Moving label "_11897_" from metal2 to via1 in cell Systolic4x4_serial_io.
Moving label "_11976_" from metal2 to via2 in cell Systolic4x4_serial_io.
Moving label "_11998_" from metal2 to via2 in cell Systolic4x4_serial_io.
Moving label "_12009_" from metal1 to viali in cell Systolic4x4_serial_io.
Moving label "_12065_" from metal1 to via1 in cell Systolic4x4_serial_io.
Moving label "_12285_" from metal1 to via1 in cell Systolic4x4_serial_io.
Moving label "_12329_" from metal2 to via1 in cell Systolic4x4_serial_io.
Moving label "_12333_" from metal1 to viali in cell Systolic4x4_serial_io.
Moving label "_12388_" from metal2 to via1 in cell Systolic4x4_serial_io.
Moving label "_12451_" from metal2 to via1 in cell Systolic4x4_serial_io.
Moving label "_12459_" from metal1 to via1 in cell Systolic4x4_serial_io.
Moving label "_12474_" from metal1 to viali in cell Systolic4x4_serial_io.
Moving label "_12507_" from metal1 to viali in cell Systolic4x4_serial_io.
Moving label "_12509_" from metal2 to via2 in cell Systolic4x4_serial_io.
Moving label "_12510_" from metal2 to via2 in cell Systolic4x4_serial_io.
Moving label "_12514_" from metal1 to viali in cell Systolic4x4_serial_io.
Moving label "_12633_" from metal1 to via1 in cell Systolic4x4_serial_io.
Moving label "_12651_" from metal2 to via1 in cell Systolic4x4_serial_io.
Moving label "_12655_" from metal1 to via1 in cell Systolic4x4_serial_io.
Moving label "_12662_" from metal1 to via1 in cell Systolic4x4_serial_io.
Moving label "_12674_" from metal1 to via1 in cell Systolic4x4_serial_io.
Moving label "_12687_" from metal2 to via1 in cell Systolic4x4_serial_io.
Moving label "_12757_" from metal1 to via1 in cell Systolic4x4_serial_io.
Moving label "_12786_" from metal1 to via1 in cell Systolic4x4_serial_io.
Moving label "_12798_" from metal1 to via1 in cell Systolic4x4_serial_io.
Moving label "_12808_" from metal2 to via2 in cell Systolic4x4_serial_io.
Moving label "_12868_" from metal2 to via1 in cell Systolic4x4_serial_io.
Moving label "_13040_" from metal1 to via1 in cell Systolic4x4_serial_io.
Moving label "_13049_" from metal1 to via1 in cell Systolic4x4_serial_io.
Moving label "_13057_" from metal2 to via1 in cell Systolic4x4_serial_io.
Moving label "_13076_" from metal1 to via1 in cell Systolic4x4_serial_io.
Moving label "clknet_0_clk" from metal2 to via2 in cell Systolic4x4_serial_io.
Moving label "clknet_leaf_143_clk" from metal1 to via1 in cell Systolic4x4_serial_io.
Moving label "clknet_leaf_20_A_in_serial_clk" from metal1 to via1 in cell Systolic4x4_serial_io.
Moving label "clknet_leaf_299_clk" from metal2 to via1 in cell Systolic4x4_serial_io.
Moving label "clknet_leaf_41_clk" from metal1 to via1 in cell Systolic4x4_serial_io.
Moving label "deser_A.serial_word\[67\]" from metal1 to via1 in cell Systolic4x4_serial_io.
Moving label "deser_A.shift_reg\[63\]" from metal2 to via1 in cell Systolic4x4_serial_io.
Moving label "deser_B.serial_word\[100\]" from metal1 to via1 in cell Systolic4x4_serial_io.
Moving label "net100" from metal1 to viali in cell Systolic4x4_serial_io.
Moving label "net102" from metal1 to viali in cell Systolic4x4_serial_io.
Moving label "net6" from metal2 to via2 in cell Systolic4x4_serial_io.
Moving label "net97" from metal1 to via1 in cell Systolic4x4_serial_io.
Moving label "net99" from metal1 to via1 in cell Systolic4x4_serial_io.
Moving label "ser_C.shift_reg\[0\]" from metal1 to viali in cell Systolic4x4_serial_io.
Moving label "ser_C.shift_reg\[10\]" from metal1 to via1 in cell Systolic4x4_serial_io.
Moving label "ser_C.shift_reg\[116\]" from metal2 to via1 in cell Systolic4x4_serial_io.
Moving label "ser_C.shift_reg\[118\]" from metal1 to viali in cell Systolic4x4_serial_io.
Moving label "ser_C.shift_reg\[130\]" from metal1 to viali in cell Systolic4x4_serial_io.
Moving label "ser_C.shift_reg\[131\]" from metal1 to viali in cell Systolic4x4_serial_io.
Moving label "ser_C.shift_reg\[132\]" from metal1 to via1 in cell Systolic4x4_serial_io.
Moving label "ser_C.shift_reg\[136\]" from metal1 to viali in cell Systolic4x4_serial_io.
Moving label "ser_C.shift_reg\[143\]" from metal1 to via1 in cell Systolic4x4_serial_io.
Moving label "ser_C.shift_reg\[146\]" from metal1 to via1 in cell Systolic4x4_serial_io.
Moving label "ser_C.shift_reg\[147\]" from metal1 to via1 in cell Systolic4x4_serial_io.
Moving label "ser_C.shift_reg\[148\]" from metal1 to via1 in cell Systolic4x4_serial_io.
Moving label "ser_C.shift_reg\[150\]" from metal1 to via1 in cell Systolic4x4_serial_io.
Moving label "ser_C.shift_reg\[163\]" from metal1 to via1 in cell Systolic4x4_serial_io.
Moving label "ser_C.shift_reg\[165\]" from metal1 to via1 in cell Systolic4x4_serial_io.
Moving label "ser_C.shift_reg\[172\]" from metal1 to via1 in cell Systolic4x4_serial_io.
Moving label "ser_C.shift_reg\[178\]" from metal1 to via1 in cell Systolic4x4_serial_io.
Moving label "ser_C.shift_reg\[17\]" from metal1 to via1 in cell Systolic4x4_serial_io.
Moving label "ser_C.shift_reg\[181\]" from metal1 to via1 in cell Systolic4x4_serial_io.
Moving label "ser_C.shift_reg\[183\]" from metal1 to viali in cell Systolic4x4_serial_io.
Moving label "ser_C.shift_reg\[187\]" from metal1 to via1 in cell Systolic4x4_serial_io.
Moving label "ser_C.shift_reg\[190\]" from metal1 to viali in cell Systolic4x4_serial_io.
Moving label "ser_C.shift_reg\[193\]" from metal1 to via1 in cell Systolic4x4_serial_io.
Moving label "ser_C.shift_reg\[195\]" from metal2 to via1 in cell Systolic4x4_serial_io.
Moving label "ser_C.shift_reg\[196\]" from metal1 to via1 in cell Systolic4x4_serial_io.
Moving label "ser_C.shift_reg\[205\]" from metal1 to via1 in cell Systolic4x4_serial_io.
Moving label "ser_C.shift_reg\[206\]" from metal1 to via1 in cell Systolic4x4_serial_io.
Moving label "ser_C.shift_reg\[207\]" from metal1 to via1 in cell Systolic4x4_serial_io.
Moving label "ser_C.shift_reg\[214\]" from metal1 to via1 in cell Systolic4x4_serial_io.
Moving label "ser_C.shift_reg\[217\]" from metal1 to via1 in cell Systolic4x4_serial_io.
Moving label "ser_C.shift_reg\[218\]" from metal1 to via1 in cell Systolic4x4_serial_io.
Moving label "ser_C.shift_reg\[222\]" from metal1 to via1 in cell Systolic4x4_serial_io.
Moving label "ser_C.shift_reg\[223\]" from metal1 to viali in cell Systolic4x4_serial_io.
Moving label "ser_C.shift_reg\[224\]" from metal1 to viali in cell Systolic4x4_serial_io.
Moving label "ser_C.shift_reg\[226\]" from metal1 to via1 in cell Systolic4x4_serial_io.
Moving label "ser_C.shift_reg\[229\]" from metal1 to via1 in cell Systolic4x4_serial_io.
Moving label "ser_C.shift_reg\[230\]" from metal1 to via1 in cell Systolic4x4_serial_io.
Moving label "ser_C.shift_reg\[233\]" from metal1 to via1 in cell Systolic4x4_serial_io.
Moving label "ser_C.shift_reg\[234\]" from metal1 to via1 in cell Systolic4x4_serial_io.
Moving label "ser_C.shift_reg\[236\]" from metal1 to viali in cell Systolic4x4_serial_io.
Moving label "ser_C.shift_reg\[241\]" from metal1 to via1 in cell Systolic4x4_serial_io.
Moving label "ser_C.shift_reg\[250\]" from metal1 to via1 in cell Systolic4x4_serial_io.
Moving label "ser_C.shift_reg\[252\]" from metal2 to via2 in cell Systolic4x4_serial_io.
Moving label "ser_C.shift_reg\[259\]" from metal1 to viali in cell Systolic4x4_serial_io.
Moving label "ser_C.shift_reg\[25\]" from metal1 to via1 in cell Systolic4x4_serial_io.
Moving label "ser_C.shift_reg\[261\]" from metal1 to via1 in cell Systolic4x4_serial_io.
Moving label "ser_C.shift_reg\[263\]" from metal1 to via1 in cell Systolic4x4_serial_io.
Moving label "ser_C.shift_reg\[264\]" from metal1 to viali in cell Systolic4x4_serial_io.
Moving label "ser_C.shift_reg\[267\]" from metal1 to viali in cell Systolic4x4_serial_io.
Moving label "ser_C.shift_reg\[275\]" from metal1 to via1 in cell Systolic4x4_serial_io.
Moving label "ser_C.shift_reg\[27\]" from metal1 to via1 in cell Systolic4x4_serial_io.
Moving label "ser_C.shift_reg\[281\]" from metal1 to via1 in cell Systolic4x4_serial_io.
Moving label "ser_C.shift_reg\[283\]" from metal1 to via1 in cell Systolic4x4_serial_io.
Moving label "ser_C.shift_reg\[287\]" from metal1 to via1 in cell Systolic4x4_serial_io.
Moving label "ser_C.shift_reg\[292\]" from metal1 to viali in cell Systolic4x4_serial_io.
Moving label "ser_C.shift_reg\[29\]" from metal1 to via1 in cell Systolic4x4_serial_io.
Moving label "ser_C.shift_reg\[302\]" from metal1 to via1 in cell Systolic4x4_serial_io.
Moving label "ser_C.shift_reg\[303\]" from metal1 to viali in cell Systolic4x4_serial_io.
Moving label "ser_C.shift_reg\[305\]" from metal1 to via1 in cell Systolic4x4_serial_io.
Moving label "ser_C.shift_reg\[307\]" from metal1 to via1 in cell Systolic4x4_serial_io.
Moving label "ser_C.shift_reg\[311\]" from metal1 to via1 in cell Systolic4x4_serial_io.
Moving label "ser_C.shift_reg\[315\]" from metal1 to via1 in cell Systolic4x4_serial_io.
Moving label "ser_C.shift_reg\[321\]" from metal1 to via1 in cell Systolic4x4_serial_io.
Moving label "ser_C.shift_reg\[322\]" from metal1 to via1 in cell Systolic4x4_serial_io.
Moving label "ser_C.shift_reg\[326\]" from metal1 to via1 in cell Systolic4x4_serial_io.
Moving label "ser_C.shift_reg\[327\]" from metal1 to via1 in cell Systolic4x4_serial_io.
Moving label "ser_C.shift_reg\[329\]" from metal1 to via1 in cell Systolic4x4_serial_io.
Moving label "ser_C.shift_reg\[339\]" from metal1 to via1 in cell Systolic4x4_serial_io.
Moving label "ser_C.shift_reg\[343\]" from metal1 to via1 in cell Systolic4x4_serial_io.
Moving label "ser_C.shift_reg\[345\]" from metal1 to viali in cell Systolic4x4_serial_io.
Moving label "ser_C.shift_reg\[348\]" from metal1 to viali in cell Systolic4x4_serial_io.
Moving label "ser_C.shift_reg\[351\]" from metal1 to via1 in cell Systolic4x4_serial_io.
Moving label "ser_C.shift_reg\[353\]" from metal1 to via1 in cell Systolic4x4_serial_io.
Moving label "ser_C.shift_reg\[354\]" from metal1 to via1 in cell Systolic4x4_serial_io.
Moving label "ser_C.shift_reg\[357\]" from metal1 to viali in cell Systolic4x4_serial_io.
Moving label "ser_C.shift_reg\[365\]" from metal1 to via1 in cell Systolic4x4_serial_io.
Moving label "ser_C.shift_reg\[367\]" from metal2 to via1 in cell Systolic4x4_serial_io.
Moving label "ser_C.shift_reg\[371\]" from metal1 to via1 in cell Systolic4x4_serial_io.
Moving label "ser_C.shift_reg\[373\]" from metal1 to via1 in cell Systolic4x4_serial_io.
Moving label "ser_C.shift_reg\[377\]" from metal1 to via1 in cell Systolic4x4_serial_io.
Moving label "ser_C.shift_reg\[385\]" from metal1 to via1 in cell Systolic4x4_serial_io.
Moving label "ser_C.shift_reg\[386\]" from metal1 to viali in cell Systolic4x4_serial_io.
Moving label "ser_C.shift_reg\[392\]" from metal1 to via1 in cell Systolic4x4_serial_io.
Moving label "ser_C.shift_reg\[394\]" from metal2 to via2 in cell Systolic4x4_serial_io.
Moving label "ser_C.shift_reg\[39\]" from metal1 to via1 in cell Systolic4x4_serial_io.
Moving label "ser_C.shift_reg\[400\]" from metal1 to viali in cell Systolic4x4_serial_io.
Moving label "ser_C.shift_reg\[401\]" from metal1 to via1 in cell Systolic4x4_serial_io.
Moving label "ser_C.shift_reg\[413\]" from metal1 to via1 in cell Systolic4x4_serial_io.
Moving label "ser_C.shift_reg\[415\]" from metal1 to via1 in cell Systolic4x4_serial_io.
Moving label "ser_C.shift_reg\[416\]" from metal3 to via3 in cell Systolic4x4_serial_io.
Moving label "ser_C.shift_reg\[417\]" from metal1 to via1 in cell Systolic4x4_serial_io.
Moving label "ser_C.shift_reg\[418\]" from metal1 to via1 in cell Systolic4x4_serial_io.
Moving label "ser_C.shift_reg\[421\]" from metal1 to via1 in cell Systolic4x4_serial_io.
Moving label "ser_C.shift_reg\[424\]" from metal1 to via1 in cell Systolic4x4_serial_io.
Moving label "ser_C.shift_reg\[431\]" from metal1 to via1 in cell Systolic4x4_serial_io.
Moving label "ser_C.shift_reg\[432\]" from metal1 to via1 in cell Systolic4x4_serial_io.
Moving label "ser_C.shift_reg\[436\]" from metal1 to viali in cell Systolic4x4_serial_io.
Moving label "ser_C.shift_reg\[439\]" from metal1 to viali in cell Systolic4x4_serial_io.
Moving label "ser_C.shift_reg\[43\]" from metal1 to viali in cell Systolic4x4_serial_io.
Moving label "ser_C.shift_reg\[440\]" from metal1 to viali in cell Systolic4x4_serial_io.
Moving label "ser_C.shift_reg\[442\]" from metal1 to via1 in cell Systolic4x4_serial_io.
Moving label "ser_C.shift_reg\[445\]" from metal1 to via1 in cell Systolic4x4_serial_io.
Moving label "ser_C.shift_reg\[461\]" from metal1 to via1 in cell Systolic4x4_serial_io.
Moving label "ser_C.shift_reg\[462\]" from metal1 to viali in cell Systolic4x4_serial_io.
Moving label "ser_C.shift_reg\[470\]" from metal1 to viali in cell Systolic4x4_serial_io.
Moving label "ser_C.shift_reg\[475\]" from metal1 to via1 in cell Systolic4x4_serial_io.
Moving label "ser_C.shift_reg\[480\]" from metal1 to viali in cell Systolic4x4_serial_io.
Moving label "ser_C.shift_reg\[487\]" from metal1 to via1 in cell Systolic4x4_serial_io.
Moving label "ser_C.shift_reg\[488\]" from metal1 to via1 in cell Systolic4x4_serial_io.
Moving label "ser_C.shift_reg\[491\]" from metal1 to via1 in cell Systolic4x4_serial_io.
Moving label "ser_C.shift_reg\[494\]" from metal1 to via1 in cell Systolic4x4_serial_io.
Moving label "ser_C.shift_reg\[506\]" from metal1 to via1 in cell Systolic4x4_serial_io.
Moving label "ser_C.shift_reg\[507\]" from metal1 to via1 in cell Systolic4x4_serial_io.
Moving label "ser_C.shift_reg\[508\]" from metal1 to viali in cell Systolic4x4_serial_io.
Moving label "ser_C.shift_reg\[509\]" from metal1 to via1 in cell Systolic4x4_serial_io.
Moving label "ser_C.shift_reg\[50\]" from metal1 to via1 in cell Systolic4x4_serial_io.
Moving label "ser_C.shift_reg\[54\]" from metal1 to viali in cell Systolic4x4_serial_io.
Moving label "ser_C.shift_reg\[68\]" from metal1 to via1 in cell Systolic4x4_serial_io.
Moving label "ser_C.shift_reg\[71\]" from metal1 to viali in cell Systolic4x4_serial_io.
Moving label "ser_C.shift_reg\[73\]" from metal1 to viali in cell Systolic4x4_serial_io.
Moving label "ser_C.shift_reg\[77\]" from metal1 to via1 in cell Systolic4x4_serial_io.
Moving label "ser_C.shift_reg\[80\]" from metal2 to via2 in cell Systolic4x4_serial_io.
Moving label "ser_C.shift_reg\[88\]" from metal1 to via1 in cell Systolic4x4_serial_io.
Moving label "ser_C.shift_reg\[89\]" from metal1 to via1 in cell Systolic4x4_serial_io.
Moving label "ser_C.shift_reg\[94\]" from metal1 to via1 in cell Systolic4x4_serial_io.
Moving label "systolic_inst.A_outs\[13\]\[4\]" from metal1 to via1 in cell Systolic4x4_serial_io.
Moving label "systolic_inst.A_outs\[13\]\[5\]" from metal2 to via1 in cell Systolic4x4_serial_io.
Moving label "systolic_inst.A_outs\[15\]\[3\]" from metal1 to via1 in cell Systolic4x4_serial_io.
Moving label "systolic_inst.A_outs\[2\]\[4\]" from metal1 to viali in cell Systolic4x4_serial_io.
Moving label "systolic_inst.A_outs\[3\]\[4\]" from metal1 to via1 in cell Systolic4x4_serial_io.
Moving label "systolic_inst.A_outs\[5\]\[1\]" from metal2 to via1 in cell Systolic4x4_serial_io.
Moving label "systolic_inst.A_outs\[7\]\[0\]" from metal2 to via2 in cell Systolic4x4_serial_io.
Moving label "systolic_inst.B_outs\[10\]\[5\]" from metal1 to via1 in cell Systolic4x4_serial_io.
Moving label "systolic_inst.B_outs\[13\]\[5\]" from metal1 to via1 in cell Systolic4x4_serial_io.
Moving label "systolic_inst.B_shift\[1\]\[2\]" from metal2 to via1 in cell Systolic4x4_serial_io.
Moving label "systolic_inst.acc_wires\[0\]\[15\]" from metal2 to via2 in cell Systolic4x4_serial_io.
Moving label "systolic_inst.acc_wires\[11\]\[1\]" from metal1 to viali in cell Systolic4x4_serial_io.
Moving label "systolic_inst.acc_wires\[13\]\[25\]" from metal1 to via1 in cell Systolic4x4_serial_io.
Moving label "systolic_inst.acc_wires\[2\]\[12\]" from metal2 to via1 in cell Systolic4x4_serial_io.
Moving label "systolic_inst.acc_wires\[2\]\[19\]" from metal2 to via1 in cell Systolic4x4_serial_io.
Moving label "systolic_inst.acc_wires\[2\]\[4\]" from metal1 to via1 in cell Systolic4x4_serial_io.
Moving label "systolic_inst.acc_wires\[2\]\[9\]" from metal1 to via1 in cell Systolic4x4_serial_io.
Moving label "systolic_inst.acc_wires\[3\]\[10\]" from metal1 to via1 in cell Systolic4x4_serial_io.
Moving label "systolic_inst.acc_wires\[3\]\[29\]" from metal1 to via1 in cell Systolic4x4_serial_io.
Moving label "systolic_inst.acc_wires\[4\]\[11\]" from metal1 to viali in cell Systolic4x4_serial_io.
Moving label "systolic_inst.acc_wires\[8\]\[18\]" from metal1 to via1 in cell Systolic4x4_serial_io.
Moving label "systolic_inst.row_loop\[1\].col_loop\[3\].pe_i.prod_reg\[5\]" from metal2 to via1 in cell Systolic4x4_serial_io.
Moving label "systolic_inst.row_loop\[1\].col_loop\[3\].pe_i.prod_reg\[9\]" from metal1 to via1 in cell Systolic4x4_serial_io.
Moving label "systolic_inst.row_loop\[2\].col_loop\[3\].pe_i.prod_reg\[14\]" from metal2 to via1 in cell Systolic4x4_serial_io.
Moving label "systolic_inst.row_loop\[3\].col_loop\[2\].pe_i.prod_reg\[15\]" from metal1 to viali in cell Systolic4x4_serial_io.
Moving label "systolic_inst.row_loop\[3\].col_loop\[2\].pe_i.prod_reg\[7\]" from metal2 to via2 in cell Systolic4x4_serial_io.
Root cell box:
           width x height  (   llx,  lly  ), (   urx,  ury  )  area (units^2)

microns:  672.655 x 683.375  ( 0.000,  0.000), ( 672.655,  683.375)  459675.594
lambda:   67265.50 x 68337.50  (  0.00,  0.00 ), ( 67265.50,  68337.50)  4596755968.00
internal: 134531 x 136675  (     0,  0    ), ( 134531,  136675)  18387024425
   Copying output for cell sky130_ef_sc_hd__decap_12 from $PDKPATH/libs.ref/sky130_fd_sc_hd/gds/sky130_fd_sc_hd.gds
   Copying output for cell sky130_fd_sc_hd__decap_3 from $PDKPATH/libs.ref/sky130_fd_sc_hd/gds/sky130_fd_sc_hd.gds
   Copying output for cell sky130_fd_sc_hd__fill_1 from $PDKPATH/libs.ref/sky130_fd_sc_hd/gds/sky130_fd_sc_hd.gds
   Copying output for cell sky130_fd_sc_hd__tapvpwrvgnd_1 from $PDKPATH/libs.ref/sky130_fd_sc_hd/gds/sky130_fd_sc_hd.gds
   Copying output for cell sky130_fd_sc_hd__decap_4 from $PDKPATH/libs.ref/sky130_fd_sc_hd/gds/sky130_fd_sc_hd.gds
   Copying output for cell sky130_fd_sc_hd__decap_6 from $PDKPATH/libs.ref/sky130_fd_sc_hd/gds/sky130_fd_sc_hd.gds
   Copying output for cell sky130_fd_sc_hd__buf_1 from $PDKPATH/libs.ref/sky130_fd_sc_hd/gds/sky130_fd_sc_hd.gds
   Copying output for cell sky130_fd_sc_hd__fill_2 from $PDKPATH/libs.ref/sky130_fd_sc_hd/gds/sky130_fd_sc_hd.gds
   Copying output for cell sky130_fd_sc_hd__decap_8 from $PDKPATH/libs.ref/sky130_fd_sc_hd/gds/sky130_fd_sc_hd.gds
   Copying output for cell sky130_fd_sc_hd__dfrtp_1 from $PDKPATH/libs.ref/sky130_fd_sc_hd/gds/sky130_fd_sc_hd.gds
   Copying output for cell sky130_fd_sc_hd__and2_1 from $PDKPATH/libs.ref/sky130_fd_sc_hd/gds/sky130_fd_sc_hd.gds
   Copying output for cell sky130_fd_sc_hd__a221o_1 from $PDKPATH/libs.ref/sky130_fd_sc_hd/gds/sky130_fd_sc_hd.gds
   Copying output for cell sky130_fd_sc_hd__mux2_1 from $PDKPATH/libs.ref/sky130_fd_sc_hd/gds/sky130_fd_sc_hd.gds
   Copying output for cell sky130_fd_sc_hd__clkbuf_8 from $PDKPATH/libs.ref/sky130_fd_sc_hd/gds/sky130_fd_sc_hd.gds
   Copying output for cell sky130_fd_sc_hd__clkinv_2 from $PDKPATH/libs.ref/sky130_fd_sc_hd/gds/sky130_fd_sc_hd.gds
   Copying output for cell sky130_fd_sc_hd__clkinvlp_4 from $PDKPATH/libs.ref/sky130_fd_sc_hd/gds/sky130_fd_sc_hd.gds
   Copying output for cell sky130_fd_sc_hd__clkinv_8 from $PDKPATH/libs.ref/sky130_fd_sc_hd/gds/sky130_fd_sc_hd.gds
   Copying output for cell sky130_fd_sc_hd__a2bb2o_1 from $PDKPATH/libs.ref/sky130_fd_sc_hd/gds/sky130_fd_sc_hd.gds
   Copying output for cell sky130_fd_sc_hd__a22o_1 from $PDKPATH/libs.ref/sky130_fd_sc_hd/gds/sky130_fd_sc_hd.gds
   Copying output for cell sky130_fd_sc_hd__a32o_1 from $PDKPATH/libs.ref/sky130_fd_sc_hd/gds/sky130_fd_sc_hd.gds
   Copying output for cell sky130_fd_sc_hd__nand3_1 from $PDKPATH/libs.ref/sky130_fd_sc_hd/gds/sky130_fd_sc_hd.gds
   Copying output for cell sky130_fd_sc_hd__xnor2_1 from $PDKPATH/libs.ref/sky130_fd_sc_hd/gds/sky130_fd_sc_hd.gds
   Copying output for cell sky130_fd_sc_hd__or2_1 from $PDKPATH/libs.ref/sky130_fd_sc_hd/gds/sky130_fd_sc_hd.gds
   Copying output for cell sky130_fd_sc_hd__nand2_1 from $PDKPATH/libs.ref/sky130_fd_sc_hd/gds/sky130_fd_sc_hd.gds
   Copying output for cell sky130_fd_sc_hd__a21oi_1 from $PDKPATH/libs.ref/sky130_fd_sc_hd/gds/sky130_fd_sc_hd.gds
   Copying output for cell sky130_fd_sc_hd__xor2_1 from $PDKPATH/libs.ref/sky130_fd_sc_hd/gds/sky130_fd_sc_hd.gds
   Copying output for cell sky130_fd_sc_hd__o21a_1 from $PDKPATH/libs.ref/sky130_fd_sc_hd/gds/sky130_fd_sc_hd.gds
   Copying output for cell sky130_fd_sc_hd__o21ai_1 from $PDKPATH/libs.ref/sky130_fd_sc_hd/gds/sky130_fd_sc_hd.gds
   Copying output for cell sky130_fd_sc_hd__inv_8 from $PDKPATH/libs.ref/sky130_fd_sc_hd/gds/sky130_fd_sc_hd.gds
   Copying output for cell sky130_fd_sc_hd__inv_2 from $PDKPATH/libs.ref/sky130_fd_sc_hd/gds/sky130_fd_sc_hd.gds
   Copying output for cell sky130_fd_sc_hd__a21o_1 from $PDKPATH/libs.ref/sky130_fd_sc_hd/gds/sky130_fd_sc_hd.gds
   Copying output for cell sky130_fd_sc_hd__a21bo_1 from $PDKPATH/libs.ref/sky130_fd_sc_hd/gds/sky130_fd_sc_hd.gds
   Copying output for cell sky130_fd_sc_hd__clkinv_4 from $PDKPATH/libs.ref/sky130_fd_sc_hd/gds/sky130_fd_sc_hd.gds
   Copying output for cell sky130_fd_sc_hd__a31o_1 from $PDKPATH/libs.ref/sky130_fd_sc_hd/gds/sky130_fd_sc_hd.gds
   Copying output for cell sky130_fd_sc_hd__and2b_1 from $PDKPATH/libs.ref/sky130_fd_sc_hd/gds/sky130_fd_sc_hd.gds
   Copying output for cell sky130_fd_sc_hd__or3_1 from $PDKPATH/libs.ref/sky130_fd_sc_hd/gds/sky130_fd_sc_hd.gds
   Copying output for cell sky130_fd_sc_hd__dfrtp_2 from $PDKPATH/libs.ref/sky130_fd_sc_hd/gds/sky130_fd_sc_hd.gds
   Copying output for cell sky130_fd_sc_hd__xnor2_2 from $PDKPATH/libs.ref/sky130_fd_sc_hd/gds/sky130_fd_sc_hd.gds
   Copying output for cell sky130_fd_sc_hd__xor2_2 from $PDKPATH/libs.ref/sky130_fd_sc_hd/gds/sky130_fd_sc_hd.gds
   Copying output for cell sky130_fd_sc_hd__nor2_1 from $PDKPATH/libs.ref/sky130_fd_sc_hd/gds/sky130_fd_sc_hd.gds
   Copying output for cell sky130_fd_sc_hd__o41a_1 from $PDKPATH/libs.ref/sky130_fd_sc_hd/gds/sky130_fd_sc_hd.gds
   Copying output for cell sky130_fd_sc_hd__a311oi_4 from $PDKPATH/libs.ref/sky130_fd_sc_hd/gds/sky130_fd_sc_hd.gds
   Copying output for cell sky130_fd_sc_hd__and4_1 from $PDKPATH/libs.ref/sky130_fd_sc_hd/gds/sky130_fd_sc_hd.gds
   Copying output for cell sky130_fd_sc_hd__or4_1 from $PDKPATH/libs.ref/sky130_fd_sc_hd/gds/sky130_fd_sc_hd.gds
   Copying output for cell sky130_fd_sc_hd__clkbuf_4 from $PDKPATH/libs.ref/sky130_fd_sc_hd/gds/sky130_fd_sc_hd.gds
   Copying output for cell sky130_fd_sc_hd__nand4_1 from $PDKPATH/libs.ref/sky130_fd_sc_hd/gds/sky130_fd_sc_hd.gds
   Copying output for cell sky130_fd_sc_hd__o21ai_2 from $PDKPATH/libs.ref/sky130_fd_sc_hd/gds/sky130_fd_sc_hd.gds
   Copying output for cell sky130_fd_sc_hd__and3_1 from $PDKPATH/libs.ref/sky130_fd_sc_hd/gds/sky130_fd_sc_hd.gds
   Copying output for cell sky130_fd_sc_hd__a21oi_2 from $PDKPATH/libs.ref/sky130_fd_sc_hd/gds/sky130_fd_sc_hd.gds
   Copying output for cell sky130_fd_sc_hd__o31a_1 from $PDKPATH/libs.ref/sky130_fd_sc_hd/gds/sky130_fd_sc_hd.gds
   Copying output for cell sky130_fd_sc_hd__inv_6 from $PDKPATH/libs.ref/sky130_fd_sc_hd/gds/sky130_fd_sc_hd.gds
   Copying output for cell sky130_fd_sc_hd__bufinv_16 from $PDKPATH/libs.ref/sky130_fd_sc_hd/gds/sky130_fd_sc_hd.gds
   Copying output for cell sky130_fd_sc_hd__a211o_1 from $PDKPATH/libs.ref/sky130_fd_sc_hd/gds/sky130_fd_sc_hd.gds
   Copying output for cell sky130_fd_sc_hd__o21ba_1 from $PDKPATH/libs.ref/sky130_fd_sc_hd/gds/sky130_fd_sc_hd.gds
   Copying output for cell sky130_fd_sc_hd__o221a_1 from $PDKPATH/libs.ref/sky130_fd_sc_hd/gds/sky130_fd_sc_hd.gds
   Copying output for cell sky130_fd_sc_hd__nand2b_1 from $PDKPATH/libs.ref/sky130_fd_sc_hd/gds/sky130_fd_sc_hd.gds
   Copying output for cell sky130_fd_sc_hd__buf_4 from $PDKPATH/libs.ref/sky130_fd_sc_hd/gds/sky130_fd_sc_hd.gds
   Copying output for cell sky130_fd_sc_hd__o211ai_1 from $PDKPATH/libs.ref/sky130_fd_sc_hd/gds/sky130_fd_sc_hd.gds
   Copying output for cell sky130_fd_sc_hd__or3b_1 from $PDKPATH/libs.ref/sky130_fd_sc_hd/gds/sky130_fd_sc_hd.gds
   Copying output for cell sky130_fd_sc_hd__clkbuf_16 from $PDKPATH/libs.ref/sky130_fd_sc_hd/gds/sky130_fd_sc_hd.gds
   Copying output for cell sky130_fd_sc_hd__a21boi_1 from $PDKPATH/libs.ref/sky130_fd_sc_hd/gds/sky130_fd_sc_hd.gds
   Copying output for cell sky130_fd_sc_hd__o311a_1 from $PDKPATH/libs.ref/sky130_fd_sc_hd/gds/sky130_fd_sc_hd.gds
   Copying output for cell sky130_fd_sc_hd__buf_6 from $PDKPATH/libs.ref/sky130_fd_sc_hd/gds/sky130_fd_sc_hd.gds
   Copying output for cell sky130_fd_sc_hd__dfrtp_4 from $PDKPATH/libs.ref/sky130_fd_sc_hd/gds/sky130_fd_sc_hd.gds
   Copying output for cell sky130_fd_sc_hd__o211ai_2 from $PDKPATH/libs.ref/sky130_fd_sc_hd/gds/sky130_fd_sc_hd.gds
   Copying output for cell sky130_fd_sc_hd__o2bb2a_1 from $PDKPATH/libs.ref/sky130_fd_sc_hd/gds/sky130_fd_sc_hd.gds
   Copying output for cell sky130_fd_sc_hd__o211a_1 from $PDKPATH/libs.ref/sky130_fd_sc_hd/gds/sky130_fd_sc_hd.gds
   Copying output for cell sky130_fd_sc_hd__a311o_2 from $PDKPATH/libs.ref/sky130_fd_sc_hd/gds/sky130_fd_sc_hd.gds
   Copying output for cell sky130_fd_sc_hd__o31ai_1 from $PDKPATH/libs.ref/sky130_fd_sc_hd/gds/sky130_fd_sc_hd.gds
   Copying output for cell sky130_fd_sc_hd__buf_12 from $PDKPATH/libs.ref/sky130_fd_sc_hd/gds/sky130_fd_sc_hd.gds
   Copying output for cell sky130_fd_sc_hd__nand2_2 from $PDKPATH/libs.ref/sky130_fd_sc_hd/gds/sky130_fd_sc_hd.gds
   Copying output for cell sky130_fd_sc_hd__inv_12 from $PDKPATH/libs.ref/sky130_fd_sc_hd/gds/sky130_fd_sc_hd.gds
   Copying output for cell sky130_fd_sc_hd__diode_2 from $PDKPATH/libs.ref/sky130_fd_sc_hd/gds/sky130_fd_sc_hd.gds
   Copying output for cell sky130_fd_sc_hd__nor3_1 from $PDKPATH/libs.ref/sky130_fd_sc_hd/gds/sky130_fd_sc_hd.gds
   Copying output for cell sky130_fd_sc_hd__and2_4 from $PDKPATH/libs.ref/sky130_fd_sc_hd/gds/sky130_fd_sc_hd.gds
   Copying output for cell sky130_fd_sc_hd__or2_2 from $PDKPATH/libs.ref/sky130_fd_sc_hd/gds/sky130_fd_sc_hd.gds
   Copying output for cell sky130_fd_sc_hd__a31oi_1 from $PDKPATH/libs.ref/sky130_fd_sc_hd/gds/sky130_fd_sc_hd.gds
   Copying output for cell sky130_fd_sc_hd__a22oi_1 from $PDKPATH/libs.ref/sky130_fd_sc_hd/gds/sky130_fd_sc_hd.gds
   Copying output for cell sky130_fd_sc_hd__a211oi_2 from $PDKPATH/libs.ref/sky130_fd_sc_hd/gds/sky130_fd_sc_hd.gds
   Copying output for cell sky130_fd_sc_hd__nand4_2 from $PDKPATH/libs.ref/sky130_fd_sc_hd/gds/sky130_fd_sc_hd.gds
   Copying output for cell sky130_fd_sc_hd__o22ai_2 from $PDKPATH/libs.ref/sky130_fd_sc_hd/gds/sky130_fd_sc_hd.gds
   Copying output for cell sky130_fd_sc_hd__xnor2_4 from $PDKPATH/libs.ref/sky130_fd_sc_hd/gds/sky130_fd_sc_hd.gds
   Copying output for cell sky130_fd_sc_hd__o32a_1 from $PDKPATH/libs.ref/sky130_fd_sc_hd/gds/sky130_fd_sc_hd.gds
   Copying output for cell sky130_fd_sc_hd__and4b_1 from $PDKPATH/libs.ref/sky130_fd_sc_hd/gds/sky130_fd_sc_hd.gds
   Copying output for cell sky130_fd_sc_hd__and3b_1 from $PDKPATH/libs.ref/sky130_fd_sc_hd/gds/sky130_fd_sc_hd.gds
   Copying output for cell sky130_fd_sc_hd__dfxtp_1 from $PDKPATH/libs.ref/sky130_fd_sc_hd/gds/sky130_fd_sc_hd.gds
   Copying output for cell sky130_fd_sc_hd__a211oi_1 from $PDKPATH/libs.ref/sky130_fd_sc_hd/gds/sky130_fd_sc_hd.gds
   Copying output for cell sky130_fd_sc_hd__nand2_4 from $PDKPATH/libs.ref/sky130_fd_sc_hd/gds/sky130_fd_sc_hd.gds
   Copying output for cell sky130_fd_sc_hd__o21bai_1 from $PDKPATH/libs.ref/sky130_fd_sc_hd/gds/sky130_fd_sc_hd.gds
   Copying output for cell sky130_fd_sc_hd__nand3_2 from $PDKPATH/libs.ref/sky130_fd_sc_hd/gds/sky130_fd_sc_hd.gds
   Copying output for cell sky130_fd_sc_hd__a22oi_2 from $PDKPATH/libs.ref/sky130_fd_sc_hd/gds/sky130_fd_sc_hd.gds
   Copying output for cell sky130_fd_sc_hd__xor2_4 from $PDKPATH/libs.ref/sky130_fd_sc_hd/gds/sky130_fd_sc_hd.gds
   Copying output for cell sky130_fd_sc_hd__buf_8 from $PDKPATH/libs.ref/sky130_fd_sc_hd/gds/sky130_fd_sc_hd.gds
   Copying output for cell sky130_fd_sc_hd__and4bb_1 from $PDKPATH/libs.ref/sky130_fd_sc_hd/gds/sky130_fd_sc_hd.gds
   Copying output for cell sky130_fd_sc_hd__a31oi_2 from $PDKPATH/libs.ref/sky130_fd_sc_hd/gds/sky130_fd_sc_hd.gds
   Copying output for cell sky130_fd_sc_hd__or2_4 from $PDKPATH/libs.ref/sky130_fd_sc_hd/gds/sky130_fd_sc_hd.gds
   Copying output for cell sky130_fd_sc_hd__and2_2 from $PDKPATH/libs.ref/sky130_fd_sc_hd/gds/sky130_fd_sc_hd.gds
   Copying output for cell sky130_fd_sc_hd__nor4_1 from $PDKPATH/libs.ref/sky130_fd_sc_hd/gds/sky130_fd_sc_hd.gds
   Copying output for cell sky130_fd_sc_hd__o22a_1 from $PDKPATH/libs.ref/sky130_fd_sc_hd/gds/sky130_fd_sc_hd.gds
   Copying output for cell sky130_fd_sc_hd__a221oi_2 from $PDKPATH/libs.ref/sky130_fd_sc_hd/gds/sky130_fd_sc_hd.gds
   Copying output for cell sky130_fd_sc_hd__buf_2 from $PDKPATH/libs.ref/sky130_fd_sc_hd/gds/sky130_fd_sc_hd.gds
   Copying output for cell sky130_fd_sc_hd__clkbuf_2 from $PDKPATH/libs.ref/sky130_fd_sc_hd/gds/sky130_fd_sc_hd.gds
   Copying output for cell sky130_fd_sc_hd__inv_4 from $PDKPATH/libs.ref/sky130_fd_sc_hd/gds/sky130_fd_sc_hd.gds
   Copying output for cell sky130_fd_sc_hd__a21boi_2 from $PDKPATH/libs.ref/sky130_fd_sc_hd/gds/sky130_fd_sc_hd.gds
   Copying output for cell sky130_fd_sc_hd__nand3b_2 from $PDKPATH/libs.ref/sky130_fd_sc_hd/gds/sky130_fd_sc_hd.gds
   Copying output for cell sky130_fd_sc_hd__a221oi_1 from $PDKPATH/libs.ref/sky130_fd_sc_hd/gds/sky130_fd_sc_hd.gds
   Copying output for cell sky130_fd_sc_hd__nor3b_1 from $PDKPATH/libs.ref/sky130_fd_sc_hd/gds/sky130_fd_sc_hd.gds
   Copying output for cell sky130_fd_sc_hd__or4b_1 from $PDKPATH/libs.ref/sky130_fd_sc_hd/gds/sky130_fd_sc_hd.gds
   Copying output for cell sky130_fd_sc_hd__nand3_4 from $PDKPATH/libs.ref/sky130_fd_sc_hd/gds/sky130_fd_sc_hd.gds
   Copying output for cell sky130_fd_sc_hd__clkinv_16 from $PDKPATH/libs.ref/sky130_fd_sc_hd/gds/sky130_fd_sc_hd.gds
   Copying output for cell sky130_fd_sc_hd__and3_2 from $PDKPATH/libs.ref/sky130_fd_sc_hd/gds/sky130_fd_sc_hd.gds
   Copying output for cell sky130_fd_sc_hd__nor2_8 from $PDKPATH/libs.ref/sky130_fd_sc_hd/gds/sky130_fd_sc_hd.gds
   Copying output for cell sky130_fd_sc_hd__dfxtp_2 from $PDKPATH/libs.ref/sky130_fd_sc_hd/gds/sky130_fd_sc_hd.gds
   Copying output for cell sky130_fd_sc_hd__nor2_2 from $PDKPATH/libs.ref/sky130_fd_sc_hd/gds/sky130_fd_sc_hd.gds
   Copying output for cell sky130_fd_sc_hd__nor4b_1 from $PDKPATH/libs.ref/sky130_fd_sc_hd/gds/sky130_fd_sc_hd.gds
   Copying output for cell sky130_fd_sc_hd__nor3_2 from $PDKPATH/libs.ref/sky130_fd_sc_hd/gds/sky130_fd_sc_hd.gds
   Copying output for cell sky130_fd_sc_hd__a311o_1 from $PDKPATH/libs.ref/sky130_fd_sc_hd/gds/sky130_fd_sc_hd.gds
   Copying output for cell sky130_fd_sc_hd__a211o_2 from $PDKPATH/libs.ref/sky130_fd_sc_hd/gds/sky130_fd_sc_hd.gds
   Copying output for cell sky130_fd_sc_hd__o211ai_4 from $PDKPATH/libs.ref/sky130_fd_sc_hd/gds/sky130_fd_sc_hd.gds
   Copying output for cell sky130_fd_sc_hd__a311oi_2 from $PDKPATH/libs.ref/sky130_fd_sc_hd/gds/sky130_fd_sc_hd.gds
   Copying output for cell sky130_fd_sc_hd__dlymetal6s2s_1 from $PDKPATH/libs.ref/sky130_fd_sc_hd/gds/sky130_fd_sc_hd.gds
   Copying output for cell sky130_fd_sc_hd__o211a_2 from $PDKPATH/libs.ref/sky130_fd_sc_hd/gds/sky130_fd_sc_hd.gds
   Copying output for cell sky130_fd_sc_hd__a211oi_4 from $PDKPATH/libs.ref/sky130_fd_sc_hd/gds/sky130_fd_sc_hd.gds
   Copying output for cell sky130_fd_sc_hd__or4b_2 from $PDKPATH/libs.ref/sky130_fd_sc_hd/gds/sky130_fd_sc_hd.gds
   Copying output for cell sky130_fd_sc_hd__nand3b_1 from $PDKPATH/libs.ref/sky130_fd_sc_hd/gds/sky130_fd_sc_hd.gds
   Copying output for cell sky130_fd_sc_hd__o31ai_2 from $PDKPATH/libs.ref/sky130_fd_sc_hd/gds/sky130_fd_sc_hd.gds
   Copying output for cell sky130_fd_sc_hd__a2111o_1 from $PDKPATH/libs.ref/sky130_fd_sc_hd/gds/sky130_fd_sc_hd.gds
   Copying output for cell sky130_fd_sc_hd__o311ai_4 from $PDKPATH/libs.ref/sky130_fd_sc_hd/gds/sky130_fd_sc_hd.gds
   Copying output for cell sky130_fd_sc_hd__nand4_4 from $PDKPATH/libs.ref/sky130_fd_sc_hd/gds/sky130_fd_sc_hd.gds
   Copying output for cell sky130_fd_sc_hd__a31o_4 from $PDKPATH/libs.ref/sky130_fd_sc_hd/gds/sky130_fd_sc_hd.gds
   Copying output for cell sky130_fd_sc_hd__nand2_8 from $PDKPATH/libs.ref/sky130_fd_sc_hd/gds/sky130_fd_sc_hd.gds
   Copying output for cell sky130_fd_sc_hd__a41o_1 from $PDKPATH/libs.ref/sky130_fd_sc_hd/gds/sky130_fd_sc_hd.gds
   Copying output for cell sky130_fd_sc_hd__and2b_4 from $PDKPATH/libs.ref/sky130_fd_sc_hd/gds/sky130_fd_sc_hd.gds
   Generating output for cell Systolic4x4_serial_io
[INFO] GDS Write Complete
