3690. Printing statistics.

=== Systolic4x4_serial_io ===

   Number of wires:                338
   Number of wire bits:           1216
   Number of public wires:          29
   Number of public wire bits:     871
   Number of ports:                 13
   Number of port bits:             13
   Number of memories:               0
   Number of memory bits:            0
   Number of processes:              0
   Number of cells:                672
     $_ANDNOT_                      86
     $_AND_                         11
     $_DFFE_PN0P_                  342
     $_DFF_PN0_                      5
     $_MUX_                          7
     $_NAND_                        39
     $_NOR_                          8
     $_NOT_                          8
     $_ORNOT_                       27
     $_OR_                          62
     $_XNOR_                         1
     $_XOR_                         76

   Area for cell type $_NOT_ is unknown!
   Area for cell type $_AND_ is unknown!
   Area for cell type $_NAND_ is unknown!
   Area for cell type $_OR_ is unknown!
   Area for cell type $_NOR_ is unknown!
   Area for cell type $_XOR_ is unknown!
   Area for cell type $_XNOR_ is unknown!
   Area for cell type $_ANDNOT_ is unknown!
   Area for cell type $_ORNOT_ is unknown!
   Area for cell type $_MUX_ is unknown!
   Area for cell type $_DFF_PN0_ is unknown!
   Area for cell type $_DFFE_PN0P_ is unknown!

