3704. Printing statistics.

=== Systolic4x4_serial_io ===

   Number of wires:               1399
   Number of wire bits:           1399
   Number of public wires:         871
   Number of public wire bits:     871
   Number of ports:                 13
   Number of port bits:             13
   Number of memories:               0
   Number of memory bits:            0
   Number of processes:              0
   Number of cells:               1390
     sky130_fd_sc_hd__a21boi_2       1
     sky130_fd_sc_hd__a21o_2         7
     sky130_fd_sc_hd__a21oi_2       21
     sky130_fd_sc_hd__a221o_2        2
     sky130_fd_sc_hd__a22oi_2        3
     sky130_fd_sc_hd__a31o_2        13
     sky130_fd_sc_hd__a31oi_2        1
     sky130_fd_sc_hd__a41o_2         6
     sky130_fd_sc_hd__and2_2        21
     sky130_fd_sc_hd__and2b_2        5
     sky130_fd_sc_hd__and3_2        43
     sky130_fd_sc_hd__and3b_2        1
     sky130_fd_sc_hd__and4_2        17
     sky130_fd_sc_hd__and4b_2        1
     sky130_fd_sc_hd__buf_2          1
     sky130_fd_sc_hd__conb_1       514
     sky130_fd_sc_hd__dfrtp_2      347
     sky130_fd_sc_hd__inv_2         18
     sky130_fd_sc_hd__mux2_1       276
     sky130_fd_sc_hd__nand2_2       18
     sky130_fd_sc_hd__nand2b_2       3
     sky130_fd_sc_hd__nand3_2        2
     sky130_fd_sc_hd__nand4_2        2
     sky130_fd_sc_hd__nor2_2        30
     sky130_fd_sc_hd__nor3_2         2
     sky130_fd_sc_hd__o21a_2         4
     sky130_fd_sc_hd__o21ai_2        3
     sky130_fd_sc_hd__o21ba_2        1
     sky130_fd_sc_hd__o31a_2         1
     sky130_fd_sc_hd__or2_2          8
     sky130_fd_sc_hd__or3_2          1
     sky130_fd_sc_hd__or4_2          8
     sky130_fd_sc_hd__xnor2_2        3
     sky130_fd_sc_hd__xor2_2         6

   Chip area for module '\Systolic4x4_serial_io': 16200.537600
     of which used for sequential elements: 9117.494400 (56.28%)

