Clock: clk
Sources: clk 
Generated: no
Virtual: yes
Propagated: no
Period: 10.000000

===========================================================================
report_clock_properties
============================================================================
Clock                   Period          Waveform
----------------------------------------------------
clk                  10.000000    0.000000  5.000000

===========================================================================
report_clock_latency
============================================================================
Clock clk
rise -> rise
    min     max
0.000000 0.000000 source latency
0.487114         network latency _1392_/CLK
        0.495187 network latency _1396_/CLK
---------------
0.487114 0.495187 latency
        0.008074 skew

fall -> fall
    min     max
0.000000 0.000000 source latency
0.530163         network latency _1392_/CLK
        0.536175 network latency _1396_/CLK
---------------
0.530163 0.536175 latency
        0.006012 skew



===========================================================================
report_clock_min_period
============================================================================
clk period_min = 4.42 fmax = 226.33
Clock: A_in_serial_clk
Sources: A_in_serial_clk 
Generated: no
Virtual: yes
Propagated: no
Period: 2.000000

===========================================================================
report_clock_properties
============================================================================
Clock                   Period          Waveform
----------------------------------------------------
A_in_serial_clk       2.000000    0.000000  1.000000

===========================================================================
report_clock_latency
============================================================================
Clock A_in_serial_clk
rise -> rise
    min     max
0.000000 0.000000 source latency
0.593548         network latency _1098_/CLK
        0.615323 network latency _1089_/CLK
---------------
0.593548 0.615323 latency
        0.021775 skew

fall -> fall
    min     max
0.000000 0.000000 source latency
0.590912         network latency _1098_/CLK
        0.609245 network latency _1089_/CLK
---------------
0.590912 0.609245 latency
        0.018333 skew



===========================================================================
report_clock_min_period
============================================================================
A_in_serial_clk period_min = 3.13 fmax = 319.89
Clock: B_in_serial_clk
Sources: B_in_serial_clk 
Generated: no
Virtual: yes
Propagated: no
Period: 2.000000

===========================================================================
report_clock_properties
============================================================================
Clock                   Period          Waveform
----------------------------------------------------
B_in_serial_clk       2.000000    0.000000  1.000000

===========================================================================
report_clock_latency
============================================================================
Clock B_in_serial_clk
rise -> rise
    min     max
0.000000 0.000000 source latency
0.608075         network latency _1329_/CLK
        0.620378 network latency _1244_/CLK
---------------
0.608075 0.620378 latency
        0.012303 skew

fall -> fall
    min     max
0.000000 0.000000 source latency
0.602322         network latency _1329_/CLK
        0.612050 network latency _1244_/CLK
---------------
0.602322 0.612050 latency
        0.009727 skew



===========================================================================
report_clock_min_period
============================================================================
B_in_serial_clk period_min = 3.19 fmax = 313.57
