Reading timing models for corner nom_tt_025C_1v80…
Reading timing library for the 'nom_tt_025C_1v80' corner at '/home/hp/.volare/volare/sky130/versions/0fe599b2afb6708d281543108caf8310912f54af/sky130A/libs.ref/sky130_fd_sc_hd/lib/sky130_fd_sc_hd__tt_025C_1v80.lib'…
Reading timing models for corner nom_ff_n40C_1v95…
Reading timing library for the 'nom_ff_n40C_1v95' corner at '/home/hp/.volare/volare/sky130/versions/0fe599b2afb6708d281543108caf8310912f54af/sky130A/libs.ref/sky130_fd_sc_hd/lib/sky130_fd_sc_hd__ff_n40C_1v95.lib'…
Reading timing models for corner nom_ss_100C_1v60…
Reading timing library for the 'nom_ss_100C_1v60' corner at '/home/hp/.volare/volare/sky130/versions/0fe599b2afb6708d281543108caf8310912f54af/sky130A/libs.ref/sky130_fd_sc_hd/lib/sky130_fd_sc_hd__ss_100C_1v60.lib'…
Reading OpenROAD database at '/home/hp/openlane2/project1/runs/RUN_2025-09-14_22-17-56/34-openroad-cts/Systolic4x4_serial_io.odb'…
Reading design constraints file at 'constraints.sdc'…
[INFO] No information on clock propagation in input SDC file-- propagating all clocks.
[INFO] Setting RC values…
[INFO RSZ-0094] Found 292 endpoints with setup violations.
[INFO RSZ-0099] Repairing 292 out of 292 (100.00%) violating endpoints...
   Iter   | Removed | Resized | Inserted | Cloned |  Pin  |    WNS   |   TNS      |  Viol  | Worst
          | Buffers |  Gates  | Buffers  |  Gates | Swaps |          |            | Endpts | Endpt
---------------------------------------------------------------------------------------------------
        0 |       0 |       0 |        0 |      0 |     0 |   -2.015 |     -275.7 |    292 | _1103_/D
       10 |       0 |       1 |       20 |      1 |     1 |   -1.266 |     -233.9 |    292 | _1103_/D
       20 |       0 |       4 |       33 |      2 |     3 |   -1.124 |     -218.0 |    292 | _1103_/D
       30 |       0 |      12 |       35 |      3 |     3 |   -1.086 |     -224.9 |    292 | _1245_/D
       35 |       0 |      10 |       36 |      3 |     3 |   -1.043 |     -224.8 |    292 | _1246_/D
       38 |       0 |      11 |       36 |      3 |     3 |   -1.043 |     -224.7 |    292 | _1246_/D
       40 |       0 |      12 |       36 |      3 |     3 |   -1.043 |     -224.7 |    292 | _1246_/D
       40 |       0 |      12 |       36 |      3 |     3 |   -1.043 |     -224.7 |    292 | _1246_/D
       45 |       0 |      15 |       36 |      3 |     3 |   -1.043 |     -224.3 |    292 | _1246_/D
       50 |       0 |      15 |       38 |      6 |     3 |   -1.087 |     -226.7 |    292 | _1246_/D
       58 |       0 |      16 |       40 |      4 |     3 |   -1.043 |     -218.2 |    292 | _1246_/D
       60 |       0 |      16 |       40 |      5 |     3 |   -1.087 |     -216.1 |    292 | _1246_/D
       70 |       0 |      18 |       48 |      9 |     3 |   -1.061 |     -232.9 |    292 | _1246_/D
       70 |       0 |      17 |       44 |      4 |     3 |   -1.043 |     -218.2 |    292 | _1246_/D
       80 |       0 |      18 |       52 |      8 |     3 |   -1.061 |     -232.5 |    292 | _1246_/D
       82 |       0 |      18 |       48 |      4 |     3 |   -1.043 |     -218.2 |    292 | _1246_/D
       90 |       0 |      18 |       56 |      7 |     3 |   -1.061 |     -232.0 |    292 | _1246_/D
       94 |       0 |      19 |       52 |      4 |     3 |   -1.043 |     -218.2 |    292 | _1246_/D
      100 |       0 |      19 |       58 |      6 |     3 |   -1.055 |     -230.4 |    292 | _1246_/D
      106 |       0 |      20 |       56 |      4 |     3 |   -1.043 |     -218.2 |    292 | _1246_/D
      110 |       0 |      20 |       58 |      6 |     3 |   -1.087 |     -227.2 |    292 | _1246_/D
      118 |       0 |      21 |       60 |      4 |     3 |   -1.043 |     -218.2 |    292 | _1246_/D
      120 |       0 |      21 |       60 |      5 |     3 |   -1.087 |     -216.1 |    292 | _1246_/D
      130 |       0 |      23 |       68 |      9 |     3 |   -1.061 |     -232.9 |    292 | _1246_/D
      130 |       0 |      22 |       64 |      4 |     3 |   -1.043 |     -218.2 |    292 | _1246_/D
      140 |       0 |      23 |       72 |      8 |     3 |   -1.061 |     -232.5 |    292 | _1246_/D
      142 |       0 |      23 |       68 |      4 |     3 |   -1.043 |     -218.2 |    292 | _1246_/D
      150 |       0 |      23 |       76 |      7 |     3 |   -1.061 |     -232.0 |    292 | _1246_/D
      154 |       0 |      24 |       72 |      4 |     3 |   -1.043 |     -218.2 |    292 | _1246_/D
      160 |       0 |      24 |       78 |      6 |     3 |   -1.055 |     -230.4 |    292 | _1246_/D
      166 |       0 |      25 |       76 |      4 |     3 |   -1.043 |     -218.2 |    292 | _1246_/D
      170 |       0 |      25 |       78 |      6 |     3 |   -1.087 |     -227.2 |    292 | _1246_/D
      178 |       0 |      26 |       80 |      4 |     3 |   -1.043 |     -218.2 |    292 | _1246_/D
      180 |       0 |      26 |       80 |      5 |     3 |   -1.087 |     -216.1 |    292 | _1246_/D
      190 |       0 |      28 |       88 |      9 |     3 |   -1.061 |     -232.9 |    292 | _1246_/D
      190 |       0 |      27 |       84 |      4 |     3 |   -1.043 |     -218.2 |    292 | _1246_/D
      200 |       0 |      27 |       92 |      9 |     3 |   -1.061 |     -232.1 |    292 | _1246_/D
      202 |       0 |      28 |       88 |      4 |     3 |   -1.043 |     -218.2 |    292 | _1246_/D
      210 |       0 |      28 |       96 |      7 |     3 |   -1.061 |     -232.0 |    292 | _1246_/D
      214 |       0 |      29 |       92 |      4 |     3 |   -1.043 |     -218.2 |    292 | _1246_/D
      220 |       0 |      29 |       98 |      6 |     3 |   -1.055 |     -230.4 |    292 | _1246_/D
      226 |       0 |      30 |       96 |      4 |     3 |   -1.043 |     -218.2 |    292 | _1246_/D
      230 |       0 |      30 |       98 |      6 |     3 |   -1.087 |     -227.2 |    292 | _1246_/D
      238 |       0 |      31 |      100 |      4 |     3 |   -1.043 |     -218.2 |    292 | _1246_/D
      240 |       0 |      31 |      100 |      5 |     3 |   -1.087 |     -216.1 |    292 | _1246_/D
      250 |       0 |      33 |      108 |      9 |     3 |   -1.061 |     -232.9 |    292 | _1246_/D
      250 |       0 |      32 |      104 |      4 |     3 |   -1.043 |     -218.2 |    292 | _1246_/D
      260 |       0 |      32 |      112 |      9 |     3 |   -1.061 |     -232.1 |    292 | _1246_/D
      262 |       0 |      33 |      108 |      4 |     3 |   -1.043 |     -218.2 |    292 | _1246_/D
      270 |       0 |      33 |      116 |      7 |     3 |   -1.061 |     -232.0 |    292 | _1246_/D
      275 |       0 |      34 |      112 |      4 |     3 |   -1.043 |     -218.2 |    292 | _1246_/D
      280 |       0 |      34 |      116 |      6 |     3 |   -1.055 |     -229.4 |    292 | _1246_/D
      287 |       0 |      35 |      116 |      4 |     3 |   -1.043 |     -218.2 |    292 | _1246_/D
      290 |       0 |      35 |      118 |      5 |     3 |   -1.050 |     -224.2 |    292 | _1246_/D
      300 |       0 |      38 |      124 |      9 |     3 |   -1.061 |     -232.1 |    292 | _1246_/D
      300 |       0 |      36 |      120 |      4 |     3 |   -1.043 |     -218.2 |    292 | _1246_/D
      310 |       0 |      36 |      128 |      9 |     3 |   -1.061 |     -232.1 |    292 | _1246_/D
      312 |       0 |      37 |      124 |      4 |     3 |   -1.043 |     -218.2 |    292 | _1246_/D
      320 |       0 |      37 |      132 |      7 |     3 |   -1.061 |     -232.0 |    292 | _1246_/D
      325 |       0 |      38 |      128 |      4 |     3 |   -1.043 |     -218.2 |    292 | _1246_/D
      330 |       0 |      38 |      132 |      6 |     3 |   -1.055 |     -229.4 |    292 | _1246_/D
      338 |       0 |      39 |      132 |      4 |     3 |   -1.043 |     -218.2 |    292 | _1246_/D
      340 |       0 |      39 |      132 |      5 |     3 |   -1.087 |     -216.1 |    292 | _1246_/D
      350 |       0 |      41 |      140 |      9 |     3 |   -1.061 |     -232.1 |    292 | _1246_/D
      351 |       0 |      40 |      136 |      4 |     3 |   -1.043 |     -218.2 |    292 | _1246_/D
      360 |       0 |      40 |      144 |      8 |     3 |   -1.061 |     -232.5 |    292 | _1246_/D
      364 |       0 |      41 |      140 |      4 |     3 |   -1.043 |     -218.2 |    292 | _1246_/D
      370 |       0 |      41 |      144 |      7 |     3 |   -1.055 |     -228.7 |    292 | _1246_/D
      375 |       0 |      42 |      143 |      4 |     3 |   -1.043 |     -218.2 |    292 | _1246_/D
      380 |       0 |      42 |      147 |      6 |     3 |   -1.055 |     -229.4 |    292 | _1246_/D
      386 |       0 |      43 |      146 |      4 |     3 |   -1.043 |     -218.2 |    292 | _1246_/D
      390 |       0 |      43 |      148 |      6 |     3 |   -1.087 |     -227.2 |    292 | _1246_/D
      397 |       0 |      44 |      149 |      4 |     3 |   -1.043 |     -218.2 |    292 | _1246_/D
      400 |       0 |      44 |      151 |      5 |     3 |   -1.050 |     -224.2 |    292 | _1246_/D
      408 |       0 |      45 |      152 |      4 |     3 |   -1.043 |     -218.2 |    292 | _1246_/D
      410 |       0 |      45 |      152 |      5 |     3 |   -1.087 |     -216.1 |    292 | _1246_/D
      419 |       0 |      46 |      155 |      4 |     3 |   -1.043 |     -218.2 |    292 | _1246_/D
      420 |       0 |      46 |      155 |      4 |     3 |   -1.043 |     -218.2 |    292 | _1246_/D
      430 |       0 |      48 |      161 |      9 |     3 |   -1.061 |     -231.5 |    292 | _1246_/D
      430 |       0 |      47 |      158 |      4 |     3 |   -1.043 |     -218.2 |    292 | _1246_/D
      440 |       0 |      48 |      164 |      9 |     3 |   -1.061 |     -231.5 |    292 | _1246_/D
      442 |       0 |      48 |      161 |      4 |     3 |   -1.043 |     -218.2 |    292 | _1246_/D
      450 |       0 |      48 |      167 |      8 |     3 |   -1.061 |     -230.8 |    292 | _1246_/D
      453 |       0 |      49 |      164 |      4 |     3 |   -1.043 |     -218.2 |    292 | _1246_/D
      460 |       0 |      49 |      168 |      8 |     3 |   -1.093 |     -231.9 |    292 | _1246_/D
      465 |       0 |      50 |      167 |      4 |     3 |   -1.043 |     -218.2 |    292 | _1246_/D
      470 |       0 |      50 |      171 |      6 |     3 |   -1.055 |     -229.4 |    292 | _1246_/D
      477 |       0 |      51 |      170 |      4 |     3 |   -1.043 |     -218.2 |    292 | _1246_/D
      480 |       0 |      51 |      172 |      5 |     3 |   -1.050 |     -224.2 |    292 | _1246_/D
      490 |       0 |      55 |      176 |      9 |     3 |   -1.061 |     -231.7 |    292 | _1246_/D
      490 |       0 |      53 |      173 |      4 |     3 |   -1.043 |     -218.2 |    292 | _1246_/D
      500 |       0 |      54 |      179 |      9 |     3 |   -1.061 |     -231.5 |    292 | _1246_/D
      502 |       0 |      54 |      176 |      4 |     3 |   -1.043 |     -218.2 |    292 | _1246_/D
      510 |       0 |      54 |      182 |      8 |     3 |   -1.061 |     -230.8 |    292 | _1246_/D
      515 |       0 |      56 |      179 |      4 |     3 |   -1.043 |     -218.2 |    292 | _1246_/D
      520 |       0 |      56 |      183 |      6 |     3 |   -1.055 |     -229.4 |    292 | _1246_/D
      527 |       0 |      57 |      182 |      4 |     3 |   -1.043 |     -218.2 |    292 | _1246_/D
      530 |       0 |      57 |      184 |      5 |     3 |   -1.050 |     -224.2 |    292 | _1246_/D
      540 |       0 |      61 |      188 |      9 |     3 |   -1.061 |     -231.7 |    292 | _1246_/D
      540 |       0 |      59 |      185 |      4 |     3 |   -1.043 |     -218.2 |    292 | _1246_/D
      550 |       0 |      61 |      191 |      8 |     3 |   -1.061 |     -231.6 |    292 | _1246_/D
      553 |       0 |      61 |      188 |      4 |     3 |   -1.043 |     -218.2 |    292 | _1246_/D
      560 |       0 |      61 |      192 |      8 |     3 |   -1.093 |     -231.9 |    292 | _1246_/D
      566 |       0 |      63 |      191 |      4 |     3 |   -1.043 |     -218.2 |    292 | _1246_/D
      570 |       0 |      63 |      193 |      6 |     3 |   -1.087 |     -227.2 |    292 | _1246_/D
      579 |       0 |      65 |      194 |      4 |     3 |   -1.043 |     -218.2 |    292 | _1246_/D
      580 |       0 |      65 |      194 |      4 |     3 |   -1.043 |     -218.2 |    292 | _1246_/D
      590 |       0 |      67 |      200 |      9 |     3 |   -1.061 |     -231.8 |    292 | _1246_/D
      592 |       0 |      67 |      197 |      4 |     3 |   -1.043 |     -218.2 |    292 | _1246_/D
      600 |       0 |      67 |      203 |      8 |     3 |   -1.061 |     -230.8 |    292 | _1246_/D
      604 |       0 |      68 |      200 |      4 |     3 |   -1.043 |     -218.2 |    292 | _1246_/D
      610 |       0 |      68 |      204 |      7 |     3 |   -1.055 |     -228.7 |    292 | _1246_/D
      617 |       0 |      70 |      203 |      4 |     3 |   -1.043 |     -218.2 |    292 | _1246_/D
      620 |       0 |      70 |      205 |      5 |     3 |   -1.050 |     -224.2 |    292 | _1246_/D
      630 |       0 |      74 |      209 |      9 |     3 |   -1.061 |     -231.7 |    292 | _1246_/D
      630 |       0 |      72 |      206 |      4 |     3 |   -1.043 |     -218.2 |    292 | _1246_/D
      640 |       0 |      74 |      212 |      8 |     3 |   -1.061 |     -231.6 |    292 | _1246_/D
      643 |       0 |      74 |      209 |      4 |     3 |   -1.043 |     -218.2 |    292 | _1246_/D
      650 |       0 |      74 |      213 |      8 |     3 |   -1.093 |     -231.9 |    292 | _1246_/D
      656 |       0 |      76 |      212 |      4 |     3 |   -1.043 |     -218.2 |    292 | _1246_/D
      660 |       0 |      76 |      214 |      6 |     3 |   -1.087 |     -227.2 |    292 | _1246_/D
      669 |       0 |      78 |      215 |      4 |     3 |   -1.043 |     -218.2 |    292 | _1246_/D
      670 |       0 |      78 |      215 |      4 |     3 |   -1.043 |     -218.2 |    292 | _1246_/D
      680 |       0 |      80 |      221 |      9 |     3 |   -1.061 |     -231.8 |    292 | _1246_/D
      682 |       0 |      80 |      218 |      4 |     3 |   -1.043 |     -218.2 |    292 | _1246_/D
      685 |       0 |      80 |      218 |      4 |     3 |   -1.043 |     -218.2 |    292 | _1246_/D
      690 |       0 |      82 |      218 |      4 |     5 |   -1.043 |     -218.2 |    292 | _1246_/D
      691 |       0 |      81 |      218 |      4 |     3 |   -1.043 |     -218.2 |    292 | _1246_/D
      694 |       0 |      81 |      218 |      4 |     5 |   -1.043 |     -218.1 |    292 | _1246_/D
      697 |       0 |      81 |      218 |      4 |     7 |   -1.043 |     -218.0 |    292 | _1246_/D
      700 |       0 |      82 |      218 |      4 |     8 |   -1.043 |     -217.9 |    292 | _1246_/D
      700 |       0 |      82 |      218 |      4 |     8 |   -1.043 |     -217.9 |    292 | _1246_/D
      704 |       0 |      82 |      218 |      4 |    11 |   -1.043 |     -217.9 |    292 | _1246_/D
      707 |       0 |      82 |      218 |      4 |    13 |   -1.043 |     -217.8 |    292 | _1246_/D
      710 |       0 |      82 |      220 |      4 |    14 |   -1.043 |     -217.8 |    292 | _1246_/D
      716 |       0 |      82 |      231 |      4 |    16 |   -1.043 |     -217.4 |    292 | _1246_/D
      720 |       0 |      85 |      231 |      4 |    16 |   -1.043 |     -216.7 |    292 | _1246_/D
      724 |       0 |      85 |      232 |      4 |    16 |   -1.043 |     -216.7 |    292 | _1246_/D
      730 |       0 |      88 |      235 |      4 |    17 |   -1.043 |     -216.7 |    292 | _1246_/D
      730 |       0 |      88 |      235 |      4 |    17 |   -1.043 |     -216.7 |    292 | _1246_/D
      740 |       0 |      93 |      241 |      4 |    19 |   -1.043 |     -216.3 |    292 | _1246_/D
      744 |       0 |      93 |      246 |      4 |    19 |   -1.043 |     -216.3 |    292 | _1246_/D
      750 |       0 |      96 |      246 |      4 |    21 |   -1.043 |     -216.0 |    292 | _1246_/D
      756 |       0 |      98 |      250 |      4 |    22 |   -1.043 |     -216.1 |    292 | _1246_/D
      760 |       0 |     100 |      250 |      4 |    23 |   -1.043 |     -210.3 |    292 | _1246_/D
      767 |       0 |     101 |      250 |      4 |    23 |   -1.043 |     -210.3 |    292 | _1246_/D
      770 |       0 |     101 |      252 |      5 |    23 |   -1.050 |     -216.3 |    292 | _1246_/D
      777 |       0 |     102 |      254 |      4 |    23 |   -1.043 |     -210.3 |    292 | _1246_/D
      780 |       0 |     102 |      256 |      5 |    23 |   -1.050 |     -216.3 |    292 | _1246_/D
      787 |       0 |     103 |      258 |      4 |    23 |   -1.043 |     -210.3 |    292 | _1246_/D
      790 |       0 |     103 |      260 |      5 |    23 |   -1.050 |     -216.3 |    292 | _1246_/D
      799 |       0 |     105 |      262 |      4 |    23 |   -1.043 |     -210.3 |    292 | _1246_/D
      800 |       0 |     105 |      262 |      4 |    23 |   -1.043 |     -210.3 |    292 | _1246_/D
      810 |       0 |     108 |      270 |      7 |    23 |   -1.061 |     -224.6 |    292 | _1246_/D
      811 |       0 |     107 |      266 |      4 |    23 |   -1.043 |     -210.3 |    292 | _1246_/D
      820 |       0 |     108 |      274 |      7 |    23 |   -1.061 |     -223.1 |    292 | _1246_/D
      824 |       0 |     110 |      270 |      4 |    23 |   -1.043 |     -210.3 |    292 | _1246_/D
      830 |       0 |     110 |      276 |      6 |    23 |   -1.055 |     -222.4 |    292 | _1246_/D
      836 |       0 |     112 |      274 |      4 |    23 |   -1.043 |     -210.3 |    292 | _1246_/D
      840 |       0 |     112 |      276 |      6 |    23 |   -1.087 |     -219.3 |    292 | _1246_/D
      849 |       0 |     115 |      278 |      4 |    23 |   -1.043 |     -210.3 |    292 | _1246_/D
      850 |       0 |     115 |      278 |      4 |    23 |   -1.043 |     -210.3 |    292 | _1246_/D
      860 |       0 |     118 |      286 |      7 |    23 |   -1.072 |     -223.8 |    292 | _1246_/D
      862 |       0 |     118 |      282 |      4 |    23 |   -1.043 |     -210.3 |    292 | _1246_/D
      870 |       0 |     118 |      290 |      7 |    23 |   -1.061 |     -224.1 |    292 | _1246_/D
      875 |       0 |     121 |      286 |      4 |    23 |   -1.043 |     -210.3 |    292 | _1246_/D
      880 |       0 |     121 |      290 |      6 |    23 |   -1.055 |     -221.5 |    292 | _1246_/D
      886 |       0 |     124 |      288 |      4 |    23 |   -1.043 |     -210.3 |    292 | _1246_/D
      890 |       0 |     124 |      290 |      6 |    23 |   -1.087 |     -219.3 |    292 | _1246_/D
      899 |       0 |     127 |      292 |      4 |    23 |   -1.043 |     -210.3 |    292 | _1246_/D
      900 |       0 |     127 |      292 |      4 |    23 |   -1.043 |     -210.3 |    292 | _1246_/D
      910 |       0 |     132 |      296 |      7 |    23 |   -1.066 |     -218.0 |    292 | _1246_/D
      911 |       0 |     130 |      294 |      4 |    23 |   -1.043 |     -210.3 |    292 | _1246_/D
      920 |       0 |     134 |      298 |      6 |    23 |   -1.066 |     -218.5 |    292 | _1246_/D
      923 |       0 |     133 |      296 |      4 |    23 |   -1.043 |     -210.3 |    292 | _1246_/D
      930 |       0 |     135 |      300 |      6 |    23 |   -1.058 |     -217.8 |    292 | _1246_/D
      935 |       0 |     136 |      298 |      4 |    23 |   -1.043 |     -210.3 |    292 | _1246_/D
      940 |       0 |     136 |      302 |      6 |    23 |   -1.055 |     -221.5 |    292 | _1246_/D
      947 |       0 |     139 |      300 |      4 |    23 |   -1.043 |     -210.3 |    292 | _1246_/D
      950 |       0 |     139 |      302 |      5 |    23 |   -1.050 |     -216.3 |    292 | _1246_/D
      959 |       0 |     142 |      302 |      4 |    23 |   -1.043 |     -210.3 |    292 | _1246_/D
      960 |       0 |     142 |      302 |      4 |    23 |   -1.043 |     -210.3 |    292 | _1246_/D
      970 |       0 |     147 |      306 |      7 |    23 |   -1.066 |     -218.0 |    292 | _1246_/D
      971 |       0 |     145 |      304 |      4 |    23 |   -1.043 |     -210.3 |    292 | _1246_/D
      980 |       0 |     148 |      308 |      7 |    23 |   -1.066 |     -218.2 |    292 | _1246_/D
      982 |       0 |     148 |      306 |      4 |    23 |   -1.043 |     -210.3 |    292 | _1246_/D
      990 |       0 |     151 |      310 |      6 |    23 |   -1.066 |     -218.7 |    292 | _1246_/D
      994 |       0 |     151 |      308 |      4 |    23 |   -1.043 |     -210.3 |    292 | _1246_/D
     1000 |       0 |     152 |      312 |      6 |    23 |   -1.055 |     -219.1 |    292 | _1246_/D
     1005 |       0 |     154 |      310 |      4 |    23 |   -1.043 |     -210.3 |    292 | _1246_/D
     1010 |       0 |     154 |      314 |      6 |    23 |   -1.055 |     -221.5 |    292 | _1246_/D
     1017 |       0 |     157 |      312 |      4 |    23 |   -1.043 |     -210.3 |    292 | _1246_/D
     1020 |       0 |     157 |      314 |      5 |    23 |   -1.050 |     -216.3 |    292 | _1246_/D
     1029 |       0 |     160 |      314 |      4 |    23 |   -1.043 |     -210.3 |    292 | _1246_/D
     1030 |       0 |     160 |      314 |      4 |    23 |   -1.043 |     -210.3 |    292 | _1246_/D
     1040 |       0 |     165 |      318 |      7 |    23 |   -1.050 |     -213.4 |    292 | _1246_/D
     1045 |       0 |     169 |      320 |      7 |    23 |   -1.035 |     -225.6 |    292 | _1168_/D
     1048 |       0 |     171 |      320 |      7 |    23 |   -1.035 |     -225.5 |    292 | _1168_/D
     1050 |       0 |     172 |      320 |      7 |    23 |   -1.035 |     -225.3 |    292 | _1168_/D
     1051 |       0 |     173 |      320 |      7 |    23 |   -1.035 |     -225.3 |    292 | _1168_/D
     1054 |       0 |     175 |      320 |      7 |    23 |   -1.035 |     -225.2 |    292 | _1168_/D
     1058 |       0 |     178 |      320 |      7 |    23 |   -1.035 |     -225.1 |    292 | _1168_/D
     1060 |       0 |     179 |      320 |      7 |    23 |   -1.035 |     -224.9 |    292 | _1168_/D
     1061 |       0 |     180 |      320 |      7 |    23 |   -1.035 |     -224.9 |    292 | _1168_/D
     1064 |       0 |     182 |      320 |      7 |    23 |   -1.035 |     -224.8 |    292 | _1168_/D
     1067 |       0 |     184 |      320 |      7 |    23 |   -1.035 |     -224.6 |    292 | _1168_/D
     1070 |       0 |     186 |      320 |      7 |    23 |   -1.035 |     -224.5 |    292 | _1168_/D
     1070 |       0 |     186 |      320 |      7 |    23 |   -1.035 |     -224.5 |    292 | _1168_/D
     1075 |       0 |     189 |      320 |      8 |    23 |   -1.035 |     -224.4 |    292 | _1168_/D
     1078 |       0 |     191 |      320 |      8 |    23 |   -1.035 |     -224.3 |    292 | _1168_/D
     1080 |       0 |     192 |      320 |      8 |    23 |   -1.035 |     -224.1 |    292 | _1168_/D
     1081 |       0 |     193 |      320 |      8 |    23 |   -1.035 |     -224.2 |    292 | _1168_/D
     1084 |       0 |     195 |      320 |      8 |    23 |   -1.035 |     -224.0 |    292 | _1168_/D
     1087 |       0 |     197 |      320 |      8 |    23 |   -1.035 |     -223.9 |    292 | _1168_/D
     1090 |       0 |     199 |      320 |      8 |    23 |   -1.035 |     -223.7 |    292 | _1168_/D
     1090 |       0 |     199 |      320 |      8 |    23 |   -1.035 |     -223.7 |    292 | _1168_/D
     1093 |       0 |     201 |      320 |      8 |    23 |   -1.035 |     -223.6 |    292 | _1168_/D
     1096 |       0 |     203 |      320 |      8 |    23 |   -1.035 |     -223.5 |    292 | _1168_/D
     1099 |       0 |     205 |      320 |      8 |    23 |   -1.035 |     -223.3 |    292 | _1168_/D
     1100 |       0 |     205 |      320 |      8 |    23 |   -1.035 |     -223.3 |    292 | _1168_/D
     1100 |       0 |     205 |      320 |      8 |    23 |   -1.035 |     -223.3 |    292 | _1168_/D
     1103 |       0 |     207 |      320 |      8 |    23 |   -1.035 |     -223.2 |    292 | _1168_/D
     1106 |       0 |     209 |      320 |      8 |    23 |   -1.035 |     -223.0 |    292 | _1168_/D
     1109 |       0 |     211 |      320 |      8 |    23 |   -1.035 |     -222.9 |    292 | _1168_/D
     1110 |       0 |     211 |      320 |      8 |    23 |   -1.035 |     -222.9 |    292 | _1168_/D
     1112 |       0 |     213 |      320 |      8 |    23 |   -1.035 |     -222.7 |    292 | _1168_/D
     1116 |       0 |     215 |      320 |      8 |    23 |   -1.035 |     -222.4 |    292 | _1168_/D
     1120 |       0 |     216 |      320 |      8 |    25 |   -1.035 |     -222.4 |    292 | _1168_/D
     1121 |       0 |     216 |      320 |      8 |    24 |   -1.035 |     -222.4 |    292 | _1168_/D
     1129 |       0 |     222 |      320 |      8 |    25 |   -1.035 |     -222.1 |    292 | _1168_/D
     1130 |       0 |     222 |      320 |      8 |    25 |   -1.035 |     -222.1 |    292 | _1168_/D
     1140 |       0 |     227 |      324 |     11 |    25 |   -1.055 |     -221.1 |    292 | _1168_/D
     1144 |       0 |     228 |      322 |      9 |    25 |   -1.035 |     -220.1 |    292 | _1168_/D
     1150 |       0 |     231 |      324 |     10 |    25 |   -1.055 |     -217.6 |    292 | _1168_/D
     1158 |       0 |     234 |      324 |      9 |    25 |   -1.035 |     -220.1 |    292 | _1168_/D
     1160 |       0 |     235 |      324 |      9 |    25 |   -1.047 |     -215.2 |    292 | _1168_/D
     1170 |       0 |     241 |      328 |     11 |    25 |   -1.055 |     -220.5 |    292 | _1168_/D
     1172 |       0 |     240 |      326 |      9 |    25 |   -1.035 |     -220.1 |    292 | _1168_/D
     1180 |       0 |     244 |      328 |     11 |    25 |   -1.055 |     -219.1 |    292 | _1168_/D
     1186 |       0 |     246 |      328 |      9 |    25 |   -1.035 |     -220.1 |    292 | _1168_/D
     1190 |       0 |     248 |      328 |     10 |    25 |   -1.055 |     -215.2 |    292 | _1168_/D
     1200 |       0 |     255 |      332 |     11 |    25 |   -1.055 |     -220.7 |    292 | _1168_/D
     1200 |       0 |     252 |      330 |      9 |    25 |   -1.035 |     -220.1 |    292 | _1168_/D
     1210 |       0 |     257 |      334 |     11 |    25 |   -1.055 |     -221.1 |    292 | _1168_/D
     1214 |       0 |     258 |      332 |      9 |    25 |   -1.035 |     -220.1 |    292 | _1168_/D
     1220 |       0 |     261 |      334 |     10 |    25 |   -1.055 |     -217.6 |    292 | _1168_/D
     1228 |       0 |     264 |      334 |      9 |    25 |   -1.035 |     -220.1 |    292 | _1168_/D
     1230 |       0 |     265 |      334 |      9 |    25 |   -1.047 |     -215.2 |    292 | _1168_/D
     1240 |       0 |     271 |      338 |     11 |    25 |   -1.055 |     -220.5 |    292 | _1168_/D
     1242 |       0 |     270 |      336 |      9 |    25 |   -1.035 |     -220.1 |    292 | _1168_/D
     1250 |       0 |     274 |      338 |     11 |    25 |   -1.055 |     -219.1 |    292 | _1168_/D
     1256 |       0 |     276 |      338 |      9 |    25 |   -1.035 |     -220.1 |    292 | _1168_/D
     1260 |       0 |     278 |      338 |     10 |    25 |   -1.055 |     -215.2 |    292 | _1168_/D
     1270 |       0 |     285 |      342 |     11 |    25 |   -1.055 |     -220.6 |    292 | _1168_/D
     1270 |       0 |     282 |      340 |      9 |    25 |   -1.035 |     -220.1 |    292 | _1168_/D
     1280 |       0 |     287 |      344 |     11 |    25 |   -1.055 |     -221.1 |    292 | _1168_/D
     1284 |       0 |     288 |      342 |      9 |    25 |   -1.035 |     -220.1 |    292 | _1168_/D
     1290 |       0 |     291 |      344 |     10 |    25 |   -1.055 |     -217.6 |    292 | _1168_/D
     1298 |       0 |     294 |      344 |      9 |    25 |   -1.035 |     -220.1 |    292 | _1168_/D
     1300 |       0 |     295 |      344 |      9 |    25 |   -1.047 |     -215.2 |    292 | _1168_/D
     1310 |       0 |     301 |      348 |     11 |    25 |   -1.055 |     -220.3 |    292 | _1168_/D
     1312 |       0 |     300 |      346 |      9 |    25 |   -1.035 |     -220.1 |    292 | _1168_/D
     1320 |       0 |     304 |      348 |     11 |    25 |   -1.055 |     -219.1 |    292 | _1168_/D
     1326 |       0 |     306 |      348 |      9 |    25 |   -1.035 |     -220.1 |    292 | _1168_/D
     1330 |       0 |     308 |      348 |     10 |    25 |   -1.055 |     -215.2 |    292 | _1168_/D
     1340 |       0 |     315 |      352 |     11 |    25 |   -1.055 |     -220.6 |    292 | _1168_/D
     1340 |       0 |     312 |      350 |      9 |    25 |   -1.035 |     -220.1 |    292 | _1168_/D
     1350 |       0 |     317 |      354 |     11 |    25 |   -1.055 |     -221.1 |    292 | _1168_/D
     1354 |       0 |     318 |      352 |      9 |    25 |   -1.035 |     -220.1 |    292 | _1168_/D
     1360 |       0 |     320 |      354 |     11 |    25 |   -1.055 |     -217.8 |    292 | _1168_/D
     1363 |       0 |     320 |      354 |      9 |    25 |   -1.035 |     -220.1 |    292 | _1168_/D
     1370 |       0 |     322 |      358 |     11 |    25 |   -1.055 |     -219.5 |    292 | _1168_/D
     1372 |       0 |     322 |      356 |      9 |    25 |   -1.035 |     -220.1 |    292 | _1168_/D
     1380 |       0 |     325 |      360 |     11 |    25 |   -1.055 |     -219.5 |    292 | _1168_/D
     1381 |       0 |     324 |      358 |      9 |    25 |   -1.035 |     -220.1 |    292 | _1168_/D
     1390 |       0 |     328 |      362 |     11 |    25 |   -1.055 |     -219.3 |    292 | _1168_/D
     1391 |       0 |     326 |      360 |      9 |    25 |   -1.035 |     -220.1 |    292 | _1168_/D
     1400 |       0 |     330 |      364 |     11 |    25 |   -1.055 |     -219.5 |    292 | _1168_/D
     1400 |       0 |     330 |      364 |     11 |    25 |   -1.055 |     -219.5 |    292 | _1168_/D
     1403 |       0 |     332 |      364 |     11 |    25 |   -1.055 |     -219.4 |    292 | _1168_/D
     1407 |       0 |     335 |      364 |     11 |    25 |   -1.055 |     -219.2 |    292 | _1168_/D
     1410 |       0 |     337 |      364 |     11 |    25 |   -1.055 |     -219.1 |    292 | _1168_/D
     1410 |       0 |     337 |      364 |     11 |    25 |   -1.055 |     -219.1 |    292 | _1168_/D
     1413 |       0 |     339 |      364 |     11 |    25 |   -1.055 |     -218.9 |    292 | _1168_/D
     1416 |       0 |     341 |      364 |     11 |    25 |   -1.055 |     -218.8 |    292 | _1168_/D
     1419 |       0 |     343 |      364 |     11 |    25 |   -1.055 |     -218.7 |    292 | _1168_/D
     1420 |       0 |     343 |      364 |     11 |    25 |   -1.055 |     -218.7 |    292 | _1168_/D
     1422 |       0 |     345 |      364 |     11 |    25 |   -1.055 |     -218.5 |    292 | _1168_/D
     1427 |       0 |     349 |      364 |     11 |    25 |   -1.055 |     -218.7 |    292 | _1168_/D
     1430 |       0 |     351 |      364 |     11 |    25 |   -1.055 |     -218.5 |    292 | _1168_/D
     1430 |       0 |     351 |      364 |     11 |    25 |   -1.055 |     -218.5 |    292 | _1168_/D
     1433 |       0 |     353 |      364 |     11 |    25 |   -1.055 |     -218.4 |    292 | _1168_/D
     1436 |       0 |     355 |      364 |     11 |    25 |   -1.055 |     -218.2 |    292 | _1168_/D
     1440 |       0 |     356 |      366 |     12 |    25 |   -1.055 |     -221.7 |    292 | _1168_/D
     1444 |       0 |     359 |      366 |     13 |    25 |   -1.055 |     -221.3 |    292 | _1168_/D
     1447 |       0 |     361 |      366 |     13 |    25 |   -1.055 |     -221.3 |    292 | _1168_/D
     1450 |       0 |     363 |      366 |     13 |    25 |   -1.055 |     -221.2 |    292 | _1168_/D
     1450 |       0 |     363 |      366 |     13 |    25 |   -1.055 |     -221.2 |    292 | _1168_/D
     1453 |       0 |     365 |      366 |     13 |    25 |   -1.055 |     -221.0 |    292 | _1168_/D
     1456 |       0 |     367 |      366 |     13 |    25 |   -1.055 |     -220.9 |    292 | _1168_/D
     1459 |       0 |     369 |      366 |     13 |    25 |   -1.055 |     -220.7 |    292 | _1168_/D
     1460 |       0 |     369 |      366 |     13 |    25 |   -1.055 |     -220.7 |    292 | _1168_/D
     1462 |       0 |     371 |      366 |     13 |    25 |   -1.055 |     -220.6 |    292 | _1168_/D
     1465 |       0 |     373 |      366 |     13 |    25 |   -1.055 |     -220.5 |    292 | _1168_/D
     1468 |       0 |     375 |      366 |     13 |    25 |   -1.055 |     -220.3 |    292 | _1168_/D
     1470 |       0 |     376 |      366 |     13 |    25 |   -1.055 |     -220.2 |    292 | _1168_/D
     1471 |       0 |     377 |      366 |     13 |    25 |   -1.055 |     -220.2 |    292 | _1168_/D
     1474 |       0 |     379 |      366 |     13 |    25 |   -1.055 |     -220.0 |    292 | _1168_/D
     1477 |       0 |     381 |      366 |     13 |    25 |   -1.055 |     -219.9 |    292 | _1168_/D
     1480 |       0 |     383 |      366 |     13 |    25 |   -1.055 |     -219.6 |    292 | _1168_/D
     1483 |       0 |     385 |      366 |     14 |    25 |   -1.055 |     -219.6 |    292 | _1168_/D
     1486 |       0 |     387 |      366 |     14 |    25 |   -1.055 |     -219.5 |    292 | _1168_/D
     1489 |       0 |     389 |      366 |     14 |    25 |   -1.055 |     -219.4 |    292 | _1168_/D
     1490 |       0 |     389 |      366 |     14 |    25 |   -1.055 |     -219.4 |    292 | _1168_/D
     1493 |       0 |     392 |      366 |     14 |    25 |   -1.055 |     -219.3 |    292 | _1168_/D
     1496 |       0 |     394 |      366 |     14 |    25 |   -1.055 |     -219.1 |    292 | _1168_/D
     1499 |       0 |     396 |      366 |     14 |    25 |   -1.055 |     -219.0 |    292 | _1168_/D
     1500 |       0 |     396 |      366 |     14 |    25 |   -1.055 |     -219.0 |    292 | _1168_/D
     1502 |       0 |     398 |      366 |     14 |    25 |   -1.055 |     -218.9 |    292 | _1168_/D
     1505 |       0 |     400 |      366 |     14 |    25 |   -1.055 |     -218.7 |    292 | _1168_/D
     1508 |       0 |     402 |      366 |     14 |    25 |   -1.055 |     -218.6 |    292 | _1168_/D
     1510 |       0 |     403 |      366 |     14 |    25 |   -1.055 |     -218.4 |    292 | _1168_/D
     1511 |       0 |     404 |      366 |     14 |    25 |   -1.055 |     -218.4 |    292 | _1168_/D
     1514 |       0 |     406 |      366 |     14 |    25 |   -1.055 |     -218.3 |    292 | _1168_/D
     1517 |       0 |     408 |      366 |     14 |    25 |   -1.055 |     -218.2 |    292 | _1168_/D
     1520 |       0 |     410 |      366 |     14 |    25 |   -1.055 |     -218.0 |    292 | _1168_/D
     1520 |       0 |     410 |      366 |     14 |    25 |   -1.055 |     -218.0 |    292 | _1168_/D
     1523 |       0 |     412 |      366 |     14 |    25 |   -1.055 |     -217.9 |    292 | _1168_/D
     1526 |       0 |     414 |      366 |     14 |    25 |   -1.055 |     -217.7 |    292 | _1168_/D
     1529 |       0 |     416 |      366 |     14 |    25 |   -1.055 |     -217.6 |    292 | _1168_/D
     1530 |       0 |     416 |      366 |     14 |    25 |   -1.055 |     -217.6 |    292 | _1168_/D
     1532 |       0 |     418 |      366 |     14 |    25 |   -1.055 |     -217.5 |    292 | _1168_/D
     1535 |       0 |     420 |      366 |     14 |    25 |   -1.055 |     -217.3 |    292 | _1168_/D
     1540 |       0 |     423 |      368 |     14 |    25 |   -1.055 |     -217.2 |    292 | _1168_/D
     1540 |       0 |     423 |      368 |     14 |    25 |   -1.055 |     -217.2 |    292 | _1168_/D
     1543 |       0 |     425 |      368 |     14 |    25 |   -1.055 |     -217.0 |    292 | _1168_/D
     1546 |       0 |     427 |      368 |     14 |    25 |   -1.055 |     -216.9 |    292 | _1168_/D
     1550 |       0 |     429 |      370 |     14 |    25 |   -1.055 |     -216.8 |    292 | _1168_/D
     1552 |       0 |     430 |      370 |     14 |    26 |   -1.055 |     -216.6 |    292 | _1168_/D
     1558 |       0 |     434 |      370 |     14 |    27 |   -1.055 |     -215.8 |    292 | _1168_/D
     1560 |       0 |     434 |      372 |     14 |    27 |   -1.055 |     -216.2 |    292 | _1168_/D
     1562 |       0 |     434 |      371 |     14 |    27 |   -1.055 |     -215.8 |    292 | _1168_/D
     1570 |       0 |     441 |      371 |     14 |    27 |   -1.040 |     -210.1 |    292 | _1103_/D
     1580 |       0 |     448 |      375 |     15 |    27 |   -1.035 |     -214.4 |    292 | _1246_/D
     1581 |       0 |     446 |      374 |     15 |    27 |   -1.035 |     -212.8 |    292 | _1246_/D
     1589 |       0 |     449 |      375 |     15 |    27 |   -1.035 |     -212.7 |    292 | _1246_/D
     1590 |       0 |     449 |      375 |     15 |    27 |   -1.035 |     -212.7 |    292 | _1246_/D
     1597 |       0 |     452 |      376 |     15 |    27 |   -1.035 |     -212.5 |    292 | _1246_/D
     1600 |       0 |     454 |      376 |     15 |    27 |   -1.036 |     -211.7 |    292 | _1103_/D
     1605 |       0 |     455 |      377 |     15 |    27 |   -1.035 |     -212.3 |    292 | _1246_/D
     1610 |       0 |     459 |      377 |     15 |    27 |   -1.040 |     -211.6 |    292 | _1103_/D
     1613 |       0 |     458 |      378 |     15 |    27 |   -1.035 |     -212.2 |    292 | _1246_/D
     1620 |       0 |     463 |      380 |     15 |    27 |   -1.035 |     -213.7 |    292 | _1246_/D
     1621 |       0 |     461 |      379 |     15 |    27 |   -1.035 |     -212.0 |    292 | _1246_/D
     1629 |       0 |     464 |      380 |     15 |    27 |   -1.035 |     -211.9 |    292 | _1246_/D
     1630 |       0 |     464 |      380 |     15 |    27 |   -1.035 |     -211.9 |    292 | _1246_/D
     1637 |       0 |     467 |      381 |     15 |    27 |   -1.035 |     -211.7 |    292 | _1246_/D
     1640 |       0 |     469 |      381 |     15 |    27 |   -1.036 |     -211.0 |    292 | _1103_/D
     1645 |       0 |     470 |      382 |     15 |    27 |   -1.035 |     -211.6 |    292 | _1246_/D
     1650 |       0 |     474 |      382 |     15 |    27 |   -1.040 |     -210.9 |    292 | _1103_/D
     1653 |       0 |     473 |      383 |     15 |    27 |   -1.035 |     -211.4 |    292 | _1246_/D
     1660 |       0 |     478 |      385 |     15 |    27 |   -1.035 |     -212.9 |    292 | _1246_/D
     1661 |       0 |     476 |      384 |     15 |    27 |   -1.035 |     -211.3 |    292 | _1246_/D
     1670 |       0 |     482 |      388 |     15 |    27 |   -1.039 |     -210.7 |    292 | _1103_/D
     1675 |       0 |     481 |      387 |     15 |    27 |   -1.035 |     -207.1 |    292 | _1246_/D
     1680 |       0 |     485 |      387 |     15 |    27 |   -1.042 |     -206.4 |    292 | _1103_/D
     1683 |       0 |     484 |      388 |     15 |    27 |   -1.035 |     -207.0 |    292 | _1246_/D
     1690 |       0 |     488 |      392 |     15 |    27 |   -1.039 |     -210.6 |    292 | _1103_/D
     1695 |       0 |     487 |      391 |     15 |    27 |   -1.035 |     -207.0 |    292 | _1246_/D
     1700 |       0 |     489 |      395 |     15 |    27 |   -1.035 |     -210.6 |    292 | _1246_/D
     1707 |       0 |     490 |      394 |     15 |    27 |   -1.035 |     -207.0 |    292 | _1246_/D
     1710 |       0 |     491 |      396 |     15 |    27 |   -1.035 |     -207.7 |    292 | _1246_/D
     1719 |       0 |     493 |      397 |     15 |    27 |   -1.035 |     -207.0 |    292 | _1246_/D
     1720 |       0 |     493 |      397 |     15 |    27 |   -1.035 |     -207.0 |    292 | _1246_/D
     1730 |       0 |     499 |      399 |     17 |    28 |   -1.035 |     -206.0 |    292 | _1246_/D
     1730 |       0 |     496 |      398 |     16 |    27 |   -1.035 |     -205.4 |    292 | _1246_/D
     1740 |       0 |     501 |      404 |     17 |    27 |   -1.035 |     -209.5 |    292 | _1246_/D
     1742 |       0 |     499 |      401 |     16 |    27 |   -1.035 |     -205.4 |    292 | _1246_/D
     1750 |       0 |     503 |      407 |     16 |    27 |   -1.035 |     -210.2 |    292 | _1246_/D
     1754 |       0 |     502 |      404 |     16 |    27 |   -1.035 |     -205.4 |    292 | _1246_/D
     1760 |       0 |     505 |      408 |     16 |    27 |   -1.035 |     -207.8 |    292 | _1246_/D
     1766 |       0 |     505 |      407 |     16 |    27 |   -1.035 |     -205.4 |    292 | _1246_/D
     1770 |       0 |     507 |      409 |     16 |    27 |   -1.039 |     -206.8 |    292 | _1103_/D
     1780 |       0 |     514 |      413 |     17 |    27 |   -1.035 |     -209.4 |    292 | _1246_/D
     1780 |       0 |     509 |      410 |     16 |    27 |   -1.035 |     -205.4 |    292 | _1246_/D
     1790 |       0 |     514 |      416 |     17 |    27 |   -1.035 |     -209.5 |    292 | _1246_/D
     1794 |       0 |     513 |      413 |     16 |    27 |   -1.035 |     -205.4 |    292 | _1246_/D
     1800 |       0 |     516 |      417 |     16 |    27 |   -1.035 |     -207.8 |    292 | _1246_/D
     1808 |       0 |     517 |      416 |     16 |    27 |   -1.035 |     -205.4 |    292 | _1246_/D
     1810 |       0 |     518 |      416 |     16 |    27 |   -1.035 |     -205.7 |    292 | _1103_/D
     1820 |       0 |     524 |      422 |     17 |    27 |   -1.035 |     -209.4 |    292 | _1246_/D
     1822 |       0 |     521 |      419 |     16 |    27 |   -1.035 |     -205.4 |    292 | _1246_/D
     1830 |       0 |     525 |      425 |     16 |    27 |   -1.035 |     -210.2 |    292 | _1246_/D
     1836 |       0 |     525 |      422 |     16 |    27 |   -1.035 |     -205.4 |    292 | _1246_/D
     1840 |       0 |     527 |      424 |     16 |    27 |   -1.039 |     -206.8 |    292 | _1103_/D
     1850 |       0 |     534 |      428 |     17 |    27 |   -1.035 |     -209.4 |    292 | _1246_/D
     1850 |       0 |     529 |      425 |     16 |    27 |   -1.035 |     -205.4 |    292 | _1246_/D
     1855 |       0 |     532 |      425 |     17 |    27 |   -1.035 |     -205.2 |    292 | _1246_/D
     1858 |       0 |     534 |      425 |     17 |    27 |   -1.035 |     -205.1 |    292 | _1246_/D
     1860 |       0 |     535 |      425 |     17 |    27 |   -1.035 |     -204.9 |    292 | _1246_/D
     1861 |       0 |     536 |      425 |     17 |    27 |   -1.035 |     -204.9 |    292 | _1246_/D
     1864 |       0 |     538 |      425 |     17 |    27 |   -1.035 |     -204.8 |    292 | _1246_/D
     1867 |       0 |     540 |      425 |     17 |    27 |   -1.035 |     -204.7 |    292 | _1246_/D
     1870 |       0 |     542 |      425 |     17 |    27 |   -1.035 |     -204.5 |    292 | _1246_/D
     1871 |       0 |     543 |      425 |     17 |    27 |   -1.035 |     -204.6 |    292 | _1246_/D
     1874 |       0 |     545 |      425 |     17 |    27 |   -1.035 |     -204.4 |    292 | _1246_/D
     1877 |       0 |     547 |      425 |     17 |    27 |   -1.035 |     -204.3 |    292 | _1246_/D
     1880 |       0 |     549 |      425 |     17 |    27 |   -1.035 |     -204.1 |    292 | _1246_/D
     1880 |       0 |     549 |      425 |     17 |    27 |   -1.035 |     -204.1 |    292 | _1246_/D
     1883 |       0 |     551 |      425 |     17 |    27 |   -1.035 |     -204.0 |    292 | _1246_/D
     1888 |       0 |     554 |      425 |     18 |    27 |   -1.035 |     -204.1 |    292 | _1246_/D
     1890 |       0 |     555 |      425 |     18 |    27 |   -1.035 |     -204.0 |    292 | _1246_/D
     1891 |       0 |     556 |      425 |     18 |    27 |   -1.035 |     -204.0 |    292 | _1246_/D
     1894 |       0 |     558 |      425 |     18 |    27 |   -1.035 |     -203.8 |    292 | _1246_/D
     1897 |       0 |     560 |      425 |     18 |    27 |   -1.035 |     -203.7 |    292 | _1246_/D
     1900 |       0 |     562 |      425 |     18 |    27 |   -1.035 |     -203.5 |    292 | _1246_/D
     1900 |       0 |     562 |      425 |     18 |    27 |   -1.035 |     -203.5 |    292 | _1246_/D
     1903 |       0 |     564 |      425 |     18 |    27 |   -1.035 |     -203.4 |    292 | _1246_/D
     1906 |       0 |     566 |      425 |     18 |    27 |   -1.035 |     -203.3 |    292 | _1246_/D
     1909 |       0 |     568 |      425 |     18 |    27 |   -1.035 |     -203.1 |    292 | _1246_/D
     1910 |       0 |     568 |      425 |     18 |    27 |   -1.035 |     -203.1 |    292 | _1246_/D
     1912 |       0 |     570 |      425 |     18 |    27 |   -1.035 |     -203.0 |    292 | _1246_/D
     1915 |       0 |     572 |      425 |     18 |    27 |   -1.035 |     -202.8 |    292 | _1246_/D
     1918 |       0 |     574 |      425 |     18 |    27 |   -1.035 |     -202.7 |    292 | _1246_/D
     1920 |       0 |     575 |      425 |     18 |    27 |   -1.035 |     -202.5 |    292 | _1246_/D
     1921 |       0 |     576 |      425 |     18 |    27 |   -1.035 |     -202.6 |    292 | _1246_/D
     1924 |       0 |     578 |      425 |     18 |    27 |   -1.035 |     -202.4 |    292 | _1246_/D
     1927 |       0 |     580 |      425 |     18 |    27 |   -1.035 |     -202.3 |    292 | _1246_/D
     1930 |       0 |     580 |      427 |     18 |    28 |   -1.035 |     -202.4 |    292 | _1246_/D
     1930 |       0 |     580 |      427 |     18 |    27 |   -1.035 |     -202.4 |    292 | _1246_/D
     1935 |       0 |     581 |      427 |     18 |    27 |   -1.035 |     -202.2 |    292 | _1246_/D
     1940 |       0 |     585 |      427 |     18 |    27 |   -1.035 |     -202.0 |    292 | _1246_/D
     1941 |       0 |     586 |      427 |     18 |    27 |   -1.035 |     -202.0 |    292 | _1246_/D
     1944 |       0 |     588 |      427 |     18 |    27 |   -1.035 |     -201.9 |    292 | _1246_/D
     1950 |       0 |     591 |      429 |     18 |    28 |   -1.035 |     -201.9 |    292 | _1246_/D
     1954 |       0 |     591 |      430 |     18 |    29 |   -1.035 |     -201.8 |    292 | _1246_/D
     1956 |       0 |     591 |      430 |     18 |    29 |   -1.035 |     -201.8 |    292 | _1246_/D
     1960 |       0 |     592 |      432 |     18 |    30 |   -1.035 |     -202.1 |    292 | _1246_/D
     1960 |       0 |     591 |      431 |     18 |    29 |   -1.035 |     -201.8 |    292 | _1246_/D
     1970 |       0 |     598 |      435 |     18 |    29 |   -1.035 |     -206.1 |    292 | _1246_/D
     1975 |       0 |     598 |      434 |     18 |    29 |   -1.035 |     -203.1 |    292 | _1246_/D
     1980 |       0 |     601 |      436 |     18 |    29 |   -1.034 |     -203.3 |    292 | _1246_/D
     1983 |       0 |     600 |      437 |     18 |    29 |   -1.029 |     -203.5 |    292 | _1103_/D
     1990 |       0 |     605 |      439 |     18 |    29 |   -1.038 |     -206.3 |    292 | _1103_/D
     1994 |       0 |     604 |      439 |     18 |    29 |   -1.027 |     -205.6 |    292 | _1103_/D
     2000 |       0 |     609 |      439 |     18 |    29 |   -1.041 |     -206.5 |    292 | _1246_/D
     2000 |       0 |     609 |      439 |     18 |    29 |   -1.041 |     -206.5 |    292 | _1246_/D
     2003 |       0 |     611 |      439 |     18 |    29 |   -1.041 |     -206.3 |    292 | _1246_/D
     2010 |       0 |     615 |      443 |     18 |    29 |   -1.027 |     -210.3 |    292 | _1103_/D
     2015 |       0 |     617 |      443 |     18 |    29 |   -1.027 |     -209.3 |    292 | _1103_/D
     2020 |       0 |     620 |      443 |     19 |    29 |   -1.039 |     -211.1 |    292 | _1246_/D
     2020 |       0 |     618 |      443 |     18 |    29 |   -1.027 |     -209.3 |    292 | _1103_/D
     2025 |       0 |     619 |      443 |     18 |    29 |   -1.027 |     -209.3 |    292 | _1103_/D
     2030 |       0 |     622 |      443 |     19 |    29 |   -1.039 |     -211.1 |    292 | _1246_/D
     2030 |       0 |     620 |      443 |     18 |    29 |   -1.027 |     -209.3 |    292 | _1103_/D
     2035 |       0 |     621 |      443 |     18 |    29 |   -1.027 |     -209.3 |    292 | _1103_/D
     2040 |       0 |     624 |      443 |     19 |    29 |   -1.039 |     -211.1 |    292 | _1246_/D
     2040 |       0 |     622 |      443 |     18 |    29 |   -1.027 |     -209.3 |    292 | _1103_/D
     2045 |       0 |     623 |      443 |     18 |    29 |   -1.027 |     -209.3 |    292 | _1103_/D
     2050 |       0 |     626 |      443 |     19 |    29 |   -1.039 |     -211.1 |    292 | _1246_/D
     2050 |       0 |     624 |      443 |     18 |    29 |   -1.027 |     -209.3 |    292 | _1103_/D
     2055 |       0 |     625 |      443 |     18 |    29 |   -1.027 |     -209.3 |    292 | _1103_/D
     2060 |       0 |     628 |      443 |     19 |    29 |   -1.039 |     -211.1 |    292 | _1246_/D
     2060 |       0 |     626 |      443 |     18 |    29 |   -1.027 |     -209.3 |    292 | _1103_/D
     2065 |       0 |     627 |      443 |     18 |    29 |   -1.027 |     -209.3 |    292 | _1103_/D
     2070 |       0 |     629 |      445 |     19 |    29 |   -1.054 |     -217.7 |    292 | _1246_/D
     2074 |       0 |     629 |      445 |     18 |    29 |   -1.027 |     -209.3 |    292 | _1103_/D
     2080 |       0 |     631 |      447 |     20 |    29 |   -1.098 |     -223.9 |    292 | _1246_/D
     2083 |       0 |     631 |      447 |     18 |    29 |   -1.027 |     -209.3 |    292 | _1103_/D
     2090 |       0 |     633 |      451 |     20 |    29 |   -1.060 |     -221.4 |    292 | _1246_/D
     2092 |       0 |     633 |      449 |     18 |    29 |   -1.027 |     -209.3 |    292 | _1103_/D
     2100 |       0 |     636 |      453 |     20 |    29 |   -1.060 |     -221.3 |    292 | _1246_/D
     2100 |       0 |     636 |      453 |     20 |    29 |   -1.060 |     -221.3 |    292 | _1246_/D
    2100* |       0 |     636 |      453 |     20 |    29 |   -1.060 |     -221.3 |    292 | _1246_/D
    2101* |       0 |     636 |      453 |     20 |    29 |   -1.060 |     -221.3 |    292 | _1246_/D
    2102* |       0 |     636 |      453 |     20 |    29 |   -1.060 |     -221.3 |    292 | _1246_/D
    2103* |       0 |     636 |      453 |     20 |    29 |   -1.060 |     -221.3 |    292 | _1246_/D
    2104* |       0 |     636 |      453 |     20 |    29 |   -1.060 |     -221.3 |    292 | _1246_/D
    2105* |       0 |     636 |      453 |     20 |    29 |   -1.060 |     -221.3 |    292 | _1246_/D
    2106* |       0 |     636 |      453 |     20 |    29 |   -1.060 |     -221.3 |    292 | _1246_/D
    2107* |       0 |     636 |      453 |     20 |    29 |   -1.060 |     -221.3 |    292 | _1246_/D
    2108* |       0 |     636 |      453 |     20 |    29 |   -1.060 |     -221.3 |    292 | _1246_/D
    2109* |       0 |     636 |      453 |     20 |    29 |   -1.060 |     -221.3 |    292 | _1246_/D
    2110* |       0 |     636 |      453 |     20 |    29 |   -1.060 |     -221.3 |    292 | _1246_/D
    2110* |       0 |     636 |      453 |     20 |    29 |   -1.060 |     -221.3 |    292 | _1246_/D
    2111* |       0 |     636 |      453 |     20 |    29 |   -1.060 |     -221.3 |    292 | _1246_/D
    2112* |       0 |     636 |      453 |     20 |    29 |   -1.060 |     -221.3 |    292 | _1246_/D
    2113* |       0 |     636 |      453 |     20 |    29 |   -1.060 |     -221.3 |    292 | _1246_/D
    2114* |       0 |     636 |      453 |     20 |    29 |   -1.060 |     -221.3 |    292 | _1246_/D
    2115* |       0 |     636 |      453 |     20 |    29 |   -1.060 |     -221.3 |    292 | _1246_/D
    2116* |       0 |     636 |      453 |     20 |    29 |   -1.060 |     -221.3 |    292 | _1246_/D
    2117* |       0 |     636 |      453 |     20 |    29 |   -1.060 |     -221.3 |    292 | _1246_/D
    2118* |       0 |     636 |      453 |     20 |    29 |   -1.060 |     -221.3 |    292 | _1246_/D
    2119* |       0 |     636 |      453 |     20 |    29 |   -1.060 |     -221.3 |    292 | _1246_/D
    2120* |       0 |     636 |      453 |     20 |    29 |   -1.060 |     -221.3 |    292 | _1246_/D
    2120* |       0 |     636 |      453 |     20 |    29 |   -1.060 |     -221.3 |    292 | _1246_/D
    2121* |       0 |     636 |      453 |     20 |    29 |   -1.060 |     -221.3 |    292 | _1246_/D
    2122* |       0 |     636 |      453 |     20 |    29 |   -1.060 |     -221.3 |    292 | _1246_/D
    2123* |       0 |     636 |      453 |     20 |    29 |   -1.060 |     -221.3 |    292 | _1246_/D
    2124* |       0 |     636 |      453 |     20 |    29 |   -1.060 |     -221.3 |    292 | _1246_/D
    2125* |       0 |     636 |      453 |     20 |    29 |   -1.060 |     -221.3 |    292 | _1246_/D
    2126* |       0 |     636 |      453 |     20 |    29 |   -1.060 |     -221.3 |    292 | _1246_/D
    2127* |       0 |     636 |      453 |     20 |    29 |   -1.060 |     -221.3 |    292 | _1246_/D
    2128* |       0 |     636 |      453 |     20 |    29 |   -1.060 |     -221.3 |    292 | _1246_/D
    2129* |       0 |     636 |      453 |     20 |    29 |   -1.060 |     -221.3 |    292 | _1246_/D
    2130* |       0 |     636 |      453 |     20 |    29 |   -1.060 |     -221.3 |    292 | _1246_/D
    2130* |       0 |     636 |      453 |     20 |    29 |   -1.060 |     -221.3 |    292 | _1246_/D
    2131* |       0 |     636 |      453 |     20 |    29 |   -1.060 |     -221.3 |    292 | _1246_/D
    2132* |       0 |     636 |      453 |     20 |    29 |   -1.060 |     -221.3 |    292 | _1246_/D
    2133* |       0 |     636 |      453 |     20 |    29 |   -1.060 |     -221.3 |    292 | _1246_/D
    2134* |       0 |     636 |      453 |     20 |    29 |   -1.060 |     -221.3 |    292 | _1246_/D
    2135* |       0 |     636 |      453 |     20 |    29 |   -1.060 |     -221.3 |    292 | _1246_/D
    2136* |       0 |     636 |      453 |     20 |    29 |   -1.060 |     -221.3 |    292 | _1246_/D
    2137* |       0 |     636 |      453 |     20 |    29 |   -1.060 |     -221.3 |    292 | _1246_/D
    2138* |       0 |     636 |      453 |     20 |    29 |   -1.060 |     -221.3 |    292 | _1246_/D
    2139* |       0 |     636 |      453 |     20 |    29 |   -1.060 |     -221.3 |    292 | _1246_/D
    2140* |       0 |     636 |      453 |     20 |    29 |   -1.060 |     -221.3 |    292 | _1246_/D
    2140* |       0 |     636 |      453 |     20 |    29 |   -1.060 |     -221.3 |    292 | _1246_/D
    2141* |       0 |     636 |      453 |     20 |    29 |   -1.060 |     -221.3 |    292 | _1246_/D
    2142* |       0 |     636 |      453 |     20 |    29 |   -1.060 |     -221.3 |    292 | _1246_/D
    2143* |       0 |     636 |      453 |     20 |    29 |   -1.060 |     -221.3 |    292 | _1246_/D
    2144* |       0 |     636 |      453 |     20 |    29 |   -1.060 |     -221.3 |    292 | _1246_/D
    2145* |       0 |     636 |      453 |     20 |    29 |   -1.060 |     -221.3 |    292 | _1246_/D
    2146* |       0 |     636 |      453 |     20 |    29 |   -1.060 |     -221.3 |    292 | _1246_/D
    2147* |       0 |     636 |      453 |     20 |    29 |   -1.060 |     -221.3 |    292 | _1246_/D
    2148* |       0 |     636 |      453 |     20 |    29 |   -1.060 |     -221.3 |    292 | _1246_/D
    2149* |       0 |     636 |      453 |     20 |    29 |   -1.060 |     -221.3 |    292 | _1246_/D
    2150* |       0 |     636 |      453 |     20 |    29 |   -1.060 |     -221.3 |    292 | _1246_/D
    2150* |       0 |     636 |      453 |     20 |    29 |   -1.060 |     -221.3 |    292 | _1246_/D
    2151* |       0 |     636 |      453 |     20 |    29 |   -1.060 |     -221.3 |    292 | _1246_/D
    2152* |       0 |     636 |      453 |     20 |    29 |   -1.060 |     -221.3 |    292 | _1246_/D
    2153* |       0 |     636 |      453 |     20 |    29 |   -1.060 |     -221.3 |    292 | _1246_/D
    2154* |       0 |     636 |      453 |     20 |    29 |   -1.060 |     -221.3 |    292 | _1246_/D
    2155* |       0 |     636 |      453 |     20 |    29 |   -1.060 |     -221.3 |    292 | _1246_/D
    2156* |       0 |     636 |      453 |     20 |    29 |   -1.060 |     -221.3 |    292 | _1246_/D
    2157* |       0 |     636 |      453 |     20 |    29 |   -1.060 |     -221.3 |    292 | _1246_/D
    2158* |       0 |     636 |      453 |     20 |    29 |   -1.060 |     -221.3 |    292 | _1246_/D
    2159* |       0 |     636 |      453 |     20 |    29 |   -1.060 |     -221.3 |    292 | _1246_/D
    2160* |       0 |     636 |      453 |     20 |    29 |   -1.060 |     -221.3 |    292 | _1246_/D
    2160* |       0 |     636 |      453 |     20 |    29 |   -1.060 |     -221.3 |    292 | _1246_/D
    2161* |       0 |     636 |      453 |     20 |    29 |   -1.060 |     -221.3 |    292 | _1246_/D
    2162* |       0 |     636 |      453 |     20 |    29 |   -1.060 |     -221.3 |    292 | _1246_/D
    2163* |       0 |     636 |      453 |     20 |    29 |   -1.060 |     -221.3 |    292 | _1246_/D
    2164* |       0 |     636 |      453 |     20 |    29 |   -1.060 |     -221.3 |    292 | _1246_/D
    2165* |       0 |     636 |      453 |     20 |    29 |   -1.060 |     -221.3 |    292 | _1246_/D
    2166* |       0 |     636 |      453 |     20 |    29 |   -1.060 |     -221.3 |    292 | _1246_/D
    2167* |       0 |     636 |      453 |     20 |    29 |   -1.060 |     -221.3 |    292 | _1246_/D
    2168* |       0 |     636 |      453 |     20 |    29 |   -1.060 |     -221.3 |    292 | _1246_/D
    2169* |       0 |     636 |      453 |     20 |    29 |   -1.060 |     -221.3 |    292 | _1246_/D
    2170* |       0 |     636 |      453 |     20 |    29 |   -1.060 |     -221.3 |    292 | _1246_/D
    2170* |       0 |     636 |      453 |     20 |    29 |   -1.060 |     -221.3 |    292 | _1246_/D
    2171* |       0 |     636 |      453 |     20 |    29 |   -1.060 |     -221.3 |    292 | _1246_/D
    2172* |       0 |     636 |      453 |     20 |    29 |   -1.060 |     -221.3 |    292 | _1246_/D
    2174* |       0 |     637 |      453 |     20 |    29 |   -1.060 |     -221.2 |    292 | _1246_/D
    2175* |       0 |     637 |      453 |     20 |    29 |   -1.060 |     -221.2 |    292 | _1246_/D
    2179* |       0 |     640 |      453 |     20 |    29 |   -1.060 |     -220.5 |    292 | _1246_/D
    2180* |       0 |     640 |      453 |     20 |    29 |   -1.060 |     -220.5 |    292 | _1246_/D
    2180* |       0 |     640 |      453 |     20 |    29 |   -1.060 |     -220.5 |    292 | _1246_/D
    2181* |       0 |     640 |      453 |     20 |    29 |   -1.060 |     -220.5 |    292 | _1246_/D
    2182* |       0 |     640 |      453 |     20 |    29 |   -1.060 |     -220.5 |    292 | _1246_/D
    2183* |       0 |     640 |      453 |     20 |    29 |   -1.060 |     -220.5 |    292 | _1246_/D
    2185* |       0 |     641 |      453 |     20 |    29 |   -1.060 |     -220.3 |    292 | _1246_/D
    2187* |       0 |     642 |      453 |     20 |    29 |   -1.060 |     -220.2 |    292 | _1246_/D
    2189* |       0 |     643 |      453 |     20 |    29 |   -1.060 |     -220.0 |    292 | _1246_/D
    2190* |       0 |     643 |      453 |     20 |    29 |   -1.060 |     -220.0 |    292 | _1246_/D
    2191* |       0 |     644 |      453 |     20 |    29 |   -1.060 |     -219.7 |    292 | _1246_/D
    2192* |       0 |     644 |      453 |     20 |    29 |   -1.060 |     -219.7 |    292 | _1246_/D
    2193* |       0 |     644 |      453 |     20 |    29 |   -1.060 |     -219.7 |    292 | _1246_/D
    2194* |       0 |     644 |      453 |     20 |    29 |   -1.060 |     -219.7 |    292 | _1246_/D
    2195* |       0 |     644 |      453 |     20 |    29 |   -1.060 |     -219.7 |    292 | _1246_/D
    2196* |       0 |     644 |      453 |     20 |    29 |   -1.060 |     -219.7 |    292 | _1246_/D
    2197* |       0 |     644 |      453 |     20 |    29 |   -1.060 |     -219.7 |    292 | _1246_/D
    2198* |       0 |     644 |      453 |     20 |    29 |   -1.060 |     -219.7 |    292 | _1246_/D
    2199* |       0 |     644 |      453 |     20 |    29 |   -1.060 |     -219.7 |    292 | _1246_/D
    2200* |       0 |     644 |      453 |     20 |    29 |   -1.060 |     -219.7 |    292 | _1246_/D
    2201* |       0 |     644 |      453 |     20 |    29 |   -1.060 |     -219.7 |    292 | _1246_/D
    2202* |       0 |     644 |      453 |     20 |    29 |   -1.060 |     -219.7 |    292 | _1246_/D
    2203* |       0 |     644 |      453 |     20 |    29 |   -1.060 |     -219.7 |    292 | _1246_/D
    2204* |       0 |     644 |      453 |     20 |    29 |   -1.060 |     -219.7 |    292 | _1246_/D
    2205* |       0 |     644 |      453 |     20 |    29 |   -1.060 |     -219.7 |    292 | _1246_/D
    2206* |       0 |     644 |      453 |     20 |    29 |   -1.060 |     -219.7 |    292 | _1246_/D
    2207* |       0 |     644 |      453 |     20 |    29 |   -1.060 |     -219.7 |    292 | _1246_/D
    2208* |       0 |     644 |      453 |     20 |    29 |   -1.060 |     -219.7 |    292 | _1246_/D
    2209* |       0 |     644 |      453 |     20 |    29 |   -1.060 |     -219.7 |    292 | _1246_/D
    2210* |       0 |     644 |      453 |     20 |    29 |   -1.060 |     -219.7 |    292 | _1246_/D
    2210* |       0 |     644 |      453 |     20 |    29 |   -1.060 |     -219.7 |    292 | _1246_/D
    2211* |       0 |     644 |      453 |     20 |    29 |   -1.060 |     -219.7 |    292 | _1246_/D
    2212* |       0 |     644 |      453 |     20 |    29 |   -1.060 |     -219.7 |    292 | _1246_/D
    2213* |       0 |     644 |      453 |     20 |    29 |   -1.060 |     -219.7 |    292 | _1246_/D
    2215* |       0 |     645 |      453 |     20 |    29 |   -1.060 |     -219.6 |    292 | _1246_/D
    2216* |       0 |     645 |      453 |     20 |    29 |   -1.060 |     -219.6 |    292 | _1246_/D
    2217* |       0 |     645 |      453 |     20 |    29 |   -1.060 |     -219.6 |    292 | _1246_/D
    2218* |       0 |     645 |      453 |     20 |    29 |   -1.060 |     -219.6 |    292 | _1246_/D
    2219* |       0 |     645 |      453 |     20 |    29 |   -1.060 |     -219.6 |    292 | _1246_/D
    2220* |       0 |     645 |      453 |     20 |    29 |   -1.060 |     -219.6 |    292 | _1246_/D
    2220* |       0 |     645 |      453 |     20 |    29 |   -1.060 |     -219.6 |    292 | _1246_/D
    2221* |       0 |     645 |      453 |     20 |    29 |   -1.060 |     -219.6 |    292 | _1246_/D
    2222* |       0 |     645 |      453 |     20 |    29 |   -1.060 |     -219.6 |    292 | _1246_/D
    2223* |       0 |     645 |      453 |     20 |    29 |   -1.060 |     -219.6 |    292 | _1246_/D
    2224* |       0 |     645 |      453 |     20 |    29 |   -1.060 |     -219.6 |    292 | _1246_/D
    2225* |       0 |     645 |      453 |     20 |    29 |   -1.060 |     -219.6 |    292 | _1246_/D
    2226* |       0 |     645 |      453 |     20 |    29 |   -1.060 |     -219.6 |    292 | _1246_/D
    2227* |       0 |     645 |      453 |     20 |    29 |   -1.060 |     -219.6 |    292 | _1246_/D
    2229* |       0 |     646 |      453 |     20 |    29 |   -1.060 |     -219.6 |    292 | _1246_/D
    2230* |       0 |     646 |      453 |     20 |    29 |   -1.060 |     -219.6 |    292 | _1246_/D
    2230* |       0 |     646 |      453 |     20 |    29 |   -1.060 |     -219.6 |    292 | _1246_/D
    2231* |       0 |     646 |      453 |     20 |    29 |   -1.060 |     -219.6 |    292 | _1246_/D
    2232* |       0 |     646 |      453 |     20 |    29 |   -1.060 |     -219.6 |    292 | _1246_/D
    2233* |       0 |     646 |      453 |     20 |    29 |   -1.060 |     -219.6 |    292 | _1246_/D
    2234* |       0 |     646 |      453 |     20 |    29 |   -1.060 |     -219.6 |    292 | _1246_/D
    2235* |       0 |     646 |      453 |     20 |    29 |   -1.060 |     -219.6 |    292 | _1246_/D
    2236* |       0 |     646 |      453 |     20 |    29 |   -1.060 |     -219.6 |    292 | _1246_/D
    2237* |       0 |     646 |      453 |     20 |    29 |   -1.060 |     -219.6 |    292 | _1246_/D
    2238* |       0 |     646 |      453 |     20 |    29 |   -1.060 |     -219.6 |    292 | _1246_/D
    2239* |       0 |     646 |      453 |     20 |    29 |   -1.060 |     -219.6 |    292 | _1246_/D
    2240* |       0 |     646 |      453 |     20 |    29 |   -1.060 |     -219.6 |    292 | _1246_/D
    2240* |       0 |     646 |      453 |     20 |    29 |   -1.060 |     -219.6 |    292 | _1246_/D
    2241* |       0 |     646 |      453 |     20 |    29 |   -1.060 |     -219.6 |    292 | _1246_/D
    2242* |       0 |     646 |      453 |     20 |    29 |   -1.060 |     -219.6 |    292 | _1246_/D
    2243* |       0 |     646 |      453 |     20 |    29 |   -1.060 |     -219.6 |    292 | _1246_/D
    2244* |       0 |     646 |      453 |     20 |    29 |   -1.060 |     -219.6 |    292 | _1246_/D
    2245* |       0 |     646 |      453 |     20 |    29 |   -1.060 |     -219.6 |    292 | _1246_/D
    2246* |       0 |     646 |      453 |     20 |    29 |   -1.060 |     -219.6 |    292 | _1246_/D
    2247* |       0 |     646 |      453 |     20 |    29 |   -1.060 |     -219.6 |    292 | _1246_/D
    2248* |       0 |     646 |      453 |     20 |    29 |   -1.060 |     -219.6 |    292 | _1246_/D
    2249* |       0 |     646 |      453 |     20 |    29 |   -1.060 |     -219.6 |    292 | _1246_/D
    2250* |       0 |     646 |      453 |     20 |    29 |   -1.060 |     -219.6 |    292 | _1246_/D
    2250* |       0 |     646 |      453 |     20 |    29 |   -1.060 |     -219.6 |    292 | _1246_/D
    2251* |       0 |     646 |      453 |     20 |    29 |   -1.060 |     -219.6 |    292 | _1246_/D
    2252* |       0 |     646 |      453 |     20 |    29 |   -1.060 |     -219.6 |    292 | _1246_/D
    2253* |       0 |     646 |      453 |     20 |    29 |   -1.060 |     -219.6 |    292 | _1246_/D
    2254* |       0 |     646 |      453 |     20 |    29 |   -1.060 |     -219.6 |    292 | _1246_/D
    2255* |       0 |     646 |      453 |     20 |    29 |   -1.060 |     -219.6 |    292 | _1246_/D
    2256* |       0 |     646 |      453 |     20 |    29 |   -1.060 |     -219.6 |    292 | _1246_/D
    2257* |       0 |     646 |      453 |     20 |    29 |   -1.060 |     -219.6 |    292 | _1246_/D
    2258* |       0 |     646 |      453 |     20 |    29 |   -1.060 |     -219.6 |    292 | _1246_/D
    2259* |       0 |     646 |      453 |     20 |    29 |   -1.060 |     -219.6 |    292 | _1246_/D
    2260* |       0 |     646 |      453 |     20 |    29 |   -1.060 |     -219.6 |    292 | _1246_/D
    2260* |       0 |     646 |      453 |     20 |    29 |   -1.060 |     -219.6 |    292 | _1246_/D
    2261* |       0 |     646 |      453 |     20 |    29 |   -1.060 |     -219.6 |    292 | _1246_/D
    2262* |       0 |     646 |      453 |     20 |    29 |   -1.060 |     -219.6 |    292 | _1246_/D
    2263* |       0 |     646 |      453 |     20 |    29 |   -1.060 |     -219.6 |    292 | _1246_/D
    2264* |       0 |     646 |      453 |     20 |    29 |   -1.060 |     -219.6 |    292 | _1246_/D
    2265* |       0 |     646 |      453 |     20 |    29 |   -1.060 |     -219.6 |    292 | _1246_/D
    2266* |       0 |     646 |      453 |     20 |    29 |   -1.060 |     -219.6 |    292 | _1246_/D
    2267* |       0 |     646 |      453 |     20 |    29 |   -1.060 |     -219.6 |    292 | _1246_/D
    2268* |       0 |     646 |      453 |     20 |    29 |   -1.060 |     -219.6 |    292 | _1246_/D
    2269* |       0 |     646 |      453 |     20 |    29 |   -1.060 |     -219.6 |    292 | _1246_/D
    2270* |       0 |     646 |      453 |     20 |    29 |   -1.060 |     -219.6 |    292 | _1246_/D
    2270* |       0 |     646 |      453 |     20 |    29 |   -1.060 |     -219.6 |    292 | _1246_/D
    2271* |       0 |     646 |      453 |     20 |    29 |   -1.060 |     -219.6 |    292 | _1246_/D
    2272* |       0 |     646 |      453 |     20 |    29 |   -1.060 |     -219.6 |    292 | _1246_/D
    2273* |       0 |     646 |      453 |     20 |    29 |   -1.060 |     -219.6 |    292 | _1246_/D
    2274* |       0 |     646 |      453 |     20 |    29 |   -1.060 |     -219.6 |    292 | _1246_/D
    2275* |       0 |     646 |      453 |     20 |    29 |   -1.060 |     -219.6 |    292 | _1246_/D
    2276* |       0 |     646 |      453 |     20 |    29 |   -1.060 |     -219.6 |    292 | _1246_/D
    2277* |       0 |     646 |      453 |     20 |    29 |   -1.060 |     -219.6 |    292 | _1246_/D
    2278* |       0 |     646 |      453 |     20 |    29 |   -1.060 |     -219.6 |    292 | _1246_/D
    2279* |       0 |     646 |      453 |     20 |    29 |   -1.060 |     -219.6 |    292 | _1246_/D
    2280* |       0 |     646 |      453 |     20 |    29 |   -1.060 |     -219.6 |    292 | _1246_/D
    2280* |       0 |     646 |      453 |     20 |    29 |   -1.060 |     -219.6 |    292 | _1246_/D
    2281* |       0 |     646 |      453 |     20 |    29 |   -1.060 |     -219.6 |    292 | _1246_/D
    2283* |       0 |     647 |      453 |     20 |    29 |   -1.060 |     -219.6 |    292 | _1246_/D
    2285* |       0 |     648 |      453 |     20 |    29 |   -1.060 |     -219.4 |    292 | _1246_/D
    2286* |       0 |     648 |      453 |     20 |    29 |   -1.060 |     -219.4 |    292 | _1246_/D
    2287* |       0 |     648 |      453 |     20 |    29 |   -1.060 |     -219.4 |    292 | _1246_/D
    2288* |       0 |     648 |      453 |     20 |    29 |   -1.060 |     -219.4 |    292 | _1246_/D
    2289* |       0 |     648 |      453 |     20 |    29 |   -1.060 |     -219.4 |    292 | _1246_/D
    2290* |       0 |     648 |      453 |     20 |    29 |   -1.060 |     -219.4 |    292 | _1246_/D
    2290* |       0 |     648 |      453 |     20 |    29 |   -1.060 |     -219.4 |    292 | _1246_/D
    2292* |       0 |     649 |      453 |     20 |    29 |   -1.060 |     -219.4 |    292 | _1246_/D
    2293* |       0 |     649 |      453 |     20 |    29 |   -1.060 |     -219.4 |    292 | _1246_/D
    2294* |       0 |     649 |      453 |     20 |    29 |   -1.060 |     -219.4 |    292 | _1246_/D
    2295* |       0 |     649 |      453 |     20 |    29 |   -1.060 |     -219.4 |    292 | _1246_/D
    2296* |       0 |     649 |      453 |     20 |    29 |   -1.060 |     -219.4 |    292 | _1246_/D
    2297* |       0 |     649 |      453 |     20 |    29 |   -1.060 |     -219.4 |    292 | _1246_/D
    2298* |       0 |     649 |      453 |     20 |    29 |   -1.060 |     -219.4 |    292 | _1246_/D
    2299* |       0 |     649 |      453 |     20 |    29 |   -1.060 |     -219.4 |    292 | _1246_/D
    2300* |       0 |     649 |      453 |     20 |    29 |   -1.060 |     -219.4 |    292 | _1246_/D
    final |       0 |     649 |      453 |     20 |    29 |   -1.060 |     -219.4 |    292 | _1246_/D
---------------------------------------------------------------------------------------------------
[INFO RSZ-0045] Inserted 62 buffers, 1 to split loads.
[INFO RSZ-0041] Resized 649 instances.
[INFO RSZ-0043] Swapped pins on 29 instances.
[INFO RSZ-0049] Cloned 20 instances.
[WARNING RSZ-0062] Unable to repair all setup violations.
[INFO RSZ-0033] No hold violations found.
Placement Analysis
---------------------------------
total displacement       1148.7 u
average displacement        0.7 u
max displacement           15.6 u
original HPWL           15429.7 u
legalized HPWL          17184.3 u
delta HPWL                   11 %

[INFO DPL-0020] Mirrored 393 instances
[INFO DPL-0021] HPWL before           17184.3 u
[INFO DPL-0022] HPWL after            16141.3 u
[INFO DPL-0023] HPWL delta               -6.1 %
[INFO] Setting RC values…
Setting global connections for newly added cells…
[INFO] Setting global connections...
Updating metrics…
Cell type report:                       Count       Area
  Fill cell                               132     495.48
  Tap cell                                442     553.03
  Buffer                                    1       5.00
  Clock buffer                             46     689.41
  Timing Repair Buffer                     95    1217.42
  Inverter                                 18      67.56
  Clock inverter                           24     332.82
  Sequential cell                         347    8698.34
  Multi-Input combinational cell          512    5108.65
  Total                                  1617   17167.72
Writing OpenROAD database to '/home/hp/openlane2/project1/runs/RUN_2025-09-14_22-17-56/36-openroad-resizertimingpostcts/Systolic4x4_serial_io.odb'…
Writing netlist to '/home/hp/openlane2/project1/runs/RUN_2025-09-14_22-17-56/36-openroad-resizertimingpostcts/Systolic4x4_serial_io.nl.v'…
Writing powered netlist to '/home/hp/openlane2/project1/runs/RUN_2025-09-14_22-17-56/36-openroad-resizertimingpostcts/Systolic4x4_serial_io.pnl.v'…
Writing layout to '/home/hp/openlane2/project1/runs/RUN_2025-09-14_22-17-56/36-openroad-resizertimingpostcts/Systolic4x4_serial_io.def'…
Writing timing constraints to '/home/hp/openlane2/project1/runs/RUN_2025-09-14_22-17-56/36-openroad-resizertimingpostcts/Systolic4x4_serial_io.sdc'…
