
===========================================================================
Clock Skew (Setup)
============================================================================
======================= min_ff_n40C_1v95 Corner ===================================

Clock A_in_serial_clk
0.346260 source latency _26464_/CLK ^
-0.329601 target latency _26964_/CLK ^
0.100000 clock uncertainty
0.000000 CRPR
--------------
0.116659 setup skew

Clock B_in_serial_clk
0.359281 source latency _29601_/CLK ^
-0.342860 target latency _26647_/CLK ^
0.100000 clock uncertainty
0.000000 CRPR
--------------
0.116421 setup skew

Clock clk
0.687270 source latency _27986_/CLK ^
-0.552324 target latency _28007_/CLK ^
0.100000 clock uncertainty
0.000000 CRPR
--------------
0.234946 setup skew

