
===========================================================================
report_checks -unconstrained
===========================================================================
======================= max_ff_n40C_1v95 Corner ===================================

Startpoint: _1104_ (rising edge-triggered flip-flop clocked by A_in_serial_clk)
Endpoint: _1103_ (rising edge-triggered flip-flop clocked by A_in_serial_clk)
Path Group: A_in_serial_clk
Path Type: max

Fanout         Cap        Slew       Delay        Time   Description
---------------------------------------------------------------------------------------------
                                  0.000000    0.000000   clock A_in_serial_clk (rise edge)
                                  0.000000    0.000000   clock source latency
     1    0.023850    0.000000    0.000000    0.000000 ^ A_in_serial_clk (in)
                                                         A_in_serial_clk (net)
                      0.003866    0.001933    0.001933 ^ clkbuf_0_A_in_serial_clk/A (sky130_fd_sc_hd__clkbuf_16)
    16    0.109970    0.097081    0.123977    0.125910 ^ clkbuf_0_A_in_serial_clk/X (sky130_fd_sc_hd__clkbuf_16)
                                                         clknet_0_A_in_serial_clk (net)
                      0.097705    0.006277    0.132187 ^ clkbuf_4_10_0_A_in_serial_clk/A (sky130_fd_sc_hd__clkbuf_8)
    10    0.036261    0.057241    0.120475    0.252662 ^ clkbuf_4_10_0_A_in_serial_clk/X (sky130_fd_sc_hd__clkbuf_8)
                                                         clknet_4_10_0_A_in_serial_clk (net)
                      0.057359    0.001654    0.254316 ^ _1104_/CLK (sky130_fd_sc_hd__dfrtp_4)
     6    0.027696    0.064756    0.328395    0.582711 v _1104_/Q (sky130_fd_sc_hd__dfrtp_4)
                                                         deser_A.receiving (net)
                      0.064855    0.001878    0.584589 v max_cap13/A (sky130_fd_sc_hd__buf_12)
     2    0.005423    0.016313    0.089095    0.673684 v max_cap13/X (sky130_fd_sc_hd__buf_12)
                                                         net13 (net)
                      0.016314    0.000287    0.673971 v _0692_/A (sky130_fd_sc_hd__and4_1)
     2    0.010394    0.049405    0.109044    0.783015 v _0692_/X (sky130_fd_sc_hd__and4_1)
                                                         _0516_ (net)
                      0.049422    0.000833    0.783848 v _0700_/C (sky130_fd_sc_hd__and4_1)
     3    0.011284    0.051793    0.151326    0.935174 v _0700_/X (sky130_fd_sc_hd__and4_1)
                                                         _0521_ (net)
                      0.051803    0.000729    0.935903 v _0704_/B (sky130_fd_sc_hd__nand2_2)
     2    0.010596    0.054742    0.068358    1.004261 ^ _0704_/Y (sky130_fd_sc_hd__nand2_2)
                                                         _0524_ (net)
                      0.054779    0.000753    1.005014 ^ _0708_/S (sky130_fd_sc_hd__mux2_4)
     1    0.005331    0.039184    0.186367    1.191381 v _0708_/X (sky130_fd_sc_hd__mux2_4)
                                                         _0527_ (net)
                      0.039185    0.000249    1.191631 v _0709_/A (sky130_fd_sc_hd__inv_2)
     1    0.003702    0.020871    0.032642    1.224273 ^ _0709_/Y (sky130_fd_sc_hd__inv_2)
                                                         _0052_ (net)
                      0.020876    0.000277    1.224550 ^ _1103_/D (sky130_fd_sc_hd__dfrtp_1)
                                              1.224550   data arrival time

                                  2.000000    2.000000   clock A_in_serial_clk (rise edge)
                                  0.000000    2.000000   clock source latency
     1    0.023850    0.000000    0.000000    2.000000 ^ A_in_serial_clk (in)
                                                         A_in_serial_clk (net)
                      0.003866    0.001933    2.001933 ^ clkbuf_0_A_in_serial_clk/A (sky130_fd_sc_hd__clkbuf_16)
    16    0.109970    0.097081    0.123977    2.125910 ^ clkbuf_0_A_in_serial_clk/X (sky130_fd_sc_hd__clkbuf_16)
                                                         clknet_0_A_in_serial_clk (net)
                      0.097736    0.006426    2.132335 ^ clkbuf_4_11_0_A_in_serial_clk/A (sky130_fd_sc_hd__clkbuf_8)
    10    0.031881    0.051985    0.117196    2.249532 ^ clkbuf_4_11_0_A_in_serial_clk/X (sky130_fd_sc_hd__clkbuf_8)
                                                         clknet_4_11_0_A_in_serial_clk (net)
                      0.052024    0.001276    2.250808 ^ _1103_/CLK (sky130_fd_sc_hd__dfrtp_1)
                                  0.000000    2.250808   clock reconvergence pessimism
                                 -0.032127    2.218681   library setup time
                                              2.218681   data required time
---------------------------------------------------------------------------------------------
                                              2.218681   data required time
                                             -1.224550   data arrival time
---------------------------------------------------------------------------------------------
                                              0.994131   slack (MET)


Startpoint: _1248_ (rising edge-triggered flip-flop clocked by B_in_serial_clk)
Endpoint: _1338_ (rising edge-triggered flip-flop clocked by B_in_serial_clk)
Path Group: B_in_serial_clk
Path Type: max

Fanout         Cap        Slew       Delay        Time   Description
---------------------------------------------------------------------------------------------
                                  0.000000    0.000000   clock B_in_serial_clk (rise edge)
                                  0.000000    0.000000   clock source latency
     1    0.018520    0.000000    0.000000    0.000000 ^ B_in_serial_clk (in)
                                                         B_in_serial_clk (net)
                      0.001988    0.000994    0.000994 ^ clkbuf_0_B_in_serial_clk/A (sky130_fd_sc_hd__clkbuf_16)
    16    0.108353    0.095847    0.122731    0.123725 ^ clkbuf_0_B_in_serial_clk/X (sky130_fd_sc_hd__clkbuf_16)
                                                         clknet_0_B_in_serial_clk (net)
                      0.096720    0.007323    0.131048 ^ clkbuf_4_14_0_B_in_serial_clk/A (sky130_fd_sc_hd__clkbuf_8)
     8    0.036707    0.057793    0.120785    0.251833 ^ clkbuf_4_14_0_B_in_serial_clk/X (sky130_fd_sc_hd__clkbuf_8)
                                                         clknet_4_14_0_B_in_serial_clk (net)
                      0.057946    0.002060    0.253892 ^ _1248_/CLK (sky130_fd_sc_hd__dfrtp_4)
     8    0.041477    0.102590    0.313224    0.567116 ^ _1248_/Q (sky130_fd_sc_hd__dfrtp_4)
                                                         deser_B.receiving (net)
                      0.102602    0.001232    0.568348 ^ rebuffer629/A (sky130_fd_sc_hd__buf_2)
     1    0.010470    0.045231    0.096331    0.664679 ^ rebuffer629/X (sky130_fd_sc_hd__buf_2)
                                                         net645 (net)
                      0.045246    0.000803    0.665482 ^ max_cap11/A (sky130_fd_sc_hd__buf_12)
    24    0.132707    0.119476    0.124595    0.790077 ^ max_cap11/X (sky130_fd_sc_hd__buf_12)
                                                         net11 (net)
                      0.125236    0.020516    0.810593 ^ clone31/A (sky130_fd_sc_hd__clkbuf_16)
    26    0.136555    0.116161    0.166892    0.977485 ^ clone31/X (sky130_fd_sc_hd__clkbuf_16)
                                                         net47 (net)
                      0.119950    0.016486    0.993971 ^ _0970_/S (sky130_fd_sc_hd__mux2_1)
     1    0.002916    0.038443    0.191784    1.185754 v _0970_/X (sky130_fd_sc_hd__mux2_1)
                                                         _0285_ (net)
                      0.038443    0.000193    1.185948 v _1338_/D (sky130_fd_sc_hd__dfrtp_1)
                                              1.185948   data arrival time

                                  2.000000    2.000000   clock B_in_serial_clk (rise edge)
                                  0.000000    2.000000   clock source latency
     1    0.018520    0.000000    0.000000    2.000000 ^ B_in_serial_clk (in)
                                                         B_in_serial_clk (net)
                      0.001988    0.000994    2.000994 ^ clkbuf_0_B_in_serial_clk/A (sky130_fd_sc_hd__clkbuf_16)
    16    0.108353    0.095847    0.122731    2.123725 ^ clkbuf_0_B_in_serial_clk/X (sky130_fd_sc_hd__clkbuf_16)
                                                         clknet_0_B_in_serial_clk (net)
                      0.096515    0.006438    2.130162 ^ clkbuf_4_6_0_B_in_serial_clk/A (sky130_fd_sc_hd__clkbuf_8)
     8    0.035859    0.056756    0.120005    2.250168 ^ clkbuf_4_6_0_B_in_serial_clk/X (sky130_fd_sc_hd__clkbuf_8)
                                                         clknet_4_6_0_B_in_serial_clk (net)
                      0.056906    0.001987    2.252155 ^ _1338_/CLK (sky130_fd_sc_hd__dfrtp_1)
                                  0.000000    2.252155   clock reconvergence pessimism
                                 -0.072346    2.179809   library setup time
                                              2.179809   data required time
---------------------------------------------------------------------------------------------
                                              2.179809   data required time
                                             -1.185948   data arrival time
---------------------------------------------------------------------------------------------
                                              0.993861   slack (MET)


Startpoint: clk (clock source 'clk')
Endpoint: C_out_serial_clk (output port clocked by clk)
Path Group: clk
Path Type: max

Fanout         Cap        Slew       Delay        Time   Description
---------------------------------------------------------------------------------------------
                                  5.000000    5.000000   clock clk (fall edge)
                                  0.000000    5.000000   clock source latency
     1    0.015790    0.000000    0.000000    5.000000 v clk (in)
                                                         clk (net)
                      0.001638    0.000819    5.000819 v clkbuf_0_clk/A (sky130_fd_sc_hd__clkbuf_16)
     4    0.036172    0.033674    0.094854    5.095673 v clkbuf_0_clk/X (sky130_fd_sc_hd__clkbuf_16)
                                                         clknet_0_clk (net)
                      0.033813    0.002206    5.097879 v clkbuf_2_0__f_clk/A (sky130_fd_sc_hd__clkbuf_16)
    14    0.046140    0.037386    0.111406    5.209285 v clkbuf_2_0__f_clk/X (sky130_fd_sc_hd__clkbuf_16)
                                                         clknet_2_0__leaf_clk (net)
                      0.038090    0.003271    5.212556 v _1917_/A (sky130_fd_sc_hd__buf_2)
     1    0.002691    0.016759    0.073646    5.286202 v _1917_/X (sky130_fd_sc_hd__buf_2)
                                                         net8 (net)
                      0.016759    0.000184    5.286386 v output8/A (sky130_fd_sc_hd__buf_1)
     1    0.000670    0.011004    0.042434    5.328820 v output8/X (sky130_fd_sc_hd__buf_1)
                                                         C_out_serial_clk (net)
                      0.011004    0.000020    5.328839 v C_out_serial_clk (out)
                                              5.328839   data arrival time

                                 10.000000   10.000000   clock clk (rise edge)
                                  0.000000   10.000000   clock network delay (propagated)
                                 -0.100000    9.900001   clock uncertainty
                                  0.000000    9.900001   clock reconvergence pessimism
                                 -1.500000    8.400000   output external delay
                                              8.400000   data required time
---------------------------------------------------------------------------------------------
                                              8.400000   data required time
                                             -5.328839   data arrival time
---------------------------------------------------------------------------------------------
                                              3.071161   slack (MET)




===========================================================================
report_checks --slack_max -0.01
============================================================================
======================= max_ff_n40C_1v95 Corner ===================================

No paths found.


===========================================================================
 report_check_types -max_slew -max_cap -max_fanout -violators
============================================================================
======================= max_ff_n40C_1v95 Corner ===================================

max slew

Pin                                        Limit        Slew       Slack
------------------------------------------------------------------------
_0664_/B                                0.100000    0.178263   -0.078263 (VIOLATED)
_0661_/B                                0.100000    0.178259   -0.078259 (VIOLATED)
_0628_/A                                0.100000    0.178236   -0.078236 (VIOLATED)
_0582_/A                                0.100000    0.178233   -0.078233 (VIOLATED)
_0615_/A                                0.100000    0.178233   -0.078233 (VIOLATED)
_0620_/B1                               0.100000    0.178229   -0.078229 (VIOLATED)
_0577_/A                                0.100000    0.178214   -0.078214 (VIOLATED)
_0638_/B                                0.100000    0.178213   -0.078213 (VIOLATED)
_0572_/B                                0.100000    0.178196   -0.078196 (VIOLATED)
_0595_/A                                0.100000    0.178192   -0.078192 (VIOLATED)
_0570_/X                                0.100000    0.178164   -0.078164 (VIOLATED)
_1012_/A2                               0.100000    0.177957   -0.077957 (VIOLATED)
_0666_/A1                               0.100000    0.177956   -0.077956 (VIOLATED)
_0687_/A1                               0.100000    0.177956   -0.077956 (VIOLATED)
_0551_/B                                0.100000    0.177954   -0.077954 (VIOLATED)
_0549_/Y                                0.100000    0.177953   -0.077953 (VIOLATED)
_0697_/B2                               0.100000    0.152850   -0.052850 (VIOLATED)
_0696_/A1                               0.100000    0.152850   -0.052850 (VIOLATED)
_0700_/A                                0.100000    0.152850   -0.052850 (VIOLATED)
_0702_/A1                               0.100000    0.152850   -0.052850 (VIOLATED)
_0695_/A1                               0.100000    0.152849   -0.052849 (VIOLATED)
_0698_/A1                               0.100000    0.152846   -0.052846 (VIOLATED)
_1099_/Q                                0.100000    0.152845   -0.052845 (VIOLATED)
_0868_/B2                               0.100000    0.152405   -0.052405 (VIOLATED)
_0873_/A1                               0.100000    0.152404   -0.052404 (VIOLATED)
_0871_/A                                0.100000    0.152404   -0.052404 (VIOLATED)
_0869_/A1                               0.100000    0.152402   -0.052402 (VIOLATED)
_0867_/A1                               0.100000    0.152401   -0.052401 (VIOLATED)
_0866_/A1                               0.100000    0.152400   -0.052400 (VIOLATED)
_1243_/Q                                0.100000    0.152399   -0.052399 (VIOLATED)
_0622_/A2                               0.100000    0.149794   -0.049794 (VIOLATED)
_0625_/A4                               0.100000    0.149790   -0.049790 (VIOLATED)
_0631_/A2                               0.100000    0.149784   -0.049784 (VIOLATED)
_0644_/A2                               0.100000    0.149780   -0.049780 (VIOLATED)
_0621_/X                                0.100000    0.149718   -0.049718 (VIOLATED)
_0690_/B                                0.100000    0.148411   -0.048411 (VIOLATED)
_0688_/Y                                0.100000    0.148406   -0.048406 (VIOLATED)
_0618_/S                                0.100000    0.145335   -0.045335 (VIOLATED)
_0625_/A1                               0.100000    0.145333   -0.045333 (VIOLATED)
_0541_/A                                0.100000    0.145332   -0.045332 (VIOLATED)
_0620_/A1                               0.100000    0.145332   -0.045332 (VIOLATED)
_0622_/A1                               0.100000    0.145332   -0.045332 (VIOLATED)
_0626_/A                                0.100000    0.145331   -0.045331 (VIOLATED)
_0619_/A                                0.100000    0.145329   -0.045329 (VIOLATED)
_1072_/Q                                0.100000    0.145326   -0.045326 (VIOLATED)
_0605_/S                                0.100000    0.141197   -0.041197 (VIOLATED)
_0607_/B1                               0.100000    0.141195   -0.041195 (VIOLATED)
_0602_/A                                0.100000    0.141190   -0.041190 (VIOLATED)
_0616_/C                                0.100000    0.141180   -0.041180 (VIOLATED)
_0601_/X                                0.100000    0.141176   -0.041176 (VIOLATED)
_0858_/S                                0.100000    0.139620   -0.039620 (VIOLATED)
_0859_/A2                               0.100000    0.139618   -0.039618 (VIOLATED)
_0860_/B                                0.100000    0.139605   -0.039605 (VIOLATED)
_0863_/B                                0.100000    0.139605   -0.039605 (VIOLATED)
_0862_/A                                0.100000    0.139599   -0.039599 (VIOLATED)
_1240_/Q                                0.100000    0.139596   -0.039596 (VIOLATED)
_0547_/B                                0.100000    0.138508   -0.038508 (VIOLATED)
_0680_/A                                0.100000    0.138507   -0.038507 (VIOLATED)
_0681_/B1                               0.100000    0.138505   -0.038505 (VIOLATED)
_0683_/A3                               0.100000    0.138504   -0.038504 (VIOLATED)
_1093_/Q                                0.100000    0.138500   -0.038500 (VIOLATED)
_0854_/A3                               0.100000    0.138131   -0.038131 (VIOLATED)
_0554_/B                                0.100000    0.138130   -0.038130 (VIOLATED)
_0852_/A1                               0.100000    0.138123   -0.038123 (VIOLATED)
_0851_/B1                               0.100000    0.138122   -0.038122 (VIOLATED)
_1237_/Q                                0.100000    0.138119   -0.038119 (VIOLATED)
clone829/A                              0.100000    0.136166   -0.036166 (VIOLATED)
rebuffer830/X                           0.100000    0.136148   -0.036148 (VIOLATED)
clone831/A                              0.100000    0.132681   -0.032681 (VIOLATED)
rebuffer832/X                           0.100000    0.132666   -0.032666 (VIOLATED)
_0953_/S                                0.100000    0.131004   -0.031004 (VIOLATED)
_0952_/S                                0.100000    0.130991   -0.030991 (VIOLATED)
_0945_/S                                0.100000    0.130961   -0.030961 (VIOLATED)
_0950_/S                                0.100000    0.130940   -0.030940 (VIOLATED)
_0947_/S                                0.100000    0.130929   -0.030929 (VIOLATED)
_0948_/S                                0.100000    0.130899   -0.030899 (VIOLATED)
_0951_/S                                0.100000    0.130750   -0.030750 (VIOLATED)
_0949_/S                                0.100000    0.130690   -0.030690 (VIOLATED)
_0655_/B                                0.100000    0.130256   -0.030256 (VIOLATED)
_0658_/B                                0.100000    0.130255   -0.030255 (VIOLATED)
_0651_/B                                0.100000    0.130239   -0.030239 (VIOLATED)
_0648_/B                                0.100000    0.130233   -0.030233 (VIOLATED)
_0642_/B1                               0.100000    0.130198   -0.030198 (VIOLATED)
_0937_/S                                0.100000    0.130185   -0.030185 (VIOLATED)
_0591_/A                                0.100000    0.130141   -0.030141 (VIOLATED)
_0634_/B                                0.100000    0.130118   -0.030118 (VIOLATED)
_0647_/A                                0.100000    0.130114   -0.030114 (VIOLATED)
_0633_/A                                0.100000    0.130104   -0.030104 (VIOLATED)
_0592_/A2                               0.100000    0.130100   -0.030100 (VIOLATED)
_0603_/A                                0.100000    0.130064   -0.030064 (VIOLATED)
_0958_/S                                0.100000    0.130036   -0.030036 (VIOLATED)
_0610_/A2                               0.100000    0.130018   -0.030018 (VIOLATED)
_0607_/A2                               0.100000    0.130017   -0.030017 (VIOLATED)
_0604_/B                                0.100000    0.130012   -0.030012 (VIOLATED)
_0571_/Y                                0.100000    0.129945   -0.029945 (VIOLATED)
_0983_/S                                0.100000    0.129940   -0.029940 (VIOLATED)
_0982_/S                                0.100000    0.129904   -0.029904 (VIOLATED)
_0956_/S                                0.100000    0.129890   -0.029890 (VIOLATED)
_0954_/S                                0.100000    0.129729   -0.029729 (VIOLATED)
_0979_/S                                0.100000    0.128666   -0.028666 (VIOLATED)
_0978_/S                                0.100000    0.128583   -0.028583 (VIOLATED)
_0627_/A                                0.100000    0.127832   -0.027832 (VIOLATED)
_0608_/C                                0.100000    0.127831   -0.027831 (VIOLATED)
_0614_/A                                0.100000    0.127828   -0.027828 (VIOLATED)
_0592_/B1                               0.100000    0.127828   -0.027828 (VIOLATED)
_0593_/A2                               0.100000    0.127827   -0.027827 (VIOLATED)
_0601_/A                                0.100000    0.127826   -0.027826 (VIOLATED)
_0594_/C                                0.100000    0.127822   -0.027822 (VIOLATED)
_0653_/A                                0.100000    0.127811   -0.027811 (VIOLATED)
_0590_/A                                0.100000    0.127809   -0.027809 (VIOLATED)
_0589_/X                                0.100000    0.127805   -0.027805 (VIOLATED)
_0538_/A                                0.100000    0.127254   -0.027254 (VIOLATED)
_0592_/A1                               0.100000    0.127253   -0.027253 (VIOLATED)
_0593_/A1                               0.100000    0.127253   -0.027253 (VIOLATED)
_0596_/A                                0.100000    0.127253   -0.027253 (VIOLATED)
_0600_/A                                0.100000    0.127252   -0.027252 (VIOLATED)
_0594_/A                                0.100000    0.127252   -0.027252 (VIOLATED)
_1064_/Q                                0.100000    0.127247   -0.027247 (VIOLATED)
_0960_/S                                0.100000    0.126801   -0.026801 (VIOLATED)
_0962_/S                                0.100000    0.126780   -0.026780 (VIOLATED)
_0976_/S                                0.100000    0.126694   -0.026694 (VIOLATED)
_1028_/B                                0.100000    0.126407   -0.026407 (VIOLATED)
_1030_/A2                               0.100000    0.126405   -0.026405 (VIOLATED)
_1029_/C                                0.100000    0.126349   -0.026349 (VIOLATED)
_1027_/A                                0.100000    0.126346   -0.026346 (VIOLATED)
_1025_/X                                0.100000    0.126343   -0.026343 (VIOLATED)
_0621_/C                                0.100000    0.126300   -0.026300 (VIOLATED)
_0641_/C                                0.100000    0.126299   -0.026299 (VIOLATED)
_0653_/B                                0.100000    0.126298   -0.026298 (VIOLATED)
_0627_/B                                0.100000    0.126281   -0.026281 (VIOLATED)
_0614_/B                                0.100000    0.126266   -0.026266 (VIOLATED)
_0613_/X                                0.100000    0.126255   -0.026255 (VIOLATED)
_0974_/S                                0.100000    0.126144   -0.026144 (VIOLATED)
_0925_/S                                0.100000    0.125365   -0.025365 (VIOLATED)
_0927_/S                                0.100000    0.125304   -0.025304 (VIOLATED)
_0906_/S                                0.100000    0.125271   -0.025271 (VIOLATED)
clone31/A                               0.100000    0.125236   -0.025236 (VIOLATED)
_0907_/S                                0.100000    0.125233   -0.025233 (VIOLATED)
_0928_/S                                0.100000    0.125220   -0.025220 (VIOLATED)
_0915_/S                                0.100000    0.125150   -0.025150 (VIOLATED)
_0912_/S                                0.100000    0.125131   -0.025131 (VIOLATED)
_0913_/S                                0.100000    0.124880   -0.024880 (VIOLATED)
_0908_/S                                0.100000    0.124863   -0.024863 (VIOLATED)
_0914_/S                                0.100000    0.124820   -0.024820 (VIOLATED)
_0968_/S                                0.100000    0.124553   -0.024553 (VIOLATED)
_0917_/S                                0.100000    0.124542   -0.024542 (VIOLATED)
_0967_/S                                0.100000    0.124406   -0.024406 (VIOLATED)
_0916_/S                                0.100000    0.124314   -0.024314 (VIOLATED)
_0965_/S                                0.100000    0.123615   -0.023615 (VIOLATED)
_0918_/S                                0.100000    0.123398   -0.023398 (VIOLATED)
_0889_/S                                0.100000    0.123213   -0.023213 (VIOLATED)
_0919_/S                                0.100000    0.123178   -0.023178 (VIOLATED)
_0623_/A                                0.100000    0.123175   -0.023175 (VIOLATED)
_0624_/A1                               0.100000    0.123175   -0.023175 (VIOLATED)
_0620_/Y                                0.100000    0.123175   -0.023175 (VIOLATED)
_0887_/S                                0.100000    0.122463   -0.022463 (VIOLATED)
_0890_/S                                0.100000    0.122393   -0.022393 (VIOLATED)
_0541_/B                                0.100000    0.122356   -0.022356 (VIOLATED)
_0625_/A2                               0.100000    0.122355   -0.022355 (VIOLATED)
_0626_/B                                0.100000    0.122355   -0.022355 (VIOLATED)
_0622_/B1                               0.100000    0.122349   -0.022349 (VIOLATED)
_0620_/A2                               0.100000    0.122343   -0.022343 (VIOLATED)
_0619_/B                                0.100000    0.122335   -0.022335 (VIOLATED)
_1073_/Q                                0.100000    0.122328   -0.022328 (VIOLATED)
max_cap10/X                             0.100000    0.122248   -0.022248 (VIOLATED)
_0920_/S                                0.100000    0.121919   -0.021919 (VIOLATED)
_0662_/D                                0.100000    0.121187   -0.021187 (VIOLATED)
_0656_/B                                0.100000    0.121186   -0.021186 (VIOLATED)
_0659_/C                                0.100000    0.121184   -0.021184 (VIOLATED)
_0657_/A1                               0.100000    0.121184   -0.021184 (VIOLATED)
_0654_/B1_N                             0.100000    0.121181   -0.021181 (VIOLATED)
_0653_/X                                0.100000    0.121181   -0.021181 (VIOLATED)
_0903_/S                                0.100000    0.121159   -0.021159 (VIOLATED)
_0899_/S                                0.100000    0.121153   -0.021153 (VIOLATED)
_0902_/S                                0.100000    0.121113   -0.021113 (VIOLATED)
_0897_/S                                0.100000    0.120884   -0.020884 (VIOLATED)
_0896_/S                                0.100000    0.120789   -0.020789 (VIOLATED)
_0688_/A1                               0.100000    0.120739   -0.020739 (VIOLATED)
_0691_/A                                0.100000    0.120736   -0.020736 (VIOLATED)
_0692_/B                                0.100000    0.120729   -0.020729 (VIOLATED)
_0689_/B                                0.100000    0.120722   -0.020722 (VIOLATED)
_0687_/S                                0.100000    0.120722   -0.020722 (VIOLATED)
_1096_/Q                                0.100000    0.120718   -0.020718 (VIOLATED)
max_cap10/A                             0.100000    0.120689   -0.020689 (VIOLATED)
_0894_/S                                0.100000    0.120553   -0.020553 (VIOLATED)
_0885_/S                                0.100000    0.120083   -0.020083 (VIOLATED)
_0886_/S                                0.100000    0.120071   -0.020071 (VIOLATED)
_0888_/S                                0.100000    0.120053   -0.020053 (VIOLATED)
_0892_/S                                0.100000    0.120011   -0.020011 (VIOLATED)
_0970_/S                                0.100000    0.119950   -0.019950 (VIOLATED)
_0969_/S                                0.100000    0.119938   -0.019938 (VIOLATED)
_0966_/S                                0.100000    0.119789   -0.019789 (VIOLATED)
max_cap11/X                             0.100000    0.119476   -0.019476 (VIOLATED)
_0841_/B                                0.100000    0.119435   -0.019435 (VIOLATED)
rebuffer484/A                           0.100000    0.119424   -0.019424 (VIOLATED)
_0964_/S                                0.100000    0.119420   -0.019420 (VIOLATED)
rebuffer483/A                           0.100000    0.119420   -0.019420 (VIOLATED)
_0838_/X                                0.100000    0.119369   -0.019369 (VIOLATED)
_0963_/S                                0.100000    0.119355   -0.019355 (VIOLATED)
_0975_/S                                0.100000    0.119263   -0.019263 (VIOLATED)
_0611_/A                                0.100000    0.119225   -0.019225 (VIOLATED)
_0608_/A                                0.100000    0.119225   -0.019225 (VIOLATED)
_0604_/A                                0.100000    0.119225   -0.019225 (VIOLATED)
_0605_/A1                               0.100000    0.119224   -0.019224 (VIOLATED)
_0540_/A                                0.100000    0.119224   -0.019224 (VIOLATED)
_0607_/B2                               0.100000    0.119224   -0.019224 (VIOLATED)
_1068_/Q                                0.100000    0.119224   -0.019224 (VIOLATED)
_0635_/A                                0.100000    0.118795   -0.018795 (VIOLATED)
_0535_/A                                0.100000    0.118794   -0.018794 (VIOLATED)
_0631_/A1                               0.100000    0.118794   -0.018794 (VIOLATED)
_0632_/A                                0.100000    0.118788   -0.018788 (VIOLATED)
_0630_/S                                0.100000    0.118787   -0.018787 (VIOLATED)
_1076_/Q                                0.100000    0.118783   -0.018783 (VIOLATED)
_0977_/S                                0.100000    0.118707   -0.018707 (VIOLATED)
_1024_/B                                0.100000    0.118669   -0.018669 (VIOLATED)
_1025_/C                                0.100000    0.118662   -0.018662 (VIOLATED)
_0984_/S                                0.100000    0.118633   -0.018633 (VIOLATED)
_1026_/A2                               0.100000    0.118608   -0.018608 (VIOLATED)
_1023_/A                                0.100000    0.118607   -0.018607 (VIOLATED)
_0980_/S                                0.100000    0.118605   -0.018605 (VIOLATED)
_1021_/X                                0.100000    0.118602   -0.018602 (VIOLATED)
_0981_/S                                0.100000    0.118570   -0.018570 (VIOLATED)
_0551_/A                                0.100000    0.118466   -0.018466 (VIOLATED)
_0686_/A                                0.100000    0.118463   -0.018463 (VIOLATED)
_0881_/A2                               0.100000    0.118461   -0.018461 (VIOLATED)
_0548_/Y                                0.100000    0.118455   -0.018455 (VIOLATED)
_0943_/S                                0.100000    0.118413   -0.018413 (VIOLATED)
_0944_/S                                0.100000    0.118407   -0.018407 (VIOLATED)
_0955_/S                                0.100000    0.118384   -0.018384 (VIOLATED)
_0942_/S                                0.100000    0.118325   -0.018325 (VIOLATED)
_1013_/A                                0.100000    0.118306   -0.018306 (VIOLATED)
_1015_/A1                               0.100000    0.118304   -0.018304 (VIOLATED)
_0563_/A                                0.100000    0.118303   -0.018303 (VIOLATED)
_1017_/A                                0.100000    0.118303   -0.018303 (VIOLATED)
_1014_/A                                0.100000    0.118303   -0.018303 (VIOLATED)
_1381_/Q                                0.100000    0.118299   -0.018299 (VIOLATED)
_0946_/S                                0.100000    0.118299   -0.018299 (VIOLATED)
_0941_/S                                0.100000    0.118267   -0.018267 (VIOLATED)
_0940_/S                                0.100000    0.118261   -0.018261 (VIOLATED)
_0957_/S                                0.100000    0.118052   -0.018052 (VIOLATED)
_0939_/S                                0.100000    0.117922   -0.017922 (VIOLATED)
_1020_/B                                0.100000    0.117916   -0.017916 (VIOLATED)
_1019_/A                                0.100000    0.117912   -0.017912 (VIOLATED)
_1022_/A2                               0.100000    0.117910   -0.017910 (VIOLATED)
_1021_/C                                0.100000    0.117909   -0.017909 (VIOLATED)
_1017_/X                                0.100000    0.117907   -0.017907 (VIOLATED)
_0697_/A1                               0.100000    0.117882   -0.017882 (VIOLATED)
_0700_/B                                0.100000    0.117882   -0.017882 (VIOLATED)
_0702_/A2                               0.100000    0.117881   -0.017881 (VIOLATED)
_0698_/A2                               0.100000    0.117879   -0.017879 (VIOLATED)
_1100_/Q                                0.100000    0.117875   -0.017875 (VIOLATED)
_0938_/S                                0.100000    0.117540   -0.017540 (VIOLATED)
_0936_/S                                0.100000    0.117228   -0.017228 (VIOLATED)
_0959_/S                                0.100000    0.117127   -0.017127 (VIOLATED)
_0961_/S                                0.100000    0.116548   -0.016548 (VIOLATED)
_0693_/A2                               0.100000    0.116361   -0.016361 (VIOLATED)
_0697_/A2                               0.100000    0.116352   -0.016352 (VIOLATED)
_0695_/A2                               0.100000    0.116347   -0.016347 (VIOLATED)
_0676_/B                                0.100000    0.116331   -0.016331 (VIOLATED)
_0677_/B                                0.100000    0.116331   -0.016331 (VIOLATED)
_0705_/A2                               0.100000    0.116326   -0.016326 (VIOLATED)
_0684_/B                                0.100000    0.116321   -0.016321 (VIOLATED)
_0682_/A                                0.100000    0.116311   -0.016311 (VIOLATED)
_0707_/B                                0.100000    0.116298   -0.016298 (VIOLATED)
_0703_/A                                0.100000    0.116291   -0.016291 (VIOLATED)
_0881_/B1                               0.100000    0.116288   -0.016288 (VIOLATED)
_0685_/C                                0.100000    0.116288   -0.016288 (VIOLATED)
_0668_/Y                                0.100000    0.116231   -0.016231 (VIOLATED)
clone31/X                               0.100000    0.116161   -0.016161 (VIOLATED)
_0574_/S                                0.100000    0.112631   -0.012631 (VIOLATED)
_0580_/A                                0.100000    0.112630   -0.012630 (VIOLATED)
_0575_/A1                               0.100000    0.112630   -0.012630 (VIOLATED)
_0537_/A2                               0.100000    0.112628   -0.012628 (VIOLATED)
_0576_/A                                0.100000    0.112625   -0.012625 (VIOLATED)
_1058_/Q                                0.100000    0.112624   -0.012624 (VIOLATED)
_0619_/C                                0.100000    0.110663   -0.010663 (VIOLATED)
_0620_/A3                               0.100000    0.110661   -0.010661 (VIOLATED)
_0615_/B                                0.100000    0.110660   -0.010660 (VIOLATED)
_0618_/A0                               0.100000    0.110660   -0.010660 (VIOLATED)
_0614_/X                                0.100000    0.110615   -0.010615 (VIOLATED)
_0616_/A_N                              0.100000    0.110615   -0.010615 (VIOLATED)
_0868_/A2                               0.100000    0.110364   -0.010364 (VIOLATED)
_0873_/A2                               0.100000    0.110362   -0.010362 (VIOLATED)
_0871_/B                                0.100000    0.110360   -0.010360 (VIOLATED)
_0869_/A2                               0.100000    0.110357   -0.010357 (VIOLATED)
_1244_/Q                                0.100000    0.110347   -0.010347 (VIOLATED)
_0845_/A2                               0.100000    0.109655   -0.009655 (VIOLATED)
_0837_/S                                0.100000    0.109655   -0.009655 (VIOLATED)
_0552_/A                                0.100000    0.109655   -0.009655 (VIOLATED)
rebuffer485/A                           0.100000    0.109654   -0.009654 (VIOLATED)
_1232_/Q                                0.100000    0.109653   -0.009653 (VIOLATED)
_1046_/A3                               0.100000    0.109585   -0.009585 (VIOLATED)
_1041_/B                                0.100000    0.109582   -0.009582 (VIOLATED)
_1045_/D                                0.100000    0.109582   -0.009582 (VIOLATED)
_1042_/B                                0.100000    0.109581   -0.009581 (VIOLATED)
_1040_/A_N                              0.100000    0.109578   -0.009578 (VIOLATED)
_1038_/X                                0.100000    0.109577   -0.009577 (VIOLATED)
_0855_/C                                0.100000    0.107025   -0.007025 (VIOLATED)
_0847_/B                                0.100000    0.107017   -0.007017 (VIOLATED)
_1033_/B1                               0.100000    0.107001   -0.007001 (VIOLATED)
_0864_/A2                               0.100000    0.106979   -0.006979 (VIOLATED)
_0874_/A                                0.100000    0.106979   -0.006979 (VIOLATED)
clone29/Y                               0.100000    0.106966   -0.006966 (VIOLATED)
_0867_/B1                               0.100000    0.105788   -0.005788 (VIOLATED)
_0866_/Y                                0.100000    0.105788   -0.005788 (VIOLATED)
_0547_/C                                0.100000    0.104821   -0.004821 (VIOLATED)
_0683_/B1                               0.100000    0.104808   -0.004808 (VIOLATED)
_1094_/Q                                0.100000    0.104801   -0.004801 (VIOLATED)
_0586_/A2                               0.100000    0.104465   -0.004465 (VIOLATED)
_0539_/C                                0.100000    0.104464   -0.004464 (VIOLATED)
_0587_/B                                0.100000    0.104459   -0.004459 (VIOLATED)
_0585_/S                                0.100000    0.104457   -0.004457 (VIOLATED)
_1030_/A1                               0.100000    0.104455   -0.004455 (VIOLATED)
_0562_/C                                0.100000    0.104454   -0.004454 (VIOLATED)
_1062_/Q                                0.100000    0.104452   -0.004452 (VIOLATED)
_1028_/A                                0.100000    0.104452   -0.004452 (VIOLATED)
_1029_/A                                0.100000    0.104452   -0.004452 (VIOLATED)
_1388_/Q                                0.100000    0.104448   -0.004448 (VIOLATED)
_0716_/S                                0.100000    0.103826   -0.003826 (VIOLATED)
_0736_/S                                0.100000    0.103811   -0.003811 (VIOLATED)
_0738_/S                                0.100000    0.103807   -0.003807 (VIOLATED)
_0737_/S                                0.100000    0.103800   -0.003800 (VIOLATED)
_0739_/S                                0.100000    0.103761   -0.003761 (VIOLATED)
_0740_/S                                0.100000    0.103659   -0.003659 (VIOLATED)
_0842_/B1                               0.100000    0.103534   -0.003534 (VIOLATED)
_0840_/B                                0.100000    0.103534   -0.003534 (VIOLATED)
_0552_/B                                0.100000    0.103533   -0.003533 (VIOLATED)
rebuffer489/A                           0.100000    0.103532   -0.003532 (VIOLATED)
_1233_/Q                                0.100000    0.103531   -0.003531 (VIOLATED)
_0564_/A1                               0.100000    0.103263   -0.003263 (VIOLATED)
_1026_/A1                               0.100000    0.103261   -0.003261 (VIOLATED)
_1025_/A                                0.100000    0.103260   -0.003260 (VIOLATED)
_1024_/A                                0.100000    0.103259   -0.003259 (VIOLATED)
_1386_/Q                                0.100000    0.103259   -0.003259 (VIOLATED)
_0712_/S                                0.100000    0.103211   -0.003211 (VIOLATED)
_0599_/A1                               0.100000    0.103179   -0.003179 (VIOLATED)
_0600_/B                                0.100000    0.103178   -0.003178 (VIOLATED)
_0594_/B                                0.100000    0.103177   -0.003177 (VIOLATED)
_0538_/B                                0.100000    0.103176   -0.003176 (VIOLATED)
_0597_/A1                               0.100000    0.103175   -0.003175 (VIOLATED)
_1065_/Q                                0.100000    0.103172   -0.003172 (VIOLATED)
_0621_/A                                0.100000    0.103113   -0.003113 (VIOLATED)
_0596_/B                                0.100000    0.103111   -0.003111 (VIOLATED)
_0583_/A                                0.100000    0.103104   -0.003104 (VIOLATED)
_0575_/A2                               0.100000    0.103101   -0.003101 (VIOLATED)
_0560_/X                                0.100000    0.103056   -0.003056 (VIOLATED)
_0710_/S                                0.100000    0.102989   -0.002989 (VIOLATED)
_0863_/C                                0.100000    0.102709   -0.002709 (VIOLATED)
rebuffer832/A                           0.100000    0.102707   -0.002707 (VIOLATED)
rebuffer830/A                           0.100000    0.102698   -0.002698 (VIOLATED)
rebuffer18/A                            0.100000    0.102695   -0.002695 (VIOLATED)
_0711_/S                                0.100000    0.102664   -0.002664 (VIOLATED)
rebuffer805/A                           0.100000    0.102661   -0.002661 (VIOLATED)
split3/A                                0.100000    0.102639   -0.002639 (VIOLATED)
_0713_/S                                0.100000    0.102636   -0.002636 (VIOLATED)
_1011_/A                                0.100000    0.102635   -0.002635 (VIOLATED)
_0687_/A0                               0.100000    0.102611   -0.002611 (VIOLATED)
rebuffer629/A                           0.100000    0.102602   -0.002602 (VIOLATED)
rebuffer804/A                           0.100000    0.102602   -0.002602 (VIOLATED)
_1248_/Q                                0.100000    0.102590   -0.002590 (VIOLATED)
_0666_/A0                               0.100000    0.102518   -0.002518 (VIOLATED)
_1241_/D                                0.100000    0.102450   -0.002450 (VIOLATED)
_0861_/Y                                0.100000    0.102450   -0.002450 (VIOLATED)
split1/X                                0.100000    0.102007   -0.002007 (VIOLATED)
_0597_/B1                               0.100000    0.101125   -0.001125 (VIOLATED)
_0598_/A1                               0.100000    0.101124   -0.001124 (VIOLATED)
_0595_/Y                                0.100000    0.101089   -0.001089 (VIOLATED)



===========================================================================
report_parasitic_annotation -report_unannotated
============================================================================
Found 31 unannotated drivers.
 Systolic4x4_serial_io_16/HI
 clkload0/Y
 clkload1/Y
 clkload10/X
 clkload11/Y
 clkload12/X
 clkload13/Y
 clkload14/X
 clkload15/Y
 clkload16/Y
 clkload17/Y
 clkload18/Y
 clkload19/Y
 clkload2/Y
 clkload20/Y
 clkload21/Y
 clkload22/Y
 clkload23/Y
 clkload24/Y
 clkload25/Y
 clkload26/Y
 clkload27/Y
 clkload28/Y
 clkload29/Y
 clkload3/X
 clkload4/Y
 clkload5/X
 clkload6/Y
 clkload7/Y
 clkload8/Y
 clkload9/X
Found 0 partially unannotated drivers.

===========================================================================
max slew violation count 367
max fanout violation count 0
max cap violation count 0
============================================================================

===========================================================================
check_setup -verbose -unconstrained_endpoints -multiple_clock -no_clock -no_input_delay -loops -generated_clocks
===========================================================================
Warning: There are 6 input ports missing set_input_delay.
  A_in_frame_sync
  A_in_serial_data
  B_in_frame_sync
  B_in_serial_data
  rst_n
  start
Warning: There is 1 unconstrained endpoint.
  C_out_serial_data
