
===========================================================================
Clock Skew (Setup)
============================================================================
======================= max_ff_n40C_1v95 Corner ===================================

Clock A_in_serial_clk
0.254756 source latency _1097_/CLK ^
-0.243685 target latency _1098_/CLK ^
0.000000 CRPR
--------------
0.011071 setup skew

Clock B_in_serial_clk
0.250488 source latency _1236_/CLK ^
-0.258836 target latency _1238_/CLK ^
0.000000 CRPR
--------------
-0.008348 setup skew

Clock clk
0.203666 source latency _1387_/CLK ^
-0.198488 target latency _1392_/CLK ^
0.100000 clock uncertainty
0.000000 CRPR
--------------
0.105178 setup skew

