
===========================================================================
Clock Skew (Hold)
============================================================================
======================= max_ff_n40C_1v95 Corner ===================================

Clock A_in_serial_clk
0.254756 source latency _1097_/CLK ^
-0.243685 target latency _1098_/CLK ^
0.000000 CRPR
--------------
0.011071 hold skew

Clock B_in_serial_clk
0.250488 source latency _1236_/CLK ^
-0.258836 target latency _1238_/CLK ^
0.000000 CRPR
--------------
-0.008348 hold skew

Clock clk
0.198488 source latency _1392_/CLK ^
-0.204249 target latency _1396_/CLK ^
-0.100000 clock uncertainty
0.000000 CRPR
--------------
-0.105761 hold skew

