                                                                        Cells by Master                                                                         
┏━━━━━━━━━━━━━━━━━━━━━━━━━━━━━━━━━━━━━━━━━━━━━━━━━━━━━━━━━━━━━━━━━━━━━━━━━━━━━━━━━━━━━━━━━━━━━━━━━━━━━━━━━━━━━━━━━━━━━━━━━━━━━━━━━━┳━━━━━━━━━━━━━━━━━━━━━━━━━━━┓
┃ Cell                                                                                                                             ┃ Count                     ┃
┡━━━━━━━━━━━━━━━━━━━━━━━━━━━━━━━━━━━━━━━━━━━━━━━━━━━━━━━━━━━━━━━━━━━━━━━━━━━━━━━━━━━━━━━━━━━━━━━━━━━━━━━━━━━━━━━━━━━━━━━━━━━━━━━━━━╇━━━━━━━━━━━━━━━━━━━━━━━━━━━┩
│ sky130_ef_sc_hd__decap_12                                                                                                        │ 8993                      │
│ sky130_fd_sc_hd__a2111o_1                                                                                                        │ 2                         │
│ sky130_fd_sc_hd__a211o_1                                                                                                         │ 125                       │
│ sky130_fd_sc_hd__a211o_2                                                                                                         │ 1                         │
│ sky130_fd_sc_hd__a211oi_1                                                                                                        │ 16                        │
│ sky130_fd_sc_hd__a211oi_2                                                                                                        │ 10                        │
│ sky130_fd_sc_hd__a211oi_4                                                                                                        │ 1                         │
│ sky130_fd_sc_hd__a21bo_1                                                                                                         │ 203                       │
│ sky130_fd_sc_hd__a21boi_1                                                                                                        │ 22                        │
│ sky130_fd_sc_hd__a21boi_2                                                                                                        │ 2                         │
│ sky130_fd_sc_hd__a21o_1                                                                                                          │ 339                       │
│ sky130_fd_sc_hd__a21oi_1                                                                                                         │ 373                       │
│ sky130_fd_sc_hd__a21oi_2                                                                                                         │ 23                        │
│ sky130_fd_sc_hd__a221o_1                                                                                                         │ 513                       │
│ sky130_fd_sc_hd__a221oi_1                                                                                                        │ 2                         │
│ sky130_fd_sc_hd__a221oi_2                                                                                                        │ 2                         │
│ sky130_fd_sc_hd__a22o_1                                                                                                          │ 525                       │
│ sky130_fd_sc_hd__a22oi_1                                                                                                         │ 133                       │
│ sky130_fd_sc_hd__a22oi_2                                                                                                         │ 4                         │
│ sky130_fd_sc_hd__a2bb2o_1                                                                                                        │ 118                       │
│ sky130_fd_sc_hd__a311o_1                                                                                                         │ 1                         │
│ sky130_fd_sc_hd__a311o_2                                                                                                         │ 1                         │
│ sky130_fd_sc_hd__a311oi_2                                                                                                        │ 1                         │
│ sky130_fd_sc_hd__a311oi_4                                                                                                        │ 18                        │
│ sky130_fd_sc_hd__a31o_1                                                                                                          │ 218                       │
│ sky130_fd_sc_hd__a31o_4                                                                                                          │ 1                         │
│ sky130_fd_sc_hd__a31oi_1                                                                                                         │ 20                        │
│ sky130_fd_sc_hd__a31oi_2                                                                                                         │ 4                         │
│ sky130_fd_sc_hd__a32o_1                                                                                                          │ 276                       │
│ sky130_fd_sc_hd__a41o_1                                                                                                          │ 2                         │
│ sky130_fd_sc_hd__and2_1                                                                                                          │ 939                       │
│ sky130_fd_sc_hd__and2_2                                                                                                          │ 4                         │
│ sky130_fd_sc_hd__and2_4                                                                                                          │ 6                         │
│ sky130_fd_sc_hd__and2b_1                                                                                                         │ 249                       │
│ sky130_fd_sc_hd__and2b_4                                                                                                         │ 1                         │
│ sky130_fd_sc_hd__and3_1                                                                                                          │ 315                       │
│ sky130_fd_sc_hd__and3_2                                                                                                          │ 3                         │
│ sky130_fd_sc_hd__and3b_1                                                                                                         │ 23                        │
│ sky130_fd_sc_hd__and4_1                                                                                                          │ 194                       │
│ sky130_fd_sc_hd__and4b_1                                                                                                         │ 72                        │
│ sky130_fd_sc_hd__and4bb_1                                                                                                        │ 5                         │
│ sky130_fd_sc_hd__buf_1                                                                                                           │ 5                         │
│ sky130_fd_sc_hd__buf_12                                                                                                          │ 57                        │
│ sky130_fd_sc_hd__buf_2                                                                                                           │ 2                         │
│ sky130_fd_sc_hd__buf_4                                                                                                           │ 6                         │
│ sky130_fd_sc_hd__buf_6                                                                                                           │ 11                        │
│ sky130_fd_sc_hd__buf_8                                                                                                           │ 8                         │
│ sky130_fd_sc_hd__bufinv_16                                                                                                       │ 50                        │
│ sky130_fd_sc_hd__clkbuf_16                                                                                                       │ 75                        │
│ sky130_fd_sc_hd__clkbuf_2                                                                                                        │ 1                         │
│ sky130_fd_sc_hd__clkbuf_4                                                                                                        │ 36                        │
│ sky130_fd_sc_hd__clkbuf_8                                                                                                        │ 490                       │
│ sky130_fd_sc_hd__clkinv_16                                                                                                       │ 2                         │
│ sky130_fd_sc_hd__clkinv_2                                                                                                        │ 42                        │
│ sky130_fd_sc_hd__clkinv_4                                                                                                        │ 40                        │
│ sky130_fd_sc_hd__clkinv_8                                                                                                        │ 24                        │
│ sky130_fd_sc_hd__clkinvlp_4                                                                                                      │ 44                        │
│ sky130_fd_sc_hd__decap_3                                                                                                         │ 2744                      │
│ sky130_fd_sc_hd__decap_4                                                                                                         │ 2650                      │
│ sky130_fd_sc_hd__decap_6                                                                                                         │ 3054                      │
│ sky130_fd_sc_hd__decap_8                                                                                                         │ 2953                      │
│ sky130_fd_sc_hd__dfrtp_1                                                                                                         │ 2809                      │
│ sky130_fd_sc_hd__dfrtp_2                                                                                                         │ 54                        │
│ sky130_fd_sc_hd__dfrtp_4                                                                                                         │ 281                       │
│ sky130_fd_sc_hd__dfxtp_1                                                                                                         │ 351                       │
│ sky130_fd_sc_hd__dfxtp_2                                                                                                         │ 1                         │
│ sky130_fd_sc_hd__diode_2                                                                                                         │ 47                        │
│ sky130_fd_sc_hd__dlymetal6s2s_1                                                                                                  │ 1                         │
│ sky130_fd_sc_hd__fill_1                                                                                                          │ 5848                      │
│ sky130_fd_sc_hd__fill_2                                                                                                          │ 2615                      │
│ sky130_fd_sc_hd__inv_12                                                                                                          │ 5                         │
│ sky130_fd_sc_hd__inv_2                                                                                                           │ 285                       │
│ sky130_fd_sc_hd__inv_4                                                                                                           │ 5                         │
│ sky130_fd_sc_hd__inv_6                                                                                                           │ 67                        │
│ sky130_fd_sc_hd__inv_8                                                                                                           │ 39                        │
│ sky130_fd_sc_hd__mux2_1                                                                                                          │ 2273                      │
│ sky130_fd_sc_hd__nand2_1                                                                                                         │ 1123                      │
│ sky130_fd_sc_hd__nand2_2                                                                                                         │ 18                        │
│ sky130_fd_sc_hd__nand2_4                                                                                                         │ 14                        │
│ sky130_fd_sc_hd__nand2_8                                                                                                         │ 1                         │
│ sky130_fd_sc_hd__nand2b_1                                                                                                        │ 270                       │
│ sky130_fd_sc_hd__nand3_1                                                                                                         │ 153                       │
│ sky130_fd_sc_hd__nand3_2                                                                                                         │ 8                         │
│ sky130_fd_sc_hd__nand3_4                                                                                                         │ 1                         │
│ sky130_fd_sc_hd__nand3b_1                                                                                                        │ 1                         │
│ sky130_fd_sc_hd__nand3b_2                                                                                                        │ 2                         │
│ sky130_fd_sc_hd__nand4_1                                                                                                         │ 47                        │
│ sky130_fd_sc_hd__nand4_2                                                                                                         │ 34                        │
│ sky130_fd_sc_hd__nand4_4                                                                                                         │ 1                         │
│ sky130_fd_sc_hd__nor2_1                                                                                                          │ 703                       │
│ sky130_fd_sc_hd__nor2_2                                                                                                          │ 1                         │
│ sky130_fd_sc_hd__nor2_8                                                                                                          │ 2                         │
│ sky130_fd_sc_hd__nor3_1                                                                                                          │ 31                        │
│ sky130_fd_sc_hd__nor3_2                                                                                                          │ 2                         │
│ sky130_fd_sc_hd__nor3b_1                                                                                                         │ 2                         │
│ sky130_fd_sc_hd__nor4_1                                                                                                          │ 3                         │
│ sky130_fd_sc_hd__nor4b_1                                                                                                         │ 1                         │
│ sky130_fd_sc_hd__o211a_1                                                                                                         │ 77                        │
│ sky130_fd_sc_hd__o211a_2                                                                                                         │ 1                         │
│ sky130_fd_sc_hd__o211ai_1                                                                                                        │ 26                        │
│ sky130_fd_sc_hd__o211ai_2                                                                                                        │ 17                        │
│ sky130_fd_sc_hd__o211ai_4                                                                                                        │ 1                         │
│ sky130_fd_sc_hd__o21a_1                                                                                                          │ 252                       │
│ sky130_fd_sc_hd__o21ai_1                                                                                                         │ 170                       │
│ sky130_fd_sc_hd__o21ai_2                                                                                                         │ 29                        │
│ sky130_fd_sc_hd__o21ba_1                                                                                                         │ 146                       │
│ sky130_fd_sc_hd__o21bai_1                                                                                                        │ 30                        │
│ sky130_fd_sc_hd__o221a_1                                                                                                         │ 2                         │
│ sky130_fd_sc_hd__o22a_1                                                                                                          │ 8                         │
│ sky130_fd_sc_hd__o22ai_2                                                                                                         │ 1                         │
│ sky130_fd_sc_hd__o2bb2a_1                                                                                                        │ 98                        │
│ sky130_fd_sc_hd__o311a_1                                                                                                         │ 23                        │
│ sky130_fd_sc_hd__o311ai_4                                                                                                        │ 1                         │
│ sky130_fd_sc_hd__o31a_1                                                                                                          │ 51                        │
│ sky130_fd_sc_hd__o31ai_1                                                                                                         │ 13                        │
│ sky130_fd_sc_hd__o31ai_2                                                                                                         │ 2                         │
│ sky130_fd_sc_hd__o32a_1                                                                                                          │ 6                         │
│ sky130_fd_sc_hd__o41a_1                                                                                                          │ 30                        │
│ sky130_fd_sc_hd__or2_1                                                                                                           │ 660                       │
│ sky130_fd_sc_hd__or2_2                                                                                                           │ 5                         │
│ sky130_fd_sc_hd__or2_4                                                                                                           │ 1                         │
│ sky130_fd_sc_hd__or3_1                                                                                                           │ 126                       │
│ sky130_fd_sc_hd__or3b_1                                                                                                          │ 30                        │
│ sky130_fd_sc_hd__or4_1                                                                                                           │ 25                        │
│ sky130_fd_sc_hd__or4b_1                                                                                                          │ 3                         │
│ sky130_fd_sc_hd__or4b_2                                                                                                          │ 1                         │
│ sky130_fd_sc_hd__tapvpwrvgnd_1                                                                                                   │ 6247                      │
│ sky130_fd_sc_hd__xnor2_1                                                                                                         │ 1034                      │
│ sky130_fd_sc_hd__xnor2_2                                                                                                         │ 17                        │
│ sky130_fd_sc_hd__xnor2_4                                                                                                         │ 14                        │
│ sky130_fd_sc_hd__xor2_1                                                                                                          │ 426                       │
│ sky130_fd_sc_hd__xor2_2                                                                                                          │ 28                        │
│ sky130_fd_sc_hd__xor2_4                                                                                                          │ 2                         │
└──────────────────────────────────────────────────────────────────────────────────────────────────────────────────────────────────┴───────────────────────────┘
