[WARNING ORD-0039] .openroad ignored with -python
                                Cells by Master                                 
┏━━━━━━━━━━━━━━━━━━━━━━━━━━━━━━━━━━━━━━━━━━━━━━━━━━━━━━━━━━━━━━━━┳━━━━━━━━━━━━━┓
┃ Cell                                                           ┃ Count       ┃
┡━━━━━━━━━━━━━━━━━━━━━━━━━━━━━━━━━━━━━━━━━━━━━━━━━━━━━━━━━━━━━━━━╇━━━━━━━━━━━━━┩
│ sky130_ef_sc_hd__decap_12                                      │ 8993        │
│ sky130_fd_sc_hd__a2111o_1                                      │ 2           │
│ sky130_fd_sc_hd__a211o_1                                       │ 125         │
│ sky130_fd_sc_hd__a211o_2                                       │ 1           │
│ sky130_fd_sc_hd__a211oi_1                                      │ 16          │
│ sky130_fd_sc_hd__a211oi_2                                      │ 10          │
│ sky130_fd_sc_hd__a211oi_4                                      │ 1           │
│ sky130_fd_sc_hd__a21bo_1                                       │ 203         │
│ sky130_fd_sc_hd__a21boi_1                                      │ 22          │
│ sky130_fd_sc_hd__a21boi_2                                      │ 2           │
│ sky130_fd_sc_hd__a21o_1                                        │ 339         │
│ sky130_fd_sc_hd__a21oi_1                                       │ 373         │
│ sky130_fd_sc_hd__a21oi_2                                       │ 23          │
│ sky130_fd_sc_hd__a221o_1                                       │ 513         │
│ sky130_fd_sc_hd__a221oi_1                                      │ 2           │
│ sky130_fd_sc_hd__a221oi_2                                      │ 2           │
│ sky130_fd_sc_hd__a22o_1                                        │ 525         │
│ sky130_fd_sc_hd__a22oi_1                                       │ 133         │
│ sky130_fd_sc_hd__a22oi_2                                       │ 4           │
│ sky130_fd_sc_hd__a2bb2o_1                                      │ 118         │
│ sky130_fd_sc_hd__a311o_1                                       │ 1           │
│ sky130_fd_sc_hd__a311o_2                                       │ 1           │
│ sky130_fd_sc_hd__a311oi_2                                      │ 1           │
│ sky130_fd_sc_hd__a311oi_4                                      │ 18          │
│ sky130_fd_sc_hd__a31o_1                                        │ 218         │
│ sky130_fd_sc_hd__a31o_4                                        │ 1           │
│ sky130_fd_sc_hd__a31oi_1                                       │ 20          │
│ sky130_fd_sc_hd__a31oi_2                                       │ 4           │
│ sky130_fd_sc_hd__a32o_1                                        │ 276         │
│ sky130_fd_sc_hd__a41o_1                                        │ 2           │
│ sky130_fd_sc_hd__and2_1                                        │ 939         │
│ sky130_fd_sc_hd__and2_2                                        │ 4           │
│ sky130_fd_sc_hd__and2_4                                        │ 6           │
│ sky130_fd_sc_hd__and2b_1                                       │ 249         │
│ sky130_fd_sc_hd__and2b_4                                       │ 1           │
│ sky130_fd_sc_hd__and3_1                                        │ 315         │
│ sky130_fd_sc_hd__and3_2                                        │ 3           │
│ sky130_fd_sc_hd__and3b_1                                       │ 23          │
│ sky130_fd_sc_hd__and4_1                                        │ 194         │
│ sky130_fd_sc_hd__and4b_1                                       │ 72          │
│ sky130_fd_sc_hd__and4bb_1                                      │ 5           │
│ sky130_fd_sc_hd__buf_1                                         │ 5           │
│ sky130_fd_sc_hd__buf_12                                        │ 57          │
│ sky130_fd_sc_hd__buf_2                                         │ 2           │
│ sky130_fd_sc_hd__buf_4                                         │ 6           │
│ sky130_fd_sc_hd__buf_6                                         │ 11          │
│ sky130_fd_sc_hd__buf_8                                         │ 8           │
│ sky130_fd_sc_hd__bufinv_16                                     │ 50          │
│ sky130_fd_sc_hd__clkbuf_16                                     │ 75          │
│ sky130_fd_sc_hd__clkbuf_2                                      │ 1           │
│ sky130_fd_sc_hd__clkbuf_4                                      │ 36          │
│ sky130_fd_sc_hd__clkbuf_8                                      │ 490         │
│ sky130_fd_sc_hd__clkinv_16                                     │ 2           │
│ sky130_fd_sc_hd__clkinv_2                                      │ 42          │
│ sky130_fd_sc_hd__clkinv_4                                      │ 40          │
│ sky130_fd_sc_hd__clkinv_8                                      │ 24          │
│ sky130_fd_sc_hd__clkinvlp_4                                    │ 44          │
│ sky130_fd_sc_hd__decap_3                                       │ 2744        │
│ sky130_fd_sc_hd__decap_4                                       │ 2650        │
│ sky130_fd_sc_hd__decap_6                                       │ 3054        │
│ sky130_fd_sc_hd__decap_8                                       │ 2953        │
│ sky130_fd_sc_hd__dfrtp_1                                       │ 2809        │
│ sky130_fd_sc_hd__dfrtp_2                                       │ 54          │
│ sky130_fd_sc_hd__dfrtp_4                                       │ 281         │
│ sky130_fd_sc_hd__dfxtp_1                                       │ 351         │
│ sky130_fd_sc_hd__dfxtp_2                                       │ 1           │
│ sky130_fd_sc_hd__diode_2                                       │ 47          │
│ sky130_fd_sc_hd__dlymetal6s2s_1                                │ 1           │
│ sky130_fd_sc_hd__fill_1                                        │ 5848        │
│ sky130_fd_sc_hd__fill_2                                        │ 2615        │
│ sky130_fd_sc_hd__inv_12                                        │ 5           │
│ sky130_fd_sc_hd__inv_2                                         │ 285         │
│ sky130_fd_sc_hd__inv_4                                         │ 5           │
│ sky130_fd_sc_hd__inv_6                                         │ 67          │
│ sky130_fd_sc_hd__inv_8                                         │ 39          │
│ sky130_fd_sc_hd__mux2_1                                        │ 2273        │
│ sky130_fd_sc_hd__nand2_1                                       │ 1123        │
│ sky130_fd_sc_hd__nand2_2                                       │ 18          │
│ sky130_fd_sc_hd__nand2_4                                       │ 14          │
│ sky130_fd_sc_hd__nand2_8                                       │ 1           │
│ sky130_fd_sc_hd__nand2b_1                                      │ 270         │
│ sky130_fd_sc_hd__nand3_1                                       │ 153         │
│ sky130_fd_sc_hd__nand3_2                                       │ 8           │
│ sky130_fd_sc_hd__nand3_4                                       │ 1           │
│ sky130_fd_sc_hd__nand3b_1                                      │ 1           │
│ sky130_fd_sc_hd__nand3b_2                                      │ 2           │
│ sky130_fd_sc_hd__nand4_1                                       │ 47          │
│ sky130_fd_sc_hd__nand4_2                                       │ 34          │
│ sky130_fd_sc_hd__nand4_4                                       │ 1           │
│ sky130_fd_sc_hd__nor2_1                                        │ 703         │
│ sky130_fd_sc_hd__nor2_2                                        │ 1           │
│ sky130_fd_sc_hd__nor2_8                                        │ 2           │
│ sky130_fd_sc_hd__nor3_1                                        │ 31          │
│ sky130_fd_sc_hd__nor3_2                                        │ 2           │
│ sky130_fd_sc_hd__nor3b_1                                       │ 2           │
│ sky130_fd_sc_hd__nor4_1                                        │ 3           │
│ sky130_fd_sc_hd__nor4b_1                                       │ 1           │
│ sky130_fd_sc_hd__o211a_1                                       │ 77          │
│ sky130_fd_sc_hd__o211a_2                                       │ 1           │
│ sky130_fd_sc_hd__o211ai_1                                      │ 26          │
│ sky130_fd_sc_hd__o211ai_2                                      │ 17          │
│ sky130_fd_sc_hd__o211ai_4                                      │ 1           │
│ sky130_fd_sc_hd__o21a_1                                        │ 252         │
│ sky130_fd_sc_hd__o21ai_1                                       │ 170         │
│ sky130_fd_sc_hd__o21ai_2                                       │ 29          │
│ sky130_fd_sc_hd__o21ba_1                                       │ 146         │
│ sky130_fd_sc_hd__o21bai_1                                      │ 30          │
│ sky130_fd_sc_hd__o221a_1                                       │ 2           │
│ sky130_fd_sc_hd__o22a_1                                        │ 8           │
│ sky130_fd_sc_hd__o22ai_2                                       │ 1           │
│ sky130_fd_sc_hd__o2bb2a_1                                      │ 98          │
│ sky130_fd_sc_hd__o311a_1                                       │ 23          │
│ sky130_fd_sc_hd__o311ai_4                                      │ 1           │
│ sky130_fd_sc_hd__o31a_1                                        │ 51          │
│ sky130_fd_sc_hd__o31ai_1                                       │ 13          │
│ sky130_fd_sc_hd__o31ai_2                                       │ 2           │
│ sky130_fd_sc_hd__o32a_1                                        │ 6           │
│ sky130_fd_sc_hd__o41a_1                                        │ 30          │
│ sky130_fd_sc_hd__or2_1                                         │ 660         │
│ sky130_fd_sc_hd__or2_2                                         │ 5           │
│ sky130_fd_sc_hd__or2_4                                         │ 1           │
│ sky130_fd_sc_hd__or3_1                                         │ 126         │
│ sky130_fd_sc_hd__or3b_1                                        │ 30          │
│ sky130_fd_sc_hd__or4_1                                         │ 25          │
│ sky130_fd_sc_hd__or4b_1                                        │ 3           │
│ sky130_fd_sc_hd__or4b_2                                        │ 1           │
│ sky130_fd_sc_hd__tapvpwrvgnd_1                                 │ 6247        │
│ sky130_fd_sc_hd__xnor2_1                                       │ 1034        │
│ sky130_fd_sc_hd__xnor2_2                                       │ 17          │
│ sky130_fd_sc_hd__xnor2_4                                       │ 14          │
│ sky130_fd_sc_hd__xor2_1                                        │ 426         │
│ sky130_fd_sc_hd__xor2_2                                        │ 28          │
│ sky130_fd_sc_hd__xor2_4                                        │ 2           │
└────────────────────────────────────────────────────────────────┴─────────────┘
                               Cells by Function                                
┏━━━━━━━━━━━━━━━━━━━━━━━━━━━━━━━━━━━━━━━━━━━━━━━━━━━━━━━━━━━━━━━┳━━━━━━━━━━━━━━┓
┃ Cell Function                                                 ┃ Count        ┃
┡━━━━━━━━━━━━━━━━━━━━━━━━━━━━━━━━━━━━━━━━━━━━━━━━━━━━━━━━━━━━━━━╇━━━━━━━━━━━━━━┩
│ sky130_ef_sc_hd__decap                                        │ 8993         │
│ sky130_fd_sc_hd__a2111o                                       │ 2            │
│ sky130_fd_sc_hd__a211o                                        │ 126          │
│ sky130_fd_sc_hd__a211oi                                       │ 27           │
│ sky130_fd_sc_hd__a21bo                                        │ 203          │
│ sky130_fd_sc_hd__a21boi                                       │ 24           │
│ sky130_fd_sc_hd__a21o                                         │ 339          │
│ sky130_fd_sc_hd__a21oi                                        │ 396          │
│ sky130_fd_sc_hd__a221o                                        │ 513          │
│ sky130_fd_sc_hd__a221oi                                       │ 4            │
│ sky130_fd_sc_hd__a22o                                         │ 525          │
│ sky130_fd_sc_hd__a22oi                                        │ 137          │
│ sky130_fd_sc_hd__a2bb2o                                       │ 118          │
│ sky130_fd_sc_hd__a311o                                        │ 2            │
│ sky130_fd_sc_hd__a311oi                                       │ 19           │
│ sky130_fd_sc_hd__a31o                                         │ 219          │
│ sky130_fd_sc_hd__a31oi                                        │ 24           │
│ sky130_fd_sc_hd__a32o                                         │ 276          │
│ sky130_fd_sc_hd__a41o                                         │ 2            │
│ sky130_fd_sc_hd__and2                                         │ 949          │
│ sky130_fd_sc_hd__and2b                                        │ 250          │
│ sky130_fd_sc_hd__and3                                         │ 318          │
│ sky130_fd_sc_hd__and3b                                        │ 23           │
│ sky130_fd_sc_hd__and4                                         │ 194          │
│ sky130_fd_sc_hd__and4b                                        │ 72           │
│ sky130_fd_sc_hd__and4bb                                       │ 5            │
│ sky130_fd_sc_hd__buf                                          │ 89           │
│ sky130_fd_sc_hd__bufinv                                       │ 50           │
│ sky130_fd_sc_hd__clkbuf                                       │ 602          │
│ sky130_fd_sc_hd__clkinv                                       │ 108          │
│ sky130_fd_sc_hd__clkinvlp                                     │ 44           │
│ sky130_fd_sc_hd__decap                                        │ 11401        │
│ sky130_fd_sc_hd__dfrtp                                        │ 3144         │
│ sky130_fd_sc_hd__dfxtp                                        │ 352          │
│ sky130_fd_sc_hd__diode                                        │ 47           │
│ sky130_fd_sc_hd__dlymetal6s2s                                 │ 1            │
│ sky130_fd_sc_hd__fill                                         │ 8463         │
│ sky130_fd_sc_hd__inv                                          │ 401          │
│ sky130_fd_sc_hd__mux2                                         │ 2273         │
│ sky130_fd_sc_hd__nand2                                        │ 1156         │
│ sky130_fd_sc_hd__nand2b                                       │ 270          │
│ sky130_fd_sc_hd__nand3                                        │ 162          │
│ sky130_fd_sc_hd__nand3b                                       │ 3            │
│ sky130_fd_sc_hd__nand4                                        │ 82           │
│ sky130_fd_sc_hd__nor2                                         │ 706          │
│ sky130_fd_sc_hd__nor3                                         │ 33           │
│ sky130_fd_sc_hd__nor3b                                        │ 2            │
│ sky130_fd_sc_hd__nor4                                         │ 3            │
│ sky130_fd_sc_hd__nor4b                                        │ 1            │
│ sky130_fd_sc_hd__o211a                                        │ 78           │
│ sky130_fd_sc_hd__o211ai                                       │ 44           │
│ sky130_fd_sc_hd__o21a                                         │ 252          │
│ sky130_fd_sc_hd__o21ai                                        │ 199          │
│ sky130_fd_sc_hd__o21ba                                        │ 146          │
│ sky130_fd_sc_hd__o21bai                                       │ 30           │
│ sky130_fd_sc_hd__o221a                                        │ 2            │
│ sky130_fd_sc_hd__o22a                                         │ 8            │
│ sky130_fd_sc_hd__o22ai                                        │ 1            │
│ sky130_fd_sc_hd__o2bb2a                                       │ 98           │
│ sky130_fd_sc_hd__o311a                                        │ 23           │
│ sky130_fd_sc_hd__o311ai                                       │ 1            │
│ sky130_fd_sc_hd__o31a                                         │ 51           │
│ sky130_fd_sc_hd__o31ai                                        │ 15           │
│ sky130_fd_sc_hd__o32a                                         │ 6            │
│ sky130_fd_sc_hd__o41a                                         │ 30           │
│ sky130_fd_sc_hd__or2                                          │ 666          │
│ sky130_fd_sc_hd__or3                                          │ 126          │
│ sky130_fd_sc_hd__or3b                                         │ 30           │
│ sky130_fd_sc_hd__or4                                          │ 25           │
│ sky130_fd_sc_hd__or4b                                         │ 4            │
│ sky130_fd_sc_hd__tapvpwrvgnd                                  │ 6247         │
│ sky130_fd_sc_hd__xnor2                                        │ 1065         │
│ sky130_fd_sc_hd__xor2                                         │ 456          │
└───────────────────────────────────────────────────────────────┴──────────────┘
                                  Cells by SCL                                  
┏━━━━━━━━━━━━━━━━━━━━━━━━━━━━━━━━━━━━━━━━━━━━━━━━━━━━━━━┳━━━━━━━━━━━━━━━━━━━━━━┓
┃ SCL                                                   ┃ Count                ┃
┡━━━━━━━━━━━━━━━━━━━━━━━━━━━━━━━━━━━━━━━━━━━━━━━━━━━━━━━╇━━━━━━━━━━━━━━━━━━━━━━┩
│ sky130_ef_sc_hd                                       │ 8993                 │
│ sky130_fd_sc_hd                                       │ 43763                │
└───────────────────────────────────────────────────────┴──────────────────────┘
                             Buffers by Cell Master                             
┏━━━━━━━━━━━━━━━━━━━━━━━━━━━━━━━━━━━━━━━━━━━━━━━━━━━━━━━━━━━━━━━━┳━━━━━━━━━━━━━┓
┃ Buffer                                                         ┃ Count       ┃
┡━━━━━━━━━━━━━━━━━━━━━━━━━━━━━━━━━━━━━━━━━━━━━━━━━━━━━━━━━━━━━━━━╇━━━━━━━━━━━━━┩
│ sky130_fd_sc_hd__buf_1                                         │ 5           │
│ sky130_fd_sc_hd__buf_12                                        │ 57          │
│ sky130_fd_sc_hd__buf_2                                         │ 2           │
│ sky130_fd_sc_hd__buf_4                                         │ 6           │
│ sky130_fd_sc_hd__buf_6                                         │ 11          │
│ sky130_fd_sc_hd__buf_8                                         │ 8           │
│ sky130_fd_sc_hd__clkbuf_16                                     │ 75          │
│ sky130_fd_sc_hd__clkbuf_2                                      │ 1           │
│ sky130_fd_sc_hd__clkbuf_4                                      │ 36          │
│ sky130_fd_sc_hd__clkbuf_8                                      │ 490         │
│ sky130_fd_sc_hd__dlymetal6s2s_1                                │ 1           │
└────────────────────────────────────────────────────────────────┴─────────────┘
