
===========================================================================
report_checks -unconstrained
===========================================================================
======================= nom_tt_025C_1v80 Corner ===================================

Startpoint: _1104_ (rising edge-triggered flip-flop clocked by A_in_serial_clk)
Endpoint: _1103_ (rising edge-triggered flip-flop clocked by A_in_serial_clk)
Path Group: A_in_serial_clk
Path Type: max

Fanout         Cap        Slew       Delay        Time   Description
---------------------------------------------------------------------------------------------
                                  0.000000    0.000000   clock A_in_serial_clk (rise edge)
                                  0.000000    0.000000   clock source latency
     1    0.018758    0.000000    0.000000    0.000000 ^ A_in_serial_clk (in)
                                                         A_in_serial_clk (net)
                      0.001055    0.000527    0.000527 ^ clkbuf_0_A_in_serial_clk/A (sky130_fd_sc_hd__clkbuf_16)
    16    0.086283    0.102678    0.161035    0.161563 ^ clkbuf_0_A_in_serial_clk/X (sky130_fd_sc_hd__clkbuf_16)
                                                         clknet_0_A_in_serial_clk (net)
                      0.102678    0.000416    0.161979 ^ clkbuf_4_10_0_A_in_serial_clk/A (sky130_fd_sc_hd__clkbuf_8)
    10    0.027921    0.063162    0.163409    0.325389 ^ clkbuf_4_10_0_A_in_serial_clk/X (sky130_fd_sc_hd__clkbuf_8)
                                                         clknet_4_10_0_A_in_serial_clk (net)
                      0.063162    0.000107    0.325496 ^ _1104_/CLK (sky130_fd_sc_hd__dfrtp_4)
    26    0.102326    0.297436    0.609771    0.935266 ^ _1104_/Q (sky130_fd_sc_hd__dfrtp_4)
                                                         deser_A.receiving (net)
                      0.297436    0.000508    0.935775 ^ max_cap13/A (sky130_fd_sc_hd__buf_12)
    51    0.207969    0.237420    0.299620    1.235394 ^ max_cap13/X (sky130_fd_sc_hd__buf_12)
                                                         net13 (net)
                      0.237498    0.000958    1.236352 ^ _0692_/A (sky130_fd_sc_hd__and4_1)
     6    0.015980    0.170931    0.312621    1.548974 ^ _0692_/X (sky130_fd_sc_hd__and4_1)
                                                         _0516_ (net)
                      0.170931    0.000024    1.548998 ^ _0700_/D (sky130_fd_sc_hd__and4_1)
     3    0.010762    0.124996    0.269458    1.818456 ^ _0700_/X (sky130_fd_sc_hd__and4_1)
                                                         _0521_ (net)
                      0.124996    0.000018    1.818474 ^ _0704_/B (sky130_fd_sc_hd__nand2_1)
     2    0.005614    0.056718    0.084965    1.903439 v _0704_/Y (sky130_fd_sc_hd__nand2_1)
                                                         _0524_ (net)
                      0.056718    0.000016    1.903455 v _0708_/S (sky130_fd_sc_hd__mux2_1)
     1    0.004320    0.064916    0.319873    2.223328 v _0708_/X (sky130_fd_sc_hd__mux2_1)
                                                         _0527_ (net)
                      0.064916    0.000000    2.223329 v _0709_/A (sky130_fd_sc_hd__inv_2)
     1    0.002263    0.025495    0.045223    2.268551 ^ _0709_/Y (sky130_fd_sc_hd__inv_2)
                                                         _0052_ (net)
                      0.025495    0.000004    2.268555 ^ _1103_/D (sky130_fd_sc_hd__dfrtp_1)
                                              2.268555   data arrival time

                                  2.000000    2.000000   clock A_in_serial_clk (rise edge)
                                  0.000000    2.000000   clock source latency
     1    0.018758    0.000000    0.000000    2.000000 ^ A_in_serial_clk (in)
                                                         A_in_serial_clk (net)
                      0.001055    0.000527    2.000527 ^ clkbuf_0_A_in_serial_clk/A (sky130_fd_sc_hd__clkbuf_16)
    16    0.086283    0.102678    0.161035    2.161563 ^ clkbuf_0_A_in_serial_clk/X (sky130_fd_sc_hd__clkbuf_16)
                                                         clknet_0_A_in_serial_clk (net)
                      0.102678    0.000426    2.161989 ^ clkbuf_4_11_0_A_in_serial_clk/A (sky130_fd_sc_hd__clkbuf_8)
    10    0.026252    0.060604    0.161425    2.323414 ^ clkbuf_4_11_0_A_in_serial_clk/X (sky130_fd_sc_hd__clkbuf_8)
                                                         clknet_4_11_0_A_in_serial_clk (net)
                      0.060604    0.000050    2.323464 ^ _1103_/CLK (sky130_fd_sc_hd__dfrtp_1)
                                  0.000000    2.323464   clock reconvergence pessimism
                                 -0.052997    2.270468   library setup time
                                              2.270468   data required time
---------------------------------------------------------------------------------------------
                                              2.270468   data required time
                                             -2.268555   data arrival time
---------------------------------------------------------------------------------------------
                                              0.001912   slack (MET)


Startpoint: _1248_ (rising edge-triggered flip-flop clocked by B_in_serial_clk)
Endpoint: _1247_ (rising edge-triggered flip-flop clocked by B_in_serial_clk)
Path Group: B_in_serial_clk
Path Type: max

Fanout         Cap        Slew       Delay        Time   Description
---------------------------------------------------------------------------------------------
                                  0.000000    0.000000   clock B_in_serial_clk (rise edge)
                                  0.000000    0.000000   clock source latency
     1    0.014078    0.000000    0.000000    0.000000 ^ B_in_serial_clk (in)
                                                         B_in_serial_clk (net)
                      0.000542    0.000271    0.000271 ^ clkbuf_0_B_in_serial_clk/A (sky130_fd_sc_hd__clkbuf_16)
    16    0.086777    0.103132    0.161282    0.161553 ^ clkbuf_0_B_in_serial_clk/X (sky130_fd_sc_hd__clkbuf_16)
                                                         clknet_0_B_in_serial_clk (net)
                      0.103132    0.000409    0.161961 ^ clkbuf_4_14_0_B_in_serial_clk/A (sky130_fd_sc_hd__clkbuf_8)
     8    0.030520    0.067158    0.166801    0.328762 ^ clkbuf_4_14_0_B_in_serial_clk/X (sky130_fd_sc_hd__clkbuf_8)
                                                         clknet_4_14_0_B_in_serial_clk (net)
                      0.067158    0.000076    0.328838 ^ _1248_/CLK (sky130_fd_sc_hd__dfrtp_4)
    43    0.164597    0.460956    0.729232    1.058070 ^ _1248_/Q (sky130_fd_sc_hd__dfrtp_4)
                                                         deser_B.receiving (net)
                      0.460956    0.001058    1.059127 ^ _0863_/A (sky130_fd_sc_hd__and4_1)
     6    0.015749    0.167665    0.354992    1.414120 ^ _0863_/X (sky130_fd_sc_hd__and4_1)
                                                         _0363_ (net)
                      0.167665    0.000076    1.414195 ^ _0871_/D (sky130_fd_sc_hd__and4_1)
     3    0.011427    0.130733    0.273364    1.687559 ^ _0871_/X (sky130_fd_sc_hd__and4_1)
                                                         _0368_ (net)
                      0.130733    0.000021    1.687580 ^ _0875_/B (sky130_fd_sc_hd__nand2_1)
     2    0.006454    0.060806    0.091017    1.778597 v _0875_/Y (sky130_fd_sc_hd__nand2_1)
                                                         _0371_ (net)
                      0.060806    0.000040    1.778637 v _0879_/S (sky130_fd_sc_hd__mux2_1)
     1    0.005015    0.068297    0.325940    2.104577 v _0879_/X (sky130_fd_sc_hd__mux2_1)
                                                         _0374_ (net)
                      0.068297    0.000020    2.104597 v _0880_/A (sky130_fd_sc_hd__inv_2)
     1    0.002640    0.026706    0.047800    2.152396 ^ _0880_/Y (sky130_fd_sc_hd__inv_2)
                                                         _0195_ (net)
                      0.026706    0.000007    2.152403 ^ _1247_/D (sky130_fd_sc_hd__dfrtp_1)
                                              2.152403   data arrival time

                                  2.000000    2.000000   clock B_in_serial_clk (rise edge)
                                  0.000000    2.000000   clock source latency
     1    0.014078    0.000000    0.000000    2.000000 ^ B_in_serial_clk (in)
                                                         B_in_serial_clk (net)
                      0.000542    0.000271    2.000271 ^ clkbuf_0_B_in_serial_clk/A (sky130_fd_sc_hd__clkbuf_16)
    16    0.086777    0.103132    0.161281    2.161553 ^ clkbuf_0_B_in_serial_clk/X (sky130_fd_sc_hd__clkbuf_16)
                                                         clknet_0_B_in_serial_clk (net)
                      0.103132    0.000409    2.161961 ^ clkbuf_4_14_0_B_in_serial_clk/A (sky130_fd_sc_hd__clkbuf_8)
     8    0.030520    0.067158    0.166801    2.328762 ^ clkbuf_4_14_0_B_in_serial_clk/X (sky130_fd_sc_hd__clkbuf_8)
                                                         clknet_4_14_0_B_in_serial_clk (net)
                      0.067158    0.000065    2.328826 ^ _1247_/CLK (sky130_fd_sc_hd__dfrtp_1)
                                  0.000000    2.328826   clock reconvergence pessimism
                                 -0.052298    2.276529   library setup time
                                              2.276529   data required time
---------------------------------------------------------------------------------------------
                                              2.276529   data required time
                                             -2.152403   data arrival time
---------------------------------------------------------------------------------------------
                                              0.124125   slack (MET)


Startpoint: clk (clock source 'clk')
Endpoint: C_out_serial_clk (output port clocked by clk)
Path Group: clk
Path Type: max

Fanout         Cap        Slew       Delay        Time   Description
---------------------------------------------------------------------------------------------
                                  5.000000    5.000000   clock clk (fall edge)
                                  0.000000    5.000000   clock source latency
     1    0.012045    0.000000    0.000000    5.000000 v clk (in)
                                                         clk (net)
                      0.000370    0.000185    5.000185 v clkbuf_0_clk/A (sky130_fd_sc_hd__clkbuf_16)
     4    0.031903    0.041968    0.136322    5.136507 v clkbuf_0_clk/X (sky130_fd_sc_hd__clkbuf_16)
                                                         clknet_0_clk (net)
                      0.041968    0.000189    5.136695 v clkbuf_2_0__f_clk/A (sky130_fd_sc_hd__clkbuf_16)
    14    0.038990    0.045666    0.158235    5.294930 v clkbuf_2_0__f_clk/X (sky130_fd_sc_hd__clkbuf_16)
                                                         clknet_2_0__leaf_clk (net)
                      0.045668    0.000183    5.295114 v _1917_/A (sky130_fd_sc_hd__buf_2)
     1    0.002365    0.022932    0.112282    5.407395 v _1917_/X (sky130_fd_sc_hd__buf_2)
                                                         net8 (net)
                      0.022932    0.000004    5.407400 v output8/A (sky130_fd_sc_hd__buf_1)
     1    0.000632    0.015719    0.065073    5.472473 v output8/X (sky130_fd_sc_hd__buf_1)
                                                         C_out_serial_clk (net)
                      0.015719    0.000000    5.472474 v C_out_serial_clk (out)
                                              5.472474   data arrival time

                                 10.000000   10.000000   clock clk (rise edge)
                                  0.000000   10.000000   clock network delay (propagated)
                                 -0.100000    9.900001   clock uncertainty
                                  0.000000    9.900001   clock reconvergence pessimism
                                 -1.500000    8.400000   output external delay
                                              8.400000   data required time
---------------------------------------------------------------------------------------------
                                              8.400000   data required time
                                             -5.472474   data arrival time
---------------------------------------------------------------------------------------------
                                              2.927526   slack (MET)




===========================================================================
report_checks --slack_max -0.01
============================================================================
======================= nom_tt_025C_1v80 Corner ===================================

No paths found.


===========================================================================
 report_check_types -max_slew -max_cap -max_fanout -violators
============================================================================
======================= nom_tt_025C_1v80 Corner ===================================

max slew

Pin                                        Limit        Slew       Slack
------------------------------------------------------------------------
_0985_/S                                0.100000    0.460984   -0.360984 (VIOLATED)
_0986_/S                                0.100000    0.460985   -0.360985 (VIOLATED)
_0987_/S                                0.100000    0.460985   -0.360985 (VIOLATED)
_0988_/S                                0.100000    0.460984   -0.360984 (VIOLATED)
_0989_/S                                0.100000    0.460982   -0.360982 (VIOLATED)
_0991_/S                                0.100000    0.460982   -0.360982 (VIOLATED)
_0990_/S                                0.100000    0.460982   -0.360982 (VIOLATED)
_1000_/S                                0.100000    0.460981   -0.360981 (VIOLATED)
_0999_/S                                0.100000    0.460981   -0.360981 (VIOLATED)
_0998_/S                                0.100000    0.460979   -0.360979 (VIOLATED)
_0992_/S                                0.100000    0.460978   -0.360978 (VIOLATED)
_0993_/S                                0.100000    0.460977   -0.360977 (VIOLATED)
_0994_/S                                0.100000    0.460978   -0.360978 (VIOLATED)
_0995_/S                                0.100000    0.460977   -0.360977 (VIOLATED)
_0996_/S                                0.100000    0.460977   -0.360977 (VIOLATED)
_0997_/S                                0.100000    0.460976   -0.360976 (VIOLATED)
_1004_/S                                0.100000    0.460977   -0.360977 (VIOLATED)
_0973_/S                                0.100000    0.460975   -0.360975 (VIOLATED)
_0971_/S                                0.100000    0.460973   -0.360973 (VIOLATED)
_0972_/S                                0.100000    0.460974   -0.360974 (VIOLATED)
_1001_/S                                0.100000    0.460973   -0.360973 (VIOLATED)
_1002_/S                                0.100000    0.460972   -0.360972 (VIOLATED)
_0884_/S                                0.100000    0.460972   -0.360972 (VIOLATED)
_1003_/S                                0.100000    0.460972   -0.360972 (VIOLATED)
_1005_/S                                0.100000    0.460971   -0.360971 (VIOLATED)
_1006_/S                                0.100000    0.460971   -0.360971 (VIOLATED)
_1007_/S                                0.100000    0.460971   -0.360971 (VIOLATED)
_1008_/S                                0.100000    0.460970   -0.360970 (VIOLATED)
_0882_/S                                0.100000    0.460970   -0.360970 (VIOLATED)
_0883_/S                                0.100000    0.460970   -0.360970 (VIOLATED)
_1009_/A                                0.100000    0.460969   -0.360969 (VIOLATED)
_0837_/A0                               0.100000    0.460962   -0.360962 (VIOLATED)
_0840_/A                                0.100000    0.460960   -0.360960 (VIOLATED)
_0846_/A                                0.100000    0.460957   -0.360957 (VIOLATED)
_0554_/A                                0.100000    0.460956   -0.360956 (VIOLATED)
_0556_/B                                0.100000    0.460956   -0.360956 (VIOLATED)
_0557_/B                                0.100000    0.460956   -0.360956 (VIOLATED)
_0838_/A_N                              0.100000    0.460956   -0.360956 (VIOLATED)
_0839_/A_N                              0.100000    0.460956   -0.360956 (VIOLATED)
_0858_/A0                               0.100000    0.460956   -0.360956 (VIOLATED)
_0860_/A                                0.100000    0.460956   -0.360956 (VIOLATED)
_0863_/A                                0.100000    0.460956   -0.360956 (VIOLATED)
_1248_/Q                                0.100000    0.460956   -0.360956 (VIOLATED)
max_cap11/A                             0.100000    0.460956   -0.360956 (VIOLATED)
_0716_/S                                0.100000    0.297439   -0.197439 (VIOLATED)
_0718_/S                                0.100000    0.297439   -0.197439 (VIOLATED)
_0736_/S                                0.100000    0.297439   -0.197439 (VIOLATED)
_0737_/S                                0.100000    0.297439   -0.197439 (VIOLATED)
_0738_/S                                0.100000    0.297439   -0.197439 (VIOLATED)
_0717_/S                                0.100000    0.297438   -0.197438 (VIOLATED)
_0739_/S                                0.100000    0.297438   -0.197438 (VIOLATED)
_0715_/S                                0.100000    0.297438   -0.197438 (VIOLATED)
_0740_/S                                0.100000    0.297437   -0.197437 (VIOLATED)
max_cap12/A                             0.100000    0.297437   -0.197437 (VIOLATED)
_0547_/A                                0.100000    0.297436   -0.197436 (VIOLATED)
_0549_/B                                0.100000    0.297436   -0.197436 (VIOLATED)
_0550_/B                                0.100000    0.297436   -0.197436 (VIOLATED)
_0666_/A0                               0.100000    0.297436   -0.197436 (VIOLATED)
_0667_/A_N                              0.100000    0.297436   -0.197436 (VIOLATED)
_0668_/A_N                              0.100000    0.297436   -0.197436 (VIOLATED)
_0669_/A                                0.100000    0.297436   -0.197436 (VIOLATED)
_0675_/A                                0.100000    0.297436   -0.197436 (VIOLATED)
_0687_/A0                               0.100000    0.297436   -0.197436 (VIOLATED)
_0710_/S                                0.100000    0.297436   -0.197436 (VIOLATED)
_0711_/S                                0.100000    0.297436   -0.197436 (VIOLATED)
_0712_/S                                0.100000    0.297436   -0.197436 (VIOLATED)
_0713_/S                                0.100000    0.297436   -0.197436 (VIOLATED)
_0714_/S                                0.100000    0.297436   -0.197436 (VIOLATED)
_1011_/A                                0.100000    0.297436   -0.197436 (VIOLATED)
_1104_/Q                                0.100000    0.297436   -0.197436 (VIOLATED)
max_cap13/A                             0.100000    0.297436   -0.197436 (VIOLATED)
_0813_/S                                0.100000    0.294379   -0.194379 (VIOLATED)
_0814_/S                                0.100000    0.294379   -0.194379 (VIOLATED)
_0815_/S                                0.100000    0.294379   -0.194379 (VIOLATED)
_0816_/S                                0.100000    0.294377   -0.194377 (VIOLATED)
_0817_/S                                0.100000    0.294375   -0.194375 (VIOLATED)
_0819_/S                                0.100000    0.294373   -0.194373 (VIOLATED)
_0753_/S                                0.100000    0.294372   -0.194372 (VIOLATED)
_0818_/S                                0.100000    0.294372   -0.194372 (VIOLATED)
_0755_/S                                0.100000    0.294372   -0.194372 (VIOLATED)
_0811_/S                                0.100000    0.294372   -0.194372 (VIOLATED)
_0812_/S                                0.100000    0.294372   -0.194372 (VIOLATED)
_0754_/S                                0.100000    0.294371   -0.194371 (VIOLATED)
_0810_/S                                0.100000    0.294371   -0.194371 (VIOLATED)
_0752_/S                                0.100000    0.294371   -0.194371 (VIOLATED)
_0751_/S                                0.100000    0.294370   -0.194370 (VIOLATED)
_0809_/S                                0.100000    0.294368   -0.194368 (VIOLATED)
_0820_/S                                0.100000    0.294366   -0.194366 (VIOLATED)
_0750_/S                                0.100000    0.294363   -0.194363 (VIOLATED)
_0822_/S                                0.100000    0.294353   -0.194353 (VIOLATED)
_0749_/S                                0.100000    0.294351   -0.194351 (VIOLATED)
_0808_/S                                0.100000    0.294345   -0.194345 (VIOLATED)
_0807_/S                                0.100000    0.294344   -0.194344 (VIOLATED)
_0806_/S                                0.100000    0.294344   -0.194344 (VIOLATED)
_0805_/S                                0.100000    0.294343   -0.194343 (VIOLATED)
_0804_/S                                0.100000    0.294341   -0.194341 (VIOLATED)
_0801_/S                                0.100000    0.294341   -0.194341 (VIOLATED)
_0802_/S                                0.100000    0.294341   -0.194341 (VIOLATED)
_0803_/S                                0.100000    0.294340   -0.194340 (VIOLATED)
_0821_/S                                0.100000    0.294340   -0.194340 (VIOLATED)
_0823_/S                                0.100000    0.294339   -0.194339 (VIOLATED)
_0788_/S                                0.100000    0.294339   -0.194339 (VIOLATED)
_0824_/S                                0.100000    0.294339   -0.194339 (VIOLATED)
_0825_/S                                0.100000    0.294338   -0.194338 (VIOLATED)
_0826_/S                                0.100000    0.294335   -0.194335 (VIOLATED)
_0748_/S                                0.100000    0.294334   -0.194334 (VIOLATED)
_0789_/S                                0.100000    0.294333   -0.194333 (VIOLATED)
_0790_/S                                0.100000    0.294333   -0.194333 (VIOLATED)
_0791_/S                                0.100000    0.294333   -0.194333 (VIOLATED)
_0799_/S                                0.100000    0.294333   -0.194333 (VIOLATED)
_0800_/S                                0.100000    0.294333   -0.194333 (VIOLATED)
_0798_/S                                0.100000    0.294332   -0.194332 (VIOLATED)
_0797_/S                                0.100000    0.294332   -0.194332 (VIOLATED)
_0796_/S                                0.100000    0.294331   -0.194331 (VIOLATED)
_0795_/S                                0.100000    0.294331   -0.194331 (VIOLATED)
_0831_/S                                0.100000    0.294329   -0.194329 (VIOLATED)
_0792_/S                                0.100000    0.294328   -0.194328 (VIOLATED)
_0830_/S                                0.100000    0.294328   -0.194328 (VIOLATED)
_0832_/S                                0.100000    0.294328   -0.194328 (VIOLATED)
_0829_/S                                0.100000    0.294326   -0.194326 (VIOLATED)
_0746_/S                                0.100000    0.294326   -0.194326 (VIOLATED)
_0747_/S                                0.100000    0.294326   -0.194326 (VIOLATED)
_0793_/S                                0.100000    0.294325   -0.194325 (VIOLATED)
_0794_/S                                0.100000    0.294325   -0.194325 (VIOLATED)
_0827_/S                                0.100000    0.294325   -0.194325 (VIOLATED)
_0745_/S                                0.100000    0.294325   -0.194325 (VIOLATED)
_0828_/S                                0.100000    0.294324   -0.194324 (VIOLATED)
_0744_/S                                0.100000    0.294315   -0.194315 (VIOLATED)
_0743_/S                                0.100000    0.294313   -0.194313 (VIOLATED)
_0742_/S                                0.100000    0.294310   -0.194310 (VIOLATED)
_0833_/S                                0.100000    0.294310   -0.194310 (VIOLATED)
_0834_/S                                0.100000    0.294310   -0.194310 (VIOLATED)
_0835_/S                                0.100000    0.294309   -0.194310 (VIOLATED)
_0836_/S                                0.100000    0.294309   -0.194309 (VIOLATED)
_0741_/S                                0.100000    0.294309   -0.194309 (VIOLATED)
max_cap12/X                             0.100000    0.294309   -0.194309 (VIOLATED)
_0556_/Y                                0.100000    0.258910   -0.158910 (VIOLATED)
_0558_/B                                0.100000    0.258910   -0.158910 (VIOLATED)
_0837_/A1                               0.100000    0.258910   -0.158910 (VIOLATED)
_0858_/A1                               0.100000    0.258910   -0.158910 (VIOLATED)
_1010_/A2                               0.100000    0.258910   -0.158910 (VIOLATED)
_0944_/S                                0.100000    0.243684   -0.143684 (VIOLATED)
_0943_/S                                0.100000    0.243684   -0.143684 (VIOLATED)
_0945_/S                                0.100000    0.243683   -0.143683 (VIOLATED)
_0940_/S                                0.100000    0.243681   -0.143681 (VIOLATED)
_0946_/S                                0.100000    0.243678   -0.143678 (VIOLATED)
_0939_/S                                0.100000    0.243678   -0.143678 (VIOLATED)
_0942_/S                                0.100000    0.243678   -0.143678 (VIOLATED)
_0941_/S                                0.100000    0.243677   -0.143677 (VIOLATED)
_0947_/S                                0.100000    0.243677   -0.143677 (VIOLATED)
_0948_/S                                0.100000    0.243676   -0.143676 (VIOLATED)
_0950_/S                                0.100000    0.243674   -0.143674 (VIOLATED)
_0951_/S                                0.100000    0.243674   -0.143674 (VIOLATED)
_0949_/S                                0.100000    0.243673   -0.143673 (VIOLATED)
_0938_/S                                0.100000    0.243670   -0.143670 (VIOLATED)
_0953_/S                                0.100000    0.243666   -0.143666 (VIOLATED)
_0952_/S                                0.100000    0.243665   -0.143665 (VIOLATED)
_0955_/S                                0.100000    0.243663   -0.143663 (VIOLATED)
_0937_/S                                0.100000    0.243661   -0.143661 (VIOLATED)
_0956_/S                                0.100000    0.243661   -0.143661 (VIOLATED)
_0959_/S                                0.100000    0.243661   -0.143661 (VIOLATED)
_0936_/S                                0.100000    0.243656   -0.143656 (VIOLATED)
_0958_/S                                0.100000    0.243655   -0.143655 (VIOLATED)
_0957_/S                                0.100000    0.243649   -0.143649 (VIOLATED)
_0977_/S                                0.100000    0.243643   -0.143643 (VIOLATED)
_0960_/S                                0.100000    0.243638   -0.143638 (VIOLATED)
_0961_/S                                0.100000    0.243627   -0.143627 (VIOLATED)
_0962_/S                                0.100000    0.243625   -0.143625 (VIOLATED)
_0963_/S                                0.100000    0.243611   -0.143611 (VIOLATED)
_0964_/S                                0.100000    0.243589   -0.143589 (VIOLATED)
_0965_/S                                0.100000    0.243581   -0.143581 (VIOLATED)
_0984_/S                                0.100000    0.243573   -0.143573 (VIOLATED)
_0983_/S                                0.100000    0.243573   -0.143573 (VIOLATED)
_0982_/S                                0.100000    0.243571   -0.143571 (VIOLATED)
_0954_/S                                0.100000    0.243570   -0.143570 (VIOLATED)
_0981_/S                                0.100000    0.243570   -0.143570 (VIOLATED)
_0980_/S                                0.100000    0.243567   -0.143567 (VIOLATED)
_0979_/S                                0.100000    0.243563   -0.143563 (VIOLATED)
_0978_/S                                0.100000    0.243560   -0.143560 (VIOLATED)
_0976_/S                                0.100000    0.243553   -0.143553 (VIOLATED)
_0966_/S                                0.100000    0.243550   -0.143550 (VIOLATED)
_0975_/S                                0.100000    0.243550   -0.143550 (VIOLATED)
_0974_/S                                0.100000    0.243541   -0.143541 (VIOLATED)
_0967_/S                                0.100000    0.243539   -0.143539 (VIOLATED)
_0970_/S                                0.100000    0.243537   -0.143537 (VIOLATED)
_0969_/S                                0.100000    0.243532   -0.143532 (VIOLATED)
_0968_/S                                0.100000    0.243520   -0.143520 (VIOLATED)
_0886_/S                                0.100000    0.243504   -0.143504 (VIOLATED)
_0885_/S                                0.100000    0.243501   -0.143501 (VIOLATED)
_0887_/S                                0.100000    0.243488   -0.143488 (VIOLATED)
_0888_/S                                0.100000    0.243484   -0.143484 (VIOLATED)
_0889_/S                                0.100000    0.243484   -0.143484 (VIOLATED)
_0890_/S                                0.100000    0.243481   -0.143481 (VIOLATED)
max_cap10/X                             0.100000    0.243479   -0.143479 (VIOLATED)
_0766_/S                                0.100000    0.237616   -0.137616 (VIOLATED)
_0769_/S                                0.100000    0.237616   -0.137616 (VIOLATED)
_0768_/S                                0.100000    0.237615   -0.137615 (VIOLATED)
_0767_/S                                0.100000    0.237615   -0.137615 (VIOLATED)
_0763_/S                                0.100000    0.237615   -0.137615 (VIOLATED)
_0765_/S                                0.100000    0.237614   -0.137614 (VIOLATED)
_0780_/S                                0.100000    0.237613   -0.137613 (VIOLATED)
_0779_/S                                0.100000    0.237612   -0.137612 (VIOLATED)
_0778_/S                                0.100000    0.237610   -0.137610 (VIOLATED)
_0777_/S                                0.100000    0.237601   -0.137601 (VIOLATED)
_0770_/S                                0.100000    0.237597   -0.137597 (VIOLATED)
_0771_/S                                0.100000    0.237596   -0.137596 (VIOLATED)
_0772_/S                                0.100000    0.237596   -0.137596 (VIOLATED)
_0756_/S                                0.100000    0.237595   -0.137595 (VIOLATED)
_0757_/S                                0.100000    0.237595   -0.137595 (VIOLATED)
_0773_/S                                0.100000    0.237594   -0.137594 (VIOLATED)
_0781_/S                                0.100000    0.237594   -0.137594 (VIOLATED)
_0776_/S                                0.100000    0.237593   -0.137593 (VIOLATED)
_0731_/S                                0.100000    0.237593   -0.137593 (VIOLATED)
_0758_/S                                0.100000    0.237593   -0.137593 (VIOLATED)
_0730_/S                                0.100000    0.237592   -0.137592 (VIOLATED)
_0729_/S                                0.100000    0.237590   -0.137590 (VIOLATED)
_0761_/S                                0.100000    0.237590   -0.137590 (VIOLATED)
_0774_/S                                0.100000    0.237590   -0.137590 (VIOLATED)
_0764_/S                                0.100000    0.237589   -0.137589 (VIOLATED)
_0762_/S                                0.100000    0.237588   -0.137588 (VIOLATED)
_0728_/S                                0.100000    0.237586   -0.137586 (VIOLATED)
_0775_/S                                0.100000    0.237585   -0.137585 (VIOLATED)
_0759_/S                                0.100000    0.237582   -0.137582 (VIOLATED)
_0727_/S                                0.100000    0.237582   -0.137582 (VIOLATED)
_0760_/S                                0.100000    0.237582   -0.137582 (VIOLATED)
_0785_/S                                0.100000    0.237580   -0.137580 (VIOLATED)
_0783_/S                                0.100000    0.237579   -0.137579 (VIOLATED)
_0784_/S                                0.100000    0.237578   -0.137578 (VIOLATED)
_0723_/S                                0.100000    0.237573   -0.137573 (VIOLATED)
_0724_/S                                0.100000    0.237573   -0.137573 (VIOLATED)
_0734_/S                                0.100000    0.237573   -0.137573 (VIOLATED)
_0725_/S                                0.100000    0.237572   -0.137572 (VIOLATED)
_0726_/S                                0.100000    0.237570   -0.137570 (VIOLATED)
_0786_/S                                0.100000    0.237569   -0.137569 (VIOLATED)
_0787_/S                                0.100000    0.237569   -0.137569 (VIOLATED)
_0735_/S                                0.100000    0.237568   -0.137568 (VIOLATED)
_0722_/S                                0.100000    0.237560   -0.137560 (VIOLATED)
_0733_/S                                0.100000    0.237559   -0.137559 (VIOLATED)
_0782_/S                                0.100000    0.237559   -0.137559 (VIOLATED)
_0732_/S                                0.100000    0.237558   -0.137558 (VIOLATED)
_0721_/S                                0.100000    0.237547   -0.137547 (VIOLATED)
_0719_/S                                0.100000    0.237543   -0.137543 (VIOLATED)
_0720_/S                                0.100000    0.237535   -0.137535 (VIOLATED)
_0692_/A                                0.100000    0.237498   -0.137498 (VIOLATED)
_0689_/A                                0.100000    0.237420   -0.137420 (VIOLATED)
max_cap13/X                             0.100000    0.237420   -0.137420 (VIOLATED)
_0933_/S                                0.100000    0.226804   -0.126804 (VIOLATED)
_0932_/S                                0.100000    0.226804   -0.126804 (VIOLATED)
_0931_/S                                0.100000    0.226803   -0.126803 (VIOLATED)
_0930_/S                                0.100000    0.226802   -0.126802 (VIOLATED)
_0929_/S                                0.100000    0.226801   -0.126801 (VIOLATED)
_0909_/S                                0.100000    0.226797   -0.126797 (VIOLATED)
_0927_/S                                0.100000    0.226795   -0.126795 (VIOLATED)
_0928_/S                                0.100000    0.226795   -0.126795 (VIOLATED)
_0907_/S                                0.100000    0.226793   -0.126793 (VIOLATED)
_0908_/S                                0.100000    0.226790   -0.126790 (VIOLATED)
_0917_/S                                0.100000    0.226786   -0.126786 (VIOLATED)
_0906_/S                                0.100000    0.226781   -0.126781 (VIOLATED)
_0905_/S                                0.100000    0.226777   -0.126777 (VIOLATED)
_0934_/S                                0.100000    0.226777   -0.126777 (VIOLATED)
_0935_/S                                0.100000    0.226777   -0.126777 (VIOLATED)
_0926_/S                                0.100000    0.226776   -0.126776 (VIOLATED)
_0925_/S                                0.100000    0.226776   -0.126776 (VIOLATED)
_0911_/S                                0.100000    0.226775   -0.126775 (VIOLATED)
_0910_/S                                0.100000    0.226774   -0.126774 (VIOLATED)
_0904_/S                                0.100000    0.226774   -0.126774 (VIOLATED)
_0913_/S                                0.100000    0.226772   -0.126772 (VIOLATED)
_0914_/S                                0.100000    0.226771   -0.126771 (VIOLATED)
_0922_/S                                0.100000    0.226769   -0.126769 (VIOLATED)
_0912_/S                                0.100000    0.226768   -0.126768 (VIOLATED)
_0915_/S                                0.100000    0.226766   -0.126766 (VIOLATED)
_0903_/S                                0.100000    0.226766   -0.126766 (VIOLATED)
_0916_/S                                0.100000    0.226761   -0.126761 (VIOLATED)
_0918_/S                                0.100000    0.226756   -0.126756 (VIOLATED)
_0919_/S                                0.100000    0.226753   -0.126753 (VIOLATED)
_0920_/S                                0.100000    0.226742   -0.126742 (VIOLATED)
_0891_/S                                0.100000    0.226725   -0.126725 (VIOLATED)
_0901_/S                                0.100000    0.226719   -0.126719 (VIOLATED)
_0924_/S                                0.100000    0.226719   -0.126719 (VIOLATED)
_0899_/S                                0.100000    0.226719   -0.126719 (VIOLATED)
_0900_/S                                0.100000    0.226719   -0.126719 (VIOLATED)
_0923_/S                                0.100000    0.226718   -0.126718 (VIOLATED)
_0902_/S                                0.100000    0.226717   -0.126717 (VIOLATED)
_0898_/S                                0.100000    0.226717   -0.126717 (VIOLATED)
_0897_/S                                0.100000    0.226716   -0.126716 (VIOLATED)
_0896_/S                                0.100000    0.226715   -0.126715 (VIOLATED)
_0921_/S                                0.100000    0.226715   -0.126715 (VIOLATED)
max_cap10/A                             0.100000    0.226714   -0.126714 (VIOLATED)
_0895_/S                                0.100000    0.226711   -0.126711 (VIOLATED)
_0894_/S                                0.100000    0.226622   -0.126622 (VIOLATED)
_0892_/S                                0.100000    0.226616   -0.126616 (VIOLATED)
_0893_/S                                0.100000    0.226616   -0.126616 (VIOLATED)
max_cap11/X                             0.100000    0.226615   -0.126615 (VIOLATED)
_0549_/Y                                0.100000    0.216824   -0.116824 (VIOLATED)
_0551_/B                                0.100000    0.216824   -0.116824 (VIOLATED)
_0666_/A1                               0.100000    0.216824   -0.116824 (VIOLATED)
_0687_/A1                               0.100000    0.216824   -0.116824 (VIOLATED)
_1012_/A2                               0.100000    0.216824   -0.116824 (VIOLATED)
_0548_/Y                                0.100000    0.188548   -0.088548 (VIOLATED)
_0551_/A                                0.100000    0.188548   -0.088548 (VIOLATED)
_0686_/A                                0.100000    0.188548   -0.088548 (VIOLATED)
_0881_/A2                               0.100000    0.188548   -0.088548 (VIOLATED)
_0570_/X                                0.100000    0.182649   -0.082649 (VIOLATED)
_0572_/B                                0.100000    0.182649   -0.082649 (VIOLATED)
_0577_/A                                0.100000    0.182649   -0.082649 (VIOLATED)
_0582_/A                                0.100000    0.182649   -0.082649 (VIOLATED)
_0595_/A                                0.100000    0.182649   -0.082649 (VIOLATED)
_0615_/A                                0.100000    0.182649   -0.082649 (VIOLATED)
_0620_/B1                               0.100000    0.182649   -0.082649 (VIOLATED)
_0628_/A                                0.100000    0.182649   -0.082649 (VIOLATED)
_0638_/B                                0.100000    0.182649   -0.082649 (VIOLATED)
_0661_/B                                0.100000    0.182649   -0.082649 (VIOLATED)
_0664_/B                                0.100000    0.182649   -0.082649 (VIOLATED)
_0554_/Y                                0.100000    0.176974   -0.076974 (VIOLATED)
_0555_/B                                0.100000    0.176974   -0.076974 (VIOLATED)
_0855_/A                                0.100000    0.176974   -0.076974 (VIOLATED)
_0856_/B                                0.100000    0.176974   -0.076974 (VIOLATED)
_0692_/X                                0.100000    0.170931   -0.070931 (VIOLATED)
_0694_/A                                0.100000    0.170931   -0.070931 (VIOLATED)
_0695_/B1                               0.100000    0.170931   -0.070931 (VIOLATED)
_0696_/A2                               0.100000    0.170931   -0.070931 (VIOLATED)
_0697_/B1                               0.100000    0.170931   -0.070931 (VIOLATED)
_0698_/A3                               0.100000    0.170931   -0.070931 (VIOLATED)
_0700_/D                                0.100000    0.170931   -0.070931 (VIOLATED)
_0863_/X                                0.100000    0.167665   -0.067665 (VIOLATED)
_0865_/A                                0.100000    0.167665   -0.067665 (VIOLATED)
_0866_/B1                               0.100000    0.167665   -0.067665 (VIOLATED)
_0867_/A2                               0.100000    0.167665   -0.067665 (VIOLATED)
_0868_/B1                               0.100000    0.167665   -0.067665 (VIOLATED)
_0869_/A3                               0.100000    0.167665   -0.067665 (VIOLATED)
_0871_/D                                0.100000    0.167665   -0.067665 (VIOLATED)
_0541_/A                                0.100000    0.166216   -0.066216 (VIOLATED)
_0618_/S                                0.100000    0.166216   -0.066216 (VIOLATED)
_0619_/A                                0.100000    0.166216   -0.066216 (VIOLATED)
_0620_/A1                               0.100000    0.166216   -0.066216 (VIOLATED)
_0622_/A1                               0.100000    0.166216   -0.066216 (VIOLATED)
_0625_/A1                               0.100000    0.166216   -0.066216 (VIOLATED)
_0626_/A                                0.100000    0.166216   -0.066216 (VIOLATED)
_1072_/Q                                0.100000    0.166216   -0.066216 (VIOLATED)
_0555_/Y                                0.100000    0.159821   -0.059821 (VIOLATED)
_0558_/A                                0.100000    0.159821   -0.059821 (VIOLATED)
_0857_/A                                0.100000    0.159821   -0.059821 (VIOLATED)
_1033_/A2                               0.100000    0.159821   -0.059821 (VIOLATED)
_0601_/X                                0.100000    0.155008   -0.055008 (VIOLATED)
_0602_/A                                0.100000    0.155008   -0.055008 (VIOLATED)
_0605_/S                                0.100000    0.155008   -0.055008 (VIOLATED)
_0607_/B1                               0.100000    0.155008   -0.055008 (VIOLATED)
_0616_/C                                0.100000    0.155008   -0.055008 (VIOLATED)
_0620_/Y                                0.100000    0.152919   -0.052919 (VIOLATED)
_0623_/A                                0.100000    0.152919   -0.052919 (VIOLATED)
_0624_/A1                               0.100000    0.152919   -0.052919 (VIOLATED)
_0868_/Y                                0.100000    0.150555   -0.050555 (VIOLATED)
_0869_/B1                               0.100000    0.150555   -0.050555 (VIOLATED)
_0607_/Y                                0.100000    0.150114   -0.050114 (VIOLATED)
_0609_/A                                0.100000    0.150114   -0.050114 (VIOLATED)
_0589_/X                                0.100000    0.148236   -0.048236 (VIOLATED)
_0590_/A                                0.100000    0.148236   -0.048236 (VIOLATED)
_0592_/B1                               0.100000    0.148236   -0.048236 (VIOLATED)
_0593_/A2                               0.100000    0.148236   -0.048236 (VIOLATED)
_0594_/C                                0.100000    0.148236   -0.048236 (VIOLATED)
_0601_/A                                0.100000    0.148236   -0.048236 (VIOLATED)
_0608_/C                                0.100000    0.148236   -0.048236 (VIOLATED)
_0614_/A                                0.100000    0.148236   -0.048236 (VIOLATED)
_0627_/A                                0.100000    0.148236   -0.048236 (VIOLATED)
_0653_/A                                0.100000    0.148236   -0.048236 (VIOLATED)
_0697_/Y                                0.100000    0.147513   -0.047513 (VIOLATED)
_0698_/B1                               0.100000    0.147513   -0.047513 (VIOLATED)
_0621_/X                                0.100000    0.147355   -0.047355 (VIOLATED)
_0622_/A2                               0.100000    0.147355   -0.047355 (VIOLATED)
_0625_/A4                               0.100000    0.147355   -0.047355 (VIOLATED)
_0631_/A2                               0.100000    0.147355   -0.047355 (VIOLATED)
_0644_/A2                               0.100000    0.147355   -0.047355 (VIOLATED)
_0866_/A1                               0.100000    0.147082   -0.047082 (VIOLATED)
_0867_/A1                               0.100000    0.147082   -0.047082 (VIOLATED)
_0868_/B2                               0.100000    0.147082   -0.047082 (VIOLATED)
_0869_/A1                               0.100000    0.147082   -0.047082 (VIOLATED)
_0871_/A                                0.100000    0.147082   -0.047082 (VIOLATED)
_0873_/A1                               0.100000    0.147082   -0.047082 (VIOLATED)
_1243_/Q                                0.100000    0.147082   -0.047082 (VIOLATED)
_0695_/A1                               0.100000    0.145349   -0.045349 (VIOLATED)
_0696_/A1                               0.100000    0.145349   -0.045349 (VIOLATED)
_0697_/B2                               0.100000    0.145349   -0.045349 (VIOLATED)
_0698_/A1                               0.100000    0.145349   -0.045349 (VIOLATED)
_0700_/A                                0.100000    0.145349   -0.045349 (VIOLATED)
_0702_/A1                               0.100000    0.145349   -0.045349 (VIOLATED)
_1099_/Q                                0.100000    0.145349   -0.045349 (VIOLATED)
_1017_/X                                0.100000    0.144692   -0.044692 (VIOLATED)
_1019_/A                                0.100000    0.144692   -0.044692 (VIOLATED)
_1020_/B                                0.100000    0.144692   -0.044692 (VIOLATED)
_1021_/C                                0.100000    0.144692   -0.044692 (VIOLATED)
_1022_/A2                               0.100000    0.144692   -0.044692 (VIOLATED)
_0547_/Y                                0.100000    0.140799   -0.040799 (VIOLATED)
_0548_/B                                0.100000    0.140799   -0.040799 (VIOLATED)
_0684_/A                                0.100000    0.140799   -0.040799 (VIOLATED)
_0685_/B                                0.100000    0.140799   -0.040799 (VIOLATED)
_1025_/X                                0.100000    0.139289   -0.039289 (VIOLATED)
_1027_/A                                0.100000    0.139289   -0.039289 (VIOLATED)
_1028_/B                                0.100000    0.139289   -0.039289 (VIOLATED)
_1029_/C                                0.100000    0.139289   -0.039289 (VIOLATED)
_1030_/A2                               0.100000    0.139289   -0.039289 (VIOLATED)
_0690_/Y                                0.100000    0.138161   -0.038161 (VIOLATED)
_1097_/D                                0.100000    0.138161   -0.038161 (VIOLATED)
_1021_/X                                0.100000    0.137578   -0.037578 (VIOLATED)
_1023_/A                                0.100000    0.137578   -0.037578 (VIOLATED)
_1024_/B                                0.100000    0.137578   -0.037578 (VIOLATED)
_1025_/C                                0.100000    0.137578   -0.037578 (VIOLATED)
_1026_/A2                               0.100000    0.137578   -0.037578 (VIOLATED)
_0861_/Y                                0.100000    0.137462   -0.037462 (VIOLATED)
_1241_/D                                0.100000    0.137462   -0.037462 (VIOLATED)
_0541_/B                                0.100000    0.136920   -0.036920 (VIOLATED)
_0619_/B                                0.100000    0.136920   -0.036920 (VIOLATED)
_0620_/A2                               0.100000    0.136920   -0.036920 (VIOLATED)
_0622_/B1                               0.100000    0.136920   -0.036920 (VIOLATED)
_0625_/A2                               0.100000    0.136920   -0.036920 (VIOLATED)
_0626_/B                                0.100000    0.136920   -0.036920 (VIOLATED)
_1073_/Q                                0.100000    0.136920   -0.036920 (VIOLATED)
_0540_/A                                0.100000    0.135143   -0.035143 (VIOLATED)
_0604_/A                                0.100000    0.135143   -0.035143 (VIOLATED)
_0605_/A1                               0.100000    0.135143   -0.035143 (VIOLATED)
_0607_/B2                               0.100000    0.135143   -0.035143 (VIOLATED)
_0608_/A                                0.100000    0.135143   -0.035143 (VIOLATED)
_0611_/A                                0.100000    0.135143   -0.035143 (VIOLATED)
_1068_/Q                                0.100000    0.135143   -0.035143 (VIOLATED)
_0655_/B                                0.100000    0.135040   -0.035040 (VIOLATED)
_0658_/B                                0.100000    0.135040   -0.035040 (VIOLATED)
_0642_/B1                               0.100000    0.135040   -0.035040 (VIOLATED)
_0651_/B                                0.100000    0.135040   -0.035040 (VIOLATED)
_0648_/B                                0.100000    0.135040   -0.035040 (VIOLATED)
_0591_/A                                0.100000    0.135039   -0.035039 (VIOLATED)
_0634_/B                                0.100000    0.135039   -0.035039 (VIOLATED)
_0633_/A                                0.100000    0.135039   -0.035039 (VIOLATED)
_0647_/A                                0.100000    0.135039   -0.035039 (VIOLATED)
_0592_/A2                               0.100000    0.135039   -0.035039 (VIOLATED)
_0607_/A2                               0.100000    0.135039   -0.035039 (VIOLATED)
_0610_/A2                               0.100000    0.135039   -0.035039 (VIOLATED)
_0571_/Y                                0.100000    0.135039   -0.035039 (VIOLATED)
_0603_/A                                0.100000    0.135039   -0.035039 (VIOLATED)
_0604_/B                                0.100000    0.135039   -0.035039 (VIOLATED)
_0538_/A                                0.100000    0.133282   -0.033282 (VIOLATED)
_0592_/A1                               0.100000    0.133282   -0.033282 (VIOLATED)
_0593_/A1                               0.100000    0.133282   -0.033282 (VIOLATED)
_0594_/A                                0.100000    0.133282   -0.033282 (VIOLATED)
_0596_/A                                0.100000    0.133282   -0.033282 (VIOLATED)
_0600_/A                                0.100000    0.133282   -0.033282 (VIOLATED)
_1064_/Q                                0.100000    0.133282   -0.033282 (VIOLATED)
_0563_/A                                0.100000    0.133200   -0.033200 (VIOLATED)
_1013_/A                                0.100000    0.133200   -0.033200 (VIOLATED)
_1014_/A                                0.100000    0.133200   -0.033200 (VIOLATED)
_1015_/A1                               0.100000    0.133200   -0.033200 (VIOLATED)
_1017_/A                                0.100000    0.133200   -0.033200 (VIOLATED)
_1381_/Q                                0.100000    0.133200   -0.033200 (VIOLATED)
_0653_/X                                0.100000    0.132137   -0.032137 (VIOLATED)
_0654_/B1_N                             0.100000    0.132137   -0.032137 (VIOLATED)
_0656_/B                                0.100000    0.132137   -0.032137 (VIOLATED)
_0657_/A1                               0.100000    0.132137   -0.032137 (VIOLATED)
_0659_/C                                0.100000    0.132137   -0.032137 (VIOLATED)
_0662_/D                                0.100000    0.132137   -0.032137 (VIOLATED)
_0871_/X                                0.100000    0.130733   -0.030733 (VIOLATED)
_0872_/A                                0.100000    0.130733   -0.030733 (VIOLATED)
_0875_/B                                0.100000    0.130733   -0.030733 (VIOLATED)
_0876_/B1                               0.100000    0.130733   -0.030733 (VIOLATED)
_0838_/X                                0.100000    0.130505   -0.030505 (VIOLATED)
_0841_/A                                0.100000    0.130505   -0.030505 (VIOLATED)
_0852_/B1                               0.100000    0.130505   -0.030505 (VIOLATED)
_0861_/A                                0.100000    0.130505   -0.030505 (VIOLATED)
_1010_/B1                               0.100000    0.130505   -0.030505 (VIOLATED)
_1038_/X                                0.100000    0.130296   -0.030296 (VIOLATED)
_1040_/A_N                              0.100000    0.130296   -0.030296 (VIOLATED)
_1041_/B                                0.100000    0.130296   -0.030296 (VIOLATED)
_1042_/B                                0.100000    0.130296   -0.030296 (VIOLATED)
_1045_/D                                0.100000    0.130296   -0.030296 (VIOLATED)
_1046_/A3                               0.100000    0.130296   -0.030296 (VIOLATED)
_0552_/B                                0.100000    0.130041   -0.030041 (VIOLATED)
_0837_/S                                0.100000    0.130041   -0.030041 (VIOLATED)
_0840_/C                                0.100000    0.130041   -0.030041 (VIOLATED)
_0842_/A1                               0.100000    0.130041   -0.030041 (VIOLATED)
_0845_/A2                               0.100000    0.130041   -0.030041 (VIOLATED)
_1232_/Q                                0.100000    0.130041   -0.030041 (VIOLATED)
_1045_/X                                0.100000    0.128724   -0.028724 (VIOLATED)
_1047_/A_N                              0.100000    0.128724   -0.028724 (VIOLATED)
_1048_/B                                0.100000    0.128724   -0.028724 (VIOLATED)
_1049_/C                                0.100000    0.128724   -0.028724 (VIOLATED)
_1050_/A2                               0.100000    0.128724   -0.028724 (VIOLATED)
_0535_/A                                0.100000    0.128717   -0.028717 (VIOLATED)
_0630_/S                                0.100000    0.128717   -0.028717 (VIOLATED)
_0631_/A1                               0.100000    0.128717   -0.028717 (VIOLATED)
_0632_/A                                0.100000    0.128717   -0.028717 (VIOLATED)
_0635_/A                                0.100000    0.128717   -0.028717 (VIOLATED)
_1076_/Q                                0.100000    0.128717   -0.028717 (VIOLATED)
_0537_/A2                               0.100000    0.128241   -0.028241 (VIOLATED)
_0574_/S                                0.100000    0.128241   -0.028241 (VIOLATED)
_0575_/A1                               0.100000    0.128241   -0.028241 (VIOLATED)
_0576_/A                                0.100000    0.128241   -0.028241 (VIOLATED)
_0580_/A                                0.100000    0.128241   -0.028241 (VIOLATED)
_1058_/Q                                0.100000    0.128241   -0.028241 (VIOLATED)
_0614_/X                                0.100000    0.128071   -0.028071 (VIOLATED)
_0615_/B                                0.100000    0.128071   -0.028071 (VIOLATED)
_0616_/A_N                              0.100000    0.128071   -0.028071 (VIOLATED)
_0618_/A0                               0.100000    0.128071   -0.028071 (VIOLATED)
_0619_/C                                0.100000    0.128071   -0.028071 (VIOLATED)
_0620_/A3                               0.100000    0.128071   -0.028071 (VIOLATED)
_0545_/B                                0.100000    0.126856   -0.026856 (VIOLATED)
_0666_/S                                0.100000    0.126856   -0.026856 (VIOLATED)
_0669_/C                                0.100000    0.126856   -0.026856 (VIOLATED)
_0671_/A1                               0.100000    0.126856   -0.026856 (VIOLATED)
_0674_/A2                               0.100000    0.126856   -0.026856 (VIOLATED)
_1088_/Q                                0.100000    0.126856   -0.026856 (VIOLATED)
_0613_/X                                0.100000    0.126263   -0.026263 (VIOLATED)
_0614_/B                                0.100000    0.126263   -0.026263 (VIOLATED)
_0621_/C                                0.100000    0.126263   -0.026263 (VIOLATED)
_0627_/B                                0.100000    0.126263   -0.026263 (VIOLATED)
_0641_/C                                0.100000    0.126263   -0.026263 (VIOLATED)
_0653_/B                                0.100000    0.126263   -0.026263 (VIOLATED)
_0700_/X                                0.100000    0.124996   -0.024996 (VIOLATED)
_0701_/A                                0.100000    0.124996   -0.024996 (VIOLATED)
_0704_/B                                0.100000    0.124996   -0.024996 (VIOLATED)
_0705_/B1                               0.100000    0.124996   -0.024996 (VIOLATED)
_0564_/A1                               0.100000    0.124197   -0.024197 (VIOLATED)
_1024_/A                                0.100000    0.124197   -0.024197 (VIOLATED)
_1025_/A                                0.100000    0.124197   -0.024197 (VIOLATED)
_1026_/A1                               0.100000    0.124197   -0.024197 (VIOLATED)
_1386_/Q                                0.100000    0.124197   -0.024197 (VIOLATED)
_0595_/Y                                0.100000    0.123509   -0.023509 (VIOLATED)
_0597_/B1                               0.100000    0.123509   -0.023509 (VIOLATED)
_0598_/A1                               0.100000    0.123509   -0.023509 (VIOLATED)
_0562_/C                                0.100000    0.122457   -0.022457 (VIOLATED)
_1028_/A                                0.100000    0.122457   -0.022457 (VIOLATED)
_1029_/A                                0.100000    0.122457   -0.022457 (VIOLATED)
_1030_/A1                               0.100000    0.122457   -0.022457 (VIOLATED)
_1388_/Q                                0.100000    0.122457   -0.022457 (VIOLATED)
_0557_/X                                0.100000    0.121204   -0.021204 (VIOLATED)
_0842_/A2                               0.100000    0.121204   -0.021204 (VIOLATED)
_0845_/A4                               0.100000    0.121204   -0.021204 (VIOLATED)
_0851_/A2                               0.100000    0.121204   -0.021204 (VIOLATED)
_0852_/A3                               0.100000    0.121204   -0.021204 (VIOLATED)
_0854_/A3                               0.100000    0.121204   -0.021204 (VIOLATED)
_0859_/A2                               0.100000    0.121204   -0.021204 (VIOLATED)
_0873_/A3                               0.100000    0.121204   -0.021204 (VIOLATED)
_0858_/S                                0.100000    0.121086   -0.021086 (VIOLATED)
_0859_/A1                               0.100000    0.121086   -0.021086 (VIOLATED)
_0860_/B                                0.100000    0.121086   -0.021086 (VIOLATED)
_0862_/A                                0.100000    0.121086   -0.021086 (VIOLATED)
_0863_/B                                0.100000    0.121086   -0.021086 (VIOLATED)
_1240_/Q                                0.100000    0.121086   -0.021086 (VIOLATED)
_0641_/X                                0.100000    0.120551   -0.020551 (VIOLATED)
_0642_/A2                               0.100000    0.120551   -0.020551 (VIOLATED)
_0643_/A2                               0.100000    0.120551   -0.020551 (VIOLATED)
_0646_/A                                0.100000    0.120551   -0.020551 (VIOLATED)
_0649_/B                                0.100000    0.120551   -0.020551 (VIOLATED)
_0553_/X                                0.100000    0.120394   -0.020394 (VIOLATED)
_0554_/D                                0.100000    0.120394   -0.020394 (VIOLATED)
_0851_/A1                               0.100000    0.120394   -0.020394 (VIOLATED)
_0852_/A2                               0.100000    0.120394   -0.020394 (VIOLATED)
_0854_/A2                               0.100000    0.120394   -0.020394 (VIOLATED)
_1026_/Y                                0.100000    0.120196   -0.020196 (VIOLATED)
_1027_/B                                0.100000    0.120196   -0.020196 (VIOLATED)
_0582_/Y                                0.100000    0.119778   -0.019778 (VIOLATED)
_0584_/B1                               0.100000    0.119778   -0.019778 (VIOLATED)
_0585_/A1                               0.100000    0.119778   -0.019778 (VIOLATED)
_0550_/X                                0.100000    0.119041   -0.019041 (VIOLATED)
_0671_/A2                               0.100000    0.119041   -0.019041 (VIOLATED)
_0674_/A4                               0.100000    0.119041   -0.019041 (VIOLATED)
_0680_/C                                0.100000    0.119041   -0.019041 (VIOLATED)
_0681_/A3                               0.100000    0.119041   -0.019041 (VIOLATED)
_0683_/A3                               0.100000    0.119041   -0.019041 (VIOLATED)
_0688_/A2                               0.100000    0.119041   -0.019041 (VIOLATED)
_0702_/A3                               0.100000    0.119041   -0.019041 (VIOLATED)
_0687_/S                                0.100000    0.118326   -0.018326 (VIOLATED)
_0688_/A1                               0.100000    0.118326   -0.018326 (VIOLATED)
_0689_/B                                0.100000    0.118326   -0.018326 (VIOLATED)
_0691_/A                                0.100000    0.118326   -0.018326 (VIOLATED)
_0692_/B                                0.100000    0.118326   -0.018326 (VIOLATED)
_1096_/Q                                0.100000    0.118326   -0.018326 (VIOLATED)
_0559_/Y                                0.100000    0.117796   -0.017796 (VIOLATED)
_0561_/B                                0.100000    0.117796   -0.017796 (VIOLATED)
_0566_/A1                               0.100000    0.117796   -0.017796 (VIOLATED)
_0563_/D                                0.100000    0.117583   -0.017583 (VIOLATED)
_1020_/A                                0.100000    0.117583   -0.017583 (VIOLATED)
_1021_/A                                0.100000    0.117583   -0.017583 (VIOLATED)
_1022_/A1                               0.100000    0.117583   -0.017583 (VIOLATED)
_1384_/Q                                0.100000    0.117583   -0.017583 (VIOLATED)
_0627_/X                                0.100000    0.117285   -0.017285 (VIOLATED)
_0628_/B                                0.100000    0.117285   -0.017285 (VIOLATED)
_0630_/A0                               0.100000    0.117285   -0.017285 (VIOLATED)
_0632_/C                                0.100000    0.117285   -0.017285 (VIOLATED)
_0636_/A                                0.100000    0.117285   -0.017285 (VIOLATED)
_0846_/Y                                0.100000    0.116919   -0.016919 (VIOLATED)
_0847_/C                                0.100000    0.116919   -0.016919 (VIOLATED)
_0849_/S                                0.100000    0.116919   -0.016919 (VIOLATED)
_0539_/B                                0.100000    0.116297   -0.016297 (VIOLATED)
_0581_/A                                0.100000    0.116297   -0.016297 (VIOLATED)
_0584_/A1                               0.100000    0.116297   -0.016297 (VIOLATED)
_0586_/A1                               0.100000    0.116297   -0.016297 (VIOLATED)
_0587_/A                                0.100000    0.116297   -0.016297 (VIOLATED)
_1061_/Q                                0.100000    0.116297   -0.016297 (VIOLATED)
_0538_/B                                0.100000    0.116101   -0.016101 (VIOLATED)
_0594_/B                                0.100000    0.116101   -0.016101 (VIOLATED)
_0597_/A1                               0.100000    0.116101   -0.016101 (VIOLATED)
_0599_/A1                               0.100000    0.116101   -0.016101 (VIOLATED)
_0600_/B                                0.100000    0.116101   -0.016101 (VIOLATED)
_1065_/Q                                0.100000    0.116101   -0.016101 (VIOLATED)
_0534_/A                                0.100000    0.115462   -0.015462 (VIOLATED)
_0642_/A1                               0.100000    0.115462   -0.015462 (VIOLATED)
_0643_/A1                               0.100000    0.115462   -0.015462 (VIOLATED)
_0644_/A1                               0.100000    0.115462   -0.015462 (VIOLATED)
_0645_/A                                0.100000    0.115462   -0.015462 (VIOLATED)
_1080_/Q                                0.100000    0.115462   -0.015462 (VIOLATED)
_0615_/Y                                0.100000    0.113364   -0.013364 (VIOLATED)
_0617_/A2                               0.100000    0.113364   -0.013364 (VIOLATED)
_0618_/A1                               0.100000    0.113364   -0.013364 (VIOLATED)
_0531_/A                                0.100000    0.112938   -0.012938 (VIOLATED)
_1013_/B                                0.100000    0.112938   -0.012938 (VIOLATED)
_1014_/C                                0.100000    0.112938   -0.012938 (VIOLATED)
_1015_/A2                               0.100000    0.112938   -0.012938 (VIOLATED)
_1017_/D                                0.100000    0.112938   -0.012938 (VIOLATED)
_1034_/B                                0.100000    0.112938   -0.012938 (VIOLATED)
_1035_/B                                0.100000    0.112938   -0.012938 (VIOLATED)
_1038_/B                                0.100000    0.112938   -0.012938 (VIOLATED)
_1039_/A2                               0.100000    0.112938   -0.012938 (VIOLATED)
_1392_/Q                                0.100000    0.112938   -0.012938 (VIOLATED)
output7/A                               0.100000    0.112938   -0.012938 (VIOLATED)
_1024_/X                                0.100000    0.112735   -0.012735 (VIOLATED)
_1386_/D                                0.100000    0.112735   -0.012735 (VIOLATED)
_0841_/Y                                0.100000    0.112594   -0.012594 (VIOLATED)
_0843_/A                                0.100000    0.112594   -0.012594 (VIOLATED)
_0844_/A1                               0.100000    0.112594   -0.012594 (VIOLATED)
_1055_/Y                                0.100000    0.112454   -0.012454 (VIOLATED)
_1402_/D                                0.100000    0.112454   -0.012454 (VIOLATED)
_0688_/Y                                0.100000    0.112357   -0.012357 (VIOLATED)
_0690_/B                                0.100000    0.112357   -0.012357 (VIOLATED)
_0610_/Y                                0.100000    0.111629   -0.011629 (VIOLATED)
_0612_/B1                               0.100000    0.111629   -0.011629 (VIOLATED)
_0668_/Y                                0.100000    0.111108   -0.011108 (VIOLATED)
_0676_/A                                0.100000    0.111108   -0.011108 (VIOLATED)
_0677_/B                                0.100000    0.111108   -0.011108 (VIOLATED)
_0682_/A                                0.100000    0.111108   -0.011108 (VIOLATED)
_0684_/B                                0.100000    0.111108   -0.011108 (VIOLATED)
_0685_/C                                0.100000    0.111108   -0.011108 (VIOLATED)
_0693_/A2                               0.100000    0.111108   -0.011108 (VIOLATED)
_0695_/A2                               0.100000    0.111108   -0.011108 (VIOLATED)
_0697_/A2                               0.100000    0.111108   -0.011108 (VIOLATED)
_0703_/A                                0.100000    0.111108   -0.011108 (VIOLATED)
_0705_/A2                               0.100000    0.111108   -0.011108 (VIOLATED)
_0707_/B                                0.100000    0.111108   -0.011108 (VIOLATED)
_0881_/B1                               0.100000    0.111108   -0.011108 (VIOLATED)
_0539_/C                                0.100000    0.110948   -0.010948 (VIOLATED)
_0585_/S                                0.100000    0.110948   -0.010948 (VIOLATED)
_0586_/A2                               0.100000    0.110948   -0.010948 (VIOLATED)
_0587_/B                                0.100000    0.110948   -0.010948 (VIOLATED)
_1062_/Q                                0.100000    0.110948   -0.010948 (VIOLATED)
_0547_/B                                0.100000    0.110864   -0.010864 (VIOLATED)
_0680_/A                                0.100000    0.110864   -0.010864 (VIOLATED)
_0681_/B1                               0.100000    0.110864   -0.010864 (VIOLATED)
_0683_/A1                               0.100000    0.110864   -0.010864 (VIOLATED)
_1093_/Q                                0.100000    0.110864   -0.010864 (VIOLATED)
_0851_/Y                                0.100000    0.110403   -0.010403 (VIOLATED)
_0853_/A                                0.100000    0.110403   -0.010403 (VIOLATED)
_0554_/B                                0.100000    0.110228   -0.010228 (VIOLATED)
_0851_/B1                               0.100000    0.110228   -0.010228 (VIOLATED)
_0852_/A1                               0.100000    0.110228   -0.010228 (VIOLATED)
_0854_/A1                               0.100000    0.110228   -0.010228 (VIOLATED)
_1237_/Q                                0.100000    0.110228   -0.010228 (VIOLATED)
_0608_/X                                0.100000    0.110193   -0.010193 (VIOLATED)
_0609_/B                                0.100000    0.110193   -0.010193 (VIOLATED)
_0610_/B1                               0.100000    0.110193   -0.010193 (VIOLATED)
_0612_/A2                               0.100000    0.110193   -0.010193 (VIOLATED)
_1050_/Y                                0.100000    0.108949   -0.008949 (VIOLATED)
_1051_/B                                0.100000    0.108949   -0.008949 (VIOLATED)
_0868_/A1                               0.100000    0.108946   -0.008946 (VIOLATED)
_0869_/A2                               0.100000    0.108946   -0.008946 (VIOLATED)
_0871_/B                                0.100000    0.108946   -0.008946 (VIOLATED)
_0873_/A2                               0.100000    0.108946   -0.008946 (VIOLATED)
_1244_/Q                                0.100000    0.108946   -0.008946 (VIOLATED)
_1030_/Y                                0.100000    0.108891   -0.008891 (VIOLATED)
_1031_/B                                0.100000    0.108891   -0.008891 (VIOLATED)
_0859_/Y                                0.100000    0.108395   -0.008395 (VIOLATED)
_0861_/B                                0.100000    0.108395   -0.008395 (VIOLATED)
_1037_/Y                                0.100000    0.107345   -0.007345 (VIOLATED)
_1394_/D                                0.100000    0.107345   -0.007345 (VIOLATED)
_0538_/C                                0.100000    0.107306   -0.007306 (VIOLATED)
_0598_/S                                0.100000    0.107306   -0.007306 (VIOLATED)
_0599_/A2                               0.100000    0.107306   -0.007306 (VIOLATED)
_0600_/C                                0.100000    0.107306   -0.007306 (VIOLATED)
_1066_/Q                                0.100000    0.107306   -0.007306 (VIOLATED)
_0839_/Y                                0.100000    0.107207   -0.007207 (VIOLATED)
_0847_/A                                0.100000    0.107207   -0.007207 (VIOLATED)
_0848_/B                                0.100000    0.107207   -0.007207 (VIOLATED)
_0855_/B                                0.100000    0.107207   -0.007207 (VIOLATED)
_0856_/C                                0.100000    0.107207   -0.007207 (VIOLATED)
_0864_/A2                               0.100000    0.107207   -0.007207 (VIOLATED)
_0866_/A2                               0.100000    0.107207   -0.007207 (VIOLATED)
_0868_/A2                               0.100000    0.107207   -0.007207 (VIOLATED)
_0874_/A                                0.100000    0.107207   -0.007207 (VIOLATED)
_0876_/A2                               0.100000    0.107207   -0.007207 (VIOLATED)
_0878_/B                                0.100000    0.107207   -0.007207 (VIOLATED)
_1033_/B1                               0.100000    0.107207   -0.007207 (VIOLATED)
_1037_/A                                0.100000    0.107055   -0.007055 (VIOLATED)
_1038_/C                                0.100000    0.107055   -0.007055 (VIOLATED)
_1039_/A3                               0.100000    0.107055   -0.007055 (VIOLATED)
_1394_/Q                                0.100000    0.107055   -0.007055 (VIOLATED)
_0866_/Y                                0.100000    0.106722   -0.006722 (VIOLATED)
_0867_/B1                               0.100000    0.106722   -0.006722 (VIOLATED)
_0628_/Y                                0.100000    0.106606   -0.006606 (VIOLATED)
_0629_/B                                0.100000    0.106606   -0.006606 (VIOLATED)
_0630_/A1                               0.100000    0.106606   -0.006606 (VIOLATED)
_1013_/X                                0.100000    0.106500   -0.006500 (VIOLATED)
_1381_/D                                0.100000    0.106500   -0.006500 (VIOLATED)
_0566_/S                                0.100000    0.106415   -0.006415 (VIOLATED)
_0567_/A2                               0.100000    0.106415   -0.006415 (VIOLATED)
_0568_/A                                0.100000    0.106415   -0.006415 (VIOLATED)
_0569_/B                                0.100000    0.106415   -0.006415 (VIOLATED)
_1056_/Q                                0.100000    0.106415   -0.006415 (VIOLATED)
_0693_/Y                                0.100000    0.106396   -0.006396 (VIOLATED)
_0694_/B                                0.100000    0.106396   -0.006396 (VIOLATED)
_0697_/A1                               0.100000    0.106353   -0.006353 (VIOLATED)
_0698_/A2                               0.100000    0.106353   -0.006353 (VIOLATED)
_0700_/B                                0.100000    0.106353   -0.006353 (VIOLATED)
_0702_/A2                               0.100000    0.106353   -0.006353 (VIOLATED)
_1100_/Q                                0.100000    0.106353   -0.006353 (VIOLATED)
_0541_/C                                0.100000    0.106146   -0.006146 (VIOLATED)
_0624_/S                                0.100000    0.106146   -0.006146 (VIOLATED)
_0625_/A3                               0.100000    0.106146   -0.006146 (VIOLATED)
_0626_/C                                0.100000    0.106146   -0.006146 (VIOLATED)
_1074_/Q                                0.100000    0.106146   -0.006146 (VIOLATED)
_1044_/A                                0.100000    0.106100   -0.006100 (VIOLATED)
_1045_/B                                0.100000    0.106100   -0.006100 (VIOLATED)
_1046_/A2                               0.100000    0.106100   -0.006100 (VIOLATED)
_1397_/Q                                0.100000    0.106100   -0.006100 (VIOLATED)
_1015_/Y                                0.100000    0.105995   -0.005995 (VIOLATED)
_1016_/B                                0.100000    0.105995   -0.005995 (VIOLATED)
_0660_/Y                                0.100000    0.105847   -0.005847 (VIOLATED)
_1085_/D                                0.100000    0.105847   -0.005847 (VIOLATED)
_1044_/Y                                0.100000    0.105732   -0.005732 (VIOLATED)
_1397_/D                                0.100000    0.105732   -0.005732 (VIOLATED)
_0569_/X                                0.100000    0.105127   -0.005127 (VIOLATED)
_0572_/A                                0.100000    0.105127   -0.005127 (VIOLATED)
_0574_/A0                               0.100000    0.105127   -0.005127 (VIOLATED)
_0576_/C                                0.100000    0.105127   -0.005127 (VIOLATED)
_0581_/B                                0.100000    0.105127   -0.005127 (VIOLATED)
_1028_/X                                0.100000    0.105127   -0.005127 (VIOLATED)
_1388_/D                                0.100000    0.105127   -0.005127 (VIOLATED)
_1032_/X                                0.100000    0.105057   -0.005057 (VIOLATED)
_1390_/D                                0.100000    0.105057   -0.005057 (VIOLATED)
_0695_/Y                                0.100000    0.104495   -0.004495 (VIOLATED)
_0696_/B1                               0.100000    0.104495   -0.004495 (VIOLATED)
_0577_/Y                                0.100000    0.104306   -0.004306 (VIOLATED)
_0578_/B                                0.100000    0.104306   -0.004306 (VIOLATED)
_0579_/A1                               0.100000    0.104306   -0.004306 (VIOLATED)
_1048_/X                                0.100000    0.104057   -0.004057 (VIOLATED)
_1399_/D                                0.100000    0.104057   -0.004057 (VIOLATED)
_1020_/X                                0.100000    0.103723   -0.003723 (VIOLATED)
_1384_/D                                0.100000    0.103723   -0.003723 (VIOLATED)
_0864_/Y                                0.100000    0.103601   -0.003601 (VIOLATED)
_0865_/B                                0.100000    0.103601   -0.003601 (VIOLATED)
_0643_/Y                                0.100000    0.103548   -0.003548 (VIOLATED)
_1080_/D                                0.100000    0.103548   -0.003548 (VIOLATED)
_0560_/X                                0.100000    0.103461   -0.003461 (VIOLATED)
_0575_/A2                               0.100000    0.103461   -0.003461 (VIOLATED)
_0583_/A                                0.100000    0.103461   -0.003461 (VIOLATED)
_0596_/B                                0.100000    0.103461   -0.003461 (VIOLATED)
_0621_/A                                0.100000    0.103461   -0.003461 (VIOLATED)
clkbuf_4_1_0_B_in_serial_clk/A          0.100000    0.103132   -0.003132 (VIOLATED)
clkbuf_4_0_0_B_in_serial_clk/A          0.100000    0.103132   -0.003132 (VIOLATED)
clkbuf_4_5_0_B_in_serial_clk/A          0.100000    0.103132   -0.003132 (VIOLATED)
clkbuf_4_4_0_B_in_serial_clk/A          0.100000    0.103132   -0.003132 (VIOLATED)
clkbuf_4_2_0_B_in_serial_clk/A          0.100000    0.103132   -0.003132 (VIOLATED)
clkbuf_0_B_in_serial_clk/X              0.100000    0.103132   -0.003132 (VIOLATED)
clkbuf_4_10_0_B_in_serial_clk/A         0.100000    0.103132   -0.003132 (VIOLATED)
clkbuf_4_11_0_B_in_serial_clk/A         0.100000    0.103132   -0.003132 (VIOLATED)
clkbuf_4_12_0_B_in_serial_clk/A         0.100000    0.103132   -0.003132 (VIOLATED)
clkbuf_4_13_0_B_in_serial_clk/A         0.100000    0.103132   -0.003132 (VIOLATED)
clkbuf_4_14_0_B_in_serial_clk/A         0.100000    0.103132   -0.003132 (VIOLATED)
clkbuf_4_15_0_B_in_serial_clk/A         0.100000    0.103132   -0.003132 (VIOLATED)
clkbuf_4_3_0_B_in_serial_clk/A          0.100000    0.103132   -0.003132 (VIOLATED)
clkbuf_4_6_0_B_in_serial_clk/A          0.100000    0.103132   -0.003132 (VIOLATED)
clkbuf_4_7_0_B_in_serial_clk/A          0.100000    0.103132   -0.003132 (VIOLATED)
clkbuf_4_8_0_B_in_serial_clk/A          0.100000    0.103132   -0.003132 (VIOLATED)
clkbuf_4_9_0_B_in_serial_clk/A          0.100000    0.103132   -0.003132 (VIOLATED)
_0540_/C                                0.100000    0.102772   -0.002772 (VIOLATED)
_0610_/A1                               0.100000    0.102772   -0.002772 (VIOLATED)
_0611_/C                                0.100000    0.102772   -0.002772 (VIOLATED)
_0612_/A1                               0.100000    0.102772   -0.002772 (VIOLATED)
_1070_/Q                                0.100000    0.102772   -0.002772 (VIOLATED)
clkbuf_4_4_0_A_in_serial_clk/A          0.100000    0.102680   -0.002680 (VIOLATED)
clkbuf_4_5_0_A_in_serial_clk/A          0.100000    0.102680   -0.002680 (VIOLATED)
clkbuf_4_7_0_A_in_serial_clk/A          0.100000    0.102680   -0.002680 (VIOLATED)
clkbuf_4_14_0_A_in_serial_clk/A         0.100000    0.102680   -0.002680 (VIOLATED)
clkbuf_4_15_0_A_in_serial_clk/A         0.100000    0.102680   -0.002680 (VIOLATED)
clkbuf_4_6_0_A_in_serial_clk/A          0.100000    0.102679   -0.002679 (VIOLATED)
clkbuf_4_13_0_A_in_serial_clk/A         0.100000    0.102679   -0.002679 (VIOLATED)
clkbuf_4_12_0_A_in_serial_clk/A         0.100000    0.102678   -0.002678 (VIOLATED)
clkbuf_4_1_0_A_in_serial_clk/A          0.100000    0.102678   -0.002678 (VIOLATED)
clkbuf_4_0_0_A_in_serial_clk/A          0.100000    0.102678   -0.002678 (VIOLATED)
clkbuf_4_11_0_A_in_serial_clk/A         0.100000    0.102678   -0.002678 (VIOLATED)
clkbuf_0_A_in_serial_clk/X              0.100000    0.102678   -0.002678 (VIOLATED)
clkbuf_4_10_0_A_in_serial_clk/A         0.100000    0.102678   -0.002678 (VIOLATED)
clkbuf_4_2_0_A_in_serial_clk/A          0.100000    0.102678   -0.002678 (VIOLATED)
clkbuf_4_3_0_A_in_serial_clk/A          0.100000    0.102678   -0.002678 (VIOLATED)
clkbuf_4_8_0_A_in_serial_clk/A          0.100000    0.102678   -0.002678 (VIOLATED)
clkbuf_4_9_0_A_in_serial_clk/A          0.100000    0.102678   -0.002678 (VIOLATED)
_0572_/Y                                0.100000    0.102290   -0.002290 (VIOLATED)
_0573_/B                                0.100000    0.102290   -0.002290 (VIOLATED)
_0574_/A1                               0.100000    0.102290   -0.002290 (VIOLATED)
_1022_/Y                                0.100000    0.102273   -0.002273 (VIOLATED)
_1023_/B                                0.100000    0.102273   -0.002273 (VIOLATED)
_0535_/B                                0.100000    0.102233   -0.002233 (VIOLATED)
_0631_/B1                               0.100000    0.102233   -0.002233 (VIOLATED)
_0632_/B                                0.100000    0.102233   -0.002233 (VIOLATED)
_0635_/B                                0.100000    0.102233   -0.002233 (VIOLATED)
_1077_/Q                                0.100000    0.102233   -0.002233 (VIOLATED)
_0592_/Y                                0.100000    0.102149   -0.002149 (VIOLATED)
_0593_/B1                               0.100000    0.102149   -0.002149 (VIOLATED)
_0544_/B1                               0.100000    0.101961   -0.001961 (VIOLATED)
_0559_/B                                0.100000    0.101961   -0.001961 (VIOLATED)
_0560_/B                                0.100000    0.101961   -0.001961 (VIOLATED)
_0566_/A0                               0.100000    0.101961   -0.001961 (VIOLATED)
_0567_/A1                               0.100000    0.101961   -0.001961 (VIOLATED)
_0569_/A                                0.100000    0.101961   -0.001961 (VIOLATED)
_0570_/A_N                              0.100000    0.101961   -0.001961 (VIOLATED)
_0571_/A_N                              0.100000    0.101961   -0.001961 (VIOLATED)
_0589_/A                                0.100000    0.101961   -0.001961 (VIOLATED)
_0641_/A                                0.100000    0.101961   -0.001961 (VIOLATED)
_1379_/Q                                0.100000    0.101961   -0.001961 (VIOLATED)
_0867_/Y                                0.100000    0.101887   -0.001887 (VIOLATED)
_1243_/D                                0.100000    0.101887   -0.001887 (VIOLATED)
_0637_/Y                                0.100000    0.101076   -0.001076 (VIOLATED)
_1078_/D                                0.100000    0.101076   -0.001076 (VIOLATED)
_0536_/A                                0.100000    0.100250   -0.000250 (VIOLATED)
_0655_/A                                0.100000    0.100250   -0.000250 (VIOLATED)
_0656_/A                                0.100000    0.100250   -0.000250 (VIOLATED)
_0659_/A                                0.100000    0.100250   -0.000250 (VIOLATED)
_0662_/A                                0.100000    0.100250   -0.000250 (VIOLATED)
_1084_/Q                                0.100000    0.100250   -0.000250 (VIOLATED)
_0612_/Y                                0.100000    0.100236   -0.000236 (VIOLATED)
_1070_/D                                0.100000    0.100236   -0.000236 (VIOLATED)



===========================================================================
report_parasitic_annotation -report_unannotated
============================================================================
Found 31 unannotated drivers.
 Systolic4x4_serial_io_16/HI
 clkload0/Y
 clkload1/Y
 clkload10/X
 clkload11/Y
 clkload12/X
 clkload13/Y
 clkload14/X
 clkload15/Y
 clkload16/Y
 clkload17/Y
 clkload18/Y
 clkload19/Y
 clkload2/Y
 clkload20/Y
 clkload21/Y
 clkload22/Y
 clkload23/Y
 clkload24/Y
 clkload25/Y
 clkload26/Y
 clkload27/Y
 clkload28/Y
 clkload29/Y
 clkload3/X
 clkload4/Y
 clkload5/X
 clkload6/Y
 clkload7/Y
 clkload8/Y
 clkload9/X
Found 0 partially unannotated drivers.

===========================================================================
max slew violation count 835
Writing metric design__max_slew_violation__count__corner:nom_tt_025C_1v80: 835
max fanout violation count 0
Writing metric design__max_fanout_violation__count__corner:nom_tt_025C_1v80: 0
max cap violation count 0
Writing metric design__max_cap_violation__count__corner:nom_tt_025C_1v80: 0
============================================================================

===========================================================================
check_setup -verbose -unconstrained_endpoints -multiple_clock -no_clock -no_input_delay -loops -generated_clocks
===========================================================================
Warning: There are 6 input ports missing set_input_delay.
  A_in_frame_sync
  A_in_serial_data
  B_in_frame_sync
  B_in_serial_data
  rst_n
  start
Warning: There is 1 unconstrained endpoint.
  C_out_serial_data
