
===========================================================================
report_checks -unconstrained
===========================================================================
======================= nom_tt_025C_1v80 Corner ===================================

Startpoint: _1104_ (rising edge-triggered flip-flop clocked by A_in_serial_clk)
Endpoint: _1103_ (rising edge-triggered flip-flop clocked by A_in_serial_clk)
Path Group: A_in_serial_clk
Path Type: max

Fanout         Cap        Slew       Delay        Time   Description
---------------------------------------------------------------------------------------------
                                  0.000000    0.000000   clock A_in_serial_clk (rise edge)
                                  0.000000    0.000000   clock source latency
     1    0.018758    0.000000    0.000000    0.000000 ^ A_in_serial_clk (in)
                                                         A_in_serial_clk (net)
                      0.001055    0.000527    0.000527 ^ clkbuf_0_A_in_serial_clk/A (sky130_fd_sc_hd__clkbuf_16)
    16    0.087010    0.103351    0.161620    0.162147 ^ clkbuf_0_A_in_serial_clk/X (sky130_fd_sc_hd__clkbuf_16)
                                                         clknet_0_A_in_serial_clk (net)
                      0.103351    0.000360    0.162508 ^ clkbuf_4_10_0_A_in_serial_clk/A (sky130_fd_sc_hd__clkbuf_8)
    10    0.028663    0.064301    0.164582    0.327090 ^ clkbuf_4_10_0_A_in_serial_clk/X (sky130_fd_sc_hd__clkbuf_8)
                                                         clknet_4_10_0_A_in_serial_clk (net)
                      0.064301    0.000074    0.327164 ^ _1104_/CLK (sky130_fd_sc_hd__dfrtp_4)
     6    0.025783    0.086785    0.515716    0.842880 v _1104_/Q (sky130_fd_sc_hd__dfrtp_4)
                                                         deser_A.receiving (net)
                      0.086785    0.000094    0.842974 v max_cap13/A (sky130_fd_sc_hd__buf_12)
     2    0.004549    0.021435    0.133006    0.975980 v max_cap13/X (sky130_fd_sc_hd__buf_12)
                                                         net13 (net)
                      0.021435    0.000014    0.975994 v _0692_/A (sky130_fd_sc_hd__and4_1)
     2    0.007706    0.059396    0.156873    1.132867 v _0692_/X (sky130_fd_sc_hd__and4_1)
                                                         _0516_ (net)
                      0.059396    0.000032    1.132898 v _0700_/C (sky130_fd_sc_hd__and4_1)
     3    0.009704    0.068510    0.223262    1.356160 v _0700_/X (sky130_fd_sc_hd__and4_1)
                                                         _0521_ (net)
                      0.068510    0.000017    1.356178 v _0704_/B (sky130_fd_sc_hd__nand2_2)
     2    0.008819    0.064447    0.088598    1.444776 ^ _0704_/Y (sky130_fd_sc_hd__nand2_2)
                                                         _0524_ (net)
                      0.064447    0.000040    1.444815 ^ _0708_/S (sky130_fd_sc_hd__mux2_4)
     1    0.004700    0.052530    0.298034    1.742849 v _0708_/X (sky130_fd_sc_hd__mux2_4)
                                                         _0527_ (net)
                      0.052530    0.000008    1.742857 v _0709_/A (sky130_fd_sc_hd__inv_2)
     1    0.002862    0.024267    0.043606    1.786463 ^ _0709_/Y (sky130_fd_sc_hd__inv_2)
                                                         _0052_ (net)
                      0.024267    0.000010    1.786473 ^ _1103_/D (sky130_fd_sc_hd__dfrtp_1)
                                              1.786473   data arrival time

                                  2.000000    2.000000   clock A_in_serial_clk (rise edge)
                                  0.000000    2.000000   clock source latency
     1    0.018758    0.000000    0.000000    2.000000 ^ A_in_serial_clk (in)
                                                         A_in_serial_clk (net)
                      0.001055    0.000527    2.000527 ^ clkbuf_0_A_in_serial_clk/A (sky130_fd_sc_hd__clkbuf_16)
    16    0.087010    0.103351    0.161620    2.162148 ^ clkbuf_0_A_in_serial_clk/X (sky130_fd_sc_hd__clkbuf_16)
                                                         clknet_0_A_in_serial_clk (net)
                      0.103351    0.000370    2.162517 ^ clkbuf_4_11_0_A_in_serial_clk/A (sky130_fd_sc_hd__clkbuf_8)
    10    0.026273    0.060639    0.161686    2.324203 ^ clkbuf_4_11_0_A_in_serial_clk/X (sky130_fd_sc_hd__clkbuf_8)
                                                         clknet_4_11_0_A_in_serial_clk (net)
                      0.060639    0.000075    2.324279 ^ _1103_/CLK (sky130_fd_sc_hd__dfrtp_1)
                                  0.000000    2.324279   clock reconvergence pessimism
                                 -0.052709    2.271570   library setup time
                                              2.271570   data required time
---------------------------------------------------------------------------------------------
                                              2.271570   data required time
                                             -1.786473   data arrival time
---------------------------------------------------------------------------------------------
                                              0.485098   slack (MET)


Startpoint: _1248_ (rising edge-triggered flip-flop clocked by B_in_serial_clk)
Endpoint: _1338_ (rising edge-triggered flip-flop clocked by B_in_serial_clk)
Path Group: B_in_serial_clk
Path Type: max

Fanout         Cap        Slew       Delay        Time   Description
---------------------------------------------------------------------------------------------
                                  0.000000    0.000000   clock B_in_serial_clk (rise edge)
                                  0.000000    0.000000   clock source latency
     1    0.014078    0.000000    0.000000    0.000000 ^ B_in_serial_clk (in)
                                                         B_in_serial_clk (net)
                      0.000542    0.000271    0.000271 ^ clkbuf_0_B_in_serial_clk/A (sky130_fd_sc_hd__clkbuf_16)
    16    0.086864    0.103226    0.161313    0.161584 ^ clkbuf_0_B_in_serial_clk/X (sky130_fd_sc_hd__clkbuf_16)
                                                         clknet_0_B_in_serial_clk (net)
                      0.103226    0.000479    0.162062 ^ clkbuf_4_14_0_B_in_serial_clk/A (sky130_fd_sc_hd__clkbuf_8)
     8    0.031108    0.068066    0.167553    0.329615 ^ clkbuf_4_14_0_B_in_serial_clk/X (sky130_fd_sc_hd__clkbuf_8)
                                                         clknet_4_14_0_B_in_serial_clk (net)
                      0.068066    0.000085    0.329700 ^ _1248_/CLK (sky130_fd_sc_hd__dfrtp_4)
     8    0.031270    0.093755    0.526616    0.856316 v _1248_/Q (sky130_fd_sc_hd__dfrtp_4)
                                                         deser_B.receiving (net)
                      0.093755    0.000018    0.856335 v rebuffer629/A (sky130_fd_sc_hd__buf_2)
     1    0.009273    0.037650    0.153563    1.009898 v rebuffer629/X (sky130_fd_sc_hd__buf_2)
                                                         net645 (net)
                      0.037650    0.000025    1.009923 v max_cap11/A (sky130_fd_sc_hd__buf_12)
    24    0.106571    0.065115    0.159960    1.169883 v max_cap11/X (sky130_fd_sc_hd__buf_12)
                                                         net11 (net)
                      0.065215    0.002247    1.172130 v clone31/A (sky130_fd_sc_hd__clkbuf_16)
    26    0.106212    0.081861    0.206009    1.378139 v clone31/X (sky130_fd_sc_hd__clkbuf_16)
                                                         net47 (net)
                      0.081862    0.000461    1.378600 v _0970_/S (sky130_fd_sc_hd__mux2_1)
     1    0.002445    0.054721    0.313577    1.692176 v _0970_/X (sky130_fd_sc_hd__mux2_1)
                                                         _0285_ (net)
                      0.054721    0.000006    1.692182 v _1338_/D (sky130_fd_sc_hd__dfrtp_1)
                                              1.692182   data arrival time

                                  2.000000    2.000000   clock B_in_serial_clk (rise edge)
                                  0.000000    2.000000   clock source latency
     1    0.014078    0.000000    0.000000    2.000000 ^ B_in_serial_clk (in)
                                                         B_in_serial_clk (net)
                      0.000542    0.000271    2.000271 ^ clkbuf_0_B_in_serial_clk/A (sky130_fd_sc_hd__clkbuf_16)
    16    0.086864    0.103226    0.161313    2.161584 ^ clkbuf_0_B_in_serial_clk/X (sky130_fd_sc_hd__clkbuf_16)
                                                         clknet_0_B_in_serial_clk (net)
                      0.103226    0.000390    2.161974 ^ clkbuf_4_6_0_B_in_serial_clk/A (sky130_fd_sc_hd__clkbuf_8)
     8    0.030745    0.067503    0.167130    2.329104 ^ clkbuf_4_6_0_B_in_serial_clk/X (sky130_fd_sc_hd__clkbuf_8)
                                                         clknet_4_6_0_B_in_serial_clk (net)
                      0.067503    0.000024    2.329128 ^ _1338_/CLK (sky130_fd_sc_hd__dfrtp_1)
                                  0.000000    2.329128   clock reconvergence pessimism
                                 -0.113360    2.215767   library setup time
                                              2.215767   data required time
---------------------------------------------------------------------------------------------
                                              2.215767   data required time
                                             -1.692182   data arrival time
---------------------------------------------------------------------------------------------
                                              0.523585   slack (MET)


Startpoint: clk (clock source 'clk')
Endpoint: C_out_serial_clk (output port clocked by clk)
Path Group: clk
Path Type: max

Fanout         Cap        Slew       Delay        Time   Description
---------------------------------------------------------------------------------------------
                                  5.000000    5.000000   clock clk (fall edge)
                                  0.000000    5.000000   clock source latency
     1    0.012045    0.000000    0.000000    5.000000 v clk (in)
                                                         clk (net)
                      0.000370    0.000185    5.000185 v clkbuf_0_clk/A (sky130_fd_sc_hd__clkbuf_16)
     4    0.031903    0.041968    0.136322    5.136507 v clkbuf_0_clk/X (sky130_fd_sc_hd__clkbuf_16)
                                                         clknet_0_clk (net)
                      0.041968    0.000189    5.136695 v clkbuf_2_0__f_clk/A (sky130_fd_sc_hd__clkbuf_16)
    14    0.038990    0.045666    0.158235    5.294930 v clkbuf_2_0__f_clk/X (sky130_fd_sc_hd__clkbuf_16)
                                                         clknet_2_0__leaf_clk (net)
                      0.045668    0.000183    5.295114 v _1917_/A (sky130_fd_sc_hd__buf_2)
     1    0.002365    0.022932    0.112282    5.407395 v _1917_/X (sky130_fd_sc_hd__buf_2)
                                                         net8 (net)
                      0.022932    0.000004    5.407400 v output8/A (sky130_fd_sc_hd__buf_1)
     1    0.000632    0.015719    0.065073    5.472473 v output8/X (sky130_fd_sc_hd__buf_1)
                                                         C_out_serial_clk (net)
                      0.015719    0.000000    5.472474 v C_out_serial_clk (out)
                                              5.472474   data arrival time

                                 10.000000   10.000000   clock clk (rise edge)
                                  0.000000   10.000000   clock network delay (propagated)
                                 -0.100000    9.900001   clock uncertainty
                                  0.000000    9.900001   clock reconvergence pessimism
                                 -1.500000    8.400000   output external delay
                                              8.400000   data required time
---------------------------------------------------------------------------------------------
                                              8.400000   data required time
                                             -5.472474   data arrival time
---------------------------------------------------------------------------------------------
                                              2.927526   slack (MET)




===========================================================================
report_checks --slack_max -0.01
============================================================================
======================= nom_tt_025C_1v80 Corner ===================================

No paths found.


===========================================================================
 report_check_types -max_slew -max_cap -max_fanout -violators
============================================================================
======================= nom_tt_025C_1v80 Corner ===================================

max slew

Pin                                        Limit        Slew       Slack
------------------------------------------------------------------------
_0549_/Y                                0.100000    0.212470   -0.112470 (VIOLATED)
_0551_/B                                0.100000    0.212470   -0.112470 (VIOLATED)
_0666_/A1                               0.100000    0.212470   -0.112470 (VIOLATED)
_0687_/A1                               0.100000    0.212470   -0.112470 (VIOLATED)
_1012_/A2                               0.100000    0.212470   -0.112470 (VIOLATED)
_0570_/X                                0.100000    0.182649   -0.082649 (VIOLATED)
_0572_/B                                0.100000    0.182649   -0.082649 (VIOLATED)
_0577_/A                                0.100000    0.182649   -0.082649 (VIOLATED)
_0582_/A                                0.100000    0.182649   -0.082649 (VIOLATED)
_0595_/A                                0.100000    0.182649   -0.082649 (VIOLATED)
_0615_/A                                0.100000    0.182649   -0.082649 (VIOLATED)
_0620_/B1                               0.100000    0.182649   -0.082649 (VIOLATED)
_0628_/A                                0.100000    0.182649   -0.082649 (VIOLATED)
_0638_/B                                0.100000    0.182649   -0.082649 (VIOLATED)
_0661_/B                                0.100000    0.182649   -0.082649 (VIOLATED)
_0664_/B                                0.100000    0.182649   -0.082649 (VIOLATED)
_0688_/Y                                0.100000    0.177577   -0.077577 (VIOLATED)
_0690_/B                                0.100000    0.177577   -0.077577 (VIOLATED)
_0695_/A1                               0.100000    0.172641   -0.072641 (VIOLATED)
_0696_/A1                               0.100000    0.172641   -0.072641 (VIOLATED)
_0697_/B2                               0.100000    0.172641   -0.072641 (VIOLATED)
_0698_/A1                               0.100000    0.172641   -0.072641 (VIOLATED)
_0700_/A                                0.100000    0.172641   -0.072641 (VIOLATED)
_0702_/A1                               0.100000    0.172641   -0.072641 (VIOLATED)
_1099_/Q                                0.100000    0.172641   -0.072641 (VIOLATED)
_0866_/A1                               0.100000    0.170038   -0.070038 (VIOLATED)
_0867_/A1                               0.100000    0.170038   -0.070038 (VIOLATED)
_0868_/B2                               0.100000    0.170038   -0.070038 (VIOLATED)
_0869_/A1                               0.100000    0.170038   -0.070038 (VIOLATED)
_0871_/A                                0.100000    0.170038   -0.070038 (VIOLATED)
_0873_/A1                               0.100000    0.170038   -0.070038 (VIOLATED)
_1243_/Q                                0.100000    0.170038   -0.070038 (VIOLATED)
_0554_/B                                0.100000    0.167296   -0.067296 (VIOLATED)
_0851_/B1                               0.100000    0.167296   -0.067296 (VIOLATED)
_0852_/A1                               0.100000    0.167296   -0.067296 (VIOLATED)
_0854_/A3                               0.100000    0.167296   -0.067296 (VIOLATED)
_1237_/Q                                0.100000    0.167296   -0.067296 (VIOLATED)
_0541_/A                                0.100000    0.166216   -0.066216 (VIOLATED)
_0618_/S                                0.100000    0.166216   -0.066216 (VIOLATED)
_0619_/A                                0.100000    0.166216   -0.066216 (VIOLATED)
_0620_/A1                               0.100000    0.166216   -0.066216 (VIOLATED)
_0622_/A1                               0.100000    0.166216   -0.066216 (VIOLATED)
_0625_/A1                               0.100000    0.166216   -0.066216 (VIOLATED)
_0626_/A                                0.100000    0.166216   -0.066216 (VIOLATED)
_1072_/Q                                0.100000    0.166216   -0.066216 (VIOLATED)
_0547_/B                                0.100000    0.165849   -0.065849 (VIOLATED)
_0680_/A                                0.100000    0.165849   -0.065849 (VIOLATED)
_0681_/B1                               0.100000    0.165849   -0.065849 (VIOLATED)
_0683_/A3                               0.100000    0.165849   -0.065849 (VIOLATED)
_1093_/Q                                0.100000    0.165849   -0.065849 (VIOLATED)
_0858_/S                                0.100000    0.160712   -0.060712 (VIOLATED)
_0859_/A2                               0.100000    0.160712   -0.060712 (VIOLATED)
_0860_/B                                0.100000    0.160712   -0.060712 (VIOLATED)
_0862_/A                                0.100000    0.160712   -0.060712 (VIOLATED)
_0863_/B                                0.100000    0.160712   -0.060712 (VIOLATED)
_1240_/Q                                0.100000    0.160712   -0.060712 (VIOLATED)
_0601_/X                                0.100000    0.155008   -0.055008 (VIOLATED)
_0602_/A                                0.100000    0.155008   -0.055008 (VIOLATED)
_0605_/S                                0.100000    0.155008   -0.055008 (VIOLATED)
_0607_/B1                               0.100000    0.155008   -0.055008 (VIOLATED)
_0616_/C                                0.100000    0.155008   -0.055008 (VIOLATED)
_0620_/Y                                0.100000    0.152919   -0.052919 (VIOLATED)
_0623_/A                                0.100000    0.152919   -0.052919 (VIOLATED)
_0624_/A1                               0.100000    0.152919   -0.052919 (VIOLATED)
_0607_/Y                                0.100000    0.150114   -0.050114 (VIOLATED)
_0609_/A                                0.100000    0.150114   -0.050114 (VIOLATED)
_0589_/X                                0.100000    0.148236   -0.048236 (VIOLATED)
_0590_/A                                0.100000    0.148236   -0.048236 (VIOLATED)
_0592_/B1                               0.100000    0.148236   -0.048236 (VIOLATED)
_0593_/A2                               0.100000    0.148236   -0.048236 (VIOLATED)
_0594_/C                                0.100000    0.148236   -0.048236 (VIOLATED)
_0601_/A                                0.100000    0.148236   -0.048236 (VIOLATED)
_0608_/C                                0.100000    0.148236   -0.048236 (VIOLATED)
_0614_/A                                0.100000    0.148236   -0.048236 (VIOLATED)
_0627_/A                                0.100000    0.148236   -0.048236 (VIOLATED)
_0653_/A                                0.100000    0.148236   -0.048236 (VIOLATED)
_0621_/X                                0.100000    0.147355   -0.047355 (VIOLATED)
_0622_/A2                               0.100000    0.147355   -0.047355 (VIOLATED)
_0625_/A4                               0.100000    0.147355   -0.047355 (VIOLATED)
_0631_/A2                               0.100000    0.147355   -0.047355 (VIOLATED)
_0644_/A2                               0.100000    0.147355   -0.047355 (VIOLATED)
_1017_/X                                0.100000    0.144692   -0.044692 (VIOLATED)
_1019_/A                                0.100000    0.144692   -0.044692 (VIOLATED)
_1020_/B                                0.100000    0.144692   -0.044692 (VIOLATED)
_1021_/C                                0.100000    0.144692   -0.044692 (VIOLATED)
_1022_/A2                               0.100000    0.144692   -0.044692 (VIOLATED)
_1025_/X                                0.100000    0.139289   -0.039289 (VIOLATED)
_1027_/A                                0.100000    0.139289   -0.039289 (VIOLATED)
_1028_/B                                0.100000    0.139289   -0.039289 (VIOLATED)
_1029_/C                                0.100000    0.139289   -0.039289 (VIOLATED)
_1030_/A2                               0.100000    0.139289   -0.039289 (VIOLATED)
_1021_/X                                0.100000    0.137578   -0.037578 (VIOLATED)
_1023_/A                                0.100000    0.137578   -0.037578 (VIOLATED)
_1024_/B                                0.100000    0.137578   -0.037578 (VIOLATED)
_1025_/C                                0.100000    0.137578   -0.037578 (VIOLATED)
_1026_/A2                               0.100000    0.137578   -0.037578 (VIOLATED)
_0541_/B                                0.100000    0.136920   -0.036920 (VIOLATED)
_0619_/B                                0.100000    0.136920   -0.036920 (VIOLATED)
_0620_/A2                               0.100000    0.136920   -0.036920 (VIOLATED)
_0622_/B1                               0.100000    0.136920   -0.036920 (VIOLATED)
_0625_/A2                               0.100000    0.136920   -0.036920 (VIOLATED)
_0626_/B                                0.100000    0.136920   -0.036920 (VIOLATED)
_1073_/Q                                0.100000    0.136920   -0.036920 (VIOLATED)
_0548_/Y                                0.100000    0.136852   -0.036852 (VIOLATED)
_0551_/A                                0.100000    0.136852   -0.036852 (VIOLATED)
_0686_/A                                0.100000    0.136852   -0.036852 (VIOLATED)
_0881_/A2                               0.100000    0.136852   -0.036852 (VIOLATED)
_0861_/Y                                0.100000    0.136458   -0.036458 (VIOLATED)
_1241_/D                                0.100000    0.136458   -0.036458 (VIOLATED)
_0927_/S                                0.100000    0.135931   -0.035931 (VIOLATED)
_0928_/S                                0.100000    0.135931   -0.035931 (VIOLATED)
_0906_/S                                0.100000    0.135930   -0.035930 (VIOLATED)
_0907_/S                                0.100000    0.135929   -0.035929 (VIOLATED)
_0908_/S                                0.100000    0.135927   -0.035927 (VIOLATED)
clone31/A                               0.100000    0.135924   -0.035924 (VIOLATED)
_0913_/S                                0.100000    0.135923   -0.035923 (VIOLATED)
_0917_/S                                0.100000    0.135923   -0.035923 (VIOLATED)
_0914_/S                                0.100000    0.135923   -0.035923 (VIOLATED)
_0912_/S                                0.100000    0.135922   -0.035922 (VIOLATED)
_0915_/S                                0.100000    0.135920   -0.035920 (VIOLATED)
_0916_/S                                0.100000    0.135914   -0.035914 (VIOLATED)
_0918_/S                                0.100000    0.135906   -0.035906 (VIOLATED)
_0925_/S                                0.100000    0.135905   -0.035905 (VIOLATED)
_0919_/S                                0.100000    0.135902   -0.035902 (VIOLATED)
_0920_/S                                0.100000    0.135890   -0.035890 (VIOLATED)
_0902_/S                                0.100000    0.135877   -0.035877 (VIOLATED)
_0903_/S                                0.100000    0.135877   -0.035877 (VIOLATED)
_0892_/S                                0.100000    0.135876   -0.035876 (VIOLATED)
_0899_/S                                0.100000    0.135876   -0.035876 (VIOLATED)
_0897_/S                                0.100000    0.135875   -0.035875 (VIOLATED)
_0896_/S                                0.100000    0.135874   -0.035874 (VIOLATED)
max_cap10/A                             0.100000    0.135874   -0.035874 (VIOLATED)
_0894_/S                                0.100000    0.135870   -0.035870 (VIOLATED)
max_cap11/X                             0.100000    0.135860   -0.035860 (VIOLATED)
_0540_/A                                0.100000    0.135143   -0.035143 (VIOLATED)
_0604_/A                                0.100000    0.135143   -0.035143 (VIOLATED)
_0605_/A1                               0.100000    0.135143   -0.035143 (VIOLATED)
_0607_/B2                               0.100000    0.135143   -0.035143 (VIOLATED)
_0608_/A                                0.100000    0.135143   -0.035143 (VIOLATED)
_0611_/A                                0.100000    0.135143   -0.035143 (VIOLATED)
_1068_/Q                                0.100000    0.135143   -0.035143 (VIOLATED)
_0655_/B                                0.100000    0.135040   -0.035040 (VIOLATED)
_0658_/B                                0.100000    0.135040   -0.035040 (VIOLATED)
_0642_/B1                               0.100000    0.135040   -0.035040 (VIOLATED)
_0651_/B                                0.100000    0.135040   -0.035040 (VIOLATED)
_0648_/B                                0.100000    0.135040   -0.035040 (VIOLATED)
_0591_/A                                0.100000    0.135039   -0.035039 (VIOLATED)
_0634_/B                                0.100000    0.135039   -0.035039 (VIOLATED)
_0633_/A                                0.100000    0.135039   -0.035039 (VIOLATED)
_0647_/A                                0.100000    0.135039   -0.035039 (VIOLATED)
_0592_/A2                               0.100000    0.135039   -0.035039 (VIOLATED)
_0607_/A2                               0.100000    0.135039   -0.035039 (VIOLATED)
_0610_/A2                               0.100000    0.135039   -0.035039 (VIOLATED)
_0571_/Y                                0.100000    0.135039   -0.035039 (VIOLATED)
_0603_/A                                0.100000    0.135039   -0.035039 (VIOLATED)
_0604_/B                                0.100000    0.135039   -0.035039 (VIOLATED)
_0945_/S                                0.100000    0.134830   -0.034830 (VIOLATED)
_0983_/S                                0.100000    0.134829   -0.034829 (VIOLATED)
_0947_/S                                0.100000    0.134829   -0.034829 (VIOLATED)
_0982_/S                                0.100000    0.134828   -0.034828 (VIOLATED)
_0948_/S                                0.100000    0.134828   -0.034828 (VIOLATED)
_0950_/S                                0.100000    0.134827   -0.034827 (VIOLATED)
_0951_/S                                0.100000    0.134826   -0.034826 (VIOLATED)
_0949_/S                                0.100000    0.134826   -0.034826 (VIOLATED)
_0954_/S                                0.100000    0.134825   -0.034825 (VIOLATED)
_0953_/S                                0.100000    0.134821   -0.034821 (VIOLATED)
_0952_/S                                0.100000    0.134820   -0.034820 (VIOLATED)
_0956_/S                                0.100000    0.134813   -0.034813 (VIOLATED)
_0937_/S                                0.100000    0.134802   -0.034802 (VIOLATED)
_0958_/S                                0.100000    0.134802   -0.034802 (VIOLATED)
_0979_/S                                0.100000    0.134792   -0.034792 (VIOLATED)
_0978_/S                                0.100000    0.134791   -0.034791 (VIOLATED)
_0960_/S                                0.100000    0.134790   -0.034790 (VIOLATED)
_0976_/S                                0.100000    0.134789   -0.034789 (VIOLATED)
_0962_/S                                0.100000    0.134783   -0.034783 (VIOLATED)
_0965_/S                                0.100000    0.134761   -0.034761 (VIOLATED)
_0967_/S                                0.100000    0.134743   -0.034743 (VIOLATED)
_0974_/S                                0.100000    0.134743   -0.034743 (VIOLATED)
_0968_/S                                0.100000    0.134741   -0.034741 (VIOLATED)
_0887_/S                                0.100000    0.134733   -0.034733 (VIOLATED)
_0889_/S                                0.100000    0.134731   -0.034731 (VIOLATED)
_0890_/S                                0.100000    0.134729   -0.034729 (VIOLATED)
max_cap10/X                             0.100000    0.134728   -0.034728 (VIOLATED)
_0697_/A1                               0.100000    0.133549   -0.033549 (VIOLATED)
_0698_/A2                               0.100000    0.133549   -0.033549 (VIOLATED)
_0700_/B                                0.100000    0.133549   -0.033549 (VIOLATED)
_0702_/A2                               0.100000    0.133549   -0.033549 (VIOLATED)
_1100_/Q                                0.100000    0.133549   -0.033549 (VIOLATED)
_0538_/A                                0.100000    0.133282   -0.033282 (VIOLATED)
_0592_/A1                               0.100000    0.133282   -0.033282 (VIOLATED)
_0593_/A1                               0.100000    0.133282   -0.033282 (VIOLATED)
_0594_/A                                0.100000    0.133282   -0.033282 (VIOLATED)
_0596_/A                                0.100000    0.133282   -0.033282 (VIOLATED)
_0600_/A                                0.100000    0.133282   -0.033282 (VIOLATED)
_1064_/Q                                0.100000    0.133282   -0.033282 (VIOLATED)
_0563_/A                                0.100000    0.133200   -0.033200 (VIOLATED)
_1013_/A                                0.100000    0.133200   -0.033200 (VIOLATED)
_1014_/A                                0.100000    0.133200   -0.033200 (VIOLATED)
_1015_/A1                               0.100000    0.133200   -0.033200 (VIOLATED)
_1017_/A                                0.100000    0.133200   -0.033200 (VIOLATED)
_1381_/Q                                0.100000    0.133200   -0.033200 (VIOLATED)
_0653_/X                                0.100000    0.132137   -0.032137 (VIOLATED)
_0654_/B1_N                             0.100000    0.132137   -0.032137 (VIOLATED)
_0656_/B                                0.100000    0.132137   -0.032137 (VIOLATED)
_0657_/A1                               0.100000    0.132137   -0.032137 (VIOLATED)
_0659_/C                                0.100000    0.132137   -0.032137 (VIOLATED)
_0662_/D                                0.100000    0.132137   -0.032137 (VIOLATED)
_1038_/X                                0.100000    0.130296   -0.030296 (VIOLATED)
_1040_/A_N                              0.100000    0.130296   -0.030296 (VIOLATED)
_1041_/B                                0.100000    0.130296   -0.030296 (VIOLATED)
_1042_/B                                0.100000    0.130296   -0.030296 (VIOLATED)
_1045_/D                                0.100000    0.130296   -0.030296 (VIOLATED)
_1046_/A3                               0.100000    0.130296   -0.030296 (VIOLATED)
_1045_/X                                0.100000    0.128724   -0.028724 (VIOLATED)
_1047_/A_N                              0.100000    0.128724   -0.028724 (VIOLATED)
_1048_/B                                0.100000    0.128724   -0.028724 (VIOLATED)
_1049_/C                                0.100000    0.128724   -0.028724 (VIOLATED)
_1050_/A2                               0.100000    0.128724   -0.028724 (VIOLATED)
_0535_/A                                0.100000    0.128717   -0.028717 (VIOLATED)
_0630_/S                                0.100000    0.128717   -0.028717 (VIOLATED)
_0631_/A1                               0.100000    0.128717   -0.028717 (VIOLATED)
_0632_/A                                0.100000    0.128717   -0.028717 (VIOLATED)
_0635_/A                                0.100000    0.128717   -0.028717 (VIOLATED)
_1076_/Q                                0.100000    0.128717   -0.028717 (VIOLATED)
_0537_/A2                               0.100000    0.128241   -0.028241 (VIOLATED)
_0574_/S                                0.100000    0.128241   -0.028241 (VIOLATED)
_0575_/A1                               0.100000    0.128241   -0.028241 (VIOLATED)
_0576_/A                                0.100000    0.128241   -0.028241 (VIOLATED)
_0580_/A                                0.100000    0.128241   -0.028241 (VIOLATED)
_1058_/Q                                0.100000    0.128241   -0.028241 (VIOLATED)
_0614_/X                                0.100000    0.128071   -0.028071 (VIOLATED)
_0615_/B                                0.100000    0.128071   -0.028071 (VIOLATED)
_0616_/A_N                              0.100000    0.128071   -0.028071 (VIOLATED)
_0618_/A0                               0.100000    0.128071   -0.028071 (VIOLATED)
_0619_/C                                0.100000    0.128071   -0.028071 (VIOLATED)
_0620_/A3                               0.100000    0.128071   -0.028071 (VIOLATED)
_0552_/A                                0.100000    0.127242   -0.027242 (VIOLATED)
_0837_/S                                0.100000    0.127242   -0.027242 (VIOLATED)
_0845_/A2                               0.100000    0.127242   -0.027242 (VIOLATED)
_1232_/Q                                0.100000    0.127242   -0.027242 (VIOLATED)
rebuffer485/A                           0.100000    0.127242   -0.027242 (VIOLATED)
_0868_/Y                                0.100000    0.127175   -0.027175 (VIOLATED)
_0869_/B1                               0.100000    0.127175   -0.027175 (VIOLATED)
_0687_/S                                0.100000    0.126317   -0.026317 (VIOLATED)
_0688_/A1                               0.100000    0.126317   -0.026317 (VIOLATED)
_0689_/B                                0.100000    0.126317   -0.026317 (VIOLATED)
_0691_/A                                0.100000    0.126317   -0.026317 (VIOLATED)
_0692_/B                                0.100000    0.126317   -0.026317 (VIOLATED)
_1096_/Q                                0.100000    0.126317   -0.026317 (VIOLATED)
_0613_/X                                0.100000    0.126263   -0.026263 (VIOLATED)
_0614_/B                                0.100000    0.126263   -0.026263 (VIOLATED)
_0621_/C                                0.100000    0.126263   -0.026263 (VIOLATED)
_0627_/B                                0.100000    0.126263   -0.026263 (VIOLATED)
_0641_/C                                0.100000    0.126263   -0.026263 (VIOLATED)
_0653_/B                                0.100000    0.126263   -0.026263 (VIOLATED)
_0944_/S                                0.100000    0.126170   -0.026170 (VIOLATED)
_0943_/S                                0.100000    0.126170   -0.026170 (VIOLATED)
_0946_/S                                0.100000    0.126170   -0.026170 (VIOLATED)
_0940_/S                                0.100000    0.126170   -0.026170 (VIOLATED)
_0939_/S                                0.100000    0.126170   -0.026170 (VIOLATED)
_0942_/S                                0.100000    0.126170   -0.026170 (VIOLATED)
_0941_/S                                0.100000    0.126170   -0.026170 (VIOLATED)
_0885_/S                                0.100000    0.126169   -0.026169 (VIOLATED)
_0886_/S                                0.100000    0.126169   -0.026169 (VIOLATED)
_0888_/S                                0.100000    0.126169   -0.026169 (VIOLATED)
_0936_/S                                0.100000    0.126169   -0.026169 (VIOLATED)
_0938_/S                                0.100000    0.126169   -0.026169 (VIOLATED)
_0955_/S                                0.100000    0.126169   -0.026169 (VIOLATED)
_0957_/S                                0.100000    0.126169   -0.026169 (VIOLATED)
_0959_/S                                0.100000    0.126169   -0.026169 (VIOLATED)
_0961_/S                                0.100000    0.126169   -0.026169 (VIOLATED)
_0963_/S                                0.100000    0.126169   -0.026169 (VIOLATED)
_0964_/S                                0.100000    0.126169   -0.026169 (VIOLATED)
_0966_/S                                0.100000    0.126169   -0.026169 (VIOLATED)
_0969_/S                                0.100000    0.126169   -0.026169 (VIOLATED)
_0970_/S                                0.100000    0.126169   -0.026169 (VIOLATED)
_0975_/S                                0.100000    0.126169   -0.026169 (VIOLATED)
_0977_/S                                0.100000    0.126169   -0.026169 (VIOLATED)
_0980_/S                                0.100000    0.126169   -0.026169 (VIOLATED)
_0981_/S                                0.100000    0.126169   -0.026169 (VIOLATED)
_0984_/S                                0.100000    0.126169   -0.026169 (VIOLATED)
clone31/X                               0.100000    0.126169   -0.026169 (VIOLATED)
_0868_/A2                               0.100000    0.125192   -0.025192 (VIOLATED)
_0869_/A2                               0.100000    0.125192   -0.025192 (VIOLATED)
_0871_/B                                0.100000    0.125192   -0.025192 (VIOLATED)
_0873_/A2                               0.100000    0.125192   -0.025192 (VIOLATED)
_1244_/Q                                0.100000    0.125192   -0.025192 (VIOLATED)
_0697_/Y                                0.100000    0.124729   -0.024729 (VIOLATED)
_0698_/B1                               0.100000    0.124729   -0.024729 (VIOLATED)
_0700_/X                                0.100000    0.124622   -0.024622 (VIOLATED)
_0704_/B                                0.100000    0.124622   -0.024622 (VIOLATED)
_0705_/B1                               0.100000    0.124622   -0.024622 (VIOLATED)
rebuffer23/A                            0.100000    0.124622   -0.024622 (VIOLATED)
_0564_/A1                               0.100000    0.124197   -0.024197 (VIOLATED)
_1024_/A                                0.100000    0.124197   -0.024197 (VIOLATED)
_1025_/A                                0.100000    0.124197   -0.024197 (VIOLATED)
_1026_/A1                               0.100000    0.124197   -0.024197 (VIOLATED)
_1386_/Q                                0.100000    0.124197   -0.024197 (VIOLATED)
_0547_/C                                0.100000    0.123947   -0.023947 (VIOLATED)
_0683_/B1                               0.100000    0.123947   -0.023947 (VIOLATED)
_1094_/Q                                0.100000    0.123947   -0.023947 (VIOLATED)
_0595_/Y                                0.100000    0.123509   -0.023509 (VIOLATED)
_0597_/B1                               0.100000    0.123509   -0.023509 (VIOLATED)
_0598_/A1                               0.100000    0.123509   -0.023509 (VIOLATED)
_0863_/C                                0.100000    0.123243   -0.023243 (VIOLATED)
_1248_/Q                                0.100000    0.123243   -0.023243 (VIOLATED)
rebuffer18/A                            0.100000    0.123243   -0.023243 (VIOLATED)
rebuffer629/A                           0.100000    0.123243   -0.023243 (VIOLATED)
rebuffer804/A                           0.100000    0.123243   -0.023243 (VIOLATED)
rebuffer805/A                           0.100000    0.123243   -0.023243 (VIOLATED)
rebuffer830/A                           0.100000    0.123243   -0.023243 (VIOLATED)
rebuffer832/A                           0.100000    0.123243   -0.023243 (VIOLATED)
split3/A                                0.100000    0.123243   -0.023243 (VIOLATED)
clone829/A                              0.100000    0.123232   -0.023232 (VIOLATED)
rebuffer830/X                           0.100000    0.123232   -0.023232 (VIOLATED)
clone831/A                              0.100000    0.123231   -0.023231 (VIOLATED)
rebuffer832/X                           0.100000    0.123231   -0.023231 (VIOLATED)
_0866_/Y                                0.100000    0.123139   -0.023139 (VIOLATED)
_0867_/B1                               0.100000    0.123139   -0.023139 (VIOLATED)
_0554_/C                                0.100000    0.122751   -0.022751 (VIOLATED)
_0854_/B1                               0.100000    0.122751   -0.022751 (VIOLATED)
_1238_/Q                                0.100000    0.122751   -0.022751 (VIOLATED)
_0562_/C                                0.100000    0.122457   -0.022457 (VIOLATED)
_1028_/A                                0.100000    0.122457   -0.022457 (VIOLATED)
_1029_/A                                0.100000    0.122457   -0.022457 (VIOLATED)
_1030_/A1                               0.100000    0.122457   -0.022457 (VIOLATED)
_1388_/Q                                0.100000    0.122457   -0.022457 (VIOLATED)
_0838_/X                                0.100000    0.121228   -0.021228 (VIOLATED)
_0841_/B                                0.100000    0.121228   -0.021228 (VIOLATED)
rebuffer483/A                           0.100000    0.121228   -0.021228 (VIOLATED)
rebuffer484/A                           0.100000    0.121228   -0.021228 (VIOLATED)
_0668_/Y                                0.100000    0.121201   -0.021201 (VIOLATED)
_0676_/B                                0.100000    0.121201   -0.021201 (VIOLATED)
_0677_/B                                0.100000    0.121201   -0.021201 (VIOLATED)
_0682_/A                                0.100000    0.121201   -0.021201 (VIOLATED)
_0684_/B                                0.100000    0.121201   -0.021201 (VIOLATED)
_0685_/C                                0.100000    0.121201   -0.021201 (VIOLATED)
_0693_/A2                               0.100000    0.121201   -0.021201 (VIOLATED)
_0695_/A2                               0.100000    0.121201   -0.021201 (VIOLATED)
_0697_/A2                               0.100000    0.121201   -0.021201 (VIOLATED)
_0703_/A                                0.100000    0.121201   -0.021201 (VIOLATED)
_0705_/A2                               0.100000    0.121201   -0.021201 (VIOLATED)
_0707_/B                                0.100000    0.121201   -0.021201 (VIOLATED)
_0881_/B1                               0.100000    0.121201   -0.021201 (VIOLATED)
_0641_/X                                0.100000    0.120551   -0.020551 (VIOLATED)
_0642_/A2                               0.100000    0.120551   -0.020551 (VIOLATED)
_0643_/A2                               0.100000    0.120551   -0.020551 (VIOLATED)
_0646_/A                                0.100000    0.120551   -0.020551 (VIOLATED)
_0649_/B                                0.100000    0.120551   -0.020551 (VIOLATED)
_1026_/Y                                0.100000    0.120196   -0.020196 (VIOLATED)
_1027_/B                                0.100000    0.120196   -0.020196 (VIOLATED)
_0582_/Y                                0.100000    0.119778   -0.019778 (VIOLATED)
_0584_/B1                               0.100000    0.119778   -0.019778 (VIOLATED)
_0585_/A1                               0.100000    0.119778   -0.019778 (VIOLATED)
_0555_/B                                0.100000    0.119253   -0.019253 (VIOLATED)
_0856_/C                                0.100000    0.119253   -0.019253 (VIOLATED)
_1239_/Q                                0.100000    0.119253   -0.019253 (VIOLATED)
_0851_/Y                                0.100000    0.118494   -0.018494 (VIOLATED)
_0853_/A                                0.100000    0.118494   -0.018494 (VIOLATED)
_0559_/Y                                0.100000    0.117796   -0.017796 (VIOLATED)
_0561_/B                                0.100000    0.117796   -0.017796 (VIOLATED)
_0566_/A1                               0.100000    0.117796   -0.017796 (VIOLATED)
_0563_/D                                0.100000    0.117583   -0.017583 (VIOLATED)
_1020_/A                                0.100000    0.117583   -0.017583 (VIOLATED)
_1021_/A                                0.100000    0.117583   -0.017583 (VIOLATED)
_1022_/A1                               0.100000    0.117583   -0.017583 (VIOLATED)
_1384_/Q                                0.100000    0.117583   -0.017583 (VIOLATED)
_0627_/X                                0.100000    0.117285   -0.017285 (VIOLATED)
_0628_/B                                0.100000    0.117285   -0.017285 (VIOLATED)
_0630_/A0                               0.100000    0.117285   -0.017285 (VIOLATED)
_0632_/C                                0.100000    0.117285   -0.017285 (VIOLATED)
_0636_/A                                0.100000    0.117285   -0.017285 (VIOLATED)
_0539_/B                                0.100000    0.116297   -0.016297 (VIOLATED)
_0581_/A                                0.100000    0.116297   -0.016297 (VIOLATED)
_0584_/A1                               0.100000    0.116297   -0.016297 (VIOLATED)
_0586_/A1                               0.100000    0.116297   -0.016297 (VIOLATED)
_0587_/A                                0.100000    0.116297   -0.016297 (VIOLATED)
_1061_/Q                                0.100000    0.116297   -0.016297 (VIOLATED)
_0538_/B                                0.100000    0.116101   -0.016101 (VIOLATED)
_0594_/B                                0.100000    0.116101   -0.016101 (VIOLATED)
_0597_/A1                               0.100000    0.116101   -0.016101 (VIOLATED)
_0599_/A1                               0.100000    0.116101   -0.016101 (VIOLATED)
_0600_/B                                0.100000    0.116101   -0.016101 (VIOLATED)
_1065_/Q                                0.100000    0.116101   -0.016101 (VIOLATED)
_0534_/A                                0.100000    0.115462   -0.015462 (VIOLATED)
_0642_/A1                               0.100000    0.115462   -0.015462 (VIOLATED)
_0643_/A1                               0.100000    0.115462   -0.015462 (VIOLATED)
_0644_/A1                               0.100000    0.115462   -0.015462 (VIOLATED)
_0645_/A                                0.100000    0.115462   -0.015462 (VIOLATED)
_1080_/Q                                0.100000    0.115462   -0.015462 (VIOLATED)
_0546_/B                                0.100000    0.114869   -0.014869 (VIOLATED)
_0677_/A                                0.100000    0.114869   -0.014869 (VIOLATED)
_0678_/A0                               0.100000    0.114869   -0.014869 (VIOLATED)
_0681_/A3                               0.100000    0.114869   -0.014869 (VIOLATED)
_1092_/Q                                0.100000    0.114869   -0.014869 (VIOLATED)
_0615_/Y                                0.100000    0.113364   -0.013364 (VIOLATED)
_0617_/A2                               0.100000    0.113364   -0.013364 (VIOLATED)
_0618_/A1                               0.100000    0.113364   -0.013364 (VIOLATED)
_0531_/A                                0.100000    0.112938   -0.012938 (VIOLATED)
_1013_/B                                0.100000    0.112938   -0.012938 (VIOLATED)
_1014_/C                                0.100000    0.112938   -0.012938 (VIOLATED)
_1015_/A2                               0.100000    0.112938   -0.012938 (VIOLATED)
_1017_/D                                0.100000    0.112938   -0.012938 (VIOLATED)
_1034_/B                                0.100000    0.112938   -0.012938 (VIOLATED)
_1035_/B                                0.100000    0.112938   -0.012938 (VIOLATED)
_1038_/B                                0.100000    0.112938   -0.012938 (VIOLATED)
_1039_/A2                               0.100000    0.112938   -0.012938 (VIOLATED)
_1392_/Q                                0.100000    0.112938   -0.012938 (VIOLATED)
output7/A                               0.100000    0.112938   -0.012938 (VIOLATED)
_0695_/Y                                0.100000    0.112778   -0.012778 (VIOLATED)
_0696_/B1                               0.100000    0.112778   -0.012778 (VIOLATED)
_1024_/X                                0.100000    0.112735   -0.012735 (VIOLATED)
_1386_/D                                0.100000    0.112735   -0.012735 (VIOLATED)
_1055_/Y                                0.100000    0.112454   -0.012454 (VIOLATED)
_1402_/D                                0.100000    0.112454   -0.012454 (VIOLATED)
_0610_/Y                                0.100000    0.111629   -0.011629 (VIOLATED)
_0612_/B1                               0.100000    0.111629   -0.011629 (VIOLATED)
_0864_/Y                                0.100000    0.111441   -0.011441 (VIOLATED)
_0865_/B                                0.100000    0.111441   -0.011441 (VIOLATED)
_0539_/C                                0.100000    0.110948   -0.010948 (VIOLATED)
_0585_/S                                0.100000    0.110948   -0.010948 (VIOLATED)
_0586_/A2                               0.100000    0.110948   -0.010948 (VIOLATED)
_0587_/B                                0.100000    0.110948   -0.010948 (VIOLATED)
_1062_/Q                                0.100000    0.110948   -0.010948 (VIOLATED)
_0690_/Y                                0.100000    0.110927   -0.010927 (VIOLATED)
_1097_/D                                0.100000    0.110927   -0.010927 (VIOLATED)
_0608_/X                                0.100000    0.110193   -0.010193 (VIOLATED)
_0609_/B                                0.100000    0.110193   -0.010193 (VIOLATED)
_0610_/B1                               0.100000    0.110193   -0.010193 (VIOLATED)
_0612_/A2                               0.100000    0.110193   -0.010193 (VIOLATED)
_0863_/X                                0.100000    0.110140   -0.010140 (VIOLATED)
_0865_/A                                0.100000    0.110140   -0.010140 (VIOLATED)
_0871_/C                                0.100000    0.110140   -0.010140 (VIOLATED)
rebuffer17/A                            0.100000    0.110140   -0.010140 (VIOLATED)
rebuffer800/A                           0.100000    0.110140   -0.010140 (VIOLATED)
_0670_/Y                                0.100000    0.109882   -0.009882 (VIOLATED)
_0672_/A                                0.100000    0.109882   -0.009882 (VIOLATED)
_0673_/A1                               0.100000    0.109882   -0.009882 (VIOLATED)
_0550_/A                                0.100000    0.109350   -0.009350 (VIOLATED)
_0668_/A_N                              0.100000    0.109350   -0.009350 (VIOLATED)
_1104_/Q                                0.100000    0.109350   -0.009350 (VIOLATED)
max_cap13/A                             0.100000    0.109350   -0.009350 (VIOLATED)
rebuffer25/A                            0.100000    0.109350   -0.009350 (VIOLATED)
rebuffer6/A                             0.100000    0.109350   -0.009350 (VIOLATED)
rebuffer802/A                           0.100000    0.109350   -0.009350 (VIOLATED)
_1050_/Y                                0.100000    0.108949   -0.008949 (VIOLATED)
_1051_/B                                0.100000    0.108949   -0.008949 (VIOLATED)
_1030_/Y                                0.100000    0.108891   -0.008891 (VIOLATED)
_1031_/B                                0.100000    0.108891   -0.008891 (VIOLATED)
_0859_/B1                               0.100000    0.108423   -0.008423 (VIOLATED)
_0860_/C                                0.100000    0.108423   -0.008423 (VIOLATED)
_0862_/B                                0.100000    0.108423   -0.008423 (VIOLATED)
_0863_/A                                0.100000    0.108423   -0.008423 (VIOLATED)
_1241_/Q                                0.100000    0.108423   -0.008423 (VIOLATED)
_0555_/A                                0.100000    0.108119   -0.008119 (VIOLATED)
_0554_/Y                                0.100000    0.108119   -0.008119 (VIOLATED)
_0855_/A                                0.100000    0.108119   -0.008119 (VIOLATED)
_0856_/B                                0.100000    0.108119   -0.008119 (VIOLATED)
_1037_/Y                                0.100000    0.107345   -0.007345 (VIOLATED)
_1394_/D                                0.100000    0.107345   -0.007345 (VIOLATED)
_0538_/C                                0.100000    0.107306   -0.007306 (VIOLATED)
_0598_/S                                0.100000    0.107306   -0.007306 (VIOLATED)
_0599_/A2                               0.100000    0.107306   -0.007306 (VIOLATED)
_0600_/C                                0.100000    0.107306   -0.007306 (VIOLATED)
_1066_/Q                                0.100000    0.107306   -0.007306 (VIOLATED)
_0716_/S                                0.100000    0.107058   -0.007058 (VIOLATED)
_0736_/S                                0.100000    0.107057   -0.007057 (VIOLATED)
_0737_/S                                0.100000    0.107057   -0.007057 (VIOLATED)
_0738_/S                                0.100000    0.107056   -0.007056 (VIOLATED)
_1037_/A                                0.100000    0.107055   -0.007055 (VIOLATED)
_1038_/C                                0.100000    0.107055   -0.007055 (VIOLATED)
_1039_/A3                               0.100000    0.107055   -0.007055 (VIOLATED)
_1394_/Q                                0.100000    0.107055   -0.007055 (VIOLATED)
_0739_/S                                0.100000    0.107055   -0.007055 (VIOLATED)
_0740_/S                                0.100000    0.107052   -0.007052 (VIOLATED)
_1011_/A                                0.100000    0.107050   -0.007050 (VIOLATED)
_0711_/S                                0.100000    0.107050   -0.007050 (VIOLATED)
_0710_/S                                0.100000    0.107050   -0.007050 (VIOLATED)
_0712_/S                                0.100000    0.107049   -0.007049 (VIOLATED)
_0713_/S                                0.100000    0.107007   -0.007007 (VIOLATED)
_0687_/A0                               0.100000    0.107006   -0.007006 (VIOLATED)
_0666_/A0                               0.100000    0.107006   -0.007006 (VIOLATED)
split1/X                                0.100000    0.107006   -0.007006 (VIOLATED)
_0628_/Y                                0.100000    0.106606   -0.006606 (VIOLATED)
_0629_/B                                0.100000    0.106606   -0.006606 (VIOLATED)
_0630_/A1                               0.100000    0.106606   -0.006606 (VIOLATED)
_1013_/X                                0.100000    0.106500   -0.006500 (VIOLATED)
_1381_/D                                0.100000    0.106500   -0.006500 (VIOLATED)
_0566_/S                                0.100000    0.106415   -0.006415 (VIOLATED)
_0567_/A2                               0.100000    0.106415   -0.006415 (VIOLATED)
_0568_/A                                0.100000    0.106415   -0.006415 (VIOLATED)
_0569_/B                                0.100000    0.106415   -0.006415 (VIOLATED)
_1056_/Q                                0.100000    0.106415   -0.006415 (VIOLATED)
_0541_/C                                0.100000    0.106146   -0.006146 (VIOLATED)
_0624_/S                                0.100000    0.106146   -0.006146 (VIOLATED)
_0625_/A3                               0.100000    0.106146   -0.006146 (VIOLATED)
_0626_/C                                0.100000    0.106146   -0.006146 (VIOLATED)
_1074_/Q                                0.100000    0.106146   -0.006146 (VIOLATED)
_1044_/A                                0.100000    0.106100   -0.006100 (VIOLATED)
_1045_/B                                0.100000    0.106100   -0.006100 (VIOLATED)
_1046_/A2                               0.100000    0.106100   -0.006100 (VIOLATED)
_1397_/Q                                0.100000    0.106100   -0.006100 (VIOLATED)
_1015_/Y                                0.100000    0.105995   -0.005995 (VIOLATED)
_1016_/B                                0.100000    0.105995   -0.005995 (VIOLATED)
_0660_/Y                                0.100000    0.105847   -0.005847 (VIOLATED)
_1085_/D                                0.100000    0.105847   -0.005847 (VIOLATED)
_1044_/Y                                0.100000    0.105732   -0.005732 (VIOLATED)
_1397_/D                                0.100000    0.105732   -0.005732 (VIOLATED)
_0553_/A                                0.100000    0.105374   -0.005374 (VIOLATED)
_0848_/B                                0.100000    0.105374   -0.005374 (VIOLATED)
_0849_/A0                               0.100000    0.105374   -0.005374 (VIOLATED)
_1236_/Q                                0.100000    0.105374   -0.005374 (VIOLATED)
_0847_/B                                0.100000    0.105333   -0.005333 (VIOLATED)
_0855_/C                                0.100000    0.105333   -0.005333 (VIOLATED)
_0864_/A2                               0.100000    0.105333   -0.005333 (VIOLATED)
_0874_/A                                0.100000    0.105333   -0.005333 (VIOLATED)
_1033_/B1                               0.100000    0.105333   -0.005333 (VIOLATED)
clone29/Y                               0.100000    0.105333   -0.005333 (VIOLATED)
_0569_/X                                0.100000    0.105127   -0.005127 (VIOLATED)
_0572_/A                                0.100000    0.105127   -0.005127 (VIOLATED)
_0574_/A0                               0.100000    0.105127   -0.005127 (VIOLATED)
_0576_/C                                0.100000    0.105127   -0.005127 (VIOLATED)
_0581_/B                                0.100000    0.105127   -0.005127 (VIOLATED)
_1028_/X                                0.100000    0.105127   -0.005127 (VIOLATED)
_1388_/D                                0.100000    0.105127   -0.005127 (VIOLATED)
_1032_/X                                0.100000    0.105057   -0.005057 (VIOLATED)
_1390_/D                                0.100000    0.105057   -0.005057 (VIOLATED)
_0577_/Y                                0.100000    0.104306   -0.004306 (VIOLATED)
_0578_/B                                0.100000    0.104306   -0.004306 (VIOLATED)
_0579_/A1                               0.100000    0.104306   -0.004306 (VIOLATED)
_1048_/X                                0.100000    0.104057   -0.004057 (VIOLATED)
_1399_/D                                0.100000    0.104057   -0.004057 (VIOLATED)
_1020_/X                                0.100000    0.103723   -0.003723 (VIOLATED)
_1384_/D                                0.100000    0.103723   -0.003723 (VIOLATED)
_0693_/Y                                0.100000    0.103601   -0.003601 (VIOLATED)
_0694_/B                                0.100000    0.103601   -0.003601 (VIOLATED)
_0643_/Y                                0.100000    0.103548   -0.003548 (VIOLATED)
_1080_/D                                0.100000    0.103548   -0.003548 (VIOLATED)
_0552_/B                                0.100000    0.103496   -0.003496 (VIOLATED)
_0840_/B                                0.100000    0.103496   -0.003496 (VIOLATED)
_0842_/B1                               0.100000    0.103496   -0.003496 (VIOLATED)
_1233_/Q                                0.100000    0.103496   -0.003496 (VIOLATED)
rebuffer489/A                           0.100000    0.103496   -0.003496 (VIOLATED)
_0560_/X                                0.100000    0.103461   -0.003461 (VIOLATED)
_0575_/A2                               0.100000    0.103461   -0.003461 (VIOLATED)
_0583_/A                                0.100000    0.103461   -0.003461 (VIOLATED)
_0596_/B                                0.100000    0.103461   -0.003461 (VIOLATED)
_0621_/A                                0.100000    0.103461   -0.003461 (VIOLATED)
clkbuf_4_1_0_A_in_serial_clk/A          0.100000    0.103352   -0.003352 (VIOLATED)
clkbuf_4_4_0_A_in_serial_clk/A          0.100000    0.103352   -0.003352 (VIOLATED)
clkbuf_4_0_0_A_in_serial_clk/A          0.100000    0.103352   -0.003352 (VIOLATED)
clkbuf_4_5_0_A_in_serial_clk/A          0.100000    0.103352   -0.003352 (VIOLATED)
clkbuf_4_7_0_A_in_serial_clk/A          0.100000    0.103351   -0.003351 (VIOLATED)
clkbuf_4_2_0_A_in_serial_clk/A          0.100000    0.103351   -0.003351 (VIOLATED)
clkbuf_4_6_0_A_in_serial_clk/A          0.100000    0.103351   -0.003351 (VIOLATED)
clkbuf_0_A_in_serial_clk/X              0.100000    0.103351   -0.003351 (VIOLATED)
clkbuf_4_10_0_A_in_serial_clk/A         0.100000    0.103351   -0.003351 (VIOLATED)
clkbuf_4_11_0_A_in_serial_clk/A         0.100000    0.103351   -0.003351 (VIOLATED)
clkbuf_4_12_0_A_in_serial_clk/A         0.100000    0.103351   -0.003351 (VIOLATED)
clkbuf_4_13_0_A_in_serial_clk/A         0.100000    0.103351   -0.003351 (VIOLATED)
clkbuf_4_14_0_A_in_serial_clk/A         0.100000    0.103351   -0.003351 (VIOLATED)
clkbuf_4_15_0_A_in_serial_clk/A         0.100000    0.103351   -0.003351 (VIOLATED)
clkbuf_4_3_0_A_in_serial_clk/A          0.100000    0.103351   -0.003351 (VIOLATED)
clkbuf_4_8_0_A_in_serial_clk/A          0.100000    0.103351   -0.003351 (VIOLATED)
clkbuf_4_9_0_A_in_serial_clk/A          0.100000    0.103351   -0.003351 (VIOLATED)
clkbuf_4_1_0_B_in_serial_clk/A          0.100000    0.103227   -0.003227 (VIOLATED)
clkbuf_4_0_0_B_in_serial_clk/A          0.100000    0.103227   -0.003227 (VIOLATED)
clkbuf_4_10_0_B_in_serial_clk/A         0.100000    0.103227   -0.003227 (VIOLATED)
clkbuf_4_11_0_B_in_serial_clk/A         0.100000    0.103227   -0.003227 (VIOLATED)
clkbuf_4_5_0_B_in_serial_clk/A          0.100000    0.103227   -0.003227 (VIOLATED)
clkbuf_4_4_0_B_in_serial_clk/A          0.100000    0.103226   -0.003226 (VIOLATED)
clkbuf_4_14_0_B_in_serial_clk/A         0.100000    0.103226   -0.003226 (VIOLATED)
clkbuf_4_2_0_B_in_serial_clk/A          0.100000    0.103226   -0.003226 (VIOLATED)
clkbuf_4_15_0_B_in_serial_clk/A         0.100000    0.103226   -0.003226 (VIOLATED)
clkbuf_0_B_in_serial_clk/X              0.100000    0.103226   -0.003226 (VIOLATED)
clkbuf_4_12_0_B_in_serial_clk/A         0.100000    0.103226   -0.003226 (VIOLATED)
clkbuf_4_13_0_B_in_serial_clk/A         0.100000    0.103226   -0.003226 (VIOLATED)
clkbuf_4_3_0_B_in_serial_clk/A          0.100000    0.103226   -0.003226 (VIOLATED)
clkbuf_4_6_0_B_in_serial_clk/A          0.100000    0.103226   -0.003226 (VIOLATED)
clkbuf_4_7_0_B_in_serial_clk/A          0.100000    0.103226   -0.003226 (VIOLATED)
clkbuf_4_8_0_B_in_serial_clk/A          0.100000    0.103226   -0.003226 (VIOLATED)
clkbuf_4_9_0_B_in_serial_clk/A          0.100000    0.103226   -0.003226 (VIOLATED)
_0692_/X                                0.100000    0.103180   -0.003180 (VIOLATED)
_0700_/C                                0.100000    0.103180   -0.003180 (VIOLATED)
rebuffer12/A                            0.100000    0.103180   -0.003180 (VIOLATED)
_0540_/C                                0.100000    0.102772   -0.002772 (VIOLATED)
_0610_/A1                               0.100000    0.102772   -0.002772 (VIOLATED)
_0611_/C                                0.100000    0.102772   -0.002772 (VIOLATED)
_0612_/A1                               0.100000    0.102772   -0.002772 (VIOLATED)
_1070_/Q                                0.100000    0.102772   -0.002772 (VIOLATED)
_1033_/Y                                0.100000    0.102616   -0.002616 (VIOLATED)
_1391_/D                                0.100000    0.102616   -0.002616 (VIOLATED)
_0572_/Y                                0.100000    0.102290   -0.002290 (VIOLATED)
_0573_/B                                0.100000    0.102290   -0.002290 (VIOLATED)
_0574_/A1                               0.100000    0.102290   -0.002290 (VIOLATED)
_1022_/Y                                0.100000    0.102273   -0.002273 (VIOLATED)
_1023_/B                                0.100000    0.102273   -0.002273 (VIOLATED)
_0535_/B                                0.100000    0.102233   -0.002233 (VIOLATED)
_0631_/B1                               0.100000    0.102233   -0.002233 (VIOLATED)
_0632_/B                                0.100000    0.102233   -0.002233 (VIOLATED)
_0635_/B                                0.100000    0.102233   -0.002233 (VIOLATED)
_1077_/Q                                0.100000    0.102233   -0.002233 (VIOLATED)
_0592_/Y                                0.100000    0.102149   -0.002149 (VIOLATED)
_0593_/B1                               0.100000    0.102149   -0.002149 (VIOLATED)
_0544_/B1                               0.100000    0.101961   -0.001961 (VIOLATED)
_0559_/B                                0.100000    0.101961   -0.001961 (VIOLATED)
_0560_/B                                0.100000    0.101961   -0.001961 (VIOLATED)
_0566_/A0                               0.100000    0.101961   -0.001961 (VIOLATED)
_0567_/A1                               0.100000    0.101961   -0.001961 (VIOLATED)
_0569_/A                                0.100000    0.101961   -0.001961 (VIOLATED)
_0570_/A_N                              0.100000    0.101961   -0.001961 (VIOLATED)
_0571_/A_N                              0.100000    0.101961   -0.001961 (VIOLATED)
_0589_/A                                0.100000    0.101961   -0.001961 (VIOLATED)
_0641_/A                                0.100000    0.101961   -0.001961 (VIOLATED)
_1379_/Q                                0.100000    0.101961   -0.001961 (VIOLATED)
_0637_/Y                                0.100000    0.101076   -0.001076 (VIOLATED)
_1078_/D                                0.100000    0.101076   -0.001076 (VIOLATED)
_0839_/Y                                0.100000    0.100977   -0.000977 (VIOLATED)
_0856_/A                                0.100000    0.100977   -0.000977 (VIOLATED)
_0866_/A2                               0.100000    0.100977   -0.000977 (VIOLATED)
_0868_/A1                               0.100000    0.100977   -0.000977 (VIOLATED)
_0876_/A2                               0.100000    0.100977   -0.000977 (VIOLATED)
_0878_/B                                0.100000    0.100977   -0.000977 (VIOLATED)
rebuffer721/A                           0.100000    0.100977   -0.000977 (VIOLATED)
_0536_/A                                0.100000    0.100250   -0.000250 (VIOLATED)
_0655_/A                                0.100000    0.100250   -0.000250 (VIOLATED)
_0656_/A                                0.100000    0.100250   -0.000250 (VIOLATED)
_0659_/A                                0.100000    0.100250   -0.000250 (VIOLATED)
_0662_/A                                0.100000    0.100250   -0.000250 (VIOLATED)
_1084_/Q                                0.100000    0.100250   -0.000250 (VIOLATED)
_0612_/Y                                0.100000    0.100236   -0.000236 (VIOLATED)
_1070_/D                                0.100000    0.100236   -0.000236 (VIOLATED)



===========================================================================
report_parasitic_annotation -report_unannotated
============================================================================
Found 31 unannotated drivers.
 Systolic4x4_serial_io_16/HI
 clkload0/Y
 clkload1/Y
 clkload10/X
 clkload11/Y
 clkload12/X
 clkload13/Y
 clkload14/X
 clkload15/Y
 clkload16/Y
 clkload17/Y
 clkload18/Y
 clkload19/Y
 clkload2/Y
 clkload20/Y
 clkload21/Y
 clkload22/Y
 clkload23/Y
 clkload24/Y
 clkload25/Y
 clkload26/Y
 clkload27/Y
 clkload28/Y
 clkload29/Y
 clkload3/X
 clkload4/Y
 clkload5/X
 clkload6/Y
 clkload7/Y
 clkload8/Y
 clkload9/X
Found 0 partially unannotated drivers.

===========================================================================
max slew violation count 632
Writing metric design__max_slew_violation__count__corner:nom_tt_025C_1v80: 632
max fanout violation count 0
Writing metric design__max_fanout_violation__count__corner:nom_tt_025C_1v80: 0
max cap violation count 0
Writing metric design__max_cap_violation__count__corner:nom_tt_025C_1v80: 0
============================================================================

===========================================================================
check_setup -verbose -unconstrained_endpoints -multiple_clock -no_clock -no_input_delay -loops -generated_clocks
===========================================================================
Warning: There are 6 input ports missing set_input_delay.
  A_in_frame_sync
  A_in_serial_data
  B_in_frame_sync
  B_in_serial_data
  rst_n
  start
Warning: There is 1 unconstrained endpoint.
  C_out_serial_data
