Clock: clk
Sources: clk 
Generated: no
Virtual: yes
Propagated: no
Period: 100.000000

===========================================================================
report_clock_properties
============================================================================
Clock                   Period          Waveform
----------------------------------------------------
clk                 100.000000    0.000000  5.000000

===========================================================================
report_clock_latency
============================================================================
Clock clk
rise -> rise
    min     max
0.000000 0.000000 source latency
1.462819         network latency _28007_/CLK
        1.881478 network latency _29195_/CLK
---------------
1.462819 1.881478 latency
        0.418659 skew

fall -> fall
    min     max
0.000000 0.000000 source latency
1.329864         network latency _28007_/CLK
        1.708874 network latency _29195_/CLK
---------------
1.329864 1.708874 latency
        0.379009 skew



===========================================================================
report_clock_min_period
============================================================================
clk period_min = 11.00 fmax = 90.94
Clock: A_in_serial_clk
Sources: A_in_serial_clk 
Generated: no
Virtual: yes
Propagated: no
Period: 20.000000

===========================================================================
report_clock_properties
============================================================================
Clock                   Period          Waveform
----------------------------------------------------
A_in_serial_clk      20.000000    0.000000  1.000000

===========================================================================
report_clock_latency
============================================================================
Clock A_in_serial_clk
rise -> rise
    min     max
0.000000 0.000000 source latency
0.857703         network latency _26299_/CLK
        0.920825 network latency _26226_/CLK
---------------
0.857703 0.920825 latency
        0.063122 skew

fall -> fall
    min     max
0.000000 0.000000 source latency
0.880515         network latency _26299_/CLK
        0.927352 network latency _26226_/CLK
---------------
0.880515 0.927352 latency
        0.046837 skew



===========================================================================
report_clock_min_period
============================================================================
A_in_serial_clk period_min = 6.12 fmax = 163.47
Clock: B_in_serial_clk
Sources: B_in_serial_clk 
Generated: no
Virtual: yes
Propagated: no
Period: 20.000000

===========================================================================
report_clock_properties
============================================================================
Clock                   Period          Waveform
----------------------------------------------------
B_in_serial_clk      20.000000    0.000000  1.000000

===========================================================================
report_clock_latency
============================================================================
Clock B_in_serial_clk
rise -> rise
    min     max
0.000000 0.000000 source latency
0.887970         network latency _26617_/CLK
        0.926311 network latency _26600_/CLK
---------------
0.887970 0.926311 latency
        0.038341 skew

fall -> fall
    min     max
0.000000 0.000000 source latency
0.902903         network latency _26617_/CLK
        0.930503 network latency _26600_/CLK
---------------
0.902903 0.930503 latency
        0.027599 skew



===========================================================================
report_clock_min_period
============================================================================
B_in_serial_clk period_min = 6.21 fmax = 161.04
