
===========================================================================
Clock Skew (Setup)
============================================================================
======================= max_ss_100C_1v60 Corner ===================================

Clock A_in_serial_clk
0.894924 source latency _26464_/CLK ^
-0.857799 target latency _26964_/CLK ^
0.100000 clock uncertainty
0.000000 CRPR
--------------
0.137125 setup skew

Clock B_in_serial_clk
0.925642 source latency _29601_/CLK ^
-0.889208 target latency _26647_/CLK ^
0.100000 clock uncertainty
0.000000 CRPR
--------------
0.136434 setup skew

Clock clk
1.825472 source latency _27986_/CLK ^
-1.462819 target latency _28007_/CLK ^
0.100000 clock uncertainty
0.000000 CRPR
--------------
0.462653 setup skew

